usage: train_resnet.py [-h] [--gpus GPUS] [--num-gpus NUM_GPUS]
                       [--data-dir DATA_DIR] [--data-type DATA_TYPE]
                       [--list-dir LIST_DIR] [--lr LR] [--mom MOM]
                       [--bn-mom BN_MOM] [--wd WD] [--batch-size BATCH_SIZE]
                       [--workspace WORKSPACE] [--depth DEPTH]
                       [--num-classes NUM_CLASSES] [--aug-level {1,2,3}]
                       [--num-examples NUM_EXAMPLES] [--kv-store KV_STORE]
                       [--model-load-epoch MODEL_LOAD_EPOCH]
                       [--frequent FREQUENT] [--memonger] [--retrain]
                       [--global-bn]
train_resnet.py: error: unrecognized arguments: --nums-gpu=4
INFO:root:Namespace(aug_level=2, batch_size=64, bn_mom=0.9, data_dir='data/cifar10', data_type='cifar10', depth=20, frequent=50, global_bn=True, gpus='0,1,2,3', kv_store='local', list_dir='./', lr=0.1, memonger=False, model_load_epoch=0, mom=0.9, num_classes=1000, num_examples=50000, num_gpus='4', retrain=False, wd=0.0001, workspace=512)
[15:18:50] src/io/iter_image_recordio_2.cc:170: ImageRecordIOParser2: data/cifar10/train.rec, use 4 threads for decoding..
[15:18:51] src/io/iter_image_recordio_2.cc:170: ImageRecordIOParser2: data/cifar10/val.rec, use 4 threads for decoding..
train_resnet.py:124: DeprecationWarning: [91mmxnet.model.FeedForward has been deprecated. Please use mxnet.mod.Module instead.[0m
  multi_factor_scheduler(begin_epoch, epoch_size, step=[30, 60, 90], factor=0.1),
/home/tusimple/Hongbin/incubator-mxnet/python/mxnet/model.py:577: DeprecationWarning: [91mCalling initializer with init(str, NDArray) has been deprecated.please use init(mx.init.InitDesc(...), NDArray) instead.[0m
  self.initializer(k, v)
/home/tusimple/Hongbin/incubator-mxnet/python/mxnet/model.py:583: DeprecationWarning: [91mCalling initializer with init(str, NDArray) has been deprecated.please use init(mx.init.InitDesc(...), NDArray) instead.[0m
  self.initializer(k, v)
INFO:root:Start training with [gpu(0), gpu(1), gpu(2), gpu(3)]
[15:18:53] src/operator/nn/./cudnn/./cudnn_algoreg-inl.h:107: Running performance tests to find the best convolution algorithm, this can take a while... (setting env variable MXNET_CUDNN_AUTOTUNE_DEFAULT to 0 to disable)
INFO:root:Epoch[0] Batch [50]	Speed: 984.04 samples/sec	accuracy=0.218125
INFO:root:Epoch[0] Batch [100]	Speed: 3319.21 samples/sec	accuracy=0.303438
INFO:root:Epoch[0] Batch [150]	Speed: 3158.02 samples/sec	accuracy=0.368750
INFO:root:Epoch[0] Batch [200]	Speed: 3290.64 samples/sec	accuracy=0.413438
INFO:root:Epoch[0] Batch [250]	Speed: 3221.03 samples/sec	accuracy=0.443437
INFO:root:Epoch[0] Batch [300]	Speed: 3409.72 samples/sec	accuracy=0.460938
INFO:root:Epoch[0] Batch [350]	Speed: 3096.46 samples/sec	accuracy=0.494375
INFO:root:Epoch[0] Batch [400]	Speed: 2914.25 samples/sec	accuracy=0.513125
INFO:root:Epoch[0] Batch [450]	Speed: 3090.71 samples/sec	accuracy=0.522188
INFO:root:Epoch[0] Batch [500]	Speed: 2930.95 samples/sec	accuracy=0.567187
INFO:root:Epoch[0] Batch [550]	Speed: 3219.00 samples/sec	accuracy=0.560312
INFO:root:Epoch[0] Batch [600]	Speed: 3064.73 samples/sec	accuracy=0.567187
INFO:root:Epoch[0] Batch [650]	Speed: 2672.19 samples/sec	accuracy=0.601875
INFO:root:Epoch[0] Batch [700]	Speed: 3161.30 samples/sec	accuracy=0.609062
INFO:root:Epoch[0] Batch [750]	Speed: 3275.78 samples/sec	accuracy=0.615625
INFO:root:Epoch[0] Resetting Data Iterator
INFO:root:Epoch[0] Time cost=21.421
INFO:root:Saved checkpoint to "model/resnet-cifar10-20-0-0001.params"
INFO:root:Epoch[0] Validation-accuracy=0.620223
INFO:root:Epoch[1] Batch [50]	Speed: 3117.06 samples/sec	accuracy=0.611875
INFO:root:Epoch[1] Batch [100]	Speed: 3200.92 samples/sec	accuracy=0.619687
INFO:root:Epoch[1] Batch [150]	Speed: 3217.03 samples/sec	accuracy=0.627812
INFO:root:Epoch[1] Batch [200]	Speed: 2973.60 samples/sec	accuracy=0.653125
INFO:root:Epoch[1] Batch [250]	Speed: 3073.81 samples/sec	accuracy=0.657500
INFO:root:Epoch[1] Batch [300]	Speed: 3151.29 samples/sec	accuracy=0.665625
INFO:root:Epoch[1] Batch [350]	Speed: 3304.34 samples/sec	accuracy=0.677188
INFO:root:Epoch[1] Batch [400]	Speed: 3033.94 samples/sec	accuracy=0.655625
INFO:root:Epoch[1] Batch [450]	Speed: 3033.06 samples/sec	accuracy=0.664375
INFO:root:Epoch[1] Batch [500]	Speed: 2995.57 samples/sec	accuracy=0.700625
INFO:root:Epoch[1] Batch [550]	Speed: 3417.18 samples/sec	accuracy=0.680625
INFO:root:Epoch[1] Batch [600]	Speed: 3332.69 samples/sec	accuracy=0.694063
INFO:root:Epoch[1] Batch [650]	Speed: 3355.73 samples/sec	accuracy=0.693125
INFO:root:Epoch[1] Batch [700]	Speed: 2856.53 samples/sec	accuracy=0.701250
INFO:root:Epoch[1] Batch [750]	Speed: 3270.05 samples/sec	accuracy=0.707500
INFO:root:Epoch[1] Resetting Data Iterator
INFO:root:Epoch[1] Time cost=15.894
INFO:root:Saved checkpoint to "model/resnet-cifar10-20-0-0002.params"
INFO:root:Epoch[1] Validation-accuracy=0.657643
INFO:root:Epoch[2] Batch [50]	Speed: 3290.98 samples/sec	accuracy=0.713437
INFO:root:Epoch[2] Batch [100]	Speed: 3347.29 samples/sec	accuracy=0.731250
INFO:root:Epoch[2] Batch [150]	Speed: 3251.41 samples/sec	accuracy=0.705937
INFO:root:Epoch[2] Batch [200]	Speed: 3501.94 samples/sec	accuracy=0.720938
INFO:root:Epoch[2] Batch [250]	Speed: 3186.41 samples/sec	accuracy=0.735000
INFO:root:Epoch[2] Batch [300]	Speed: 3329.84 samples/sec	accuracy=0.739688
INFO:root:Epoch[2] Batch [350]	Speed: 3349.12 samples/sec	accuracy=0.736875
INFO:root:Epoch[2] Batch [400]	Speed: 3498.28 samples/sec	accuracy=0.745625
INFO:root:Epoch[2] Batch [450]	Speed: 3415.16 samples/sec	accuracy=0.735938
INFO:root:Epoch[2] Batch [500]	Speed: 3674.17 samples/sec	accuracy=0.751563
INFO:root:Epoch[2] Batch [550]	Speed: 3477.76 samples/sec	accuracy=0.751563
INFO:root:Epoch[2] Batch [600]	Speed: 3436.55 samples/sec	accuracy=0.744062
INFO:root:Epoch[2] Batch [650]	Speed: 3013.53 samples/sec	accuracy=0.739062
INFO:root:Epoch[2] Batch [700]	Speed: 3531.03 samples/sec	accuracy=0.753437
INFO:root:Epoch[2] Batch [750]	Speed: 3075.59 samples/sec	accuracy=0.759375
INFO:root:Epoch[2] Resetting Data Iterator
INFO:root:Epoch[2] Time cost=14.921
INFO:root:Saved checkpoint to "model/resnet-cifar10-20-0-0003.params"
INFO:root:Epoch[2] Validation-accuracy=0.744128
INFO:root:Epoch[3] Batch [50]	Speed: 2937.38 samples/sec	accuracy=0.744687
INFO:root:Epoch[3] Batch [100]	Speed: 3651.20 samples/sec	accuracy=0.758750
INFO:root:Epoch[3] Batch [150]	Speed: 3452.01 samples/sec	accuracy=0.764687
INFO:root:Epoch[3] Batch [200]	Speed: 3398.78 samples/sec	accuracy=0.770000
INFO:root:Epoch[3] Batch [250]	Speed: 3641.24 samples/sec	accuracy=0.768750
INFO:root:Epoch[3] Batch [300]	Speed: 3680.88 samples/sec	accuracy=0.794063
INFO:root:Epoch[3] Batch [350]	Speed: 3405.37 samples/sec	accuracy=0.781250
INFO:root:Epoch[3] Batch [400]	Speed: 3233.73 samples/sec	accuracy=0.756250
INFO:root:Epoch[3] Batch [450]	Speed: 3413.72 samples/sec	accuracy=0.776250
INFO:root:Epoch[3] Batch [500]	Speed: 3072.68 samples/sec	accuracy=0.780937
INFO:root:Epoch[3] Batch [550]	Speed: 3556.84 samples/sec	accuracy=0.775625
INFO:root:Epoch[3] Batch [600]	Speed: 3407.36 samples/sec	accuracy=0.776875
INFO:root:Epoch[3] Batch [650]	Speed: 3466.82 samples/sec	accuracy=0.779375
INFO:root:Epoch[3] Batch [700]	Speed: 3279.58 samples/sec	accuracy=0.779687
INFO:root:Epoch[3] Batch [750]	Speed: 3457.30 samples/sec	accuracy=0.788750
INFO:root:Epoch[3] Resetting Data Iterator
INFO:root:Epoch[3] Time cost=14.707
INFO:root:Saved checkpoint to "model/resnet-cifar10-20-0-0004.params"
INFO:root:Epoch[3] Validation-accuracy=0.738356
INFO:root:Epoch[4] Batch [50]	Speed: 3007.41 samples/sec	accuracy=0.783125
INFO:root:Epoch[4] Batch [100]	Speed: 3439.78 samples/sec	accuracy=0.793125
INFO:root:Epoch[4] Batch [150]	Speed: 3030.87 samples/sec	accuracy=0.796250
INFO:root:Epoch[4] Batch [200]	Speed: 3408.33 samples/sec	accuracy=0.790625
INFO:root:Epoch[4] Batch [250]	Speed: 3227.84 samples/sec	accuracy=0.793438
INFO:root:Epoch[4] Batch [300]	Speed: 3474.17 samples/sec	accuracy=0.813125
INFO:root:Epoch[4] Batch [350]	Speed: 3421.03 samples/sec	accuracy=0.803125
INFO:root:Epoch[4] Batch [400]	Speed: 3085.26 samples/sec	accuracy=0.797813
INFO:root:Epoch[4] Batch [450]	Speed: 3185.32 samples/sec	accuracy=0.789062
INFO:root:Epoch[4] Batch [500]	Speed: 3089.90 samples/sec	accuracy=0.807187
INFO:root:Epoch[4] Batch [550]	Speed: 3461.90 samples/sec	accuracy=0.789375
INFO:root:Epoch[4] Batch [600]	Speed: 3617.61 samples/sec	accuracy=0.802500
INFO:root:Epoch[4] Batch [650]	Speed: 3380.82 samples/sec	accuracy=0.809375
INFO:root:Epoch[4] Batch [700]	Speed: 3020.19 samples/sec	accuracy=0.821562
INFO:root:Epoch[4] Batch [750]	Speed: 2865.59 samples/sec	accuracy=0.795937
INFO:root:Epoch[4] Resetting Data Iterator
INFO:root:Epoch[4] Time cost=15.576
INFO:root:Saved checkpoint to "model/resnet-cifar10-20-0-0005.params"
INFO:root:Epoch[4] Validation-accuracy=0.783838
INFO:root:Epoch[5] Batch [50]	Speed: 3032.78 samples/sec	accuracy=0.810000
INFO:root:Epoch[5] Batch [100]	Speed: 3582.29 samples/sec	accuracy=0.808750
INFO:root:Epoch[5] Batch [150]	Speed: 3451.52 samples/sec	accuracy=0.809688
INFO:root:Epoch[5] Batch [200]	Speed: 2974.01 samples/sec	accuracy=0.810937
INFO:root:Epoch[5] Batch [250]	Speed: 3424.27 samples/sec	accuracy=0.820625
INFO:root:Epoch[5] Batch [300]	Speed: 3533.67 samples/sec	accuracy=0.820000
INFO:root:Epoch[5] Batch [350]	Speed: 3446.14 samples/sec	accuracy=0.803750
INFO:root:Epoch[5] Batch [400]	Speed: 3009.02 samples/sec	accuracy=0.811875
INFO:root:Epoch[5] Batch [450]	Speed: 2762.27 samples/sec	accuracy=0.801562
INFO:root:Epoch[5] Batch [500]	Speed: 2854.71 samples/sec	accuracy=0.817187
INFO:root:Epoch[5] Batch [550]	Speed: 3316.27 samples/sec	accuracy=0.815312
INFO:root:Epoch[5] Batch [600]	Speed: 3252.61 samples/sec	accuracy=0.818125
INFO:root:Epoch[5] Batch [650]	Speed: 3342.98 samples/sec	accuracy=0.823125
INFO:root:Epoch[5] Batch [700]	Speed: 3110.56 samples/sec	accuracy=0.833438
INFO:root:Epoch[5] Batch [750]	Speed: 3457.97 samples/sec	accuracy=0.815312
INFO:root:Epoch[5] Resetting Data Iterator
INFO:root:Epoch[5] Time cost=15.525
INFO:root:Saved checkpoint to "model/resnet-cifar10-20-0-0006.params"
INFO:root:Epoch[5] Validation-accuracy=0.784634
INFO:root:Epoch[6] Batch [50]	Speed: 3315.11 samples/sec	accuracy=0.817187
INFO:root:Epoch[6] Batch [100]	Speed: 3396.15 samples/sec	accuracy=0.834688
INFO:root:Epoch[6] Batch [150]	Speed: 3736.15 samples/sec	accuracy=0.818125
INFO:root:Epoch[6] Batch [200]	Speed: 2621.17 samples/sec	accuracy=0.816875
INFO:root:Epoch[6] Batch [250]	Speed: 3324.02 samples/sec	accuracy=0.824375
INFO:root:Epoch[6] Batch [300]	Speed: 3294.39 samples/sec	accuracy=0.827812
INFO:root:Epoch[6] Batch [350]	Speed: 3239.32 samples/sec	accuracy=0.828438
INFO:root:Epoch[6] Batch [400]	Speed: 3412.41 samples/sec	accuracy=0.822812
INFO:root:Epoch[6] Batch [450]	Speed: 2828.13 samples/sec	accuracy=0.825000
INFO:root:Epoch[6] Batch [500]	Speed: 3301.23 samples/sec	accuracy=0.826875
INFO:root:Epoch[6] Batch [550]	Speed: 3063.14 samples/sec	accuracy=0.827187
INFO:root:Epoch[6] Batch [600]	Speed: 3191.18 samples/sec	accuracy=0.823125
INFO:root:Epoch[6] Batch [650]	Speed: 3407.52 samples/sec	accuracy=0.831562
INFO:root:Epoch[6] Batch [700]	Speed: 3607.11 samples/sec	accuracy=0.827812
INFO:root:Epoch[6] Batch [750]	Speed: 3305.42 samples/sec	accuracy=0.837812
INFO:root:Epoch[6] Resetting Data Iterator
INFO:root:Epoch[6] Time cost=15.483
INFO:root:Saved checkpoint to "model/resnet-cifar10-20-0-0007.params"
INFO:root:Epoch[6] Validation-accuracy=0.794785
INFO:root:Epoch[7] Batch [50]	Speed: 2894.25 samples/sec	accuracy=0.823750
INFO:root:Epoch[7] Batch [100]	Speed: 3453.03 samples/sec	accuracy=0.837187
INFO:root:Epoch[7] Batch [150]	Speed: 3661.66 samples/sec	accuracy=0.824063
INFO:root:Epoch[7] Batch [200]	Speed: 3554.07 samples/sec	accuracy=0.837500
INFO:root:Epoch[7] Batch [250]	Speed: 3222.92 samples/sec	accuracy=0.834063
INFO:root:Epoch[7] Batch [300]	Speed: 3485.57 samples/sec	accuracy=0.852812
INFO:root:Epoch[7] Batch [350]	Speed: 3126.95 samples/sec	accuracy=0.835625
INFO:root:Epoch[7] Batch [400]	Speed: 3514.90 samples/sec	accuracy=0.830625
INFO:root:Epoch[7] Batch [450]	Speed: 3322.08 samples/sec	accuracy=0.837500
INFO:root:Epoch[7] Batch [500]	Speed: 3440.95 samples/sec	accuracy=0.837500
INFO:root:Epoch[7] Batch [550]	Speed: 3447.50 samples/sec	accuracy=0.837812
INFO:root:Epoch[7] Batch [600]	Speed: 3131.17 samples/sec	accuracy=0.847500
INFO:root:Epoch[7] Batch [650]	Speed: 3493.51 samples/sec	accuracy=0.840313
INFO:root:Epoch[7] Batch [700]	Speed: 3144.39 samples/sec	accuracy=0.829375
INFO:root:Epoch[7] Batch [750]	Speed: 3435.62 samples/sec	accuracy=0.838750
INFO:root:Epoch[7] Resetting Data Iterator
INFO:root:Epoch[7] Time cost=14.926
INFO:root:Saved checkpoint to "model/resnet-cifar10-20-0-0008.params"
INFO:root:Epoch[7] Validation-accuracy=0.804538
INFO:root:Epoch[8] Batch [50]	Speed: 3101.17 samples/sec	accuracy=0.838125
INFO:root:Epoch[8] Batch [100]	Speed: 3251.55 samples/sec	accuracy=0.837500
INFO:root:Epoch[8] Batch [150]	Speed: 3517.31 samples/sec	accuracy=0.853125
INFO:root:Epoch[8] Batch [200]	Speed: 3516.35 samples/sec	accuracy=0.845313
INFO:root:Epoch[8] Batch [250]	Speed: 3348.33 samples/sec	accuracy=0.845625
INFO:root:Epoch[8] Batch [300]	Speed: 3549.43 samples/sec	accuracy=0.847500
INFO:root:Epoch[8] Batch [350]	Speed: 3357.74 samples/sec	accuracy=0.852187
INFO:root:Epoch[8] Batch [400]	Speed: 2678.70 samples/sec	accuracy=0.844063
INFO:root:Epoch[8] Batch [450]	Speed: 3334.19 samples/sec	accuracy=0.838437
INFO:root:Epoch[8] Batch [500]	Speed: 2855.97 samples/sec	accuracy=0.848437
INFO:root:Epoch[8] Batch [550]	Speed: 3540.81 samples/sec	accuracy=0.844688
INFO:root:Epoch[8] Batch [600]	Speed: 3457.48 samples/sec	accuracy=0.845625
INFO:root:Epoch[8] Batch [650]	Speed: 3546.67 samples/sec	accuracy=0.850000
INFO:root:Epoch[8] Batch [700]	Speed: 3499.58 samples/sec	accuracy=0.843437
INFO:root:Epoch[8] Batch [750]	Speed: 3250.92 samples/sec	accuracy=0.847500
INFO:root:Epoch[8] Resetting Data Iterator
INFO:root:Epoch[8] Time cost=15.149
INFO:root:Saved checkpoint to "model/resnet-cifar10-20-0-0009.params"
INFO:root:Epoch[8] Validation-accuracy=0.797174
INFO:root:Epoch[9] Batch [50]	Speed: 3239.19 samples/sec	accuracy=0.835625
INFO:root:Epoch[9] Batch [100]	Speed: 3242.25 samples/sec	accuracy=0.865000
INFO:root:Epoch[9] Batch [150]	Speed: 3447.73 samples/sec	accuracy=0.843750
INFO:root:Epoch[9] Batch [200]	Speed: 2777.92 samples/sec	accuracy=0.852500
INFO:root:Epoch[9] Batch [250]	Speed: 3371.71 samples/sec	accuracy=0.850000
INFO:root:Epoch[9] Batch [300]	Speed: 3378.01 samples/sec	accuracy=0.867812
INFO:root:Epoch[9] Batch [350]	Speed: 3460.75 samples/sec	accuracy=0.859062
INFO:root:Epoch[9] Batch [400]	Speed: 2816.74 samples/sec	accuracy=0.854375
INFO:root:Epoch[9] Batch [450]	Speed: 3215.56 samples/sec	accuracy=0.852187
INFO:root:Epoch[9] Batch [500]	Speed: 3418.46 samples/sec	accuracy=0.844375
INFO:root:Epoch[9] Batch [550]	Speed: 3465.40 samples/sec	accuracy=0.854375
INFO:root:Epoch[9] Batch [600]	Speed: 3563.69 samples/sec	accuracy=0.849375
INFO:root:Epoch[9] Batch [650]	Speed: 3305.30 samples/sec	accuracy=0.848750
INFO:root:Epoch[9] Batch [700]	Speed: 2903.16 samples/sec	accuracy=0.859688
INFO:root:Epoch[9] Batch [750]	Speed: 3602.23 samples/sec	accuracy=0.857500
INFO:root:Epoch[9] Resetting Data Iterator
INFO:root:Epoch[9] Time cost=15.300
INFO:root:Saved checkpoint to "model/resnet-cifar10-20-0-0010.params"
INFO:root:Epoch[9] Validation-accuracy=0.795780
INFO:root:Epoch[10] Batch [50]	Speed: 3458.37 samples/sec	accuracy=0.843750
INFO:root:Epoch[10] Batch [100]	Speed: 3524.75 samples/sec	accuracy=0.863437
INFO:root:Epoch[10] Batch [150]	Speed: 3590.75 samples/sec	accuracy=0.852812
INFO:root:Epoch[10] Batch [200]	Speed: 2931.62 samples/sec	accuracy=0.855625
INFO:root:Epoch[10] Batch [250]	Speed: 3184.45 samples/sec	accuracy=0.855938
INFO:root:Epoch[10] Batch [300]	Speed: 3416.45 samples/sec	accuracy=0.848125
INFO:root:Epoch[10] Batch [350]	Speed: 3404.09 samples/sec	accuracy=0.860313
INFO:root:Epoch[10] Batch [400]	Speed: 3013.23 samples/sec	accuracy=0.865000
INFO:root:Epoch[10] Batch [450]	Speed: 3311.30 samples/sec	accuracy=0.853750
INFO:root:Epoch[10] Batch [500]	Speed: 3388.90 samples/sec	accuracy=0.856563
INFO:root:Epoch[10] Batch [550]	Speed: 3412.61 samples/sec	accuracy=0.854375
INFO:root:Epoch[10] Batch [600]	Speed: 3458.79 samples/sec	accuracy=0.860000
INFO:root:Epoch[10] Batch [650]	Speed: 2815.22 samples/sec	accuracy=0.855000
INFO:root:Epoch[10] Batch [700]	Speed: 3301.90 samples/sec	accuracy=0.858125
INFO:root:Epoch[10] Batch [750]	Speed: 3460.66 samples/sec	accuracy=0.867500
INFO:root:Epoch[10] Resetting Data Iterator
INFO:root:Epoch[10] Time cost=15.160
INFO:root:Saved checkpoint to "model/resnet-cifar10-20-0-0011.params"
INFO:root:Epoch[10] Validation-accuracy=0.813794
INFO:root:Epoch[11] Batch [50]	Speed: 3364.43 samples/sec	accuracy=0.863125
INFO:root:Epoch[11] Batch [100]	Speed: 3235.81 samples/sec	accuracy=0.866875
INFO:root:Epoch[11] Batch [150]	Speed: 3340.40 samples/sec	accuracy=0.864688
INFO:root:Epoch[11] Batch [200]	Speed: 3421.34 samples/sec	accuracy=0.862812
INFO:root:Epoch[11] Batch [250]	Speed: 3440.86 samples/sec	accuracy=0.866875
INFO:root:Epoch[11] Batch [300]	Speed: 3101.19 samples/sec	accuracy=0.866875
INFO:root:Epoch[11] Batch [350]	Speed: 3041.36 samples/sec	accuracy=0.860313
INFO:root:Epoch[11] Batch [400]	Speed: 3186.43 samples/sec	accuracy=0.859375
INFO:root:Epoch[11] Batch [450]	Speed: 3296.42 samples/sec	accuracy=0.862187
INFO:root:Epoch[11] Batch [500]	Speed: 3175.93 samples/sec	accuracy=0.863750
INFO:root:Epoch[11] Batch [550]	Speed: 3239.39 samples/sec	accuracy=0.864062
INFO:root:Epoch[11] Batch [600]	Speed: 3087.68 samples/sec	accuracy=0.858125
INFO:root:Epoch[11] Batch [650]	Speed: 3283.07 samples/sec	accuracy=0.857812
INFO:root:Epoch[11] Batch [700]	Speed: 3362.59 samples/sec	accuracy=0.871563
INFO:root:Epoch[11] Batch [750]	Speed: 2800.19 samples/sec	accuracy=0.857812
INFO:root:Epoch[11] Resetting Data Iterator
INFO:root:Epoch[11] Time cost=15.496
INFO:root:Saved checkpoint to "model/resnet-cifar10-20-0-0012.params"
INFO:root:Epoch[11] Validation-accuracy=0.805434
INFO:root:Epoch[12] Batch [50]	Speed: 3203.99 samples/sec	accuracy=0.858750
INFO:root:Epoch[12] Batch [100]	Speed: 3533.06 samples/sec	accuracy=0.889375
INFO:root:Epoch[12] Batch [150]	Speed: 3556.70 samples/sec	accuracy=0.869375
INFO:root:Epoch[12] Batch [200]	Speed: 3122.55 samples/sec	accuracy=0.860000
INFO:root:Epoch[12] Batch [250]	Speed: 3712.89 samples/sec	accuracy=0.859062
INFO:root:Epoch[12] Batch [300]	Speed: 3358.16 samples/sec	accuracy=0.874375
INFO:root:Epoch[12] Batch [350]	Speed: 3424.97 samples/sec	accuracy=0.867812
INFO:root:Epoch[12] Batch [400]	Speed: 3409.28 samples/sec	accuracy=0.865000
INFO:root:Epoch[12] Batch [450]	Speed: 3311.35 samples/sec	accuracy=0.859062
INFO:root:Epoch[12] Batch [500]	Speed: 3003.49 samples/sec	accuracy=0.867500
INFO:root:Epoch[12] Batch [550]	Speed: 3459.31 samples/sec	accuracy=0.873125
INFO:root:Epoch[12] Batch [600]	Speed: 3452.32 samples/sec	accuracy=0.872500
INFO:root:Epoch[12] Batch [650]	Speed: 3255.08 samples/sec	accuracy=0.865625
INFO:root:Epoch[12] Batch [700]	Speed: 3571.47 samples/sec	accuracy=0.860625
INFO:root:Epoch[12] Batch [750]	Speed: 3596.82 samples/sec	accuracy=0.868437
INFO:root:Epoch[12] Resetting Data Iterator
INFO:root:Epoch[12] Time cost=14.780
INFO:root:Saved checkpoint to "model/resnet-cifar10-20-0-0013.params"
INFO:root:Epoch[12] Validation-accuracy=0.813993
INFO:root:Epoch[13] Batch [50]	Speed: 3034.63 samples/sec	accuracy=0.866250
INFO:root:Epoch[13] Batch [100]	Speed: 3334.42 samples/sec	accuracy=0.877188
INFO:root:Epoch[13] Batch [150]	Speed: 3473.31 samples/sec	accuracy=0.873750
INFO:root:Epoch[13] Batch [200]	Speed: 2419.39 samples/sec	accuracy=0.870000
INFO:root:Epoch[13] Batch [250]	Speed: 2973.20 samples/sec	accuracy=0.875625
INFO:root:Epoch[13] Batch [300]	Speed: 3290.97 samples/sec	accuracy=0.871875
INFO:root:Epoch[13] Batch [350]	Speed: 3433.96 samples/sec	accuracy=0.864062
INFO:root:Epoch[13] Batch [400]	Speed: 3387.60 samples/sec	accuracy=0.872812
INFO:root:Epoch[13] Batch [450]	Speed: 2593.58 samples/sec	accuracy=0.872188
INFO:root:Epoch[13] Batch [500]	Speed: 3423.37 samples/sec	accuracy=0.872812
INFO:root:Epoch[13] Batch [550]	Speed: 3312.11 samples/sec	accuracy=0.869687
INFO:root:Epoch[13] Batch [600]	Speed: 3207.31 samples/sec	accuracy=0.866250
INFO:root:Epoch[13] Batch [650]	Speed: 3641.45 samples/sec	accuracy=0.871563
INFO:root:Epoch[13] Batch [700]	Speed: 3313.07 samples/sec	accuracy=0.879687
INFO:root:Epoch[13] Batch [750]	Speed: 3176.87 samples/sec	accuracy=0.877188
INFO:root:Epoch[13] Resetting Data Iterator
INFO:root:Epoch[13] Time cost=15.790
INFO:root:Saved checkpoint to "model/resnet-cifar10-20-0-0014.params"
INFO:root:Epoch[13] Validation-accuracy=0.831807
INFO:root:Epoch[14] Batch [50]	Speed: 2668.68 samples/sec	accuracy=0.880000
INFO:root:Epoch[14] Batch [100]	Speed: 3336.44 samples/sec	accuracy=0.879687
INFO:root:Epoch[14] Batch [150]	Speed: 3168.91 samples/sec	accuracy=0.879375
INFO:root:Epoch[14] Batch [200]	Speed: 3132.48 samples/sec	accuracy=0.874375
INFO:root:Epoch[14] Batch [250]	Speed: 2983.63 samples/sec	accuracy=0.876250
INFO:root:Epoch[14] Batch [300]	Speed: 2902.69 samples/sec	accuracy=0.873125
INFO:root:Epoch[14] Batch [350]	Speed: 3450.20 samples/sec	accuracy=0.872500
INFO:root:Epoch[14] Batch [400]	Speed: 3360.83 samples/sec	accuracy=0.875938
INFO:root:Epoch[14] Batch [450]	Speed: 3299.19 samples/sec	accuracy=0.877500
INFO:root:Epoch[14] Batch [500]	Speed: 3350.29 samples/sec	accuracy=0.890000
INFO:root:Epoch[14] Batch [550]	Speed: 2756.74 samples/sec	accuracy=0.871250
INFO:root:Epoch[14] Batch [600]	Speed: 3153.51 samples/sec	accuracy=0.873750
INFO:root:Epoch[14] Batch [650]	Speed: 2934.18 samples/sec	accuracy=0.871250
INFO:root:Epoch[14] Batch [700]	Speed: 3388.34 samples/sec	accuracy=0.872188
INFO:root:Epoch[14] Batch [750]	Speed: 3080.31 samples/sec	accuracy=0.877812
INFO:root:Epoch[14] Resetting Data Iterator
INFO:root:Epoch[14] Time cost=16.035
INFO:root:Saved checkpoint to "model/resnet-cifar10-20-0-0015.params"
INFO:root:Epoch[14] Validation-accuracy=0.835888
INFO:root:Epoch[15] Batch [50]	Speed: 3286.94 samples/sec	accuracy=0.865313
INFO:root:Epoch[15] Batch [100]	Speed: 3267.09 samples/sec	accuracy=0.880625
INFO:root:Epoch[15] Batch [150]	Speed: 3633.42 samples/sec	accuracy=0.885938
INFO:root:Epoch[15] Batch [200]	Speed: 3084.60 samples/sec	accuracy=0.877812
INFO:root:Epoch[15] Batch [250]	Speed: 3323.24 samples/sec	accuracy=0.875000
INFO:root:Epoch[15] Batch [300]	Speed: 3358.13 samples/sec	accuracy=0.877812
INFO:root:Epoch[15] Batch [350]	Speed: 2892.21 samples/sec	accuracy=0.872812
INFO:root:Epoch[15] Batch [400]	Speed: 3463.31 samples/sec	accuracy=0.880313
INFO:root:Epoch[15] Batch [450]	Speed: 3412.32 samples/sec	accuracy=0.880938
INFO:root:Epoch[15] Batch [500]	Speed: 3495.94 samples/sec	accuracy=0.894687
INFO:root:Epoch[15] Batch [550]	Speed: 2773.62 samples/sec	accuracy=0.872812
INFO:root:Epoch[15] Batch [600]	Speed: 3167.40 samples/sec	accuracy=0.885312
INFO:root:Epoch[15] Batch [650]	Speed: 3073.77 samples/sec	accuracy=0.870625
INFO:root:Epoch[15] Batch [700]	Speed: 3257.81 samples/sec	accuracy=0.877188
INFO:root:Epoch[15] Batch [750]	Speed: 3246.79 samples/sec	accuracy=0.888750
INFO:root:Epoch[15] Resetting Data Iterator
INFO:root:Epoch[15] Time cost=15.504
INFO:root:Saved checkpoint to "model/resnet-cifar10-20-0-0016.params"
INFO:root:Epoch[15] Validation-accuracy=0.822253
INFO:root:Epoch[16] Batch [50]	Speed: 3074.31 samples/sec	accuracy=0.872500
INFO:root:Epoch[16] Batch [100]	Speed: 3134.06 samples/sec	accuracy=0.889375
INFO:root:Epoch[16] Batch [150]	Speed: 3363.61 samples/sec	accuracy=0.870938
INFO:root:Epoch[16] Batch [200]	Speed: 2583.32 samples/sec	accuracy=0.877188
INFO:root:Epoch[16] Batch [250]	Speed: 2871.02 samples/sec	accuracy=0.876250
INFO:root:Epoch[16] Batch [300]	Speed: 3682.44 samples/sec	accuracy=0.886563
INFO:root:Epoch[16] Batch [350]	Speed: 3697.02 samples/sec	accuracy=0.874687
INFO:root:Epoch[16] Batch [400]	Speed: 3462.46 samples/sec	accuracy=0.880938
INFO:root:Epoch[16] Batch [450]	Speed: 3495.55 samples/sec	accuracy=0.875000
INFO:root:Epoch[16] Batch [500]	Speed: 3456.02 samples/sec	accuracy=0.884062
INFO:root:Epoch[16] Batch [550]	Speed: 3399.96 samples/sec	accuracy=0.888750
INFO:root:Epoch[16] Batch [600]	Speed: 3500.50 samples/sec	accuracy=0.880313
INFO:root:Epoch[16] Batch [650]	Speed: 3262.05 samples/sec	accuracy=0.872188
INFO:root:Epoch[16] Batch [700]	Speed: 3287.76 samples/sec	accuracy=0.888437
INFO:root:Epoch[16] Batch [750]	Speed: 3332.19 samples/sec	accuracy=0.881875
INFO:root:Epoch[16] Resetting Data Iterator
INFO:root:Epoch[16] Time cost=15.239
INFO:root:Saved checkpoint to "model/resnet-cifar10-20-0-0017.params"
INFO:root:Epoch[16] Validation-accuracy=0.805135
INFO:root:Epoch[17] Batch [50]	Speed: 2960.97 samples/sec	accuracy=0.870938
INFO:root:Epoch[17] Batch [100]	Speed: 3079.88 samples/sec	accuracy=0.889687
INFO:root:Epoch[17] Batch [150]	Speed: 3173.21 samples/sec	accuracy=0.877188
INFO:root:Epoch[17] Batch [200]	Speed: 2545.32 samples/sec	accuracy=0.888437
INFO:root:Epoch[17] Batch [250]	Speed: 3128.89 samples/sec	accuracy=0.888125
INFO:root:Epoch[17] Batch [300]	Speed: 3365.99 samples/sec	accuracy=0.888437
INFO:root:Epoch[17] Batch [350]	Speed: 2830.01 samples/sec	accuracy=0.885938
INFO:root:Epoch[17] Batch [400]	Speed: 3158.22 samples/sec	accuracy=0.881563
INFO:root:Epoch[17] Batch [450]	Speed: 3145.85 samples/sec	accuracy=0.882812
INFO:root:Epoch[17] Batch [500]	Speed: 3129.74 samples/sec	accuracy=0.880625
INFO:root:Epoch[17] Batch [550]	Speed: 3362.44 samples/sec	accuracy=0.883750
INFO:root:Epoch[17] Batch [600]	Speed: 2949.22 samples/sec	accuracy=0.879687
INFO:root:Epoch[17] Batch [650]	Speed: 3076.54 samples/sec	accuracy=0.890312
INFO:root:Epoch[17] Batch [700]	Speed: 3455.80 samples/sec	accuracy=0.888125
INFO:root:Epoch[17] Batch [750]	Speed: 3488.02 samples/sec	accuracy=0.884687
INFO:root:Epoch[17] Resetting Data Iterator
INFO:root:Epoch[17] Time cost=16.075
INFO:root:Saved checkpoint to "model/resnet-cifar10-20-0-0018.params"
INFO:root:Epoch[17] Validation-accuracy=0.833997
INFO:root:Epoch[18] Batch [50]	Speed: 3246.73 samples/sec	accuracy=0.885625
INFO:root:Epoch[18] Batch [100]	Speed: 2835.77 samples/sec	accuracy=0.885625
INFO:root:Epoch[18] Batch [150]	Speed: 3408.71 samples/sec	accuracy=0.883437
INFO:root:Epoch[18] Batch [200]	Speed: 3088.43 samples/sec	accuracy=0.883125
INFO:root:Epoch[18] Batch [250]	Speed: 3418.99 samples/sec	accuracy=0.862187
INFO:root:Epoch[18] Batch [300]	Speed: 3231.77 samples/sec	accuracy=0.896563
INFO:root:Epoch[18] Batch [350]	Speed: 3173.48 samples/sec	accuracy=0.885625
INFO:root:Epoch[18] Batch [400]	Speed: 3198.60 samples/sec	accuracy=0.884687
INFO:root:Epoch[18] Batch [450]	Speed: 3083.18 samples/sec	accuracy=0.889687
INFO:root:Epoch[18] Batch [500]	Speed: 3420.00 samples/sec	accuracy=0.886563
INFO:root:Epoch[18] Batch [550]	Speed: 3350.69 samples/sec	accuracy=0.892813
INFO:root:Epoch[18] Batch [600]	Speed: 3428.00 samples/sec	accuracy=0.885625
INFO:root:Epoch[18] Batch [650]	Speed: 3398.21 samples/sec	accuracy=0.887188
INFO:root:Epoch[18] Batch [700]	Speed: 3265.84 samples/sec	accuracy=0.885625
INFO:root:Epoch[18] Batch [750]	Speed: 3378.32 samples/sec	accuracy=0.884062
INFO:root:Epoch[18] Resetting Data Iterator
INFO:root:Epoch[18] Time cost=15.439
INFO:root:Saved checkpoint to "model/resnet-cifar10-20-0-0019.params"
INFO:root:Epoch[18] Validation-accuracy=0.827627
INFO:root:Epoch[19] Batch [50]	Speed: 3153.58 samples/sec	accuracy=0.877812
INFO:root:Epoch[19] Batch [100]	Speed: 3255.12 samples/sec	accuracy=0.903438
INFO:root:Epoch[19] Batch [150]	Speed: 3319.15 samples/sec	accuracy=0.880000
INFO:root:Epoch[19] Batch [200]	Speed: 3101.99 samples/sec	accuracy=0.885312
INFO:root:Epoch[19] Batch [250]	Speed: 3265.50 samples/sec	accuracy=0.878125
INFO:root:Epoch[19] Batch [300]	Speed: 2757.99 samples/sec	accuracy=0.884062
INFO:root:Epoch[19] Batch [350]	Speed: 3100.09 samples/sec	accuracy=0.891250
INFO:root:Epoch[19] Batch [400]	Speed: 3274.88 samples/sec	accuracy=0.885625
INFO:root:Epoch[19] Batch [450]	Speed: 3188.45 samples/sec	accuracy=0.886250
INFO:root:Epoch[19] Batch [500]	Speed: 3439.91 samples/sec	accuracy=0.881250
INFO:root:Epoch[19] Batch [550]	Speed: 2801.61 samples/sec	accuracy=0.902188
INFO:root:Epoch[19] Batch [600]	Speed: 3489.51 samples/sec	accuracy=0.884375
INFO:root:Epoch[19] Batch [650]	Speed: 3447.72 samples/sec	accuracy=0.889687
INFO:root:Epoch[19] Batch [700]	Speed: 3350.57 samples/sec	accuracy=0.890312
INFO:root:Epoch[19] Batch [750]	Speed: 3184.13 samples/sec	accuracy=0.885000
INFO:root:Epoch[19] Resetting Data Iterator
INFO:root:Epoch[19] Time cost=15.628
INFO:root:Saved checkpoint to "model/resnet-cifar10-20-0-0020.params"
INFO:root:Epoch[19] Validation-accuracy=0.833300
INFO:root:Epoch[20] Batch [50]	Speed: 3188.52 samples/sec	accuracy=0.885938
INFO:root:Epoch[20] Batch [100]	Speed: 3032.54 samples/sec	accuracy=0.901250
INFO:root:Epoch[20] Batch [150]	Speed: 3188.87 samples/sec	accuracy=0.894062
INFO:root:Epoch[20] Batch [200]	Speed: 3092.89 samples/sec	accuracy=0.886250
INFO:root:Epoch[20] Batch [250]	Speed: 3166.43 samples/sec	accuracy=0.893750
INFO:root:Epoch[20] Batch [300]	Speed: 3135.37 samples/sec	accuracy=0.882500
INFO:root:Epoch[20] Batch [350]	Speed: 3055.10 samples/sec	accuracy=0.888125
INFO:root:Epoch[20] Batch [400]	Speed: 2880.64 samples/sec	accuracy=0.885938
INFO:root:Epoch[20] Batch [450]	Speed: 2848.88 samples/sec	accuracy=0.890625
INFO:root:Epoch[20] Batch [500]	Speed: 3311.48 samples/sec	accuracy=0.901563
INFO:root:Epoch[20] Batch [550]	Speed: 3290.67 samples/sec	accuracy=0.888437
INFO:root:Epoch[20] Batch [600]	Speed: 2869.59 samples/sec	accuracy=0.893437
INFO:root:Epoch[20] Batch [650]	Speed: 2866.73 samples/sec	accuracy=0.895000
INFO:root:Epoch[20] Batch [700]	Speed: 3256.10 samples/sec	accuracy=0.896875
INFO:root:Epoch[20] Batch [750]	Speed: 2844.52 samples/sec	accuracy=0.907188
INFO:root:Epoch[20] Resetting Data Iterator
INFO:root:Epoch[20] Time cost=16.352
INFO:root:Saved checkpoint to "model/resnet-cifar10-20-0-0021.params"
INFO:root:Epoch[20] Validation-accuracy=0.840466
INFO:root:Epoch[21] Batch [50]	Speed: 3215.94 samples/sec	accuracy=0.885938
INFO:root:Epoch[21] Batch [100]	Speed: 3063.41 samples/sec	accuracy=0.890625
INFO:root:Epoch[21] Batch [150]	Speed: 3333.53 samples/sec	accuracy=0.882188
INFO:root:Epoch[21] Batch [200]	Speed: 3139.24 samples/sec	accuracy=0.885000
INFO:root:Epoch[21] Batch [250]	Speed: 2755.06 samples/sec	accuracy=0.888437
INFO:root:Epoch[21] Batch [300]	Speed: 3034.82 samples/sec	accuracy=0.892500
INFO:root:Epoch[21] Batch [350]	Speed: 3072.60 samples/sec	accuracy=0.885938
INFO:root:Epoch[21] Batch [400]	Speed: 3196.86 samples/sec	accuracy=0.895625
INFO:root:Epoch[21] Batch [450]	Speed: 2888.80 samples/sec	accuracy=0.894375
INFO:root:Epoch[21] Batch [500]	Speed: 3470.19 samples/sec	accuracy=0.894062
INFO:root:Epoch[21] Batch [550]	Speed: 3533.00 samples/sec	accuracy=0.909375
INFO:root:Epoch[21] Batch [600]	Speed: 2996.14 samples/sec	accuracy=0.888750
INFO:root:Epoch[21] Batch [650]	Speed: 3181.84 samples/sec	accuracy=0.894062
INFO:root:Epoch[21] Batch [700]	Speed: 3388.71 samples/sec	accuracy=0.897500
INFO:root:Epoch[21] Batch [750]	Speed: 3349.88 samples/sec	accuracy=0.893437
INFO:root:Epoch[21] Resetting Data Iterator
INFO:root:Epoch[21] Time cost=15.792
INFO:root:Saved checkpoint to "model/resnet-cifar10-20-0-0022.params"
INFO:root:Epoch[21] Validation-accuracy=0.844646
INFO:root:Epoch[22] Batch [50]	Speed: 3123.59 samples/sec	accuracy=0.885625
INFO:root:Epoch[22] Batch [100]	Speed: 3205.64 samples/sec	accuracy=0.895938
INFO:root:Epoch[22] Batch [150]	Speed: 3114.85 samples/sec	accuracy=0.895000
INFO:root:Epoch[22] Batch [200]	Speed: 3188.65 samples/sec	accuracy=0.889375
INFO:root:Epoch[22] Batch [250]	Speed: 2649.56 samples/sec	accuracy=0.886875
INFO:root:Epoch[22] Batch [300]	Speed: 2619.03 samples/sec	accuracy=0.896250
INFO:root:Epoch[22] Batch [350]	Speed: 3207.76 samples/sec	accuracy=0.900625
INFO:root:Epoch[22] Batch [400]	Speed: 3254.48 samples/sec	accuracy=0.899687
INFO:root:Epoch[22] Batch [450]	Speed: 3266.54 samples/sec	accuracy=0.903750
INFO:root:Epoch[22] Batch [500]	Speed: 3417.76 samples/sec	accuracy=0.900625
INFO:root:Epoch[22] Batch [550]	Speed: 3150.19 samples/sec	accuracy=0.889062
INFO:root:Epoch[22] Batch [600]	Speed: 3151.40 samples/sec	accuracy=0.889062
INFO:root:Epoch[22] Batch [650]	Speed: 3413.37 samples/sec	accuracy=0.886250
INFO:root:Epoch[22] Batch [700]	Speed: 3193.78 samples/sec	accuracy=0.903438
INFO:root:Epoch[22] Batch [750]	Speed: 2957.55 samples/sec	accuracy=0.895625
INFO:root:Epoch[22] Resetting Data Iterator
INFO:root:Epoch[22] Time cost=16.086
INFO:root:Saved checkpoint to "model/resnet-cifar10-20-0-0023.params"
INFO:root:Epoch[22] Validation-accuracy=0.841461
INFO:root:Epoch[23] Batch [50]	Speed: 3226.37 samples/sec	accuracy=0.909062
INFO:root:Epoch[23] Batch [100]	Speed: 3227.80 samples/sec	accuracy=0.896563
INFO:root:Epoch[23] Batch [150]	Speed: 3305.77 samples/sec	accuracy=0.903438
INFO:root:Epoch[23] Batch [200]	Speed: 3157.18 samples/sec	accuracy=0.873437
INFO:root:Epoch[23] Batch [250]	Speed: 3187.99 samples/sec	accuracy=0.909375
INFO:root:Epoch[23] Batch [300]	Speed: 2787.27 samples/sec	accuracy=0.887813
INFO:root:Epoch[23] Batch [350]	Speed: 3104.21 samples/sec	accuracy=0.885000
INFO:root:Epoch[23] Batch [400]	Speed: 3187.83 samples/sec	accuracy=0.897188
INFO:root:Epoch[23] Batch [450]	Speed: 3041.80 samples/sec	accuracy=0.903750
INFO:root:Epoch[23] Batch [500]	Speed: 3261.85 samples/sec	accuracy=0.891875
INFO:root:Epoch[23] Batch [550]	Speed: 2580.48 samples/sec	accuracy=0.892188
INFO:root:Epoch[23] Batch [600]	Speed: 3008.67 samples/sec	accuracy=0.885312
INFO:root:Epoch[23] Batch [650]	Speed: 3204.84 samples/sec	accuracy=0.892813
INFO:root:Epoch[23] Batch [700]	Speed: 3351.69 samples/sec	accuracy=0.901875
INFO:root:Epoch[23] Batch [750]	Speed: 3514.66 samples/sec	accuracy=0.893750
INFO:root:Epoch[23] Resetting Data Iterator
INFO:root:Epoch[23] Time cost=16.019
INFO:root:Saved checkpoint to "model/resnet-cifar10-20-0-0024.params"
INFO:root:Epoch[23] Validation-accuracy=0.841859
INFO:root:Epoch[24] Batch [50]	Speed: 3529.65 samples/sec	accuracy=0.883437
INFO:root:Epoch[24] Batch [100]	Speed: 3242.97 samples/sec	accuracy=0.899062
INFO:root:Epoch[24] Batch [150]	Speed: 3302.67 samples/sec	accuracy=0.903750
INFO:root:Epoch[24] Batch [200]	Speed: 3061.04 samples/sec	accuracy=0.897500
INFO:root:Epoch[24] Batch [250]	Speed: 3301.44 samples/sec	accuracy=0.899687
INFO:root:Epoch[24] Batch [300]	Speed: 2870.52 samples/sec	accuracy=0.894062
INFO:root:Epoch[24] Batch [350]	Speed: 2590.21 samples/sec	accuracy=0.891563
INFO:root:Epoch[24] Batch [400]	Speed: 3360.42 samples/sec	accuracy=0.897813
INFO:root:Epoch[24] Batch [450]	Speed: 3442.49 samples/sec	accuracy=0.904062
INFO:root:Epoch[24] Batch [500]	Speed: 3445.19 samples/sec	accuracy=0.900937
INFO:root:Epoch[24] Batch [550]	Speed: 3186.18 samples/sec	accuracy=0.898125
INFO:root:Epoch[24] Batch [600]	Speed: 3382.29 samples/sec	accuracy=0.895000
INFO:root:Epoch[24] Batch [650]	Speed: 3177.33 samples/sec	accuracy=0.901875
INFO:root:Epoch[24] Batch [700]	Speed: 2294.65 samples/sec	accuracy=0.892500
INFO:root:Epoch[24] Batch [750]	Speed: 3292.35 samples/sec	accuracy=0.899375
INFO:root:Epoch[24] Resetting Data Iterator
INFO:root:Epoch[24] Time cost=16.147
INFO:root:Saved checkpoint to "model/resnet-cifar10-20-0-0025.params"
INFO:root:Epoch[24] Validation-accuracy=0.837182
INFO:root:Epoch[25] Batch [50]	Speed: 3248.18 samples/sec	accuracy=0.894062
INFO:root:Epoch[25] Batch [100]	Speed: 3203.92 samples/sec	accuracy=0.904062
INFO:root:Epoch[25] Batch [150]	Speed: 3276.52 samples/sec	accuracy=0.894687
INFO:root:Epoch[25] Batch [200]	Speed: 3204.01 samples/sec	accuracy=0.893437
INFO:root:Epoch[25] Batch [250]	Speed: 3202.58 samples/sec	accuracy=0.892500
INFO:root:Epoch[25] Batch [300]	Speed: 2742.40 samples/sec	accuracy=0.894062
INFO:root:Epoch[25] Batch [350]	Speed: 2698.90 samples/sec	accuracy=0.897188
INFO:root:Epoch[25] Batch [400]	Speed: 3280.72 samples/sec	accuracy=0.906875
INFO:root:Epoch[25] Batch [450]	Speed: 3330.00 samples/sec	accuracy=0.898438
INFO:root:Epoch[25] Batch [500]	Speed: 3030.27 samples/sec	accuracy=0.901563
INFO:root:Epoch[25] Batch [550]	Speed: 3379.68 samples/sec	accuracy=0.910312
INFO:root:Epoch[25] Batch [600]	Speed: 3151.75 samples/sec	accuracy=0.903438
INFO:root:Epoch[25] Batch [650]	Speed: 3377.75 samples/sec	accuracy=0.884687
INFO:root:Epoch[25] Batch [700]	Speed: 2892.96 samples/sec	accuracy=0.893125
INFO:root:Epoch[25] Batch [750]	Speed: 3516.20 samples/sec	accuracy=0.908750
INFO:root:Epoch[25] Resetting Data Iterator
INFO:root:Epoch[25] Time cost=15.819
INFO:root:Saved checkpoint to "model/resnet-cifar10-20-0-0026.params"
INFO:root:Epoch[25] Validation-accuracy=0.828025
INFO:root:Epoch[26] Batch [50]	Speed: 3286.39 samples/sec	accuracy=0.898125
INFO:root:Epoch[26] Batch [100]	Speed: 3091.68 samples/sec	accuracy=0.901563
INFO:root:Epoch[26] Batch [150]	Speed: 3126.67 samples/sec	accuracy=0.900312
INFO:root:Epoch[26] Batch [200]	Speed: 2920.96 samples/sec	accuracy=0.905312
INFO:root:Epoch[26] Batch [250]	Speed: 3168.44 samples/sec	accuracy=0.897500
INFO:root:Epoch[26] Batch [300]	Speed: 3370.75 samples/sec	accuracy=0.898125
INFO:root:Epoch[26] Batch [350]	Speed: 3199.97 samples/sec	accuracy=0.890312
INFO:root:Epoch[26] Batch [400]	Speed: 2997.31 samples/sec	accuracy=0.899062
INFO:root:Epoch[26] Batch [450]	Speed: 3376.98 samples/sec	accuracy=0.902813
INFO:root:Epoch[26] Batch [500]	Speed: 3192.05 samples/sec	accuracy=0.895625
INFO:root:Epoch[26] Batch [550]	Speed: 3360.37 samples/sec	accuracy=0.896250
INFO:root:Epoch[26] Batch [600]	Speed: 3025.78 samples/sec	accuracy=0.906563
INFO:root:Epoch[26] Batch [650]	Speed: 3149.26 samples/sec	accuracy=0.896250
INFO:root:Epoch[26] Batch [700]	Speed: 3322.80 samples/sec	accuracy=0.901875
INFO:root:Epoch[26] Batch [750]	Speed: 3329.41 samples/sec	accuracy=0.898750
INFO:root:Epoch[26] Resetting Data Iterator
INFO:root:Epoch[26] Time cost=15.809
INFO:root:Saved checkpoint to "model/resnet-cifar10-20-0-0027.params"
INFO:root:Epoch[26] Validation-accuracy=0.842357
INFO:root:Epoch[27] Batch [50]	Speed: 3073.12 samples/sec	accuracy=0.891250
INFO:root:Epoch[27] Batch [100]	Speed: 3253.32 samples/sec	accuracy=0.905937
INFO:root:Epoch[27] Batch [150]	Speed: 3007.98 samples/sec	accuracy=0.911563
INFO:root:Epoch[27] Batch [200]	Speed: 2966.01 samples/sec	accuracy=0.898438
INFO:root:Epoch[27] Batch [250]	Speed: 3419.91 samples/sec	accuracy=0.908750
INFO:root:Epoch[27] Batch [300]	Speed: 3170.78 samples/sec	accuracy=0.903750
INFO:root:Epoch[27] Batch [350]	Speed: 2953.75 samples/sec	accuracy=0.890312
INFO:root:Epoch[27] Batch [400]	Speed: 3427.86 samples/sec	accuracy=0.903125
INFO:root:Epoch[27] Batch [450]	Speed: 3611.04 samples/sec	accuracy=0.896875
INFO:root:Epoch[27] Batch [500]	Speed: 3237.60 samples/sec	accuracy=0.888437
INFO:root:Epoch[27] Batch [550]	Speed: 3080.63 samples/sec	accuracy=0.899687
INFO:root:Epoch[27] Batch [600]	Speed: 3449.60 samples/sec	accuracy=0.899375
INFO:root:Epoch[27] Batch [650]	Speed: 2876.93 samples/sec	accuracy=0.904062
INFO:root:Epoch[27] Batch [700]	Speed: 3112.19 samples/sec	accuracy=0.900312
INFO:root:Epoch[27] Batch [750]	Speed: 3383.49 samples/sec	accuracy=0.905000
INFO:root:Epoch[27] Resetting Data Iterator
INFO:root:Epoch[27] Time cost=15.816
INFO:root:Saved checkpoint to "model/resnet-cifar10-20-0-0028.params"
INFO:root:Epoch[27] Validation-accuracy=0.846935
INFO:root:Epoch[28] Batch [50]	Speed: 2953.81 samples/sec	accuracy=0.894375
INFO:root:Epoch[28] Batch [100]	Speed: 3076.70 samples/sec	accuracy=0.890000
INFO:root:Epoch[28] Batch [150]	Speed: 3262.89 samples/sec	accuracy=0.902813
INFO:root:Epoch[28] Batch [200]	Speed: 3283.22 samples/sec	accuracy=0.901250
INFO:root:Epoch[28] Batch [250]	Speed: 3429.40 samples/sec	accuracy=0.898125
INFO:root:Epoch[28] Batch [300]	Speed: 2870.33 samples/sec	accuracy=0.905937
INFO:root:Epoch[28] Batch [350]	Speed: 2907.35 samples/sec	accuracy=0.893750
INFO:root:Epoch[28] Batch [400]	Speed: 3267.88 samples/sec	accuracy=0.905625
INFO:root:Epoch[28] Batch [450]	Speed: 3130.63 samples/sec	accuracy=0.907813
INFO:root:Epoch[28] Batch [500]	Speed: 3187.05 samples/sec	accuracy=0.899375
INFO:root:Epoch[28] Batch [550]	Speed: 3305.47 samples/sec	accuracy=0.910312
INFO:root:Epoch[28] Batch [600]	Speed: 3024.43 samples/sec	accuracy=0.898750
INFO:root:Epoch[28] Batch [650]	Speed: 2871.29 samples/sec	accuracy=0.894375
INFO:root:Epoch[28] Batch [700]	Speed: 3260.53 samples/sec	accuracy=0.905000
INFO:root:Epoch[28] Batch [750]	Speed: 3289.21 samples/sec	accuracy=0.900000
INFO:root:Epoch[28] Resetting Data Iterator
INFO:root:Epoch[28] Time cost=15.921
INFO:root:Saved checkpoint to "model/resnet-cifar10-20-0-0029.params"
INFO:root:Epoch[28] Validation-accuracy=0.840565
INFO:root:Epoch[29] Batch [50]	Speed: 3366.88 samples/sec	accuracy=0.886563
INFO:root:Epoch[29] Batch [100]	Speed: 2761.41 samples/sec	accuracy=0.909687
INFO:root:Epoch[29] Batch [150]	Speed: 3293.20 samples/sec	accuracy=0.900625
INFO:root:Epoch[29] Batch [200]	Speed: 3394.87 samples/sec	accuracy=0.895000
INFO:root:Epoch[29] Batch [250]	Speed: 2414.81 samples/sec	accuracy=0.897188
INFO:root:Epoch[29] Batch [300]	Speed: 3072.80 samples/sec	accuracy=0.913125
INFO:root:Epoch[29] Batch [350]	Speed: 3048.77 samples/sec	accuracy=0.895625
INFO:root:Epoch[29] Batch [400]	Speed: 3205.78 samples/sec	accuracy=0.906563
INFO:root:Epoch[29] Batch [450]	Speed: 3219.14 samples/sec	accuracy=0.893437
INFO:root:Epoch[29] Batch [500]	Speed: 3577.28 samples/sec	accuracy=0.902500
INFO:root:Epoch[29] Batch [550]	Speed: 3559.27 samples/sec	accuracy=0.900312
INFO:root:Epoch[29] Batch [600]	Speed: 3241.17 samples/sec	accuracy=0.894375
INFO:root:Epoch[29] Batch [650]	Speed: 2890.19 samples/sec	accuracy=0.903750
INFO:root:Epoch[29] Batch [700]	Speed: 3547.48 samples/sec	accuracy=0.907188
INFO:root:Epoch[29] Batch [750]	Speed: 3225.73 samples/sec	accuracy=0.905312
INFO:root:Epoch[29] Resetting Data Iterator
INFO:root:Epoch[29] Time cost=15.867
INFO:root:Saved checkpoint to "model/resnet-cifar10-20-0-0030.params"
INFO:root:Epoch[29] Validation-accuracy=0.841063
INFO:root:Epoch[30] Batch [50]	Speed: 2958.30 samples/sec	accuracy=0.896875
INFO:root:Epoch[30] Batch [100]	Speed: 2930.09 samples/sec	accuracy=0.907500
INFO:root:Epoch[30] Batch [150]	Speed: 3254.14 samples/sec	accuracy=0.905312
INFO:root:Epoch[30] Batch [200]	Speed: 2996.23 samples/sec	accuracy=0.889687
INFO:root:Epoch[30] Batch [250]	Speed: 3057.28 samples/sec	accuracy=0.897813
INFO:root:Epoch[30] Batch [300]	Speed: 3276.23 samples/sec	accuracy=0.895938
INFO:root:Epoch[30] Batch [350]	Speed: 3127.83 samples/sec	accuracy=0.899375
INFO:root:Epoch[30] Batch [400]	Speed: 3416.58 samples/sec	accuracy=0.908750
INFO:root:Epoch[30] Batch [450]	Speed: 3468.28 samples/sec	accuracy=0.910625
INFO:root:Epoch[30] Batch [500]	Speed: 3076.18 samples/sec	accuracy=0.910312
INFO:root:Epoch[30] Batch [550]	Speed: 2783.71 samples/sec	accuracy=0.906563
INFO:root:Epoch[30] Batch [600]	Speed: 3028.09 samples/sec	accuracy=0.905000
INFO:root:Epoch[30] Batch [650]	Speed: 3382.53 samples/sec	accuracy=0.905625
INFO:root:Epoch[30] Batch [700]	Speed: 3351.64 samples/sec	accuracy=0.915312
INFO:root:Epoch[30] Batch [750]	Speed: 2987.06 samples/sec	accuracy=0.908125
INFO:root:Epoch[30] Resetting Data Iterator
INFO:root:Epoch[30] Time cost=15.988
INFO:root:Saved checkpoint to "model/resnet-cifar10-20-0-0031.params"
INFO:root:Epoch[30] Validation-accuracy=0.820760
INFO:root:Epoch[31] Batch [50]	Speed: 3033.62 samples/sec	accuracy=0.897813
INFO:root:Epoch[31] Batch [100]	Speed: 3124.01 samples/sec	accuracy=0.916250
INFO:root:Epoch[31] Batch [150]	Speed: 3557.29 samples/sec	accuracy=0.918438
INFO:root:Epoch[31] Batch [200]	Speed: 3285.52 samples/sec	accuracy=0.905312
INFO:root:Epoch[31] Batch [250]	Speed: 2984.86 samples/sec	accuracy=0.899375
INFO:root:Epoch[31] Batch [300]	Speed: 3462.22 samples/sec	accuracy=0.901875
INFO:root:Epoch[31] Batch [350]	Speed: 3411.47 samples/sec	accuracy=0.898750
INFO:root:Epoch[31] Batch [400]	Speed: 3287.98 samples/sec	accuracy=0.910625
INFO:root:Epoch[31] Batch [450]	Speed: 3256.76 samples/sec	accuracy=0.905312
INFO:root:Epoch[31] Batch [500]	Speed: 2947.38 samples/sec	accuracy=0.910000
INFO:root:Epoch[31] Batch [550]	Speed: 3225.88 samples/sec	accuracy=0.898125
INFO:root:Epoch[31] Batch [600]	Speed: 3137.48 samples/sec	accuracy=0.904375
INFO:root:Epoch[31] Batch [650]	Speed: 3397.86 samples/sec	accuracy=0.902188
INFO:root:Epoch[31] Batch [700]	Speed: 2851.76 samples/sec	accuracy=0.907500
INFO:root:Epoch[31] Batch [750]	Speed: 3195.91 samples/sec	accuracy=0.899375
INFO:root:Epoch[31] Resetting Data Iterator
INFO:root:Epoch[31] Time cost=15.606
INFO:root:Saved checkpoint to "model/resnet-cifar10-20-0-0032.params"
INFO:root:Epoch[31] Validation-accuracy=0.817476
INFO:root:Epoch[32] Batch [50]	Speed: 3392.14 samples/sec	accuracy=0.905000
INFO:root:Epoch[32] Batch [100]	Speed: 3421.49 samples/sec	accuracy=0.910312
INFO:root:Epoch[32] Batch [150]	Speed: 3441.25 samples/sec	accuracy=0.910625
INFO:root:Epoch[32] Batch [200]	Speed: 3281.72 samples/sec	accuracy=0.908125
INFO:root:Epoch[32] Batch [250]	Speed: 3272.28 samples/sec	accuracy=0.899687
INFO:root:Epoch[32] Batch [300]	Speed: 3073.25 samples/sec	accuracy=0.908125
INFO:root:Epoch[32] Batch [350]	Speed: 3614.03 samples/sec	accuracy=0.906875
INFO:root:Epoch[32] Batch [400]	Speed: 3568.91 samples/sec	accuracy=0.907813
INFO:root:Epoch[32] Batch [450]	Speed: 3353.78 samples/sec	accuracy=0.905312
INFO:root:Epoch[32] Batch [500]	Speed: 3335.51 samples/sec	accuracy=0.903750
INFO:root:Epoch[32] Batch [550]	Speed: 3157.04 samples/sec	accuracy=0.912188
INFO:root:Epoch[32] Batch [600]	Speed: 3132.97 samples/sec	accuracy=0.896250
INFO:root:Epoch[32] Batch [650]	Speed: 3299.06 samples/sec	accuracy=0.903750
INFO:root:Epoch[32] Batch [700]	Speed: 3462.41 samples/sec	accuracy=0.902813
INFO:root:Epoch[32] Batch [750]	Speed: 3420.93 samples/sec	accuracy=0.913750
INFO:root:Epoch[32] Resetting Data Iterator
INFO:root:Epoch[32] Time cost=14.969
INFO:root:Saved checkpoint to "model/resnet-cifar10-20-0-0033.params"
INFO:root:Epoch[32] Validation-accuracy=0.849224
INFO:root:Epoch[33] Batch [50]	Speed: 3403.73 samples/sec	accuracy=0.904375
INFO:root:Epoch[33] Batch [100]	Speed: 3105.93 samples/sec	accuracy=0.916250
INFO:root:Epoch[33] Batch [150]	Speed: 3124.85 samples/sec	accuracy=0.901875
INFO:root:Epoch[33] Batch [200]	Speed: 3334.80 samples/sec	accuracy=0.901875
INFO:root:Epoch[33] Batch [250]	Speed: 3174.04 samples/sec	accuracy=0.910312
INFO:root:Epoch[33] Batch [300]	Speed: 3174.71 samples/sec	accuracy=0.911250
INFO:root:Epoch[33] Batch [350]	Speed: 3220.46 samples/sec	accuracy=0.910625
INFO:root:Epoch[33] Batch [400]	Speed: 3001.33 samples/sec	accuracy=0.910000
INFO:root:Epoch[33] Batch [450]	Speed: 3388.48 samples/sec	accuracy=0.909062
INFO:root:Epoch[33] Batch [500]	Speed: 3163.45 samples/sec	accuracy=0.919063
INFO:root:Epoch[33] Batch [550]	Speed: 3314.00 samples/sec	accuracy=0.905937
INFO:root:Epoch[33] Batch [600]	Speed: 3112.95 samples/sec	accuracy=0.902813
INFO:root:Epoch[33] Batch [650]	Speed: 3052.83 samples/sec	accuracy=0.904687
INFO:root:Epoch[33] Batch [700]	Speed: 2946.43 samples/sec	accuracy=0.908125
INFO:root:Epoch[33] Batch [750]	Speed: 3378.62 samples/sec	accuracy=0.902500
INFO:root:Epoch[33] Resetting Data Iterator
INFO:root:Epoch[33] Time cost=15.685
INFO:root:Saved checkpoint to "model/resnet-cifar10-20-0-0034.params"
INFO:root:Epoch[33] Validation-accuracy=0.840764
INFO:root:Epoch[34] Batch [50]	Speed: 2942.44 samples/sec	accuracy=0.900312
INFO:root:Epoch[34] Batch [100]	Speed: 3300.18 samples/sec	accuracy=0.908438
INFO:root:Epoch[34] Batch [150]	Speed: 3353.87 samples/sec	accuracy=0.905000
INFO:root:Epoch[34] Batch [200]	Speed: 3132.04 samples/sec	accuracy=0.910625
INFO:root:Epoch[34] Batch [250]	Speed: 3245.06 samples/sec	accuracy=0.908438
INFO:root:Epoch[34] Batch [300]	Speed: 3311.20 samples/sec	accuracy=0.912188
INFO:root:Epoch[34] Batch [350]	Speed: 3569.10 samples/sec	accuracy=0.903438
INFO:root:Epoch[34] Batch [400]	Speed: 2947.29 samples/sec	accuracy=0.910000
INFO:root:Epoch[34] Batch [450]	Speed: 3435.13 samples/sec	accuracy=0.899375
INFO:root:Epoch[34] Batch [500]	Speed: 3542.88 samples/sec	accuracy=0.908750
INFO:root:Epoch[34] Batch [550]	Speed: 3458.06 samples/sec	accuracy=0.897188
INFO:root:Epoch[34] Batch [600]	Speed: 3249.96 samples/sec	accuracy=0.905000
INFO:root:Epoch[34] Batch [650]	Speed: 3284.52 samples/sec	accuracy=0.909687
INFO:root:Epoch[34] Batch [700]	Speed: 3188.88 samples/sec	accuracy=0.911563
INFO:root:Epoch[34] Batch [750]	Speed: 3372.13 samples/sec	accuracy=0.909687
INFO:root:Epoch[34] Resetting Data Iterator
INFO:root:Epoch[34] Time cost=15.222
INFO:root:Saved checkpoint to "model/resnet-cifar10-20-0-0035.params"
INFO:root:Epoch[34] Validation-accuracy=0.833698
INFO:root:Epoch[35] Batch [50]	Speed: 3232.84 samples/sec	accuracy=0.899375
INFO:root:Epoch[35] Batch [100]	Speed: 3189.90 samples/sec	accuracy=0.920312
INFO:root:Epoch[35] Batch [150]	Speed: 3155.59 samples/sec	accuracy=0.903750
INFO:root:Epoch[35] Batch [200]	Speed: 3037.53 samples/sec	accuracy=0.911875
INFO:root:Epoch[35] Batch [250]	Speed: 3305.63 samples/sec	accuracy=0.905312
INFO:root:Epoch[35] Batch [300]	Speed: 3200.56 samples/sec	accuracy=0.912813
INFO:root:Epoch[35] Batch [350]	Speed: 3173.94 samples/sec	accuracy=0.910937
INFO:root:Epoch[35] Batch [400]	Speed: 3245.79 samples/sec	accuracy=0.901875
INFO:root:Epoch[35] Batch [450]	Speed: 3349.56 samples/sec	accuracy=0.916875
INFO:root:Epoch[35] Batch [500]	Speed: 3215.26 samples/sec	accuracy=0.907188
INFO:root:Epoch[35] Batch [550]	Speed: 3254.04 samples/sec	accuracy=0.910000
INFO:root:Epoch[35] Batch [600]	Speed: 3455.35 samples/sec	accuracy=0.917188
INFO:root:Epoch[35] Batch [650]	Speed: 3347.69 samples/sec	accuracy=0.904375
INFO:root:Epoch[35] Batch [700]	Speed: 3277.23 samples/sec	accuracy=0.908125
INFO:root:Epoch[35] Batch [750]	Speed: 3014.25 samples/sec	accuracy=0.914375
INFO:root:Epoch[35] Resetting Data Iterator
INFO:root:Epoch[35] Time cost=15.523
INFO:root:Saved checkpoint to "model/resnet-cifar10-20-0-0036.params"
INFO:root:Epoch[35] Validation-accuracy=0.841660
INFO:root:Epoch[36] Batch [50]	Speed: 3012.00 samples/sec	accuracy=0.903438
INFO:root:Epoch[36] Batch [100]	Speed: 3326.98 samples/sec	accuracy=0.903125
INFO:root:Epoch[36] Batch [150]	Speed: 3157.80 samples/sec	accuracy=0.910625
INFO:root:Epoch[36] Batch [200]	Speed: 3388.11 samples/sec	accuracy=0.901563
INFO:root:Epoch[36] Batch [250]	Speed: 3163.04 samples/sec	accuracy=0.900937
INFO:root:Epoch[36] Batch [300]	Speed: 3187.23 samples/sec	accuracy=0.916875
INFO:root:Epoch[36] Batch [350]	Speed: 3014.00 samples/sec	accuracy=0.907813
INFO:root:Epoch[36] Batch [400]	Speed: 3180.93 samples/sec	accuracy=0.916875
INFO:root:Epoch[36] Batch [450]	Speed: 3218.10 samples/sec	accuracy=0.907188
INFO:root:Epoch[36] Batch [500]	Speed: 2608.85 samples/sec	accuracy=0.896563
INFO:root:Epoch[36] Batch [550]	Speed: 2924.58 samples/sec	accuracy=0.900937
INFO:root:Epoch[36] Batch [600]	Speed: 3349.75 samples/sec	accuracy=0.910312
INFO:root:Epoch[36] Batch [650]	Speed: 3145.96 samples/sec	accuracy=0.909375
INFO:root:Epoch[36] Batch [700]	Speed: 3446.04 samples/sec	accuracy=0.922500
INFO:root:Epoch[36] Batch [750]	Speed: 3281.89 samples/sec	accuracy=0.917500
INFO:root:Epoch[36] Resetting Data Iterator
INFO:root:Epoch[36] Time cost=15.916
INFO:root:Saved checkpoint to "model/resnet-cifar10-20-0-0037.params"
INFO:root:Epoch[36] Validation-accuracy=0.839670
INFO:root:Epoch[37] Batch [50]	Speed: 3259.17 samples/sec	accuracy=0.905000
INFO:root:Epoch[37] Batch [100]	Speed: 3195.89 samples/sec	accuracy=0.907188
INFO:root:Epoch[37] Batch [150]	Speed: 3117.53 samples/sec	accuracy=0.901875
INFO:root:Epoch[37] Batch [200]	Speed: 3255.94 samples/sec	accuracy=0.906875
INFO:root:Epoch[37] Batch [250]	Speed: 3367.94 samples/sec	accuracy=0.912500
INFO:root:Epoch[37] Batch [300]	Speed: 3286.42 samples/sec	accuracy=0.910312
INFO:root:Epoch[37] Batch [350]	Speed: 2952.61 samples/sec	accuracy=0.909062
INFO:root:Epoch[37] Batch [400]	Speed: 3211.37 samples/sec	accuracy=0.904375
INFO:root:Epoch[37] Batch [450]	Speed: 3238.31 samples/sec	accuracy=0.917188
INFO:root:Epoch[37] Batch [500]	Speed: 3386.00 samples/sec	accuracy=0.904687
INFO:root:Epoch[37] Batch [550]	Speed: 3469.03 samples/sec	accuracy=0.908125
INFO:root:Epoch[37] Batch [600]	Speed: 3243.30 samples/sec	accuracy=0.908125
INFO:root:Epoch[37] Batch [650]	Speed: 3052.71 samples/sec	accuracy=0.904062
INFO:root:Epoch[37] Batch [700]	Speed: 2457.14 samples/sec	accuracy=0.906875
INFO:root:Epoch[37] Batch [750]	Speed: 3503.23 samples/sec	accuracy=0.916250
INFO:root:Epoch[37] Resetting Data Iterator
INFO:root:Epoch[37] Time cost=15.836
INFO:root:Saved checkpoint to "model/resnet-cifar10-20-0-0038.params"
INFO:root:Epoch[37] Validation-accuracy=0.842158
INFO:root:Epoch[38] Batch [50]	Speed: 3265.03 samples/sec	accuracy=0.911250
INFO:root:Epoch[38] Batch [100]	Speed: 3196.76 samples/sec	accuracy=0.910000
INFO:root:Epoch[38] Batch [150]	Speed: 3199.37 samples/sec	accuracy=0.921250
INFO:root:Epoch[38] Batch [200]	Speed: 3356.22 samples/sec	accuracy=0.906563
INFO:root:Epoch[38] Batch [250]	Speed: 3140.74 samples/sec	accuracy=0.909062
INFO:root:Epoch[38] Batch [300]	Speed: 2710.16 samples/sec	accuracy=0.908750
INFO:root:Epoch[38] Batch [350]	Speed: 2978.39 samples/sec	accuracy=0.907813
INFO:root:Epoch[38] Batch [400]	Speed: 2838.66 samples/sec	accuracy=0.907813
INFO:root:Epoch[38] Batch [450]	Speed: 2928.88 samples/sec	accuracy=0.909687
INFO:root:Epoch[38] Batch [500]	Speed: 3240.00 samples/sec	accuracy=0.907813
INFO:root:Epoch[38] Batch [550]	Speed: 3250.23 samples/sec	accuracy=0.909687
INFO:root:Epoch[38] Batch [600]	Speed: 3633.15 samples/sec	accuracy=0.922500
INFO:root:Epoch[38] Batch [650]	Speed: 3452.86 samples/sec	accuracy=0.910000
INFO:root:Epoch[38] Batch [700]	Speed: 3313.23 samples/sec	accuracy=0.904062
INFO:root:Epoch[38] Batch [750]	Speed: 3433.75 samples/sec	accuracy=0.911875
INFO:root:Epoch[38] Resetting Data Iterator
INFO:root:Epoch[38] Time cost=15.666
INFO:root:Saved checkpoint to "model/resnet-cifar10-20-0-0039.params"
INFO:root:Epoch[38] Validation-accuracy=0.846636
INFO:root:Epoch[39] Batch [50]	Speed: 2673.19 samples/sec	accuracy=0.908438
INFO:root:Epoch[39] Batch [100]	Speed: 3233.45 samples/sec	accuracy=0.920000
INFO:root:Epoch[39] Batch [150]	Speed: 3468.57 samples/sec	accuracy=0.905937
INFO:root:Epoch[39] Batch [200]	Speed: 3110.82 samples/sec	accuracy=0.908438
INFO:root:Epoch[39] Batch [250]	Speed: 3160.52 samples/sec	accuracy=0.914375
INFO:root:Epoch[39] Batch [300]	Speed: 3325.34 samples/sec	accuracy=0.916562
INFO:root:Epoch[39] Batch [350]	Speed: 3158.77 samples/sec	accuracy=0.900937
INFO:root:Epoch[39] Batch [400]	Speed: 3601.76 samples/sec	accuracy=0.921250
INFO:root:Epoch[39] Batch [450]	Speed: 3318.90 samples/sec	accuracy=0.907813
INFO:root:Epoch[39] Batch [500]	Speed: 2470.10 samples/sec	accuracy=0.904062
INFO:root:Epoch[39] Batch [550]	Speed: 3120.44 samples/sec	accuracy=0.901875
INFO:root:Epoch[39] Batch [600]	Speed: 3234.62 samples/sec	accuracy=0.899062
INFO:root:Epoch[39] Batch [650]	Speed: 2748.63 samples/sec	accuracy=0.904062
INFO:root:Epoch[39] Batch [700]	Speed: 2688.81 samples/sec	accuracy=0.903125
INFO:root:Epoch[39] Batch [750]	Speed: 3139.52 samples/sec	accuracy=0.913438
INFO:root:Epoch[39] Resetting Data Iterator
INFO:root:Epoch[39] Time cost=16.362
INFO:root:Saved checkpoint to "model/resnet-cifar10-20-0-0040.params"
INFO:root:Epoch[39] Validation-accuracy=0.838376
INFO:root:Epoch[40] Batch [50]	Speed: 3092.32 samples/sec	accuracy=0.899062
INFO:root:Epoch[40] Batch [100]	Speed: 2366.98 samples/sec	accuracy=0.917500
INFO:root:Epoch[40] Batch [150]	Speed: 3379.20 samples/sec	accuracy=0.913750
INFO:root:Epoch[40] Batch [200]	Speed: 3545.98 samples/sec	accuracy=0.908750
INFO:root:Epoch[40] Batch [250]	Speed: 3569.52 samples/sec	accuracy=0.914687
INFO:root:Epoch[40] Batch [300]	Speed: 3472.29 samples/sec	accuracy=0.911250
INFO:root:Epoch[40] Batch [350]	Speed: 3283.01 samples/sec	accuracy=0.900625
INFO:root:Epoch[40] Batch [400]	Speed: 3253.56 samples/sec	accuracy=0.909375
INFO:root:Epoch[40] Batch [450]	Speed: 2988.92 samples/sec	accuracy=0.904687
INFO:root:Epoch[40] Batch [500]	Speed: 3414.50 samples/sec	accuracy=0.916875
INFO:root:Epoch[40] Batch [550]	Speed: 3025.06 samples/sec	accuracy=0.913125
INFO:root:Epoch[40] Batch [600]	Speed: 3432.46 samples/sec	accuracy=0.912813
INFO:root:Epoch[40] Batch [650]	Speed: 3338.48 samples/sec	accuracy=0.901250
INFO:root:Epoch[40] Batch [700]	Speed: 3429.16 samples/sec	accuracy=0.910937
INFO:root:Epoch[40] Batch [750]	Speed: 3250.53 samples/sec	accuracy=0.911875
INFO:root:Epoch[40] Resetting Data Iterator
INFO:root:Epoch[40] Time cost=15.575
INFO:root:Saved checkpoint to "model/resnet-cifar10-20-0-0041.params"
INFO:root:Epoch[40] Validation-accuracy=0.855593
INFO:root:Epoch[41] Batch [50]	Speed: 3041.14 samples/sec	accuracy=0.916250
INFO:root:Epoch[41] Batch [100]	Speed: 3147.42 samples/sec	accuracy=0.915312
INFO:root:Epoch[41] Batch [150]	Speed: 3283.14 samples/sec	accuracy=0.908125
INFO:root:Epoch[41] Batch [200]	Speed: 3360.86 samples/sec	accuracy=0.914375
INFO:root:Epoch[41] Batch [250]	Speed: 3238.27 samples/sec	accuracy=0.908750
INFO:root:Epoch[41] Batch [300]	Speed: 3263.20 samples/sec	accuracy=0.916250
INFO:root:Epoch[41] Batch [350]	Speed: 3129.60 samples/sec	accuracy=0.904062
INFO:root:Epoch[41] Batch [400]	Speed: 3142.58 samples/sec	accuracy=0.909062
INFO:root:Epoch[41] Batch [450]	Speed: 3297.42 samples/sec	accuracy=0.919063
INFO:root:Epoch[41] Batch [500]	Speed: 2425.97 samples/sec	accuracy=0.914687
INFO:root:Epoch[41] Batch [550]	Speed: 2993.01 samples/sec	accuracy=0.910625
INFO:root:Epoch[41] Batch [600]	Speed: 3351.25 samples/sec	accuracy=0.909687
INFO:root:Epoch[41] Batch [650]	Speed: 3114.96 samples/sec	accuracy=0.915937
INFO:root:Epoch[41] Batch [700]	Speed: 3313.94 samples/sec	accuracy=0.915312
INFO:root:Epoch[41] Batch [750]	Speed: 3218.05 samples/sec	accuracy=0.910937
INFO:root:Epoch[41] Resetting Data Iterator
INFO:root:Epoch[41] Time cost=15.888
INFO:root:Saved checkpoint to "model/resnet-cifar10-20-0-0042.params"
INFO:root:Epoch[41] Validation-accuracy=0.835689
INFO:root:Epoch[42] Batch [50]	Speed: 2947.29 samples/sec	accuracy=0.910000
INFO:root:Epoch[42] Batch [100]	Speed: 3225.86 samples/sec	accuracy=0.914375
INFO:root:Epoch[42] Batch [150]	Speed: 3116.54 samples/sec	accuracy=0.909687
INFO:root:Epoch[42] Batch [200]	Speed: 3514.06 samples/sec	accuracy=0.913750
INFO:root:Epoch[42] Batch [250]	Speed: 3340.38 samples/sec	accuracy=0.921562
INFO:root:Epoch[42] Batch [300]	Speed: 2817.99 samples/sec	accuracy=0.915937
INFO:root:Epoch[42] Batch [350]	Speed: 3444.71 samples/sec	accuracy=0.914687
INFO:root:Epoch[42] Batch [400]	Speed: 3486.39 samples/sec	accuracy=0.912813
INFO:root:Epoch[42] Batch [450]	Speed: 3590.73 samples/sec	accuracy=0.907813
INFO:root:Epoch[42] Batch [500]	Speed: 2813.20 samples/sec	accuracy=0.911875
INFO:root:Epoch[42] Batch [550]	Speed: 3301.86 samples/sec	accuracy=0.907500
INFO:root:Epoch[42] Batch [600]	Speed: 3138.49 samples/sec	accuracy=0.910937
INFO:root:Epoch[42] Batch [650]	Speed: 3244.84 samples/sec	accuracy=0.911563
INFO:root:Epoch[42] Batch [700]	Speed: 3301.41 samples/sec	accuracy=0.915937
INFO:root:Epoch[42] Batch [750]	Speed: 3190.73 samples/sec	accuracy=0.910312
INFO:root:Epoch[42] Resetting Data Iterator
INFO:root:Epoch[42] Time cost=15.501
INFO:root:Saved checkpoint to "model/resnet-cifar10-20-0-0043.params"
INFO:root:Epoch[42] Validation-accuracy=0.852209
INFO:root:Epoch[43] Batch [50]	Speed: 2574.50 samples/sec	accuracy=0.907500
INFO:root:Epoch[43] Batch [100]	Speed: 3532.30 samples/sec	accuracy=0.922500
INFO:root:Epoch[43] Batch [150]	Speed: 3539.83 samples/sec	accuracy=0.915000
INFO:root:Epoch[43] Batch [200]	Speed: 3509.98 samples/sec	accuracy=0.915937
INFO:root:Epoch[43] Batch [250]	Speed: 2909.73 samples/sec	accuracy=0.915000
INFO:root:Epoch[43] Batch [300]	Speed: 3202.50 samples/sec	accuracy=0.909375
INFO:root:Epoch[43] Batch [350]	Speed: 3186.65 samples/sec	accuracy=0.917188
INFO:root:Epoch[43] Batch [400]	Speed: 3408.91 samples/sec	accuracy=0.922188
INFO:root:Epoch[43] Batch [450]	Speed: 3025.44 samples/sec	accuracy=0.919375
INFO:root:Epoch[43] Batch [500]	Speed: 3301.84 samples/sec	accuracy=0.912188
INFO:root:Epoch[43] Batch [550]	Speed: 3154.24 samples/sec	accuracy=0.914375
INFO:root:Epoch[43] Batch [600]	Speed: 3472.45 samples/sec	accuracy=0.912500
INFO:root:Epoch[43] Batch [650]	Speed: 3083.57 samples/sec	accuracy=0.915625
INFO:root:Epoch[43] Batch [700]	Speed: 3171.99 samples/sec	accuracy=0.913750
INFO:root:Epoch[43] Batch [750]	Speed: 3032.95 samples/sec	accuracy=0.917500
INFO:root:Epoch[43] Resetting Data Iterator
INFO:root:Epoch[43] Time cost=15.886
INFO:root:Saved checkpoint to "model/resnet-cifar10-20-0-0044.params"
INFO:root:Epoch[43] Validation-accuracy=0.846736
INFO:root:Epoch[44] Batch [50]	Speed: 3283.47 samples/sec	accuracy=0.907500
INFO:root:Epoch[44] Batch [100]	Speed: 3161.40 samples/sec	accuracy=0.913438
INFO:root:Epoch[44] Batch [150]	Speed: 3376.27 samples/sec	accuracy=0.920312
INFO:root:Epoch[44] Batch [200]	Speed: 3079.27 samples/sec	accuracy=0.913438
INFO:root:Epoch[44] Batch [250]	Speed: 3001.28 samples/sec	accuracy=0.914375
INFO:root:Epoch[44] Batch [300]	Speed: 3097.76 samples/sec	accuracy=0.917813
INFO:root:Epoch[44] Batch [350]	Speed: 3232.09 samples/sec	accuracy=0.910000
INFO:root:Epoch[44] Batch [400]	Speed: 2816.29 samples/sec	accuracy=0.913750
INFO:root:Epoch[44] Batch [450]	Speed: 3223.32 samples/sec	accuracy=0.903750
INFO:root:Epoch[44] Batch [500]	Speed: 3405.93 samples/sec	accuracy=0.920937
INFO:root:Epoch[44] Batch [550]	Speed: 3267.28 samples/sec	accuracy=0.915000
INFO:root:Epoch[44] Batch [600]	Speed: 3157.47 samples/sec	accuracy=0.912813
INFO:root:Epoch[44] Batch [650]	Speed: 3405.88 samples/sec	accuracy=0.909062
INFO:root:Epoch[44] Batch [700]	Speed: 3251.47 samples/sec	accuracy=0.911563
INFO:root:Epoch[44] Batch [750]	Speed: 3154.84 samples/sec	accuracy=0.898750
INFO:root:Epoch[44] Resetting Data Iterator
INFO:root:Epoch[44] Time cost=15.704
INFO:root:Saved checkpoint to "model/resnet-cifar10-20-0-0045.params"
INFO:root:Epoch[44] Validation-accuracy=0.835490
INFO:root:Epoch[45] Batch [50]	Speed: 2737.41 samples/sec	accuracy=0.907813
INFO:root:Epoch[45] Batch [100]	Speed: 3116.05 samples/sec	accuracy=0.914062
INFO:root:Epoch[45] Batch [150]	Speed: 2802.34 samples/sec	accuracy=0.916562
INFO:root:Epoch[45] Batch [200]	Speed: 3201.09 samples/sec	accuracy=0.910000
INFO:root:Epoch[45] Batch [250]	Speed: 3189.69 samples/sec	accuracy=0.914687
INFO:root:Epoch[45] Batch [300]	Speed: 3420.01 samples/sec	accuracy=0.901875
INFO:root:Epoch[45] Batch [350]	Speed: 3213.44 samples/sec	accuracy=0.907813
INFO:root:Epoch[45] Batch [400]	Speed: 3376.87 samples/sec	accuracy=0.913125
INFO:root:Epoch[45] Batch [450]	Speed: 2616.79 samples/sec	accuracy=0.912188
INFO:root:Epoch[45] Batch [500]	Speed: 3128.84 samples/sec	accuracy=0.913750
INFO:root:Epoch[45] Batch [550]	Speed: 3237.37 samples/sec	accuracy=0.927813
INFO:root:Epoch[45] Batch [600]	Speed: 3230.90 samples/sec	accuracy=0.912813
INFO:root:Epoch[45] Batch [650]	Speed: 3381.87 samples/sec	accuracy=0.904062
INFO:root:Epoch[45] Batch [700]	Speed: 3300.39 samples/sec	accuracy=0.921562
INFO:root:Epoch[45] Batch [750]	Speed: 3472.08 samples/sec	accuracy=0.921250
INFO:root:Epoch[45] Resetting Data Iterator
INFO:root:Epoch[45] Time cost=15.874
INFO:root:Saved checkpoint to "model/resnet-cifar10-20-0-0046.params"
INFO:root:Epoch[45] Validation-accuracy=0.848129
INFO:root:Epoch[46] Batch [50]	Speed: 3244.79 samples/sec	accuracy=0.913438
INFO:root:Epoch[46] Batch [100]	Speed: 2820.25 samples/sec	accuracy=0.919063
INFO:root:Epoch[46] Batch [150]	Speed: 3489.48 samples/sec	accuracy=0.909062
INFO:root:Epoch[46] Batch [200]	Speed: 3440.74 samples/sec	accuracy=0.909375
INFO:root:Epoch[46] Batch [250]	Speed: 3500.01 samples/sec	accuracy=0.904687
INFO:root:Epoch[46] Batch [300]	Speed: 3206.97 samples/sec	accuracy=0.915937
INFO:root:Epoch[46] Batch [350]	Speed: 3274.49 samples/sec	accuracy=0.911250
INFO:root:Epoch[46] Batch [400]	Speed: 2926.64 samples/sec	accuracy=0.916250
INFO:root:Epoch[46] Batch [450]	Speed: 3323.26 samples/sec	accuracy=0.913750
INFO:root:Epoch[46] Batch [500]	Speed: 3169.86 samples/sec	accuracy=0.911875
INFO:root:Epoch[46] Batch [550]	Speed: 3169.46 samples/sec	accuracy=0.906563
INFO:root:Epoch[46] Batch [600]	Speed: 3452.27 samples/sec	accuracy=0.928750
INFO:root:Epoch[46] Batch [650]	Speed: 3498.22 samples/sec	accuracy=0.916875
INFO:root:Epoch[46] Batch [700]	Speed: 3174.65 samples/sec	accuracy=0.902813
INFO:root:Epoch[46] Batch [750]	Speed: 3444.71 samples/sec	accuracy=0.905312
INFO:root:Epoch[46] Resetting Data Iterator
INFO:root:Epoch[46] Time cost=15.312
INFO:root:Saved checkpoint to "model/resnet-cifar10-20-0-0047.params"
INFO:root:Epoch[46] Validation-accuracy=0.841561
INFO:root:Epoch[47] Batch [50]	Speed: 3253.14 samples/sec	accuracy=0.908750
INFO:root:Epoch[47] Batch [100]	Speed: 2424.72 samples/sec	accuracy=0.908438
INFO:root:Epoch[47] Batch [150]	Speed: 3462.58 samples/sec	accuracy=0.913750
INFO:root:Epoch[47] Batch [200]	Speed: 3494.38 samples/sec	accuracy=0.910937
INFO:root:Epoch[47] Batch [250]	Speed: 3420.29 samples/sec	accuracy=0.917188
INFO:root:Epoch[47] Batch [300]	Speed: 3283.17 samples/sec	accuracy=0.924375
INFO:root:Epoch[47] Batch [350]	Speed: 3126.26 samples/sec	accuracy=0.908750
INFO:root:Epoch[47] Batch [400]	Speed: 3134.92 samples/sec	accuracy=0.918125
INFO:root:Epoch[47] Batch [450]	Speed: 3488.14 samples/sec	accuracy=0.919375
INFO:root:Epoch[47] Batch [500]	Speed: 3415.83 samples/sec	accuracy=0.918125
INFO:root:Epoch[47] Batch [550]	Speed: 3308.35 samples/sec	accuracy=0.922813
INFO:root:Epoch[47] Batch [600]	Speed: 3172.70 samples/sec	accuracy=0.912813
INFO:root:Epoch[47] Batch [650]	Speed: 2426.54 samples/sec	accuracy=0.916250
INFO:root:Epoch[47] Batch [700]	Speed: 3117.53 samples/sec	accuracy=0.909687
INFO:root:Epoch[47] Batch [750]	Speed: 3335.31 samples/sec	accuracy=0.920937
INFO:root:Epoch[47] Resetting Data Iterator
INFO:root:Epoch[47] Time cost=15.821
INFO:root:Saved checkpoint to "model/resnet-cifar10-20-0-0048.params"
INFO:root:Epoch[47] Validation-accuracy=0.833897
INFO:root:Epoch[48] Batch [50]	Speed: 3167.29 samples/sec	accuracy=0.902500
INFO:root:Epoch[48] Batch [100]	Speed: 3503.41 samples/sec	accuracy=0.919375
INFO:root:Epoch[48] Batch [150]	Speed: 3263.74 samples/sec	accuracy=0.914062
INFO:root:Epoch[48] Batch [200]	Speed: 3496.86 samples/sec	accuracy=0.918750
INFO:root:Epoch[48] Batch [250]	Speed: 3267.16 samples/sec	accuracy=0.919687
INFO:root:Epoch[48] Batch [300]	Speed: 3319.61 samples/sec	accuracy=0.917813
INFO:root:Epoch[48] Batch [350]	Speed: 2979.57 samples/sec	accuracy=0.915937
INFO:root:Epoch[48] Batch [400]	Speed: 3054.75 samples/sec	accuracy=0.914062
INFO:root:Epoch[48] Batch [450]	Speed: 2807.23 samples/sec	accuracy=0.917188
INFO:root:Epoch[48] Batch [500]	Speed: 2902.06 samples/sec	accuracy=0.915000
INFO:root:Epoch[48] Batch [550]	Speed: 3260.30 samples/sec	accuracy=0.925312
INFO:root:Epoch[48] Batch [600]	Speed: 3291.37 samples/sec	accuracy=0.912188
INFO:root:Epoch[48] Batch [650]	Speed: 3138.47 samples/sec	accuracy=0.921250
INFO:root:Epoch[48] Batch [700]	Speed: 3481.07 samples/sec	accuracy=0.925937
INFO:root:Epoch[48] Batch [750]	Speed: 3258.57 samples/sec	accuracy=0.921875
INFO:root:Epoch[48] Resetting Data Iterator
INFO:root:Epoch[48] Time cost=15.617
INFO:root:Saved checkpoint to "model/resnet-cifar10-20-0-0049.params"
INFO:root:Epoch[48] Validation-accuracy=0.852010
INFO:root:Epoch[49] Batch [50]	Speed: 2354.52 samples/sec	accuracy=0.909687
INFO:root:Epoch[49] Batch [100]	Speed: 3324.72 samples/sec	accuracy=0.915312
INFO:root:Epoch[49] Batch [150]	Speed: 3575.03 samples/sec	accuracy=0.917500
INFO:root:Epoch[49] Batch [200]	Speed: 3349.84 samples/sec	accuracy=0.907500
INFO:root:Epoch[49] Batch [250]	Speed: 3175.49 samples/sec	accuracy=0.909687
INFO:root:Epoch[49] Batch [300]	Speed: 3310.62 samples/sec	accuracy=0.910000
INFO:root:Epoch[49] Batch [350]	Speed: 3496.32 samples/sec	accuracy=0.908438
INFO:root:Epoch[49] Batch [400]	Speed: 3427.50 samples/sec	accuracy=0.917188
INFO:root:Epoch[49] Batch [450]	Speed: 2474.57 samples/sec	accuracy=0.924687
INFO:root:Epoch[49] Batch [500]	Speed: 3560.57 samples/sec	accuracy=0.905625
INFO:root:Epoch[49] Batch [550]	Speed: 3485.03 samples/sec	accuracy=0.918438
INFO:root:Epoch[49] Batch [600]	Speed: 3275.42 samples/sec	accuracy=0.913438
INFO:root:Epoch[49] Batch [650]	Speed: 3052.28 samples/sec	accuracy=0.910937
INFO:root:Epoch[49] Batch [700]	Speed: 3648.12 samples/sec	accuracy=0.913438
INFO:root:Epoch[49] Batch [750]	Speed: 3090.02 samples/sec	accuracy=0.916875
INFO:root:Epoch[49] Resetting Data Iterator
INFO:root:Epoch[49] Time cost=15.611
INFO:root:Saved checkpoint to "model/resnet-cifar10-20-0-0050.params"
INFO:root:Epoch[49] Validation-accuracy=0.829319
