usage: train_resnet.py [-h] [--gpus GPUS] [--num-gpus NUM_GPUS]
                       [--data-dir DATA_DIR] [--data-type DATA_TYPE]
                       [--list-dir LIST_DIR] [--lr LR] [--mom MOM]
                       [--bn-mom BN_MOM] [--wd WD] [--batch-size BATCH_SIZE]
                       [--workspace WORKSPACE] [--depth DEPTH]
                       [--num-classes NUM_CLASSES] [--aug-level {1,2,3}]
                       [--num-examples NUM_EXAMPLES] [--kv-store KV_STORE]
                       [--model-load-epoch MODEL_LOAD_EPOCH]
                       [--frequent FREQUENT] [--memonger] [--retrain]
                       [--global-bn]
train_resnet.py: error: unrecognized arguments: --nums-gpu=8
INFO:root:Namespace(aug_level=2, batch_size=64, bn_mom=0.9, data_dir='data/cifar10', data_type='cifar10', depth=20, frequent=50, global_bn=True, gpus='0,1,2,3,4,5,6,7', kv_store='local', list_dir='./', lr=0.1, memonger=False, model_load_epoch=0, mom=0.9, num_classes=1000, num_examples=50000, num_gpus='8', retrain=False, wd=0.0001, workspace=512)
[15:33:01] src/io/iter_image_recordio_2.cc:170: ImageRecordIOParser2: data/cifar10/train.rec, use 4 threads for decoding..
[15:33:03] src/io/iter_image_recordio_2.cc:170: ImageRecordIOParser2: data/cifar10/val.rec, use 4 threads for decoding..
train_resnet.py:124: DeprecationWarning: [91mmxnet.model.FeedForward has been deprecated. Please use mxnet.mod.Module instead.[0m
  multi_factor_scheduler(begin_epoch, epoch_size, step=[30, 60, 90], factor=0.1),
/home/tusimple/Hongbin/incubator-mxnet/python/mxnet/model.py:577: DeprecationWarning: [91mCalling initializer with init(str, NDArray) has been deprecated.please use init(mx.init.InitDesc(...), NDArray) instead.[0m
  self.initializer(k, v)
/home/tusimple/Hongbin/incubator-mxnet/python/mxnet/model.py:583: DeprecationWarning: [91mCalling initializer with init(str, NDArray) has been deprecated.please use init(mx.init.InitDesc(...), NDArray) instead.[0m
  self.initializer(k, v)
INFO:root:Start training with [gpu(0), gpu(1), gpu(2), gpu(3), gpu(4), gpu(5), gpu(6), gpu(7)]
[15:33:05] src/operator/nn/./cudnn/./cudnn_algoreg-inl.h:107: Running performance tests to find the best convolution algorithm, this can take a while... (setting env variable MXNET_CUDNN_AUTOTUNE_DEFAULT to 0 to disable)
INFO:root:Epoch[0] Batch [50]	Speed: 723.24 samples/sec	accuracy=0.218438
INFO:root:Epoch[0] Batch [100]	Speed: 1917.19 samples/sec	accuracy=0.306875
INFO:root:Epoch[0] Batch [150]	Speed: 1799.95 samples/sec	accuracy=0.376875
INFO:root:Epoch[0] Batch [200]	Speed: 1917.08 samples/sec	accuracy=0.417500
INFO:root:Epoch[0] Batch [250]	Speed: 1810.39 samples/sec	accuracy=0.443125
INFO:root:Epoch[0] Batch [300]	Speed: 1852.78 samples/sec	accuracy=0.460938
INFO:root:Epoch[0] Batch [350]	Speed: 2162.79 samples/sec	accuracy=0.503750
INFO:root:Epoch[0] Batch [400]	Speed: 2045.08 samples/sec	accuracy=0.517500
INFO:root:Epoch[0] Batch [450]	Speed: 2280.31 samples/sec	accuracy=0.527813
INFO:root:Epoch[0] Batch [500]	Speed: 1887.49 samples/sec	accuracy=0.566250
INFO:root:Epoch[0] Batch [550]	Speed: 1991.14 samples/sec	accuracy=0.555625
INFO:root:Epoch[0] Batch [600]	Speed: 1823.56 samples/sec	accuracy=0.566875
INFO:root:Epoch[0] Batch [650]	Speed: 2002.87 samples/sec	accuracy=0.600938
INFO:root:Epoch[0] Batch [700]	Speed: 2261.65 samples/sec	accuracy=0.611875
INFO:root:Epoch[0] Batch [750]	Speed: 2049.47 samples/sec	accuracy=0.623125
INFO:root:Epoch[0] Resetting Data Iterator
INFO:root:Epoch[0] Time cost=32.923
INFO:root:Saved checkpoint to "model/resnet-cifar10-20-0-0001.params"
INFO:root:Epoch[0] Validation-accuracy=0.611365
INFO:root:Epoch[1] Batch [50]	Speed: 1761.66 samples/sec	accuracy=0.627500
INFO:root:Epoch[1] Batch [100]	Speed: 1959.60 samples/sec	accuracy=0.626250
INFO:root:Epoch[1] Batch [150]	Speed: 2108.57 samples/sec	accuracy=0.631875
INFO:root:Epoch[1] Batch [200]	Speed: 2128.58 samples/sec	accuracy=0.645312
INFO:root:Epoch[1] Batch [250]	Speed: 1911.87 samples/sec	accuracy=0.658438
INFO:root:Epoch[1] Batch [300]	Speed: 2062.83 samples/sec	accuracy=0.677500
INFO:root:Epoch[1] Batch [350]	Speed: 2304.70 samples/sec	accuracy=0.676250
INFO:root:Epoch[1] Batch [400]	Speed: 1990.13 samples/sec	accuracy=0.666250
INFO:root:Epoch[1] Batch [450]	Speed: 1876.46 samples/sec	accuracy=0.679688
INFO:root:Epoch[1] Batch [500]	Speed: 2004.87 samples/sec	accuracy=0.701562
INFO:root:Epoch[1] Batch [550]	Speed: 1988.01 samples/sec	accuracy=0.694375
INFO:root:Epoch[1] Batch [600]	Speed: 1989.59 samples/sec	accuracy=0.685000
INFO:root:Epoch[1] Batch [650]	Speed: 2246.17 samples/sec	accuracy=0.695625
INFO:root:Epoch[1] Batch [700]	Speed: 2053.49 samples/sec	accuracy=0.711875
INFO:root:Epoch[1] Batch [750]	Speed: 2321.15 samples/sec	accuracy=0.708750
INFO:root:Epoch[1] Resetting Data Iterator
INFO:root:Epoch[1] Time cost=24.664
INFO:root:Saved checkpoint to "model/resnet-cifar10-20-0-0002.params"
INFO:root:Epoch[1] Validation-accuracy=0.685111
INFO:root:Epoch[2] Batch [50]	Speed: 2147.29 samples/sec	accuracy=0.709375
INFO:root:Epoch[2] Batch [100]	Speed: 2292.06 samples/sec	accuracy=0.726250
INFO:root:Epoch[2] Batch [150]	Speed: 2062.77 samples/sec	accuracy=0.715000
INFO:root:Epoch[2] Batch [200]	Speed: 2017.90 samples/sec	accuracy=0.725313
INFO:root:Epoch[2] Batch [250]	Speed: 2383.56 samples/sec	accuracy=0.737500
INFO:root:Epoch[2] Batch [300]	Speed: 2005.60 samples/sec	accuracy=0.740000
INFO:root:Epoch[2] Batch [350]	Speed: 2308.04 samples/sec	accuracy=0.753437
INFO:root:Epoch[2] Batch [400]	Speed: 2318.83 samples/sec	accuracy=0.747188
INFO:root:Epoch[2] Batch [450]	Speed: 2427.89 samples/sec	accuracy=0.742188
INFO:root:Epoch[2] Batch [500]	Speed: 2092.69 samples/sec	accuracy=0.751875
INFO:root:Epoch[2] Batch [550]	Speed: 2125.46 samples/sec	accuracy=0.749375
INFO:root:Epoch[2] Batch [600]	Speed: 2064.14 samples/sec	accuracy=0.750313
INFO:root:Epoch[2] Batch [650]	Speed: 2514.41 samples/sec	accuracy=0.749687
INFO:root:Epoch[2] Batch [700]	Speed: 2687.56 samples/sec	accuracy=0.758437
INFO:root:Epoch[2] Batch [750]	Speed: 2138.41 samples/sec	accuracy=0.770938
INFO:root:Epoch[2] Resetting Data Iterator
INFO:root:Epoch[2] Time cost=22.465
INFO:root:Saved checkpoint to "model/resnet-cifar10-20-0-0003.params"
INFO:root:Epoch[2] Validation-accuracy=0.736963
INFO:root:Epoch[3] Batch [50]	Speed: 2383.82 samples/sec	accuracy=0.765938
INFO:root:Epoch[3] Batch [100]	Speed: 2239.12 samples/sec	accuracy=0.764375
INFO:root:Epoch[3] Batch [150]	Speed: 2016.11 samples/sec	accuracy=0.776250
INFO:root:Epoch[3] Batch [200]	Speed: 2376.98 samples/sec	accuracy=0.770000
INFO:root:Epoch[3] Batch [250]	Speed: 2276.96 samples/sec	accuracy=0.766250
INFO:root:Epoch[3] Batch [300]	Speed: 1929.35 samples/sec	accuracy=0.787500
INFO:root:Epoch[3] Batch [350]	Speed: 2233.56 samples/sec	accuracy=0.783750
INFO:root:Epoch[3] Batch [400]	Speed: 1975.51 samples/sec	accuracy=0.780312
INFO:root:Epoch[3] Batch [450]	Speed: 2366.58 samples/sec	accuracy=0.774687
INFO:root:Epoch[3] Batch [500]	Speed: 2526.55 samples/sec	accuracy=0.783438
INFO:root:Epoch[3] Batch [550]	Speed: 2597.25 samples/sec	accuracy=0.778438
INFO:root:Epoch[3] Batch [600]	Speed: 2393.23 samples/sec	accuracy=0.785937
INFO:root:Epoch[3] Batch [650]	Speed: 1992.60 samples/sec	accuracy=0.787500
INFO:root:Epoch[3] Batch [700]	Speed: 1878.37 samples/sec	accuracy=0.793438
INFO:root:Epoch[3] Batch [750]	Speed: 2172.28 samples/sec	accuracy=0.785000
INFO:root:Epoch[3] Resetting Data Iterator
INFO:root:Epoch[3] Time cost=23.012
INFO:root:Saved checkpoint to "model/resnet-cifar10-20-0-0004.params"
INFO:root:Epoch[3] Validation-accuracy=0.756668
INFO:root:Epoch[4] Batch [50]	Speed: 2040.85 samples/sec	accuracy=0.793125
INFO:root:Epoch[4] Batch [100]	Speed: 1820.51 samples/sec	accuracy=0.797188
INFO:root:Epoch[4] Batch [150]	Speed: 2166.45 samples/sec	accuracy=0.803750
INFO:root:Epoch[4] Batch [200]	Speed: 1968.84 samples/sec	accuracy=0.781875
INFO:root:Epoch[4] Batch [250]	Speed: 2129.54 samples/sec	accuracy=0.796875
INFO:root:Epoch[4] Batch [300]	Speed: 2396.26 samples/sec	accuracy=0.818438
INFO:root:Epoch[4] Batch [350]	Speed: 1996.43 samples/sec	accuracy=0.792813
INFO:root:Epoch[4] Batch [400]	Speed: 2077.32 samples/sec	accuracy=0.795000
INFO:root:Epoch[4] Batch [450]	Speed: 2282.19 samples/sec	accuracy=0.798750
INFO:root:Epoch[4] Batch [500]	Speed: 1853.85 samples/sec	accuracy=0.809063
INFO:root:Epoch[4] Batch [550]	Speed: 2258.29 samples/sec	accuracy=0.811250
INFO:root:Epoch[4] Batch [600]	Speed: 1896.04 samples/sec	accuracy=0.801875
INFO:root:Epoch[4] Batch [650]	Speed: 1991.57 samples/sec	accuracy=0.800937
INFO:root:Epoch[4] Batch [700]	Speed: 2326.89 samples/sec	accuracy=0.811875
INFO:root:Epoch[4] Batch [750]	Speed: 2366.87 samples/sec	accuracy=0.802813
INFO:root:Epoch[4] Resetting Data Iterator
INFO:root:Epoch[4] Time cost=23.943
INFO:root:Saved checkpoint to "model/resnet-cifar10-20-0-0005.params"
INFO:root:Epoch[4] Validation-accuracy=0.770502
INFO:root:Epoch[5] Batch [50]	Speed: 1884.18 samples/sec	accuracy=0.809688
INFO:root:Epoch[5] Batch [100]	Speed: 1829.98 samples/sec	accuracy=0.820937
INFO:root:Epoch[5] Batch [150]	Speed: 2046.33 samples/sec	accuracy=0.810312
INFO:root:Epoch[5] Batch [200]	Speed: 2390.34 samples/sec	accuracy=0.814063
INFO:root:Epoch[5] Batch [250]	Speed: 2511.45 samples/sec	accuracy=0.821875
INFO:root:Epoch[5] Batch [300]	Speed: 2293.85 samples/sec	accuracy=0.819063
INFO:root:Epoch[5] Batch [350]	Speed: 2110.33 samples/sec	accuracy=0.812187
INFO:root:Epoch[5] Batch [400]	Speed: 2097.20 samples/sec	accuracy=0.817187
INFO:root:Epoch[5] Batch [450]	Speed: 2522.66 samples/sec	accuracy=0.805625
INFO:root:Epoch[5] Batch [500]	Speed: 2478.74 samples/sec	accuracy=0.825625
INFO:root:Epoch[5] Batch [550]	Speed: 2664.43 samples/sec	accuracy=0.821875
INFO:root:Epoch[5] Batch [600]	Speed: 2385.27 samples/sec	accuracy=0.825937
INFO:root:Epoch[5] Batch [650]	Speed: 2285.39 samples/sec	accuracy=0.823125
INFO:root:Epoch[5] Batch [700]	Speed: 2356.03 samples/sec	accuracy=0.836250
INFO:root:Epoch[5] Batch [750]	Speed: 2394.30 samples/sec	accuracy=0.818125
INFO:root:Epoch[5] Resetting Data Iterator
INFO:root:Epoch[5] Time cost=22.250
INFO:root:Saved checkpoint to "model/resnet-cifar10-20-0-0006.params"
INFO:root:Epoch[5] Validation-accuracy=0.791799
INFO:root:Epoch[6] Batch [50]	Speed: 2272.91 samples/sec	accuracy=0.813125
INFO:root:Epoch[6] Batch [100]	Speed: 2406.41 samples/sec	accuracy=0.823125
INFO:root:Epoch[6] Batch [150]	Speed: 2542.43 samples/sec	accuracy=0.822187
INFO:root:Epoch[6] Batch [200]	Speed: 2038.36 samples/sec	accuracy=0.825937
INFO:root:Epoch[6] Batch [250]	Speed: 2175.41 samples/sec	accuracy=0.835938
INFO:root:Epoch[6] Batch [300]	Speed: 2079.66 samples/sec	accuracy=0.833125
INFO:root:Epoch[6] Batch [350]	Speed: 1824.19 samples/sec	accuracy=0.818750
INFO:root:Epoch[6] Batch [400]	Speed: 1884.94 samples/sec	accuracy=0.829063
INFO:root:Epoch[6] Batch [450]	Speed: 2443.56 samples/sec	accuracy=0.823125
INFO:root:Epoch[6] Batch [500]	Speed: 2695.56 samples/sec	accuracy=0.833438
INFO:root:Epoch[6] Batch [550]	Speed: 2268.10 samples/sec	accuracy=0.830313
INFO:root:Epoch[6] Batch [600]	Speed: 2500.63 samples/sec	accuracy=0.838437
INFO:root:Epoch[6] Batch [650]	Speed: 2225.21 samples/sec	accuracy=0.848437
INFO:root:Epoch[6] Batch [700]	Speed: 2520.15 samples/sec	accuracy=0.834063
INFO:root:Epoch[6] Batch [750]	Speed: 2634.54 samples/sec	accuracy=0.831875
INFO:root:Epoch[6] Resetting Data Iterator
INFO:root:Epoch[6] Time cost=21.993
INFO:root:Saved checkpoint to "model/resnet-cifar10-20-0-0007.params"
INFO:root:Epoch[6] Validation-accuracy=0.803443
INFO:root:Epoch[7] Batch [50]	Speed: 2109.54 samples/sec	accuracy=0.819688
INFO:root:Epoch[7] Batch [100]	Speed: 2611.88 samples/sec	accuracy=0.844063
INFO:root:Epoch[7] Batch [150]	Speed: 2113.46 samples/sec	accuracy=0.838750
INFO:root:Epoch[7] Batch [200]	Speed: 2453.49 samples/sec	accuracy=0.849375
INFO:root:Epoch[7] Batch [250]	Speed: 2523.37 samples/sec	accuracy=0.833750
INFO:root:Epoch[7] Batch [300]	Speed: 1862.34 samples/sec	accuracy=0.847500
INFO:root:Epoch[7] Batch [350]	Speed: 1999.54 samples/sec	accuracy=0.834063
INFO:root:Epoch[7] Batch [400]	Speed: 2139.51 samples/sec	accuracy=0.832812
INFO:root:Epoch[7] Batch [450]	Speed: 1905.19 samples/sec	accuracy=0.843437
INFO:root:Epoch[7] Batch [500]	Speed: 1968.26 samples/sec	accuracy=0.846875
INFO:root:Epoch[7] Batch [550]	Speed: 2307.38 samples/sec	accuracy=0.858125
INFO:root:Epoch[7] Batch [600]	Speed: 2381.17 samples/sec	accuracy=0.841875
INFO:root:Epoch[7] Batch [650]	Speed: 2382.40 samples/sec	accuracy=0.838750
INFO:root:Epoch[7] Batch [700]	Speed: 2215.49 samples/sec	accuracy=0.836562
INFO:root:Epoch[7] Batch [750]	Speed: 2518.42 samples/sec	accuracy=0.836875
INFO:root:Epoch[7] Resetting Data Iterator
INFO:root:Epoch[7] Time cost=22.547
INFO:root:Saved checkpoint to "model/resnet-cifar10-20-0-0008.params"
INFO:root:Epoch[7] Validation-accuracy=0.806529
INFO:root:Epoch[8] Batch [50]	Speed: 2366.62 samples/sec	accuracy=0.842187
INFO:root:Epoch[8] Batch [100]	Speed: 2558.25 samples/sec	accuracy=0.843125
INFO:root:Epoch[8] Batch [150]	Speed: 2415.64 samples/sec	accuracy=0.845000
INFO:root:Epoch[8] Batch [200]	Speed: 2295.98 samples/sec	accuracy=0.835938
INFO:root:Epoch[8] Batch [250]	Speed: 2013.11 samples/sec	accuracy=0.844375
INFO:root:Epoch[8] Batch [300]	Speed: 2263.96 samples/sec	accuracy=0.847187
INFO:root:Epoch[8] Batch [350]	Speed: 2354.04 samples/sec	accuracy=0.848125
INFO:root:Epoch[8] Batch [400]	Speed: 2413.63 samples/sec	accuracy=0.848125
INFO:root:Epoch[8] Batch [450]	Speed: 2002.20 samples/sec	accuracy=0.854062
INFO:root:Epoch[8] Batch [500]	Speed: 1817.70 samples/sec	accuracy=0.855313
INFO:root:Epoch[8] Batch [550]	Speed: 1814.36 samples/sec	accuracy=0.851562
INFO:root:Epoch[8] Batch [600]	Speed: 2051.10 samples/sec	accuracy=0.851875
INFO:root:Epoch[8] Batch [650]	Speed: 1941.96 samples/sec	accuracy=0.854688
INFO:root:Epoch[8] Batch [700]	Speed: 2170.31 samples/sec	accuracy=0.851250
INFO:root:Epoch[8] Batch [750]	Speed: 2183.23 samples/sec	accuracy=0.855313
INFO:root:Epoch[8] Resetting Data Iterator
INFO:root:Epoch[8] Time cost=23.295
INFO:root:Saved checkpoint to "model/resnet-cifar10-20-0-0009.params"
INFO:root:Epoch[8] Validation-accuracy=0.809614
INFO:root:Epoch[9] Batch [50]	Speed: 2231.01 samples/sec	accuracy=0.845313
INFO:root:Epoch[9] Batch [100]	Speed: 2542.27 samples/sec	accuracy=0.848125
INFO:root:Epoch[9] Batch [150]	Speed: 2544.28 samples/sec	accuracy=0.856250
INFO:root:Epoch[9] Batch [200]	Speed: 2539.37 samples/sec	accuracy=0.863750
INFO:root:Epoch[9] Batch [250]	Speed: 2447.05 samples/sec	accuracy=0.849375
INFO:root:Epoch[9] Batch [300]	Speed: 2322.66 samples/sec	accuracy=0.861875
INFO:root:Epoch[9] Batch [350]	Speed: 2555.51 samples/sec	accuracy=0.846562
INFO:root:Epoch[9] Batch [400]	Speed: 2457.89 samples/sec	accuracy=0.859062
INFO:root:Epoch[9] Batch [450]	Speed: 2513.27 samples/sec	accuracy=0.852187
INFO:root:Epoch[9] Batch [500]	Speed: 2183.43 samples/sec	accuracy=0.855313
INFO:root:Epoch[9] Batch [550]	Speed: 2281.31 samples/sec	accuracy=0.861563
INFO:root:Epoch[9] Batch [600]	Speed: 2109.99 samples/sec	accuracy=0.858750
INFO:root:Epoch[9] Batch [650]	Speed: 2215.79 samples/sec	accuracy=0.856875
INFO:root:Epoch[9] Batch [700]	Speed: 2537.65 samples/sec	accuracy=0.858125
INFO:root:Epoch[9] Batch [750]	Speed: 2169.81 samples/sec	accuracy=0.858437
INFO:root:Epoch[9] Resetting Data Iterator
INFO:root:Epoch[9] Time cost=21.167
INFO:root:Saved checkpoint to "model/resnet-cifar10-20-0-0010.params"
INFO:root:Epoch[9] Validation-accuracy=0.815088
INFO:root:Epoch[10] Batch [50]	Speed: 2123.14 samples/sec	accuracy=0.851250
INFO:root:Epoch[10] Batch [100]	Speed: 1985.48 samples/sec	accuracy=0.867188
INFO:root:Epoch[10] Batch [150]	Speed: 2255.09 samples/sec	accuracy=0.861250
INFO:root:Epoch[10] Batch [200]	Speed: 2431.47 samples/sec	accuracy=0.853125
INFO:root:Epoch[10] Batch [250]	Speed: 2403.34 samples/sec	accuracy=0.858750
INFO:root:Epoch[10] Batch [300]	Speed: 2513.18 samples/sec	accuracy=0.857187
INFO:root:Epoch[10] Batch [350]	Speed: 2444.05 samples/sec	accuracy=0.857812
INFO:root:Epoch[10] Batch [400]	Speed: 2498.69 samples/sec	accuracy=0.858750
INFO:root:Epoch[10] Batch [450]	Speed: 2678.70 samples/sec	accuracy=0.859688
INFO:root:Epoch[10] Batch [500]	Speed: 2367.68 samples/sec	accuracy=0.858750
INFO:root:Epoch[10] Batch [550]	Speed: 2292.36 samples/sec	accuracy=0.869062
INFO:root:Epoch[10] Batch [600]	Speed: 2477.32 samples/sec	accuracy=0.857500
INFO:root:Epoch[10] Batch [650]	Speed: 2441.76 samples/sec	accuracy=0.852812
INFO:root:Epoch[10] Batch [700]	Speed: 2366.07 samples/sec	accuracy=0.863437
INFO:root:Epoch[10] Batch [750]	Speed: 2408.35 samples/sec	accuracy=0.868125
INFO:root:Epoch[10] Resetting Data Iterator
INFO:root:Epoch[10] Time cost=21.169
INFO:root:Saved checkpoint to "model/resnet-cifar10-20-0-0011.params"
INFO:root:Epoch[10] Validation-accuracy=0.818670
INFO:root:Epoch[11] Batch [50]	Speed: 1979.27 samples/sec	accuracy=0.859062
INFO:root:Epoch[11] Batch [100]	Speed: 2284.07 samples/sec	accuracy=0.867188
INFO:root:Epoch[11] Batch [150]	Speed: 2191.39 samples/sec	accuracy=0.859375
INFO:root:Epoch[11] Batch [200]	Speed: 2051.94 samples/sec	accuracy=0.854688
INFO:root:Epoch[11] Batch [250]	Speed: 2207.86 samples/sec	accuracy=0.871250
INFO:root:Epoch[11] Batch [300]	Speed: 2503.14 samples/sec	accuracy=0.879062
INFO:root:Epoch[11] Batch [350]	Speed: 2377.21 samples/sec	accuracy=0.855938
INFO:root:Epoch[11] Batch [400]	Speed: 2716.70 samples/sec	accuracy=0.855625
INFO:root:Epoch[11] Batch [450]	Speed: 2706.28 samples/sec	accuracy=0.865938
INFO:root:Epoch[11] Batch [500]	Speed: 2293.72 samples/sec	accuracy=0.870938
INFO:root:Epoch[11] Batch [550]	Speed: 2459.60 samples/sec	accuracy=0.867812
INFO:root:Epoch[11] Batch [600]	Speed: 2213.03 samples/sec	accuracy=0.870313
INFO:root:Epoch[11] Batch [650]	Speed: 2200.78 samples/sec	accuracy=0.861250
INFO:root:Epoch[11] Batch [700]	Speed: 2523.01 samples/sec	accuracy=0.876250
INFO:root:Epoch[11] Batch [750]	Speed: 2058.04 samples/sec	accuracy=0.862187
INFO:root:Epoch[11] Resetting Data Iterator
INFO:root:Epoch[11] Time cost=21.909
INFO:root:Saved checkpoint to "model/resnet-cifar10-20-0-0012.params"
INFO:root:Epoch[11] Validation-accuracy=0.823547
INFO:root:Epoch[12] Batch [50]	Speed: 2517.78 samples/sec	accuracy=0.855313
INFO:root:Epoch[12] Batch [100]	Speed: 2532.32 samples/sec	accuracy=0.878125
INFO:root:Epoch[12] Batch [150]	Speed: 2347.48 samples/sec	accuracy=0.867188
INFO:root:Epoch[12] Batch [200]	Speed: 2732.30 samples/sec	accuracy=0.870313
INFO:root:Epoch[12] Batch [250]	Speed: 2058.89 samples/sec	accuracy=0.881250
INFO:root:Epoch[12] Batch [300]	Speed: 1993.90 samples/sec	accuracy=0.877188
INFO:root:Epoch[12] Batch [350]	Speed: 2030.64 samples/sec	accuracy=0.871563
INFO:root:Epoch[12] Batch [400]	Speed: 2454.53 samples/sec	accuracy=0.863750
INFO:root:Epoch[12] Batch [450]	Speed: 2582.84 samples/sec	accuracy=0.865625
INFO:root:Epoch[12] Batch [500]	Speed: 2410.16 samples/sec	accuracy=0.868750
INFO:root:Epoch[12] Batch [550]	Speed: 2426.90 samples/sec	accuracy=0.869375
INFO:root:Epoch[12] Batch [600]	Speed: 1996.79 samples/sec	accuracy=0.876875
INFO:root:Epoch[12] Batch [650]	Speed: 2022.59 samples/sec	accuracy=0.871563
INFO:root:Epoch[12] Batch [700]	Speed: 2399.16 samples/sec	accuracy=0.870938
INFO:root:Epoch[12] Batch [750]	Speed: 2204.05 samples/sec	accuracy=0.867812
INFO:root:Epoch[12] Resetting Data Iterator
INFO:root:Epoch[12] Time cost=22.149
INFO:root:Saved checkpoint to "model/resnet-cifar10-20-0-0013.params"
INFO:root:Epoch[12] Validation-accuracy=0.790605
INFO:root:Epoch[13] Batch [50]	Speed: 2218.84 samples/sec	accuracy=0.872188
INFO:root:Epoch[13] Batch [100]	Speed: 2235.58 samples/sec	accuracy=0.859688
INFO:root:Epoch[13] Batch [150]	Speed: 2188.47 samples/sec	accuracy=0.872812
INFO:root:Epoch[13] Batch [200]	Speed: 2306.20 samples/sec	accuracy=0.871250
INFO:root:Epoch[13] Batch [250]	Speed: 2327.48 samples/sec	accuracy=0.873750
INFO:root:Epoch[13] Batch [300]	Speed: 1979.06 samples/sec	accuracy=0.882500
INFO:root:Epoch[13] Batch [350]	Speed: 2109.18 samples/sec	accuracy=0.865938
INFO:root:Epoch[13] Batch [400]	Speed: 2164.25 samples/sec	accuracy=0.874062
INFO:root:Epoch[13] Batch [450]	Speed: 2034.25 samples/sec	accuracy=0.863750
INFO:root:Epoch[13] Batch [500]	Speed: 1946.21 samples/sec	accuracy=0.870000
INFO:root:Epoch[13] Batch [550]	Speed: 2402.87 samples/sec	accuracy=0.868750
INFO:root:Epoch[13] Batch [600]	Speed: 2128.62 samples/sec	accuracy=0.880313
INFO:root:Epoch[13] Batch [650]	Speed: 2384.61 samples/sec	accuracy=0.872188
INFO:root:Epoch[13] Batch [700]	Speed: 2450.77 samples/sec	accuracy=0.881250
INFO:root:Epoch[13] Batch [750]	Speed: 2440.94 samples/sec	accuracy=0.870000
INFO:root:Epoch[13] Resetting Data Iterator
INFO:root:Epoch[13] Time cost=22.671
INFO:root:Saved checkpoint to "model/resnet-cifar10-20-0-0014.params"
INFO:root:Epoch[13] Validation-accuracy=0.825139
INFO:root:Epoch[14] Batch [50]	Speed: 1644.68 samples/sec	accuracy=0.872812
INFO:root:Epoch[14] Batch [100]	Speed: 1932.16 samples/sec	accuracy=0.876875
INFO:root:Epoch[14] Batch [150]	Speed: 2297.19 samples/sec	accuracy=0.882812
INFO:root:Epoch[14] Batch [200]	Speed: 2130.45 samples/sec	accuracy=0.875625
INFO:root:Epoch[14] Batch [250]	Speed: 2146.95 samples/sec	accuracy=0.888750
INFO:root:Epoch[14] Batch [300]	Speed: 2118.40 samples/sec	accuracy=0.880313
INFO:root:Epoch[14] Batch [350]	Speed: 2246.02 samples/sec	accuracy=0.863750
INFO:root:Epoch[14] Batch [400]	Speed: 1998.23 samples/sec	accuracy=0.878125
INFO:root:Epoch[14] Batch [450]	Speed: 2295.89 samples/sec	accuracy=0.878437
INFO:root:Epoch[14] Batch [500]	Speed: 2299.07 samples/sec	accuracy=0.889375
INFO:root:Epoch[14] Batch [550]	Speed: 2400.60 samples/sec	accuracy=0.876875
INFO:root:Epoch[14] Batch [600]	Speed: 2319.70 samples/sec	accuracy=0.877812
INFO:root:Epoch[14] Batch [650]	Speed: 2168.34 samples/sec	accuracy=0.872812
INFO:root:Epoch[14] Batch [700]	Speed: 2005.68 samples/sec	accuracy=0.877188
INFO:root:Epoch[14] Batch [750]	Speed: 1973.06 samples/sec	accuracy=0.887188
INFO:root:Epoch[14] Resetting Data Iterator
INFO:root:Epoch[14] Time cost=23.752
INFO:root:Saved checkpoint to "model/resnet-cifar10-20-0-0015.params"
INFO:root:Epoch[14] Validation-accuracy=0.838475
INFO:root:Epoch[15] Batch [50]	Speed: 2105.45 samples/sec	accuracy=0.870938
INFO:root:Epoch[15] Batch [100]	Speed: 2084.39 samples/sec	accuracy=0.884062
INFO:root:Epoch[15] Batch [150]	Speed: 2068.99 samples/sec	accuracy=0.880313
INFO:root:Epoch[15] Batch [200]	Speed: 1922.13 samples/sec	accuracy=0.886250
INFO:root:Epoch[15] Batch [250]	Speed: 2149.33 samples/sec	accuracy=0.873437
INFO:root:Epoch[15] Batch [300]	Speed: 2236.65 samples/sec	accuracy=0.884375
INFO:root:Epoch[15] Batch [350]	Speed: 2421.15 samples/sec	accuracy=0.866563
INFO:root:Epoch[15] Batch [400]	Speed: 2135.00 samples/sec	accuracy=0.877188
INFO:root:Epoch[15] Batch [450]	Speed: 2503.26 samples/sec	accuracy=0.882188
INFO:root:Epoch[15] Batch [500]	Speed: 2262.94 samples/sec	accuracy=0.891250
INFO:root:Epoch[15] Batch [550]	Speed: 2418.32 samples/sec	accuracy=0.886250
INFO:root:Epoch[15] Batch [600]	Speed: 2438.14 samples/sec	accuracy=0.887813
INFO:root:Epoch[15] Batch [650]	Speed: 2350.63 samples/sec	accuracy=0.878750
INFO:root:Epoch[15] Batch [700]	Speed: 1989.32 samples/sec	accuracy=0.883437
INFO:root:Epoch[15] Batch [750]	Speed: 2420.05 samples/sec	accuracy=0.881250
INFO:root:Epoch[15] Resetting Data Iterator
INFO:root:Epoch[15] Time cost=22.656
INFO:root:Saved checkpoint to "model/resnet-cifar10-20-0-0016.params"
INFO:root:Epoch[15] Validation-accuracy=0.840864
INFO:root:Epoch[16] Batch [50]	Speed: 2099.22 samples/sec	accuracy=0.875625
INFO:root:Epoch[16] Batch [100]	Speed: 1892.20 samples/sec	accuracy=0.883437
INFO:root:Epoch[16] Batch [150]	Speed: 2320.00 samples/sec	accuracy=0.875313
INFO:root:Epoch[16] Batch [200]	Speed: 2528.00 samples/sec	accuracy=0.883125
INFO:root:Epoch[16] Batch [250]	Speed: 2186.22 samples/sec	accuracy=0.884062
INFO:root:Epoch[16] Batch [300]	Speed: 2554.91 samples/sec	accuracy=0.881250
INFO:root:Epoch[16] Batch [350]	Speed: 2214.27 samples/sec	accuracy=0.875625
INFO:root:Epoch[16] Batch [400]	Speed: 2195.23 samples/sec	accuracy=0.892813
INFO:root:Epoch[16] Batch [450]	Speed: 2294.92 samples/sec	accuracy=0.877500
INFO:root:Epoch[16] Batch [500]	Speed: 2517.37 samples/sec	accuracy=0.887813
INFO:root:Epoch[16] Batch [550]	Speed: 2489.65 samples/sec	accuracy=0.890625
INFO:root:Epoch[16] Batch [600]	Speed: 2512.84 samples/sec	accuracy=0.890625
INFO:root:Epoch[16] Batch [650]	Speed: 2114.89 samples/sec	accuracy=0.887188
INFO:root:Epoch[16] Batch [700]	Speed: 2230.19 samples/sec	accuracy=0.879687
INFO:root:Epoch[16] Batch [750]	Speed: 2122.78 samples/sec	accuracy=0.882812
INFO:root:Epoch[16] Resetting Data Iterator
INFO:root:Epoch[16] Time cost=22.059
INFO:root:Saved checkpoint to "model/resnet-cifar10-20-0-0017.params"
INFO:root:Epoch[16] Validation-accuracy=0.835291
INFO:root:Epoch[17] Batch [50]	Speed: 2043.43 samples/sec	accuracy=0.878125
INFO:root:Epoch[17] Batch [100]	Speed: 1767.24 samples/sec	accuracy=0.885312
INFO:root:Epoch[17] Batch [150]	Speed: 2286.63 samples/sec	accuracy=0.891563
INFO:root:Epoch[17] Batch [200]	Speed: 2284.87 samples/sec	accuracy=0.887188
INFO:root:Epoch[17] Batch [250]	Speed: 2014.34 samples/sec	accuracy=0.893437
INFO:root:Epoch[17] Batch [300]	Speed: 2187.18 samples/sec	accuracy=0.883125
INFO:root:Epoch[17] Batch [350]	Speed: 2232.13 samples/sec	accuracy=0.872188
INFO:root:Epoch[17] Batch [400]	Speed: 2113.34 samples/sec	accuracy=0.885312
INFO:root:Epoch[17] Batch [450]	Speed: 2112.86 samples/sec	accuracy=0.885938
INFO:root:Epoch[17] Batch [500]	Speed: 2184.24 samples/sec	accuracy=0.891875
INFO:root:Epoch[17] Batch [550]	Speed: 1843.02 samples/sec	accuracy=0.885938
INFO:root:Epoch[17] Batch [600]	Speed: 1979.28 samples/sec	accuracy=0.887500
INFO:root:Epoch[17] Batch [650]	Speed: 1970.79 samples/sec	accuracy=0.883750
INFO:root:Epoch[17] Batch [700]	Speed: 2162.47 samples/sec	accuracy=0.893437
INFO:root:Epoch[17] Batch [750]	Speed: 2027.47 samples/sec	accuracy=0.884687
INFO:root:Epoch[17] Resetting Data Iterator
INFO:root:Epoch[17] Time cost=24.116
INFO:root:Saved checkpoint to "model/resnet-cifar10-20-0-0018.params"
INFO:root:Epoch[17] Validation-accuracy=0.820362
INFO:root:Epoch[18] Batch [50]	Speed: 2224.64 samples/sec	accuracy=0.894062
INFO:root:Epoch[18] Batch [100]	Speed: 2293.25 samples/sec	accuracy=0.890000
INFO:root:Epoch[18] Batch [150]	Speed: 2151.44 samples/sec	accuracy=0.882812
INFO:root:Epoch[18] Batch [200]	Speed: 2216.46 samples/sec	accuracy=0.893437
INFO:root:Epoch[18] Batch [250]	Speed: 2443.83 samples/sec	accuracy=0.888125
INFO:root:Epoch[18] Batch [300]	Speed: 2185.94 samples/sec	accuracy=0.894062
INFO:root:Epoch[18] Batch [350]	Speed: 2078.91 samples/sec	accuracy=0.872188
INFO:root:Epoch[18] Batch [400]	Speed: 2467.19 samples/sec	accuracy=0.885000
INFO:root:Epoch[18] Batch [450]	Speed: 2505.42 samples/sec	accuracy=0.889375
INFO:root:Epoch[18] Batch [500]	Speed: 2380.80 samples/sec	accuracy=0.891875
INFO:root:Epoch[18] Batch [550]	Speed: 2112.51 samples/sec	accuracy=0.902188
INFO:root:Epoch[18] Batch [600]	Speed: 2266.78 samples/sec	accuracy=0.891875
INFO:root:Epoch[18] Batch [650]	Speed: 2129.68 samples/sec	accuracy=0.884062
INFO:root:Epoch[18] Batch [700]	Speed: 1989.96 samples/sec	accuracy=0.877500
INFO:root:Epoch[18] Batch [750]	Speed: 1819.73 samples/sec	accuracy=0.886563
INFO:root:Epoch[18] Resetting Data Iterator
INFO:root:Epoch[18] Time cost=22.862
INFO:root:Saved checkpoint to "model/resnet-cifar10-20-0-0019.params"
INFO:root:Epoch[18] Validation-accuracy=0.824841
INFO:root:Epoch[19] Batch [50]	Speed: 1905.54 samples/sec	accuracy=0.878750
INFO:root:Epoch[19] Batch [100]	Speed: 2144.74 samples/sec	accuracy=0.898438
INFO:root:Epoch[19] Batch [150]	Speed: 2252.47 samples/sec	accuracy=0.878437
INFO:root:Epoch[19] Batch [200]	Speed: 2383.58 samples/sec	accuracy=0.890625
INFO:root:Epoch[19] Batch [250]	Speed: 2685.66 samples/sec	accuracy=0.890000
INFO:root:Epoch[19] Batch [300]	Speed: 1815.59 samples/sec	accuracy=0.907500
INFO:root:Epoch[19] Batch [350]	Speed: 2192.62 samples/sec	accuracy=0.881563
INFO:root:Epoch[19] Batch [400]	Speed: 2157.49 samples/sec	accuracy=0.893437
INFO:root:Epoch[19] Batch [450]	Speed: 2005.25 samples/sec	accuracy=0.882812
INFO:root:Epoch[19] Batch [500]	Speed: 2042.62 samples/sec	accuracy=0.890938
INFO:root:Epoch[19] Batch [550]	Speed: 2231.55 samples/sec	accuracy=0.898125
INFO:root:Epoch[19] Batch [600]	Speed: 2039.99 samples/sec	accuracy=0.870313
INFO:root:Epoch[19] Batch [650]	Speed: 2063.07 samples/sec	accuracy=0.893125
INFO:root:Epoch[19] Batch [700]	Speed: 1897.46 samples/sec	accuracy=0.887188
INFO:root:Epoch[19] Batch [750]	Speed: 2501.42 samples/sec	accuracy=0.889687
INFO:root:Epoch[19] Resetting Data Iterator
INFO:root:Epoch[19] Time cost=23.286
INFO:root:Saved checkpoint to "model/resnet-cifar10-20-0-0020.params"
INFO:root:Epoch[19] Validation-accuracy=0.821855
INFO:root:Epoch[20] Batch [50]	Speed: 2326.99 samples/sec	accuracy=0.879062
INFO:root:Epoch[20] Batch [100]	Speed: 2472.28 samples/sec	accuracy=0.900937
INFO:root:Epoch[20] Batch [150]	Speed: 2461.29 samples/sec	accuracy=0.897813
INFO:root:Epoch[20] Batch [200]	Speed: 2508.58 samples/sec	accuracy=0.887813
INFO:root:Epoch[20] Batch [250]	Speed: 2132.64 samples/sec	accuracy=0.897188
INFO:root:Epoch[20] Batch [300]	Speed: 1943.39 samples/sec	accuracy=0.888437
INFO:root:Epoch[20] Batch [350]	Speed: 1851.16 samples/sec	accuracy=0.896563
INFO:root:Epoch[20] Batch [400]	Speed: 1870.10 samples/sec	accuracy=0.896563
INFO:root:Epoch[20] Batch [450]	Speed: 2237.97 samples/sec	accuracy=0.896875
INFO:root:Epoch[20] Batch [500]	Speed: 2186.38 samples/sec	accuracy=0.888437
INFO:root:Epoch[20] Batch [550]	Speed: 2155.43 samples/sec	accuracy=0.897813
INFO:root:Epoch[20] Batch [600]	Speed: 2203.97 samples/sec	accuracy=0.884062
INFO:root:Epoch[20] Batch [650]	Speed: 2142.70 samples/sec	accuracy=0.896563
INFO:root:Epoch[20] Batch [700]	Speed: 2402.88 samples/sec	accuracy=0.887813
INFO:root:Epoch[20] Batch [750]	Speed: 2308.65 samples/sec	accuracy=0.892500
INFO:root:Epoch[20] Resetting Data Iterator
INFO:root:Epoch[20] Time cost=22.708
INFO:root:Saved checkpoint to "model/resnet-cifar10-20-0-0021.params"
INFO:root:Epoch[20] Validation-accuracy=0.842357
INFO:root:Epoch[21] Batch [50]	Speed: 2129.28 samples/sec	accuracy=0.890312
INFO:root:Epoch[21] Batch [100]	Speed: 1794.33 samples/sec	accuracy=0.887813
INFO:root:Epoch[21] Batch [150]	Speed: 2103.63 samples/sec	accuracy=0.897813
INFO:root:Epoch[21] Batch [200]	Speed: 1992.86 samples/sec	accuracy=0.892188
INFO:root:Epoch[21] Batch [250]	Speed: 1906.80 samples/sec	accuracy=0.893125
INFO:root:Epoch[21] Batch [300]	Speed: 2087.18 samples/sec	accuracy=0.900000
INFO:root:Epoch[21] Batch [350]	Speed: 1731.57 samples/sec	accuracy=0.897188
INFO:root:Epoch[21] Batch [400]	Speed: 1951.47 samples/sec	accuracy=0.898750
INFO:root:Epoch[21] Batch [450]	Speed: 2183.43 samples/sec	accuracy=0.884687
INFO:root:Epoch[21] Batch [500]	Speed: 2304.44 samples/sec	accuracy=0.893437
INFO:root:Epoch[21] Batch [550]	Speed: 2562.28 samples/sec	accuracy=0.894062
INFO:root:Epoch[21] Batch [600]	Speed: 2051.44 samples/sec	accuracy=0.884062
INFO:root:Epoch[21] Batch [650]	Speed: 1984.14 samples/sec	accuracy=0.895000
INFO:root:Epoch[21] Batch [700]	Speed: 1989.28 samples/sec	accuracy=0.900312
INFO:root:Epoch[21] Batch [750]	Speed: 2288.72 samples/sec	accuracy=0.893437
INFO:root:Epoch[21] Resetting Data Iterator
INFO:root:Epoch[21] Time cost=24.222
INFO:root:Saved checkpoint to "model/resnet-cifar10-20-0-0022.params"
INFO:root:Epoch[21] Validation-accuracy=0.842954
INFO:root:Epoch[22] Batch [50]	Speed: 1989.52 samples/sec	accuracy=0.890625
INFO:root:Epoch[22] Batch [100]	Speed: 1744.55 samples/sec	accuracy=0.900000
INFO:root:Epoch[22] Batch [150]	Speed: 2144.12 samples/sec	accuracy=0.895000
INFO:root:Epoch[22] Batch [200]	Speed: 2113.27 samples/sec	accuracy=0.899687
INFO:root:Epoch[22] Batch [250]	Speed: 2255.45 samples/sec	accuracy=0.888750
INFO:root:Epoch[22] Batch [300]	Speed: 2187.62 samples/sec	accuracy=0.886250
INFO:root:Epoch[22] Batch [350]	Speed: 2004.66 samples/sec	accuracy=0.889062
INFO:root:Epoch[22] Batch [400]	Speed: 1958.01 samples/sec	accuracy=0.886563
INFO:root:Epoch[22] Batch [450]	Speed: 2081.33 samples/sec	accuracy=0.894062
INFO:root:Epoch[22] Batch [500]	Speed: 1950.35 samples/sec	accuracy=0.896563
INFO:root:Epoch[22] Batch [550]	Speed: 1849.03 samples/sec	accuracy=0.902813
INFO:root:Epoch[22] Batch [600]	Speed: 1871.43 samples/sec	accuracy=0.896563
INFO:root:Epoch[22] Batch [650]	Speed: 2101.38 samples/sec	accuracy=0.887813
INFO:root:Epoch[22] Batch [700]	Speed: 2236.01 samples/sec	accuracy=0.894687
INFO:root:Epoch[22] Batch [750]	Speed: 2032.80 samples/sec	accuracy=0.897813
INFO:root:Epoch[22] Resetting Data Iterator
INFO:root:Epoch[22] Time cost=24.739
INFO:root:Saved checkpoint to "model/resnet-cifar10-20-0-0023.params"
INFO:root:Epoch[22] Validation-accuracy=0.831111
INFO:root:Epoch[23] Batch [50]	Speed: 2187.53 samples/sec	accuracy=0.894687
INFO:root:Epoch[23] Batch [100]	Speed: 2023.66 samples/sec	accuracy=0.892813
INFO:root:Epoch[23] Batch [150]	Speed: 2006.26 samples/sec	accuracy=0.901250
INFO:root:Epoch[23] Batch [200]	Speed: 1992.22 samples/sec	accuracy=0.882812
INFO:root:Epoch[23] Batch [250]	Speed: 1701.21 samples/sec	accuracy=0.906875
INFO:root:Epoch[23] Batch [300]	Speed: 2281.33 samples/sec	accuracy=0.904687
INFO:root:Epoch[23] Batch [350]	Speed: 2259.20 samples/sec	accuracy=0.890625
INFO:root:Epoch[23] Batch [400]	Speed: 1900.09 samples/sec	accuracy=0.903438
INFO:root:Epoch[23] Batch [450]	Speed: 2302.36 samples/sec	accuracy=0.902813
INFO:root:Epoch[23] Batch [500]	Speed: 2039.29 samples/sec	accuracy=0.900625
INFO:root:Epoch[23] Batch [550]	Speed: 1898.65 samples/sec	accuracy=0.896250
INFO:root:Epoch[23] Batch [600]	Speed: 2069.14 samples/sec	accuracy=0.892500
INFO:root:Epoch[23] Batch [650]	Speed: 2031.20 samples/sec	accuracy=0.894687
INFO:root:Epoch[23] Batch [700]	Speed: 2031.75 samples/sec	accuracy=0.898125
INFO:root:Epoch[23] Batch [750]	Speed: 1886.27 samples/sec	accuracy=0.891875
INFO:root:Epoch[23] Resetting Data Iterator
INFO:root:Epoch[23] Time cost=24.777
INFO:root:Saved checkpoint to "model/resnet-cifar10-20-0-0024.params"
INFO:root:Epoch[23] Validation-accuracy=0.762739
INFO:root:Epoch[24] Batch [50]	Speed: 1988.62 samples/sec	accuracy=0.883125
INFO:root:Epoch[24] Batch [100]	Speed: 2325.07 samples/sec	accuracy=0.897188
INFO:root:Epoch[24] Batch [150]	Speed: 2687.05 samples/sec	accuracy=0.906563
INFO:root:Epoch[24] Batch [200]	Speed: 2395.64 samples/sec	accuracy=0.891875
INFO:root:Epoch[24] Batch [250]	Speed: 2200.68 samples/sec	accuracy=0.895625
INFO:root:Epoch[24] Batch [300]	Speed: 2495.49 samples/sec	accuracy=0.903438
INFO:root:Epoch[24] Batch [350]	Speed: 1933.43 samples/sec	accuracy=0.895938
INFO:root:Epoch[24] Batch [400]	Speed: 1916.23 samples/sec	accuracy=0.893750
INFO:root:Epoch[24] Batch [450]	Speed: 1925.49 samples/sec	accuracy=0.895312
INFO:root:Epoch[24] Batch [500]	Speed: 2142.67 samples/sec	accuracy=0.895312
INFO:root:Epoch[24] Batch [550]	Speed: 1977.22 samples/sec	accuracy=0.897813
INFO:root:Epoch[24] Batch [600]	Speed: 2043.96 samples/sec	accuracy=0.899062
INFO:root:Epoch[24] Batch [650]	Speed: 1902.59 samples/sec	accuracy=0.899687
INFO:root:Epoch[24] Batch [700]	Speed: 2094.56 samples/sec	accuracy=0.894687
INFO:root:Epoch[24] Batch [750]	Speed: 2457.13 samples/sec	accuracy=0.905937
INFO:root:Epoch[24] Resetting Data Iterator
INFO:root:Epoch[24] Time cost=23.497
INFO:root:Saved checkpoint to "model/resnet-cifar10-20-0-0025.params"
INFO:root:Epoch[24] Validation-accuracy=0.824741
INFO:root:Epoch[25] Batch [50]	Speed: 1955.65 samples/sec	accuracy=0.895625
INFO:root:Epoch[25] Batch [100]	Speed: 2522.11 samples/sec	accuracy=0.900937
INFO:root:Epoch[25] Batch [150]	Speed: 2219.28 samples/sec	accuracy=0.895625
INFO:root:Epoch[25] Batch [200]	Speed: 1877.25 samples/sec	accuracy=0.906250
INFO:root:Epoch[25] Batch [250]	Speed: 1991.25 samples/sec	accuracy=0.900625
INFO:root:Epoch[25] Batch [300]	Speed: 2518.37 samples/sec	accuracy=0.902813
INFO:root:Epoch[25] Batch [350]	Speed: 2041.32 samples/sec	accuracy=0.895938
INFO:root:Epoch[25] Batch [400]	Speed: 2154.00 samples/sec	accuracy=0.902188
INFO:root:Epoch[25] Batch [450]	Speed: 2223.48 samples/sec	accuracy=0.905937
INFO:root:Epoch[25] Batch [500]	Speed: 1774.48 samples/sec	accuracy=0.904062
INFO:root:Epoch[25] Batch [550]	Speed: 2216.70 samples/sec	accuracy=0.899375
INFO:root:Epoch[25] Batch [600]	Speed: 2249.85 samples/sec	accuracy=0.904375
INFO:root:Epoch[25] Batch [650]	Speed: 1940.35 samples/sec	accuracy=0.900625
INFO:root:Epoch[25] Batch [700]	Speed: 1894.60 samples/sec	accuracy=0.904687
INFO:root:Epoch[25] Batch [750]	Speed: 2013.53 samples/sec	accuracy=0.909375
INFO:root:Epoch[25] Resetting Data Iterator
INFO:root:Epoch[25] Time cost=24.178
INFO:root:Saved checkpoint to "model/resnet-cifar10-20-0-0026.params"
INFO:root:Epoch[25] Validation-accuracy=0.821059
INFO:root:Epoch[26] Batch [50]	Speed: 1855.31 samples/sec	accuracy=0.892500
INFO:root:Epoch[26] Batch [100]	Speed: 1832.11 samples/sec	accuracy=0.894062
INFO:root:Epoch[26] Batch [150]	Speed: 1999.14 samples/sec	accuracy=0.905312
INFO:root:Epoch[26] Batch [200]	Speed: 1945.12 samples/sec	accuracy=0.900312
INFO:root:Epoch[26] Batch [250]	Speed: 1726.25 samples/sec	accuracy=0.908438
INFO:root:Epoch[26] Batch [300]	Speed: 1992.75 samples/sec	accuracy=0.904062
INFO:root:Epoch[26] Batch [350]	Speed: 2517.29 samples/sec	accuracy=0.886563
INFO:root:Epoch[26] Batch [400]	Speed: 2419.62 samples/sec	accuracy=0.892188
INFO:root:Epoch[26] Batch [450]	Speed: 2341.03 samples/sec	accuracy=0.894375
INFO:root:Epoch[26] Batch [500]	Speed: 1908.20 samples/sec	accuracy=0.884687
INFO:root:Epoch[26] Batch [550]	Speed: 1836.97 samples/sec	accuracy=0.889687
INFO:root:Epoch[26] Batch [600]	Speed: 1894.83 samples/sec	accuracy=0.914375
INFO:root:Epoch[26] Batch [650]	Speed: 1833.74 samples/sec	accuracy=0.910625
INFO:root:Epoch[26] Batch [700]	Speed: 1909.90 samples/sec	accuracy=0.904062
INFO:root:Epoch[26] Batch [750]	Speed: 2405.55 samples/sec	accuracy=0.900312
INFO:root:Epoch[26] Resetting Data Iterator
INFO:root:Epoch[26] Time cost=25.001
INFO:root:Saved checkpoint to "model/resnet-cifar10-20-0-0027.params"
INFO:root:Epoch[26] Validation-accuracy=0.847034
INFO:root:Epoch[27] Batch [50]	Speed: 2157.41 samples/sec	accuracy=0.885625
INFO:root:Epoch[27] Batch [100]	Speed: 2300.14 samples/sec	accuracy=0.895938
INFO:root:Epoch[27] Batch [150]	Speed: 2286.07 samples/sec	accuracy=0.906875
INFO:root:Epoch[27] Batch [200]	Speed: 2366.06 samples/sec	accuracy=0.901875
INFO:root:Epoch[27] Batch [250]	Speed: 1827.69 samples/sec	accuracy=0.911250
INFO:root:Epoch[27] Batch [300]	Speed: 2071.41 samples/sec	accuracy=0.900312
INFO:root:Epoch[27] Batch [350]	Speed: 2521.25 samples/sec	accuracy=0.896563
INFO:root:Epoch[27] Batch [400]	Speed: 2371.86 samples/sec	accuracy=0.908750
INFO:root:Epoch[27] Batch [450]	Speed: 1832.10 samples/sec	accuracy=0.898125
INFO:root:Epoch[27] Batch [500]	Speed: 1805.07 samples/sec	accuracy=0.908125
INFO:root:Epoch[27] Batch [550]	Speed: 1768.19 samples/sec	accuracy=0.901563
INFO:root:Epoch[27] Batch [600]	Speed: 2061.68 samples/sec	accuracy=0.904687
INFO:root:Epoch[27] Batch [650]	Speed: 2363.71 samples/sec	accuracy=0.907500
INFO:root:Epoch[27] Batch [700]	Speed: 2099.88 samples/sec	accuracy=0.899375
INFO:root:Epoch[27] Batch [750]	Speed: 1959.30 samples/sec	accuracy=0.904062
INFO:root:Epoch[27] Resetting Data Iterator
INFO:root:Epoch[27] Time cost=23.787
INFO:root:Saved checkpoint to "model/resnet-cifar10-20-0-0028.params"
INFO:root:Epoch[27] Validation-accuracy=0.848726
INFO:root:Epoch[28] Batch [50]	Speed: 1843.70 samples/sec	accuracy=0.900000
INFO:root:Epoch[28] Batch [100]	Speed: 1803.19 samples/sec	accuracy=0.900625
INFO:root:Epoch[28] Batch [150]	Speed: 1960.34 samples/sec	accuracy=0.903438
INFO:root:Epoch[28] Batch [200]	Speed: 1797.00 samples/sec	accuracy=0.891875
INFO:root:Epoch[28] Batch [250]	Speed: 1772.79 samples/sec	accuracy=0.899375
INFO:root:Epoch[28] Batch [300]	Speed: 1817.51 samples/sec	accuracy=0.904375
INFO:root:Epoch[28] Batch [350]	Speed: 1781.56 samples/sec	accuracy=0.900312
INFO:root:Epoch[28] Batch [400]	Speed: 2137.90 samples/sec	accuracy=0.901563
INFO:root:Epoch[28] Batch [450]	Speed: 2342.88 samples/sec	accuracy=0.909375
INFO:root:Epoch[28] Batch [500]	Speed: 2080.77 samples/sec	accuracy=0.904062
INFO:root:Epoch[28] Batch [550]	Speed: 2118.88 samples/sec	accuracy=0.900937
INFO:root:Epoch[28] Batch [600]	Speed: 1977.06 samples/sec	accuracy=0.896250
INFO:root:Epoch[28] Batch [650]	Speed: 2116.71 samples/sec	accuracy=0.900625
INFO:root:Epoch[28] Batch [700]	Speed: 2288.66 samples/sec	accuracy=0.913125
INFO:root:Epoch[28] Batch [750]	Speed: 2291.11 samples/sec	accuracy=0.892813
INFO:root:Epoch[28] Resetting Data Iterator
INFO:root:Epoch[28] Time cost=25.072
INFO:root:Saved checkpoint to "model/resnet-cifar10-20-0-0029.params"
INFO:root:Epoch[28] Validation-accuracy=0.829419
INFO:root:Epoch[29] Batch [50]	Speed: 2226.48 samples/sec	accuracy=0.902813
INFO:root:Epoch[29] Batch [100]	Speed: 2339.54 samples/sec	accuracy=0.914687
INFO:root:Epoch[29] Batch [150]	Speed: 1970.52 samples/sec	accuracy=0.899687
INFO:root:Epoch[29] Batch [200]	Speed: 2133.51 samples/sec	accuracy=0.901250
INFO:root:Epoch[29] Batch [250]	Speed: 1949.41 samples/sec	accuracy=0.902500
INFO:root:Epoch[29] Batch [300]	Speed: 2177.72 samples/sec	accuracy=0.911250
INFO:root:Epoch[29] Batch [350]	Speed: 2191.71 samples/sec	accuracy=0.896875
INFO:root:Epoch[29] Batch [400]	Speed: 2272.35 samples/sec	accuracy=0.897813
INFO:root:Epoch[29] Batch [450]	Speed: 2323.90 samples/sec	accuracy=0.899062
INFO:root:Epoch[29] Batch [500]	Speed: 2350.81 samples/sec	accuracy=0.903750
INFO:root:Epoch[29] Batch [550]	Speed: 2208.12 samples/sec	accuracy=0.894375
INFO:root:Epoch[29] Batch [600]	Speed: 1932.19 samples/sec	accuracy=0.907813
INFO:root:Epoch[29] Batch [650]	Speed: 2393.84 samples/sec	accuracy=0.901563
INFO:root:Epoch[29] Batch [700]	Speed: 2221.70 samples/sec	accuracy=0.911875
INFO:root:Epoch[29] Batch [750]	Speed: 2058.35 samples/sec	accuracy=0.900937
INFO:root:Epoch[29] Resetting Data Iterator
INFO:root:Epoch[29] Time cost=23.093
INFO:root:Saved checkpoint to "model/resnet-cifar10-20-0-0030.params"
INFO:root:Epoch[29] Validation-accuracy=0.839371
INFO:root:Epoch[30] Batch [50]	Speed: 1899.09 samples/sec	accuracy=0.900312
INFO:root:Epoch[30] Batch [100]	Speed: 2104.31 samples/sec	accuracy=0.911250
INFO:root:Epoch[30] Batch [150]	Speed: 2057.33 samples/sec	accuracy=0.908750
INFO:root:Epoch[30] Batch [200]	Speed: 2441.74 samples/sec	accuracy=0.900000
INFO:root:Epoch[30] Batch [250]	Speed: 2251.19 samples/sec	accuracy=0.903750
INFO:root:Epoch[30] Batch [300]	Speed: 2152.94 samples/sec	accuracy=0.905625
INFO:root:Epoch[30] Batch [350]	Speed: 1876.70 samples/sec	accuracy=0.905312
INFO:root:Epoch[30] Batch [400]	Speed: 2240.95 samples/sec	accuracy=0.909062
INFO:root:Epoch[30] Batch [450]	Speed: 2224.64 samples/sec	accuracy=0.900000
INFO:root:Epoch[30] Batch [500]	Speed: 2163.00 samples/sec	accuracy=0.904375
INFO:root:Epoch[30] Batch [550]	Speed: 2266.03 samples/sec	accuracy=0.908750
INFO:root:Epoch[30] Batch [600]	Speed: 2172.66 samples/sec	accuracy=0.908750
INFO:root:Epoch[30] Batch [650]	Speed: 2239.51 samples/sec	accuracy=0.902500
INFO:root:Epoch[30] Batch [700]	Speed: 2213.78 samples/sec	accuracy=0.909687
INFO:root:Epoch[30] Batch [750]	Speed: 1944.32 samples/sec	accuracy=0.906875
INFO:root:Epoch[30] Resetting Data Iterator
INFO:root:Epoch[30] Time cost=23.439
INFO:root:Saved checkpoint to "model/resnet-cifar10-20-0-0031.params"
INFO:root:Epoch[30] Validation-accuracy=0.811306
INFO:root:Epoch[31] Batch [50]	Speed: 1934.81 samples/sec	accuracy=0.901250
INFO:root:Epoch[31] Batch [100]	Speed: 2345.33 samples/sec	accuracy=0.913438
INFO:root:Epoch[31] Batch [150]	Speed: 2668.74 samples/sec	accuracy=0.906563
INFO:root:Epoch[31] Batch [200]	Speed: 2207.75 samples/sec	accuracy=0.903750
INFO:root:Epoch[31] Batch [250]	Speed: 1943.71 samples/sec	accuracy=0.905937
INFO:root:Epoch[31] Batch [300]	Speed: 1989.66 samples/sec	accuracy=0.902500
INFO:root:Epoch[31] Batch [350]	Speed: 2163.25 samples/sec	accuracy=0.890312
INFO:root:Epoch[31] Batch [400]	Speed: 2492.22 samples/sec	accuracy=0.901563
INFO:root:Epoch[31] Batch [450]	Speed: 2389.59 samples/sec	accuracy=0.904687
INFO:root:Epoch[31] Batch [500]	Speed: 1997.26 samples/sec	accuracy=0.908125
INFO:root:Epoch[31] Batch [550]	Speed: 1942.01 samples/sec	accuracy=0.898750
INFO:root:Epoch[31] Batch [600]	Speed: 2129.04 samples/sec	accuracy=0.910000
INFO:root:Epoch[31] Batch [650]	Speed: 2187.94 samples/sec	accuracy=0.906563
INFO:root:Epoch[31] Batch [700]	Speed: 2481.50 samples/sec	accuracy=0.906250
INFO:root:Epoch[31] Batch [750]	Speed: 2405.92 samples/sec	accuracy=0.891875
INFO:root:Epoch[31] Resetting Data Iterator
INFO:root:Epoch[31] Time cost=22.733
INFO:root:Saved checkpoint to "model/resnet-cifar10-20-0-0032.params"
INFO:root:Epoch[31] Validation-accuracy=0.840068
INFO:root:Epoch[32] Batch [50]	Speed: 1978.10 samples/sec	accuracy=0.899375
INFO:root:Epoch[32] Batch [100]	Speed: 1969.54 samples/sec	accuracy=0.904062
INFO:root:Epoch[32] Batch [150]	Speed: 2208.45 samples/sec	accuracy=0.915000
INFO:root:Epoch[32] Batch [200]	Speed: 2206.59 samples/sec	accuracy=0.911875
INFO:root:Epoch[32] Batch [250]	Speed: 2097.90 samples/sec	accuracy=0.899687
INFO:root:Epoch[32] Batch [300]	Speed: 2515.16 samples/sec	accuracy=0.910000
INFO:root:Epoch[32] Batch [350]	Speed: 2131.45 samples/sec	accuracy=0.906250
INFO:root:Epoch[32] Batch [400]	Speed: 2398.15 samples/sec	accuracy=0.892188
INFO:root:Epoch[32] Batch [450]	Speed: 2510.51 samples/sec	accuracy=0.902500
INFO:root:Epoch[32] Batch [500]	Speed: 2245.32 samples/sec	accuracy=0.907500
INFO:root:Epoch[32] Batch [550]	Speed: 1916.13 samples/sec	accuracy=0.910937
INFO:root:Epoch[32] Batch [600]	Speed: 1869.46 samples/sec	accuracy=0.903438
INFO:root:Epoch[32] Batch [650]	Speed: 2093.95 samples/sec	accuracy=0.914062
INFO:root:Epoch[32] Batch [700]	Speed: 1992.31 samples/sec	accuracy=0.914375
INFO:root:Epoch[32] Batch [750]	Speed: 1912.12 samples/sec	accuracy=0.903438
INFO:root:Epoch[32] Resetting Data Iterator
INFO:root:Epoch[32] Time cost=23.727
INFO:root:Saved checkpoint to "model/resnet-cifar10-20-0-0033.params"
INFO:root:Epoch[32] Validation-accuracy=0.817277
INFO:root:Epoch[33] Batch [50]	Speed: 2164.63 samples/sec	accuracy=0.896875
INFO:root:Epoch[33] Batch [100]	Speed: 2007.05 samples/sec	accuracy=0.904062
INFO:root:Epoch[33] Batch [150]	Speed: 1883.63 samples/sec	accuracy=0.903125
INFO:root:Epoch[33] Batch [200]	Speed: 2309.24 samples/sec	accuracy=0.906563
INFO:root:Epoch[33] Batch [250]	Speed: 2017.45 samples/sec	accuracy=0.901875
INFO:root:Epoch[33] Batch [300]	Speed: 2222.23 samples/sec	accuracy=0.913750
INFO:root:Epoch[33] Batch [350]	Speed: 2210.67 samples/sec	accuracy=0.905937
INFO:root:Epoch[33] Batch [400]	Speed: 2308.55 samples/sec	accuracy=0.908125
INFO:root:Epoch[33] Batch [450]	Speed: 2356.37 samples/sec	accuracy=0.896563
INFO:root:Epoch[33] Batch [500]	Speed: 2195.77 samples/sec	accuracy=0.918750
INFO:root:Epoch[33] Batch [550]	Speed: 2054.66 samples/sec	accuracy=0.907813
INFO:root:Epoch[33] Batch [600]	Speed: 1906.34 samples/sec	accuracy=0.910625
INFO:root:Epoch[33] Batch [650]	Speed: 1926.11 samples/sec	accuracy=0.911563
INFO:root:Epoch[33] Batch [700]	Speed: 1827.41 samples/sec	accuracy=0.916562
INFO:root:Epoch[33] Batch [750]	Speed: 1764.40 samples/sec	accuracy=0.915937
INFO:root:Epoch[33] Resetting Data Iterator
INFO:root:Epoch[33] Time cost=24.417
INFO:root:Saved checkpoint to "model/resnet-cifar10-20-0-0034.params"
INFO:root:Epoch[33] Validation-accuracy=0.841461
INFO:root:Epoch[34] Batch [50]	Speed: 2080.74 samples/sec	accuracy=0.904375
INFO:root:Epoch[34] Batch [100]	Speed: 2290.04 samples/sec	accuracy=0.902188
INFO:root:Epoch[34] Batch [150]	Speed: 2038.12 samples/sec	accuracy=0.902813
INFO:root:Epoch[34] Batch [200]	Speed: 1902.17 samples/sec	accuracy=0.900312
INFO:root:Epoch[34] Batch [250]	Speed: 1858.20 samples/sec	accuracy=0.907188
INFO:root:Epoch[34] Batch [300]	Speed: 2230.62 samples/sec	accuracy=0.909375
INFO:root:Epoch[34] Batch [350]	Speed: 1937.80 samples/sec	accuracy=0.911563
INFO:root:Epoch[34] Batch [400]	Speed: 1985.21 samples/sec	accuracy=0.898438
INFO:root:Epoch[34] Batch [450]	Speed: 2187.63 samples/sec	accuracy=0.906563
INFO:root:Epoch[34] Batch [500]	Speed: 1848.16 samples/sec	accuracy=0.916562
INFO:root:Epoch[34] Batch [550]	Speed: 1896.87 samples/sec	accuracy=0.899062
INFO:root:Epoch[34] Batch [600]	Speed: 2063.97 samples/sec	accuracy=0.902500
INFO:root:Epoch[34] Batch [650]	Speed: 2484.33 samples/sec	accuracy=0.906875
INFO:root:Epoch[34] Batch [700]	Speed: 2198.25 samples/sec	accuracy=0.913438
INFO:root:Epoch[34] Batch [750]	Speed: 2141.91 samples/sec	accuracy=0.907188
INFO:root:Epoch[34] Resetting Data Iterator
INFO:root:Epoch[34] Time cost=24.407
INFO:root:Saved checkpoint to "model/resnet-cifar10-20-0-0035.params"
INFO:root:Epoch[34] Validation-accuracy=0.841561
INFO:root:Epoch[35] Batch [50]	Speed: 1923.77 samples/sec	accuracy=0.910625
INFO:root:Epoch[35] Batch [100]	Speed: 2045.10 samples/sec	accuracy=0.923750
INFO:root:Epoch[35] Batch [150]	Speed: 2017.98 samples/sec	accuracy=0.908125
INFO:root:Epoch[35] Batch [200]	Speed: 2385.92 samples/sec	accuracy=0.919375
INFO:root:Epoch[35] Batch [250]	Speed: 2264.37 samples/sec	accuracy=0.904062
INFO:root:Epoch[35] Batch [300]	Speed: 1876.18 samples/sec	accuracy=0.906250
INFO:root:Epoch[35] Batch [350]	Speed: 1880.23 samples/sec	accuracy=0.908438
INFO:root:Epoch[35] Batch [400]	Speed: 1703.84 samples/sec	accuracy=0.906563
INFO:root:Epoch[35] Batch [450]	Speed: 1726.95 samples/sec	accuracy=0.912500
INFO:root:Epoch[35] Batch [500]	Speed: 1988.01 samples/sec	accuracy=0.907500
INFO:root:Epoch[35] Batch [550]	Speed: 2470.44 samples/sec	accuracy=0.912500
INFO:root:Epoch[35] Batch [600]	Speed: 1922.09 samples/sec	accuracy=0.907188
INFO:root:Epoch[35] Batch [650]	Speed: 2071.49 samples/sec	accuracy=0.909062
INFO:root:Epoch[35] Batch [700]	Speed: 2426.38 samples/sec	accuracy=0.914062
INFO:root:Epoch[35] Batch [750]	Speed: 2572.31 samples/sec	accuracy=0.912813
INFO:root:Epoch[35] Resetting Data Iterator
INFO:root:Epoch[35] Time cost=24.320
INFO:root:Saved checkpoint to "model/resnet-cifar10-20-0-0036.params"
INFO:root:Epoch[35] Validation-accuracy=0.850418
INFO:root:Epoch[36] Batch [50]	Speed: 1956.85 samples/sec	accuracy=0.907500
INFO:root:Epoch[36] Batch [100]	Speed: 2261.72 samples/sec	accuracy=0.908438
INFO:root:Epoch[36] Batch [150]	Speed: 2253.33 samples/sec	accuracy=0.911875
INFO:root:Epoch[36] Batch [200]	Speed: 2097.82 samples/sec	accuracy=0.902813
INFO:root:Epoch[36] Batch [250]	Speed: 2126.70 samples/sec	accuracy=0.902813
INFO:root:Epoch[36] Batch [300]	Speed: 2002.94 samples/sec	accuracy=0.920625
INFO:root:Epoch[36] Batch [350]	Speed: 2211.30 samples/sec	accuracy=0.911563
INFO:root:Epoch[36] Batch [400]	Speed: 2216.10 samples/sec	accuracy=0.906875
INFO:root:Epoch[36] Batch [450]	Speed: 2297.58 samples/sec	accuracy=0.911875
INFO:root:Epoch[36] Batch [500]	Speed: 2536.93 samples/sec	accuracy=0.905312
INFO:root:Epoch[36] Batch [550]	Speed: 2545.93 samples/sec	accuracy=0.898750
INFO:root:Epoch[36] Batch [600]	Speed: 1967.27 samples/sec	accuracy=0.909062
INFO:root:Epoch[36] Batch [650]	Speed: 1960.70 samples/sec	accuracy=0.907188
INFO:root:Epoch[36] Batch [700]	Speed: 1959.20 samples/sec	accuracy=0.916250
INFO:root:Epoch[36] Batch [750]	Speed: 1953.82 samples/sec	accuracy=0.914687
INFO:root:Epoch[36] Resetting Data Iterator
INFO:root:Epoch[36] Time cost=23.477
INFO:root:Saved checkpoint to "model/resnet-cifar10-20-0-0037.params"
INFO:root:Epoch[36] Validation-accuracy=0.831708
INFO:root:Epoch[37] Batch [50]	Speed: 1889.30 samples/sec	accuracy=0.895312
INFO:root:Epoch[37] Batch [100]	Speed: 2176.12 samples/sec	accuracy=0.908750
INFO:root:Epoch[37] Batch [150]	Speed: 2076.54 samples/sec	accuracy=0.907813
INFO:root:Epoch[37] Batch [200]	Speed: 2109.23 samples/sec	accuracy=0.909375
INFO:root:Epoch[37] Batch [250]	Speed: 1929.35 samples/sec	accuracy=0.907813
INFO:root:Epoch[37] Batch [300]	Speed: 1943.63 samples/sec	accuracy=0.920625
INFO:root:Epoch[37] Batch [350]	Speed: 1917.14 samples/sec	accuracy=0.915625
INFO:root:Epoch[37] Batch [400]	Speed: 2089.73 samples/sec	accuracy=0.905625
INFO:root:Epoch[37] Batch [450]	Speed: 2157.72 samples/sec	accuracy=0.902813
INFO:root:Epoch[37] Batch [500]	Speed: 2300.95 samples/sec	accuracy=0.920312
INFO:root:Epoch[37] Batch [550]	Speed: 2274.56 samples/sec	accuracy=0.916562
INFO:root:Epoch[37] Batch [600]	Speed: 2283.25 samples/sec	accuracy=0.908750
INFO:root:Epoch[37] Batch [650]	Speed: 2271.17 samples/sec	accuracy=0.912813
INFO:root:Epoch[37] Batch [700]	Speed: 2193.29 samples/sec	accuracy=0.919687
INFO:root:Epoch[37] Batch [750]	Speed: 2318.85 samples/sec	accuracy=0.905000
INFO:root:Epoch[37] Resetting Data Iterator
INFO:root:Epoch[37] Time cost=23.590
INFO:root:Saved checkpoint to "model/resnet-cifar10-20-0-0038.params"
INFO:root:Epoch[37] Validation-accuracy=0.844248
INFO:root:Epoch[38] Batch [50]	Speed: 2091.31 samples/sec	accuracy=0.909062
INFO:root:Epoch[38] Batch [100]	Speed: 2278.89 samples/sec	accuracy=0.909687
INFO:root:Epoch[38] Batch [150]	Speed: 2478.76 samples/sec	accuracy=0.923750
INFO:root:Epoch[38] Batch [200]	Speed: 2283.67 samples/sec	accuracy=0.917188
INFO:root:Epoch[38] Batch [250]	Speed: 2238.45 samples/sec	accuracy=0.910312
INFO:root:Epoch[38] Batch [300]	Speed: 2118.49 samples/sec	accuracy=0.909375
INFO:root:Epoch[38] Batch [350]	Speed: 1954.35 samples/sec	accuracy=0.906875
INFO:root:Epoch[38] Batch [400]	Speed: 1893.00 samples/sec	accuracy=0.906250
INFO:root:Epoch[38] Batch [450]	Speed: 2102.89 samples/sec	accuracy=0.911563
INFO:root:Epoch[38] Batch [500]	Speed: 1937.47 samples/sec	accuracy=0.921875
INFO:root:Epoch[38] Batch [550]	Speed: 2166.77 samples/sec	accuracy=0.906875
INFO:root:Epoch[38] Batch [600]	Speed: 2042.08 samples/sec	accuracy=0.915000
INFO:root:Epoch[38] Batch [650]	Speed: 1869.45 samples/sec	accuracy=0.917813
INFO:root:Epoch[38] Batch [700]	Speed: 1790.20 samples/sec	accuracy=0.910937
INFO:root:Epoch[38] Batch [750]	Speed: 1872.16 samples/sec	accuracy=0.916875
INFO:root:Epoch[38] Resetting Data Iterator
INFO:root:Epoch[38] Time cost=24.349
INFO:root:Saved checkpoint to "model/resnet-cifar10-20-0-0039.params"
INFO:root:Epoch[38] Validation-accuracy=0.813893
INFO:root:Epoch[39] Batch [50]	Speed: 2095.76 samples/sec	accuracy=0.898750
INFO:root:Epoch[39] Batch [100]	Speed: 1802.01 samples/sec	accuracy=0.915000
INFO:root:Epoch[39] Batch [150]	Speed: 2104.16 samples/sec	accuracy=0.912500
INFO:root:Epoch[39] Batch [200]	Speed: 2107.05 samples/sec	accuracy=0.911250
INFO:root:Epoch[39] Batch [250]	Speed: 1959.64 samples/sec	accuracy=0.918125
INFO:root:Epoch[39] Batch [300]	Speed: 2009.62 samples/sec	accuracy=0.922813
INFO:root:Epoch[39] Batch [350]	Speed: 2113.47 samples/sec	accuracy=0.902500
INFO:root:Epoch[39] Batch [400]	Speed: 2285.05 samples/sec	accuracy=0.905937
INFO:root:Epoch[39] Batch [450]	Speed: 2017.66 samples/sec	accuracy=0.911250
INFO:root:Epoch[39] Batch [500]	Speed: 1999.11 samples/sec	accuracy=0.900312
INFO:root:Epoch[39] Batch [550]	Speed: 1904.30 samples/sec	accuracy=0.913125
INFO:root:Epoch[39] Batch [600]	Speed: 1867.71 samples/sec	accuracy=0.910625
INFO:root:Epoch[39] Batch [650]	Speed: 1859.92 samples/sec	accuracy=0.915625
INFO:root:Epoch[39] Batch [700]	Speed: 2071.93 samples/sec	accuracy=0.915000
INFO:root:Epoch[39] Batch [750]	Speed: 2356.17 samples/sec	accuracy=0.902188
INFO:root:Epoch[39] Resetting Data Iterator
INFO:root:Epoch[39] Time cost=24.483
INFO:root:Saved checkpoint to "model/resnet-cifar10-20-0-0040.params"
INFO:root:Epoch[39] Validation-accuracy=0.836783
INFO:root:Epoch[40] Batch [50]	Speed: 2210.63 samples/sec	accuracy=0.893437
INFO:root:Epoch[40] Batch [100]	Speed: 1890.53 samples/sec	accuracy=0.911250
INFO:root:Epoch[40] Batch [150]	Speed: 2252.36 samples/sec	accuracy=0.904375
INFO:root:Epoch[40] Batch [200]	Speed: 2248.21 samples/sec	accuracy=0.916250
INFO:root:Epoch[40] Batch [250]	Speed: 2256.32 samples/sec	accuracy=0.918750
INFO:root:Epoch[40] Batch [300]	Speed: 2301.13 samples/sec	accuracy=0.915000
INFO:root:Epoch[40] Batch [350]	Speed: 2284.44 samples/sec	accuracy=0.900312
INFO:root:Epoch[40] Batch [400]	Speed: 2301.66 samples/sec	accuracy=0.911563
INFO:root:Epoch[40] Batch [450]	Speed: 2159.23 samples/sec	accuracy=0.900937
INFO:root:Epoch[40] Batch [500]	Speed: 2610.69 samples/sec	accuracy=0.923750
INFO:root:Epoch[40] Batch [550]	Speed: 2367.20 samples/sec	accuracy=0.913438
INFO:root:Epoch[40] Batch [600]	Speed: 2359.46 samples/sec	accuracy=0.916250
INFO:root:Epoch[40] Batch [650]	Speed: 2164.43 samples/sec	accuracy=0.910312
INFO:root:Epoch[40] Batch [700]	Speed: 2132.36 samples/sec	accuracy=0.920000
INFO:root:Epoch[40] Batch [750]	Speed: 2200.14 samples/sec	accuracy=0.912188
INFO:root:Epoch[40] Resetting Data Iterator
INFO:root:Epoch[40] Time cost=22.419
INFO:root:Saved checkpoint to "model/resnet-cifar10-20-0-0041.params"
INFO:root:Epoch[40] Validation-accuracy=0.853702
INFO:root:Epoch[41] Batch [50]	Speed: 2138.99 samples/sec	accuracy=0.907813
INFO:root:Epoch[41] Batch [100]	Speed: 2617.66 samples/sec	accuracy=0.917813
INFO:root:Epoch[41] Batch [150]	Speed: 1919.02 samples/sec	accuracy=0.911563
INFO:root:Epoch[41] Batch [200]	Speed: 2164.26 samples/sec	accuracy=0.924687
INFO:root:Epoch[41] Batch [250]	Speed: 1975.93 samples/sec	accuracy=0.917813
INFO:root:Epoch[41] Batch [300]	Speed: 1846.50 samples/sec	accuracy=0.918438
INFO:root:Epoch[41] Batch [350]	Speed: 2154.92 samples/sec	accuracy=0.899375
INFO:root:Epoch[41] Batch [400]	Speed: 1925.16 samples/sec	accuracy=0.907813
INFO:root:Epoch[41] Batch [450]	Speed: 2020.55 samples/sec	accuracy=0.915000
INFO:root:Epoch[41] Batch [500]	Speed: 1593.31 samples/sec	accuracy=0.904375
INFO:root:Epoch[41] Batch [550]	Speed: 1909.08 samples/sec	accuracy=0.914375
INFO:root:Epoch[41] Batch [600]	Speed: 1973.59 samples/sec	accuracy=0.918750
INFO:root:Epoch[41] Batch [650]	Speed: 1865.33 samples/sec	accuracy=0.913438
INFO:root:Epoch[41] Batch [700]	Speed: 1907.58 samples/sec	accuracy=0.910312
INFO:root:Epoch[41] Batch [750]	Speed: 1941.37 samples/sec	accuracy=0.900000
INFO:root:Epoch[41] Resetting Data Iterator
INFO:root:Epoch[41] Time cost=25.145
INFO:root:Saved checkpoint to "model/resnet-cifar10-20-0-0042.params"
INFO:root:Epoch[41] Validation-accuracy=0.853802
INFO:root:Epoch[42] Batch [50]	Speed: 2590.35 samples/sec	accuracy=0.917188
INFO:root:Epoch[42] Batch [100]	Speed: 2727.66 samples/sec	accuracy=0.914062
INFO:root:Epoch[42] Batch [150]	Speed: 2552.79 samples/sec	accuracy=0.915312
INFO:root:Epoch[42] Batch [200]	Speed: 2476.26 samples/sec	accuracy=0.910000
INFO:root:Epoch[42] Batch [250]	Speed: 2031.30 samples/sec	accuracy=0.920000
INFO:root:Epoch[42] Batch [300]	Speed: 1923.64 samples/sec	accuracy=0.915312
INFO:root:Epoch[42] Batch [350]	Speed: 1779.74 samples/sec	accuracy=0.913438
INFO:root:Epoch[42] Batch [400]	Speed: 1846.76 samples/sec	accuracy=0.918125
INFO:root:Epoch[42] Batch [450]	Speed: 2120.28 samples/sec	accuracy=0.910312
INFO:root:Epoch[42] Batch [500]	Speed: 2366.76 samples/sec	accuracy=0.922500
INFO:root:Epoch[42] Batch [550]	Speed: 2122.01 samples/sec	accuracy=0.910937
INFO:root:Epoch[42] Batch [600]	Speed: 2201.44 samples/sec	accuracy=0.915937
INFO:root:Epoch[42] Batch [650]	Speed: 1860.25 samples/sec	accuracy=0.912500
INFO:root:Epoch[42] Batch [700]	Speed: 1953.39 samples/sec	accuracy=0.913438
INFO:root:Epoch[42] Batch [750]	Speed: 1935.77 samples/sec	accuracy=0.910937
INFO:root:Epoch[42] Resetting Data Iterator
INFO:root:Epoch[42] Time cost=23.532
INFO:root:Saved checkpoint to "model/resnet-cifar10-20-0-0043.params"
INFO:root:Epoch[42] Validation-accuracy=0.853304
INFO:root:Epoch[43] Batch [50]	Speed: 1858.53 samples/sec	accuracy=0.909062
INFO:root:Epoch[43] Batch [100]	Speed: 2002.69 samples/sec	accuracy=0.916562
INFO:root:Epoch[43] Batch [150]	Speed: 2157.14 samples/sec	accuracy=0.917500
INFO:root:Epoch[43] Batch [200]	Speed: 2217.74 samples/sec	accuracy=0.912188
INFO:root:Epoch[43] Batch [250]	Speed: 2130.72 samples/sec	accuracy=0.920000
INFO:root:Epoch[43] Batch [300]	Speed: 2375.26 samples/sec	accuracy=0.915000
INFO:root:Epoch[43] Batch [350]	Speed: 2269.39 samples/sec	accuracy=0.911875
INFO:root:Epoch[43] Batch [400]	Speed: 2469.88 samples/sec	accuracy=0.914687
INFO:root:Epoch[43] Batch [450]	Speed: 2317.52 samples/sec	accuracy=0.907188
INFO:root:Epoch[43] Batch [500]	Speed: 2510.17 samples/sec	accuracy=0.914375
INFO:root:Epoch[43] Batch [550]	Speed: 2549.36 samples/sec	accuracy=0.913438
INFO:root:Epoch[43] Batch [600]	Speed: 2458.00 samples/sec	accuracy=0.901875
INFO:root:Epoch[43] Batch [650]	Speed: 2254.09 samples/sec	accuracy=0.915312
INFO:root:Epoch[43] Batch [700]	Speed: 2200.57 samples/sec	accuracy=0.913438
INFO:root:Epoch[43] Batch [750]	Speed: 2278.62 samples/sec	accuracy=0.911250
INFO:root:Epoch[43] Resetting Data Iterator
INFO:root:Epoch[43] Time cost=22.241
INFO:root:Saved checkpoint to "model/resnet-cifar10-20-0-0044.params"
INFO:root:Epoch[43] Validation-accuracy=0.813893
INFO:root:Epoch[44] Batch [50]	Speed: 2054.83 samples/sec	accuracy=0.901875
INFO:root:Epoch[44] Batch [100]	Speed: 2151.31 samples/sec	accuracy=0.911875
INFO:root:Epoch[44] Batch [150]	Speed: 2120.47 samples/sec	accuracy=0.916875
INFO:root:Epoch[44] Batch [200]	Speed: 2140.03 samples/sec	accuracy=0.916562
INFO:root:Epoch[44] Batch [250]	Speed: 1947.67 samples/sec	accuracy=0.915625
INFO:root:Epoch[44] Batch [300]	Speed: 2361.59 samples/sec	accuracy=0.920937
INFO:root:Epoch[44] Batch [350]	Speed: 2342.65 samples/sec	accuracy=0.913750
INFO:root:Epoch[44] Batch [400]	Speed: 2224.32 samples/sec	accuracy=0.921875
INFO:root:Epoch[44] Batch [450]	Speed: 2037.57 samples/sec	accuracy=0.908125
INFO:root:Epoch[44] Batch [500]	Speed: 1966.40 samples/sec	accuracy=0.915625
INFO:root:Epoch[44] Batch [550]	Speed: 2503.13 samples/sec	accuracy=0.911250
INFO:root:Epoch[44] Batch [600]	Speed: 2139.48 samples/sec	accuracy=0.925000
INFO:root:Epoch[44] Batch [650]	Speed: 2230.70 samples/sec	accuracy=0.913750
INFO:root:Epoch[44] Batch [700]	Speed: 2180.94 samples/sec	accuracy=0.914062
INFO:root:Epoch[44] Batch [750]	Speed: 2219.69 samples/sec	accuracy=0.910312
INFO:root:Epoch[44] Resetting Data Iterator
INFO:root:Epoch[44] Time cost=23.179
INFO:root:Saved checkpoint to "model/resnet-cifar10-20-0-0045.params"
INFO:root:Epoch[44] Validation-accuracy=0.844546
INFO:root:Epoch[45] Batch [50]	Speed: 2189.50 samples/sec	accuracy=0.901250
INFO:root:Epoch[45] Batch [100]	Speed: 2145.73 samples/sec	accuracy=0.917188
INFO:root:Epoch[45] Batch [150]	Speed: 2042.64 samples/sec	accuracy=0.915625
INFO:root:Epoch[45] Batch [200]	Speed: 2013.63 samples/sec	accuracy=0.911250
INFO:root:Epoch[45] Batch [250]	Speed: 2191.12 samples/sec	accuracy=0.916562
INFO:root:Epoch[45] Batch [300]	Speed: 1845.52 samples/sec	accuracy=0.912813
INFO:root:Epoch[45] Batch [350]	Speed: 1895.93 samples/sec	accuracy=0.913750
INFO:root:Epoch[45] Batch [400]	Speed: 1911.32 samples/sec	accuracy=0.917500
INFO:root:Epoch[45] Batch [450]	Speed: 2259.99 samples/sec	accuracy=0.915000
INFO:root:Epoch[45] Batch [500]	Speed: 2194.68 samples/sec	accuracy=0.910625
INFO:root:Epoch[45] Batch [550]	Speed: 2110.88 samples/sec	accuracy=0.913750
INFO:root:Epoch[45] Batch [600]	Speed: 2203.99 samples/sec	accuracy=0.912500
INFO:root:Epoch[45] Batch [650]	Speed: 2018.99 samples/sec	accuracy=0.907188
INFO:root:Epoch[45] Batch [700]	Speed: 1861.02 samples/sec	accuracy=0.909062
INFO:root:Epoch[45] Batch [750]	Speed: 2109.48 samples/sec	accuracy=0.910937
INFO:root:Epoch[45] Resetting Data Iterator
INFO:root:Epoch[45] Time cost=24.459
INFO:root:Saved checkpoint to "model/resnet-cifar10-20-0-0046.params"
INFO:root:Epoch[45] Validation-accuracy=0.847134
INFO:root:Epoch[46] Batch [50]	Speed: 1784.04 samples/sec	accuracy=0.914375
INFO:root:Epoch[46] Batch [100]	Speed: 1936.37 samples/sec	accuracy=0.916875
INFO:root:Epoch[46] Batch [150]	Speed: 2013.14 samples/sec	accuracy=0.917813
INFO:root:Epoch[46] Batch [200]	Speed: 2184.66 samples/sec	accuracy=0.917813
INFO:root:Epoch[46] Batch [250]	Speed: 2361.57 samples/sec	accuracy=0.904375
INFO:root:Epoch[46] Batch [300]	Speed: 1961.31 samples/sec	accuracy=0.918438
INFO:root:Epoch[46] Batch [350]	Speed: 2022.20 samples/sec	accuracy=0.908438
INFO:root:Epoch[46] Batch [400]	Speed: 2033.92 samples/sec	accuracy=0.916562
INFO:root:Epoch[46] Batch [450]	Speed: 2336.88 samples/sec	accuracy=0.909375
INFO:root:Epoch[46] Batch [500]	Speed: 2211.72 samples/sec	accuracy=0.919063
INFO:root:Epoch[46] Batch [550]	Speed: 2465.01 samples/sec	accuracy=0.925312
INFO:root:Epoch[46] Batch [600]	Speed: 2403.32 samples/sec	accuracy=0.924063
INFO:root:Epoch[46] Batch [650]	Speed: 2064.54 samples/sec	accuracy=0.916875
INFO:root:Epoch[46] Batch [700]	Speed: 2085.86 samples/sec	accuracy=0.920312
INFO:root:Epoch[46] Batch [750]	Speed: 2352.61 samples/sec	accuracy=0.910000
INFO:root:Epoch[46] Resetting Data Iterator
INFO:root:Epoch[46] Time cost=23.488
INFO:root:Saved checkpoint to "model/resnet-cifar10-20-0-0047.params"
INFO:root:Epoch[46] Validation-accuracy=0.831509
INFO:root:Epoch[47] Batch [50]	Speed: 2012.79 samples/sec	accuracy=0.902500
INFO:root:Epoch[47] Batch [100]	Speed: 2391.27 samples/sec	accuracy=0.916250
INFO:root:Epoch[47] Batch [150]	Speed: 2502.37 samples/sec	accuracy=0.921562
INFO:root:Epoch[47] Batch [200]	Speed: 2203.47 samples/sec	accuracy=0.914062
INFO:root:Epoch[47] Batch [250]	Speed: 2427.44 samples/sec	accuracy=0.921562
INFO:root:Epoch[47] Batch [300]	Speed: 2567.40 samples/sec	accuracy=0.920937
INFO:root:Epoch[47] Batch [350]	Speed: 2285.19 samples/sec	accuracy=0.914687
INFO:root:Epoch[47] Batch [400]	Speed: 2421.01 samples/sec	accuracy=0.924687
INFO:root:Epoch[47] Batch [450]	Speed: 1800.78 samples/sec	accuracy=0.918750
INFO:root:Epoch[47] Batch [500]	Speed: 1953.21 samples/sec	accuracy=0.918125
INFO:root:Epoch[47] Batch [550]	Speed: 2059.20 samples/sec	accuracy=0.906875
INFO:root:Epoch[47] Batch [600]	Speed: 2246.33 samples/sec	accuracy=0.918438
INFO:root:Epoch[47] Batch [650]	Speed: 2004.07 samples/sec	accuracy=0.922500
INFO:root:Epoch[47] Batch [700]	Speed: 1952.23 samples/sec	accuracy=0.912500
INFO:root:Epoch[47] Batch [750]	Speed: 2302.40 samples/sec	accuracy=0.920000
INFO:root:Epoch[47] Resetting Data Iterator
INFO:root:Epoch[47] Time cost=22.916
INFO:root:Saved checkpoint to "model/resnet-cifar10-20-0-0048.params"
INFO:root:Epoch[47] Validation-accuracy=0.843750
INFO:root:Epoch[48] Batch [50]	Speed: 2141.34 samples/sec	accuracy=0.901563
INFO:root:Epoch[48] Batch [100]	Speed: 2173.99 samples/sec	accuracy=0.915937
INFO:root:Epoch[48] Batch [150]	Speed: 2680.26 samples/sec	accuracy=0.910312
INFO:root:Epoch[48] Batch [200]	Speed: 2255.81 samples/sec	accuracy=0.912500
INFO:root:Epoch[48] Batch [250]	Speed: 2135.62 samples/sec	accuracy=0.916875
INFO:root:Epoch[48] Batch [300]	Speed: 2155.73 samples/sec	accuracy=0.920937
INFO:root:Epoch[48] Batch [350]	Speed: 2074.66 samples/sec	accuracy=0.914062
INFO:root:Epoch[48] Batch [400]	Speed: 1987.64 samples/sec	accuracy=0.914375
INFO:root:Epoch[48] Batch [450]	Speed: 1766.96 samples/sec	accuracy=0.920625
INFO:root:Epoch[48] Batch [500]	Speed: 1741.48 samples/sec	accuracy=0.922188
INFO:root:Epoch[48] Batch [550]	Speed: 1984.98 samples/sec	accuracy=0.922188
INFO:root:Epoch[48] Batch [600]	Speed: 1883.74 samples/sec	accuracy=0.914375
INFO:root:Epoch[48] Batch [650]	Speed: 2176.72 samples/sec	accuracy=0.913438
INFO:root:Epoch[48] Batch [700]	Speed: 1738.44 samples/sec	accuracy=0.907500
INFO:root:Epoch[48] Batch [750]	Speed: 2089.37 samples/sec	accuracy=0.907500
INFO:root:Epoch[48] Resetting Data Iterator
INFO:root:Epoch[48] Time cost=24.570
INFO:root:Saved checkpoint to "model/resnet-cifar10-20-0-0049.params"
INFO:root:Epoch[48] Validation-accuracy=0.852607
INFO:root:Epoch[49] Batch [50]	Speed: 1637.43 samples/sec	accuracy=0.919687
INFO:root:Epoch[49] Batch [100]	Speed: 1705.91 samples/sec	accuracy=0.911250
INFO:root:Epoch[49] Batch [150]	Speed: 1949.82 samples/sec	accuracy=0.929688
INFO:root:Epoch[49] Batch [200]	Speed: 2084.05 samples/sec	accuracy=0.917188
INFO:root:Epoch[49] Batch [250]	Speed: 1920.24 samples/sec	accuracy=0.909375
INFO:root:Epoch[49] Batch [300]	Speed: 2007.13 samples/sec	accuracy=0.914687
INFO:root:Epoch[49] Batch [350]	Speed: 1766.37 samples/sec	accuracy=0.907500
INFO:root:Epoch[49] Batch [400]	Speed: 1844.88 samples/sec	accuracy=0.915000
INFO:root:Epoch[49] Batch [450]	Speed: 2307.84 samples/sec	accuracy=0.922188
INFO:root:Epoch[49] Batch [500]	Speed: 2301.95 samples/sec	accuracy=0.905000
INFO:root:Epoch[49] Batch [550]	Speed: 2023.64 samples/sec	accuracy=0.909062
INFO:root:Epoch[49] Batch [600]	Speed: 2404.58 samples/sec	accuracy=0.920312
INFO:root:Epoch[49] Batch [650]	Speed: 1916.13 samples/sec	accuracy=0.915625
INFO:root:Epoch[49] Batch [700]	Speed: 1935.71 samples/sec	accuracy=0.917500
INFO:root:Epoch[49] Batch [750]	Speed: 1945.03 samples/sec	accuracy=0.917813
INFO:root:Epoch[49] Resetting Data Iterator
INFO:root:Epoch[49] Time cost=25.487
INFO:root:Saved checkpoint to "model/resnet-cifar10-20-0-0050.params"
INFO:root:Epoch[49] Validation-accuracy=0.839271

