INFO:root:Namespace(aug_level=2, batch_size=64, bn_mom=0.9, data_dir='data/cifar10', data_type='cifar10', depth=20, frequent=50, global_bn=False, gpus='0,1,2,3', kv_store='local', list_dir='./', lr=0.1, memonger=False, model_load_epoch=0, mom=0.9, num_classes=1000, num_examples=50000, num_gpus='1', retrain=False, wd=0.0001, workspace=512)
[14:50:01] src/io/iter_image_recordio_2.cc:170: ImageRecordIOParser2: data/cifar10/train.rec, use 4 threads for decoding..
[14:50:03] src/io/iter_image_recordio_2.cc:170: ImageRecordIOParser2: data/cifar10/val.rec, use 4 threads for decoding..
train_resnet.py:124: DeprecationWarning: [91mmxnet.model.FeedForward has been deprecated. Please use mxnet.mod.Module instead.[0m
  multi_factor_scheduler(begin_epoch, epoch_size, step=[30, 60, 90], factor=0.1),
/home/tusimple/Hongbin/incubator-mxnet/python/mxnet/model.py:577: DeprecationWarning: [91mCalling initializer with init(str, NDArray) has been deprecated.please use init(mx.init.InitDesc(...), NDArray) instead.[0m
  self.initializer(k, v)
/home/tusimple/Hongbin/incubator-mxnet/python/mxnet/model.py:583: DeprecationWarning: [91mCalling initializer with init(str, NDArray) has been deprecated.please use init(mx.init.InitDesc(...), NDArray) instead.[0m
  self.initializer(k, v)
INFO:root:Start training with [gpu(0), gpu(1), gpu(2), gpu(3)]
[14:50:05] src/operator/nn/./cudnn/./cudnn_algoreg-inl.h:107: Running performance tests to find the best convolution algorithm, this can take a while... (setting env variable MXNET_CUDNN_AUTOTUNE_DEFAULT to 0 to disable)
INFO:root:Epoch[0] Batch [50]	Speed: 4017.14 samples/sec	accuracy=0.214062
INFO:root:Epoch[0] Batch [100]	Speed: 4469.90 samples/sec	accuracy=0.290312
INFO:root:Epoch[0] Batch [150]	Speed: 4387.38 samples/sec	accuracy=0.369688
INFO:root:Epoch[0] Batch [200]	Speed: 4236.50 samples/sec	accuracy=0.407813
INFO:root:Epoch[0] Batch [250]	Speed: 4414.24 samples/sec	accuracy=0.424687
INFO:root:Epoch[0] Batch [300]	Speed: 4318.06 samples/sec	accuracy=0.469062
INFO:root:Epoch[0] Batch [350]	Speed: 4485.32 samples/sec	accuracy=0.488750
INFO:root:Epoch[0] Batch [400]	Speed: 4269.12 samples/sec	accuracy=0.501250
INFO:root:Epoch[0] Batch [450]	Speed: 4180.80 samples/sec	accuracy=0.518125
INFO:root:Epoch[0] Batch [500]	Speed: 4794.80 samples/sec	accuracy=0.545000
INFO:root:Epoch[0] Batch [550]	Speed: 4578.36 samples/sec	accuracy=0.558125
INFO:root:Epoch[0] Batch [600]	Speed: 4634.61 samples/sec	accuracy=0.550937
INFO:root:Epoch[0] Batch [650]	Speed: 4661.64 samples/sec	accuracy=0.589375
INFO:root:Epoch[0] Batch [700]	Speed: 4809.62 samples/sec	accuracy=0.594063
INFO:root:Epoch[0] Batch [750]	Speed: 3461.01 samples/sec	accuracy=0.596250
INFO:root:Epoch[0] Resetting Data Iterator
INFO:root:Epoch[0] Time cost=11.982
INFO:root:Saved checkpoint to "model/resnet-cifar10-20-0-0001.params"
INFO:root:Epoch[0] Validation-accuracy=0.583400
INFO:root:Epoch[1] Batch [50]	Speed: 4346.34 samples/sec	accuracy=0.601562
INFO:root:Epoch[1] Batch [100]	Speed: 4842.60 samples/sec	accuracy=0.600000
INFO:root:Epoch[1] Batch [150]	Speed: 5130.40 samples/sec	accuracy=0.632812
INFO:root:Epoch[1] Batch [200]	Speed: 5178.46 samples/sec	accuracy=0.634062
INFO:root:Epoch[1] Batch [250]	Speed: 4837.33 samples/sec	accuracy=0.643437
INFO:root:Epoch[1] Batch [300]	Speed: 5169.51 samples/sec	accuracy=0.645938
INFO:root:Epoch[1] Batch [350]	Speed: 5238.74 samples/sec	accuracy=0.646563
INFO:root:Epoch[1] Batch [400]	Speed: 4961.29 samples/sec	accuracy=0.648125
INFO:root:Epoch[1] Batch [450]	Speed: 5422.36 samples/sec	accuracy=0.657188
INFO:root:Epoch[1] Batch [500]	Speed: 4786.69 samples/sec	accuracy=0.675625
INFO:root:Epoch[1] Batch [550]	Speed: 5071.30 samples/sec	accuracy=0.673750
INFO:root:Epoch[1] Batch [600]	Speed: 5307.13 samples/sec	accuracy=0.670625
INFO:root:Epoch[1] Batch [650]	Speed: 4350.28 samples/sec	accuracy=0.684688
INFO:root:Epoch[1] Batch [700]	Speed: 4370.79 samples/sec	accuracy=0.675625
INFO:root:Epoch[1] Batch [750]	Speed: 5306.33 samples/sec	accuracy=0.687187
INFO:root:Epoch[1] Resetting Data Iterator
INFO:root:Epoch[1] Time cost=10.126
INFO:root:Saved checkpoint to "model/resnet-cifar10-20-0-0002.params"
INFO:root:Epoch[1] Validation-accuracy=0.683917
INFO:root:Epoch[2] Batch [50]	Speed: 4281.04 samples/sec	accuracy=0.692813
INFO:root:Epoch[2] Batch [100]	Speed: 4964.60 samples/sec	accuracy=0.710000
INFO:root:Epoch[2] Batch [150]	Speed: 4832.16 samples/sec	accuracy=0.702500
INFO:root:Epoch[2] Batch [200]	Speed: 4619.92 samples/sec	accuracy=0.716250
INFO:root:Epoch[2] Batch [250]	Speed: 5084.10 samples/sec	accuracy=0.714688
INFO:root:Epoch[2] Batch [300]	Speed: 4328.30 samples/sec	accuracy=0.725625
INFO:root:Epoch[2] Batch [350]	Speed: 4545.75 samples/sec	accuracy=0.725000
INFO:root:Epoch[2] Batch [400]	Speed: 4397.71 samples/sec	accuracy=0.720938
INFO:root:Epoch[2] Batch [450]	Speed: 4411.70 samples/sec	accuracy=0.729688
INFO:root:Epoch[2] Batch [500]	Speed: 4571.45 samples/sec	accuracy=0.731563
INFO:root:Epoch[2] Batch [550]	Speed: 4311.95 samples/sec	accuracy=0.729375
INFO:root:Epoch[2] Batch [600]	Speed: 4041.10 samples/sec	accuracy=0.721875
INFO:root:Epoch[2] Batch [650]	Speed: 4504.98 samples/sec	accuracy=0.731875
INFO:root:Epoch[2] Batch [700]	Speed: 5213.67 samples/sec	accuracy=0.734688
INFO:root:Epoch[2] Batch [750]	Speed: 4926.54 samples/sec	accuracy=0.754062
INFO:root:Epoch[2] Resetting Data Iterator
INFO:root:Epoch[2] Time cost=10.891
INFO:root:Saved checkpoint to "model/resnet-cifar10-20-0-0003.params"
INFO:root:Epoch[2] Validation-accuracy=0.686903
INFO:root:Epoch[3] Batch [50]	Speed: 4190.64 samples/sec	accuracy=0.742500
INFO:root:Epoch[3] Batch [100]	Speed: 4842.72 samples/sec	accuracy=0.757188
INFO:root:Epoch[3] Batch [150]	Speed: 4341.56 samples/sec	accuracy=0.745625
INFO:root:Epoch[3] Batch [200]	Speed: 4887.53 samples/sec	accuracy=0.757812
INFO:root:Epoch[3] Batch [250]	Speed: 5242.34 samples/sec	accuracy=0.746875
INFO:root:Epoch[3] Batch [300]	Speed: 4526.08 samples/sec	accuracy=0.771250
INFO:root:Epoch[3] Batch [350]	Speed: 4390.81 samples/sec	accuracy=0.764375
INFO:root:Epoch[3] Batch [400]	Speed: 4426.17 samples/sec	accuracy=0.755313
INFO:root:Epoch[3] Batch [450]	Speed: 5280.13 samples/sec	accuracy=0.760625
INFO:root:Epoch[3] Batch [500]	Speed: 4545.45 samples/sec	accuracy=0.766563
INFO:root:Epoch[3] Batch [550]	Speed: 4241.16 samples/sec	accuracy=0.758125
INFO:root:Epoch[3] Batch [600]	Speed: 4438.88 samples/sec	accuracy=0.760312
INFO:root:Epoch[3] Batch [650]	Speed: 4914.50 samples/sec	accuracy=0.771250
INFO:root:Epoch[3] Batch [700]	Speed: 4583.32 samples/sec	accuracy=0.757812
INFO:root:Epoch[3] Batch [750]	Speed: 4921.03 samples/sec	accuracy=0.768125
INFO:root:Epoch[3] Resetting Data Iterator
INFO:root:Epoch[3] Time cost=10.828
INFO:root:Saved checkpoint to "model/resnet-cifar10-20-0-0004.params"
INFO:root:Epoch[3] Validation-accuracy=0.730195
INFO:root:Epoch[4] Batch [50]	Speed: 4911.59 samples/sec	accuracy=0.759062
INFO:root:Epoch[4] Batch [100]	Speed: 4793.30 samples/sec	accuracy=0.781875
INFO:root:Epoch[4] Batch [150]	Speed: 3663.76 samples/sec	accuracy=0.782813
INFO:root:Epoch[4] Batch [200]	Speed: 4649.47 samples/sec	accuracy=0.767813
INFO:root:Epoch[4] Batch [250]	Speed: 4762.44 samples/sec	accuracy=0.766563
INFO:root:Epoch[4] Batch [300]	Speed: 4947.32 samples/sec	accuracy=0.804063
INFO:root:Epoch[4] Batch [350]	Speed: 4608.32 samples/sec	accuracy=0.778438
INFO:root:Epoch[4] Batch [400]	Speed: 5337.73 samples/sec	accuracy=0.778125
INFO:root:Epoch[4] Batch [450]	Speed: 4835.71 samples/sec	accuracy=0.770312
INFO:root:Epoch[4] Batch [500]	Speed: 4706.57 samples/sec	accuracy=0.802500
INFO:root:Epoch[4] Batch [550]	Speed: 4799.39 samples/sec	accuracy=0.790625
INFO:root:Epoch[4] Batch [600]	Speed: 3749.98 samples/sec	accuracy=0.771250
INFO:root:Epoch[4] Batch [650]	Speed: 5038.84 samples/sec	accuracy=0.783125
INFO:root:Epoch[4] Batch [700]	Speed: 5302.54 samples/sec	accuracy=0.793438
INFO:root:Epoch[4] Batch [750]	Speed: 4892.83 samples/sec	accuracy=0.782188
INFO:root:Epoch[4] Resetting Data Iterator
INFO:root:Epoch[4] Time cost=10.730
INFO:root:Saved checkpoint to "model/resnet-cifar10-20-0-0005.params"
INFO:root:Epoch[4] Validation-accuracy=0.781947
INFO:root:Epoch[5] Batch [50]	Speed: 4474.49 samples/sec	accuracy=0.787500
INFO:root:Epoch[5] Batch [100]	Speed: 4299.95 samples/sec	accuracy=0.796875
INFO:root:Epoch[5] Batch [150]	Speed: 5272.76 samples/sec	accuracy=0.794375
INFO:root:Epoch[5] Batch [200]	Speed: 5262.70 samples/sec	accuracy=0.789062
INFO:root:Epoch[5] Batch [250]	Speed: 5397.96 samples/sec	accuracy=0.797500
INFO:root:Epoch[5] Batch [300]	Speed: 5236.37 samples/sec	accuracy=0.806250
INFO:root:Epoch[5] Batch [350]	Speed: 5334.12 samples/sec	accuracy=0.791562
INFO:root:Epoch[5] Batch [400]	Speed: 5353.87 samples/sec	accuracy=0.798125
INFO:root:Epoch[5] Batch [450]	Speed: 5311.20 samples/sec	accuracy=0.792500
INFO:root:Epoch[5] Batch [500]	Speed: 5211.07 samples/sec	accuracy=0.815937
INFO:root:Epoch[5] Batch [550]	Speed: 5194.14 samples/sec	accuracy=0.799687
INFO:root:Epoch[5] Batch [600]	Speed: 5363.19 samples/sec	accuracy=0.805312
INFO:root:Epoch[5] Batch [650]	Speed: 4073.15 samples/sec	accuracy=0.805000
INFO:root:Epoch[5] Batch [700]	Speed: 4188.79 samples/sec	accuracy=0.808438
INFO:root:Epoch[5] Batch [750]	Speed: 4634.14 samples/sec	accuracy=0.792813
INFO:root:Epoch[5] Resetting Data Iterator
INFO:root:Epoch[5] Time cost=10.213
INFO:root:Saved checkpoint to "model/resnet-cifar10-20-0-0006.params"
INFO:root:Epoch[5] Validation-accuracy=0.775677
INFO:root:Epoch[6] Batch [50]	Speed: 4573.28 samples/sec	accuracy=0.793750
INFO:root:Epoch[6] Batch [100]	Speed: 4656.14 samples/sec	accuracy=0.813438
INFO:root:Epoch[6] Batch [150]	Speed: 4891.71 samples/sec	accuracy=0.801875
INFO:root:Epoch[6] Batch [200]	Speed: 4626.14 samples/sec	accuracy=0.800625
INFO:root:Epoch[6] Batch [250]	Speed: 4324.79 samples/sec	accuracy=0.820625
INFO:root:Epoch[6] Batch [300]	Speed: 4262.05 samples/sec	accuracy=0.821562
INFO:root:Epoch[6] Batch [350]	Speed: 4084.04 samples/sec	accuracy=0.806250
INFO:root:Epoch[6] Batch [400]	Speed: 4510.85 samples/sec	accuracy=0.806875
INFO:root:Epoch[6] Batch [450]	Speed: 4584.32 samples/sec	accuracy=0.805000
INFO:root:Epoch[6] Batch [500]	Speed: 4925.37 samples/sec	accuracy=0.818125
INFO:root:Epoch[6] Batch [550]	Speed: 5032.72 samples/sec	accuracy=0.809688
INFO:root:Epoch[6] Batch [600]	Speed: 5390.64 samples/sec	accuracy=0.803438
INFO:root:Epoch[6] Batch [650]	Speed: 4696.80 samples/sec	accuracy=0.815625
INFO:root:Epoch[6] Batch [700]	Speed: 4900.12 samples/sec	accuracy=0.802188
INFO:root:Epoch[6] Batch [750]	Speed: 5333.53 samples/sec	accuracy=0.809688
INFO:root:Epoch[6] Resetting Data Iterator
INFO:root:Epoch[6] Time cost=10.680
INFO:root:Saved checkpoint to "model/resnet-cifar10-20-0-0007.params"
INFO:root:Epoch[6] Validation-accuracy=0.780951
INFO:root:Epoch[7] Batch [50]	Speed: 4127.36 samples/sec	accuracy=0.806875
INFO:root:Epoch[7] Batch [100]	Speed: 5091.50 samples/sec	accuracy=0.826250
INFO:root:Epoch[7] Batch [150]	Speed: 4998.55 samples/sec	accuracy=0.816250
INFO:root:Epoch[7] Batch [200]	Speed: 5125.67 samples/sec	accuracy=0.821562
INFO:root:Epoch[7] Batch [250]	Speed: 5237.64 samples/sec	accuracy=0.826562
INFO:root:Epoch[7] Batch [300]	Speed: 5404.36 samples/sec	accuracy=0.825000
INFO:root:Epoch[7] Batch [350]	Speed: 4931.07 samples/sec	accuracy=0.813125
INFO:root:Epoch[7] Batch [400]	Speed: 4683.64 samples/sec	accuracy=0.822187
INFO:root:Epoch[7] Batch [450]	Speed: 4575.85 samples/sec	accuracy=0.814063
INFO:root:Epoch[7] Batch [500]	Speed: 4642.73 samples/sec	accuracy=0.821875
INFO:root:Epoch[7] Batch [550]	Speed: 4999.80 samples/sec	accuracy=0.825625
INFO:root:Epoch[7] Batch [600]	Speed: 4625.29 samples/sec	accuracy=0.835000
INFO:root:Epoch[7] Batch [650]	Speed: 4901.91 samples/sec	accuracy=0.815625
INFO:root:Epoch[7] Batch [700]	Speed: 4899.41 samples/sec	accuracy=0.813438
INFO:root:Epoch[7] Batch [750]	Speed: 4668.78 samples/sec	accuracy=0.824063
INFO:root:Epoch[7] Resetting Data Iterator
INFO:root:Epoch[7] Time cost=10.365
INFO:root:Saved checkpoint to "model/resnet-cifar10-20-0-0008.params"
INFO:root:Epoch[7] Validation-accuracy=0.804737
INFO:root:Epoch[8] Batch [50]	Speed: 4486.89 samples/sec	accuracy=0.822812
INFO:root:Epoch[8] Batch [100]	Speed: 4984.70 samples/sec	accuracy=0.826250
INFO:root:Epoch[8] Batch [150]	Speed: 4388.78 samples/sec	accuracy=0.844063
INFO:root:Epoch[8] Batch [200]	Speed: 4348.43 samples/sec	accuracy=0.816250
INFO:root:Epoch[8] Batch [250]	Speed: 4262.06 samples/sec	accuracy=0.820937
INFO:root:Epoch[8] Batch [300]	Speed: 4997.73 samples/sec	accuracy=0.833125
INFO:root:Epoch[8] Batch [350]	Speed: 4375.83 samples/sec	accuracy=0.823438
INFO:root:Epoch[8] Batch [400]	Speed: 4575.90 samples/sec	accuracy=0.829063
INFO:root:Epoch[8] Batch [450]	Speed: 4389.09 samples/sec	accuracy=0.817813
INFO:root:Epoch[8] Batch [500]	Speed: 4619.54 samples/sec	accuracy=0.836875
INFO:root:Epoch[8] Batch [550]	Speed: 4211.51 samples/sec	accuracy=0.826875
INFO:root:Epoch[8] Batch [600]	Speed: 4740.02 samples/sec	accuracy=0.816875
INFO:root:Epoch[8] Batch [650]	Speed: 4840.84 samples/sec	accuracy=0.830313
INFO:root:Epoch[8] Batch [700]	Speed: 4885.60 samples/sec	accuracy=0.841562
INFO:root:Epoch[8] Batch [750]	Speed: 5286.98 samples/sec	accuracy=0.821875
INFO:root:Epoch[8] Resetting Data Iterator
INFO:root:Epoch[8] Time cost=10.834
INFO:root:Saved checkpoint to "model/resnet-cifar10-20-0-0009.params"
INFO:root:Epoch[8] Validation-accuracy=0.812500
INFO:root:Epoch[9] Batch [50]	Speed: 4342.00 samples/sec	accuracy=0.818750
INFO:root:Epoch[9] Batch [100]	Speed: 4414.45 samples/sec	accuracy=0.840000
INFO:root:Epoch[9] Batch [150]	Speed: 4167.74 samples/sec	accuracy=0.837500
INFO:root:Epoch[9] Batch [200]	Speed: 5051.65 samples/sec	accuracy=0.839063
INFO:root:Epoch[9] Batch [250]	Speed: 4958.87 samples/sec	accuracy=0.820937
INFO:root:Epoch[9] Batch [300]	Speed: 5137.98 samples/sec	accuracy=0.848125
INFO:root:Epoch[9] Batch [350]	Speed: 3936.67 samples/sec	accuracy=0.826250
INFO:root:Epoch[9] Batch [400]	Speed: 4937.37 samples/sec	accuracy=0.832812
INFO:root:Epoch[9] Batch [450]	Speed: 4483.11 samples/sec	accuracy=0.834688
INFO:root:Epoch[9] Batch [500]	Speed: 4478.18 samples/sec	accuracy=0.837500
INFO:root:Epoch[9] Batch [550]	Speed: 5381.49 samples/sec	accuracy=0.847187
INFO:root:Epoch[9] Batch [600]	Speed: 5329.43 samples/sec	accuracy=0.835625
INFO:root:Epoch[9] Batch [650]	Speed: 5385.83 samples/sec	accuracy=0.832187
INFO:root:Epoch[9] Batch [700]	Speed: 5317.67 samples/sec	accuracy=0.845313
INFO:root:Epoch[9] Batch [750]	Speed: 3934.82 samples/sec	accuracy=0.853750
INFO:root:Epoch[9] Resetting Data Iterator
INFO:root:Epoch[9] Time cost=10.679
INFO:root:Saved checkpoint to "model/resnet-cifar10-20-0-0010.params"
INFO:root:Epoch[9] Validation-accuracy=0.789510
INFO:root:Epoch[10] Batch [50]	Speed: 4980.24 samples/sec	accuracy=0.841250
INFO:root:Epoch[10] Batch [100]	Speed: 5322.12 samples/sec	accuracy=0.838437
INFO:root:Epoch[10] Batch [150]	Speed: 4848.00 samples/sec	accuracy=0.850000
INFO:root:Epoch[10] Batch [200]	Speed: 4926.22 samples/sec	accuracy=0.839688
INFO:root:Epoch[10] Batch [250]	Speed: 4534.59 samples/sec	accuracy=0.836875
INFO:root:Epoch[10] Batch [300]	Speed: 4780.43 samples/sec	accuracy=0.837187
INFO:root:Epoch[10] Batch [350]	Speed: 4597.39 samples/sec	accuracy=0.842812
INFO:root:Epoch[10] Batch [400]	Speed: 4630.57 samples/sec	accuracy=0.839063
INFO:root:Epoch[10] Batch [450]	Speed: 4327.88 samples/sec	accuracy=0.833750
INFO:root:Epoch[10] Batch [500]	Speed: 3924.87 samples/sec	accuracy=0.846562
INFO:root:Epoch[10] Batch [550]	Speed: 5395.89 samples/sec	accuracy=0.850625
INFO:root:Epoch[10] Batch [600]	Speed: 5247.26 samples/sec	accuracy=0.845000
INFO:root:Epoch[10] Batch [650]	Speed: 5203.36 samples/sec	accuracy=0.836875
INFO:root:Epoch[10] Batch [700]	Speed: 5335.62 samples/sec	accuracy=0.850938
INFO:root:Epoch[10] Batch [750]	Speed: 5246.55 samples/sec	accuracy=0.854688
INFO:root:Epoch[10] Resetting Data Iterator
INFO:root:Epoch[10] Time cost=10.294
INFO:root:Saved checkpoint to "model/resnet-cifar10-20-0-0011.params"
INFO:root:Epoch[10] Validation-accuracy=0.817675
INFO:root:Epoch[11] Batch [50]	Speed: 4792.10 samples/sec	accuracy=0.848437
INFO:root:Epoch[11] Batch [100]	Speed: 5170.96 samples/sec	accuracy=0.852187
INFO:root:Epoch[11] Batch [150]	Speed: 4476.06 samples/sec	accuracy=0.835625
INFO:root:Epoch[11] Batch [200]	Speed: 4370.61 samples/sec	accuracy=0.833750
INFO:root:Epoch[11] Batch [250]	Speed: 3810.41 samples/sec	accuracy=0.846875
INFO:root:Epoch[11] Batch [300]	Speed: 5293.47 samples/sec	accuracy=0.847812
INFO:root:Epoch[11] Batch [350]	Speed: 5367.79 samples/sec	accuracy=0.844063
INFO:root:Epoch[11] Batch [400]	Speed: 4830.33 samples/sec	accuracy=0.846250
INFO:root:Epoch[11] Batch [450]	Speed: 4778.64 samples/sec	accuracy=0.838437
INFO:root:Epoch[11] Batch [500]	Speed: 4780.94 samples/sec	accuracy=0.848750
INFO:root:Epoch[11] Batch [550]	Speed: 4856.04 samples/sec	accuracy=0.848750
INFO:root:Epoch[11] Batch [600]	Speed: 5254.57 samples/sec	accuracy=0.850000
INFO:root:Epoch[11] Batch [650]	Speed: 4504.08 samples/sec	accuracy=0.843437
INFO:root:Epoch[11] Batch [700]	Speed: 5375.08 samples/sec	accuracy=0.841250
INFO:root:Epoch[11] Batch [750]	Speed: 4945.68 samples/sec	accuracy=0.848437
INFO:root:Epoch[11] Resetting Data Iterator
INFO:root:Epoch[11] Time cost=10.423
INFO:root:Saved checkpoint to "model/resnet-cifar10-20-0-0012.params"
INFO:root:Epoch[11] Validation-accuracy=0.804638
INFO:root:Epoch[12] Batch [50]	Speed: 3620.08 samples/sec	accuracy=0.845938
INFO:root:Epoch[12] Batch [100]	Speed: 4728.73 samples/sec	accuracy=0.857187
INFO:root:Epoch[12] Batch [150]	Speed: 5051.73 samples/sec	accuracy=0.859688
INFO:root:Epoch[12] Batch [200]	Speed: 4922.73 samples/sec	accuracy=0.848750
INFO:root:Epoch[12] Batch [250]	Speed: 4237.98 samples/sec	accuracy=0.857812
INFO:root:Epoch[12] Batch [300]	Speed: 4812.52 samples/sec	accuracy=0.853750
INFO:root:Epoch[12] Batch [350]	Speed: 4041.93 samples/sec	accuracy=0.849688
INFO:root:Epoch[12] Batch [400]	Speed: 4431.83 samples/sec	accuracy=0.853750
INFO:root:Epoch[12] Batch [450]	Speed: 4493.23 samples/sec	accuracy=0.846250
INFO:root:Epoch[12] Batch [500]	Speed: 5095.17 samples/sec	accuracy=0.848437
INFO:root:Epoch[12] Batch [550]	Speed: 4450.15 samples/sec	accuracy=0.851250
INFO:root:Epoch[12] Batch [600]	Speed: 5392.82 samples/sec	accuracy=0.861250
INFO:root:Epoch[12] Batch [650]	Speed: 4318.65 samples/sec	accuracy=0.854062
INFO:root:Epoch[12] Batch [700]	Speed: 3913.40 samples/sec	accuracy=0.856563
INFO:root:Epoch[12] Batch [750]	Speed: 5087.33 samples/sec	accuracy=0.853125
INFO:root:Epoch[12] Resetting Data Iterator
INFO:root:Epoch[12] Time cost=11.062
INFO:root:Saved checkpoint to "model/resnet-cifar10-20-0-0013.params"
INFO:root:Epoch[12] Validation-accuracy=0.830912
INFO:root:Epoch[13] Batch [50]	Speed: 3991.29 samples/sec	accuracy=0.849688
INFO:root:Epoch[13] Batch [100]	Speed: 3759.52 samples/sec	accuracy=0.852500
INFO:root:Epoch[13] Batch [150]	Speed: 4359.48 samples/sec	accuracy=0.855000
INFO:root:Epoch[13] Batch [200]	Speed: 4964.26 samples/sec	accuracy=0.848437
INFO:root:Epoch[13] Batch [250]	Speed: 4964.67 samples/sec	accuracy=0.856875
INFO:root:Epoch[13] Batch [300]	Speed: 4680.01 samples/sec	accuracy=0.858125
INFO:root:Epoch[13] Batch [350]	Speed: 4134.33 samples/sec	accuracy=0.852187
INFO:root:Epoch[13] Batch [400]	Speed: 4486.30 samples/sec	accuracy=0.851562
INFO:root:Epoch[13] Batch [450]	Speed: 4436.78 samples/sec	accuracy=0.855000
INFO:root:Epoch[13] Batch [500]	Speed: 4060.71 samples/sec	accuracy=0.868125
INFO:root:Epoch[13] Batch [550]	Speed: 4917.95 samples/sec	accuracy=0.853125
INFO:root:Epoch[13] Batch [600]	Speed: 5308.70 samples/sec	accuracy=0.846250
INFO:root:Epoch[13] Batch [650]	Speed: 4243.27 samples/sec	accuracy=0.849688
INFO:root:Epoch[13] Batch [700]	Speed: 5015.10 samples/sec	accuracy=0.860313
INFO:root:Epoch[13] Batch [750]	Speed: 5244.41 samples/sec	accuracy=0.849688
INFO:root:Epoch[13] Resetting Data Iterator
INFO:root:Epoch[13] Time cost=11.013
INFO:root:Saved checkpoint to "model/resnet-cifar10-20-0-0014.params"
INFO:root:Epoch[13] Validation-accuracy=0.827329
INFO:root:Epoch[14] Batch [50]	Speed: 4694.63 samples/sec	accuracy=0.867500
INFO:root:Epoch[14] Batch [100]	Speed: 4258.44 samples/sec	accuracy=0.863750
INFO:root:Epoch[14] Batch [150]	Speed: 4566.49 samples/sec	accuracy=0.870938
INFO:root:Epoch[14] Batch [200]	Speed: 4524.98 samples/sec	accuracy=0.849375
INFO:root:Epoch[14] Batch [250]	Speed: 4632.53 samples/sec	accuracy=0.854688
INFO:root:Epoch[14] Batch [300]	Speed: 4453.50 samples/sec	accuracy=0.865625
INFO:root:Epoch[14] Batch [350]	Speed: 4154.87 samples/sec	accuracy=0.856563
INFO:root:Epoch[14] Batch [400]	Speed: 5307.29 samples/sec	accuracy=0.847812
INFO:root:Epoch[14] Batch [450]	Speed: 5112.41 samples/sec	accuracy=0.858437
INFO:root:Epoch[14] Batch [500]	Speed: 4852.63 samples/sec	accuracy=0.863750
INFO:root:Epoch[14] Batch [550]	Speed: 5361.66 samples/sec	accuracy=0.855938
INFO:root:Epoch[14] Batch [600]	Speed: 5286.97 samples/sec	accuracy=0.866875
INFO:root:Epoch[14] Batch [650]	Speed: 4383.05 samples/sec	accuracy=0.867188
INFO:root:Epoch[14] Batch [700]	Speed: 5174.17 samples/sec	accuracy=0.868750
INFO:root:Epoch[14] Batch [750]	Speed: 4788.77 samples/sec	accuracy=0.862500
INFO:root:Epoch[14] Resetting Data Iterator
INFO:root:Epoch[14] Time cost=10.533
INFO:root:Saved checkpoint to "model/resnet-cifar10-20-0-0015.params"
INFO:root:Epoch[14] Validation-accuracy=0.824244
INFO:root:Epoch[15] Batch [50]	Speed: 3526.11 samples/sec	accuracy=0.858125
INFO:root:Epoch[15] Batch [100]	Speed: 4450.38 samples/sec	accuracy=0.861875
INFO:root:Epoch[15] Batch [150]	Speed: 4954.99 samples/sec	accuracy=0.866250
INFO:root:Epoch[15] Batch [200]	Speed: 4707.05 samples/sec	accuracy=0.860938
INFO:root:Epoch[15] Batch [250]	Speed: 4620.86 samples/sec	accuracy=0.862187
INFO:root:Epoch[15] Batch [300]	Speed: 4961.56 samples/sec	accuracy=0.871875
INFO:root:Epoch[15] Batch [350]	Speed: 4689.78 samples/sec	accuracy=0.854688
INFO:root:Epoch[15] Batch [400]	Speed: 4650.83 samples/sec	accuracy=0.862812
INFO:root:Epoch[15] Batch [450]	Speed: 4832.51 samples/sec	accuracy=0.867500
INFO:root:Epoch[15] Batch [500]	Speed: 4341.32 samples/sec	accuracy=0.880938
INFO:root:Epoch[15] Batch [550]	Speed: 4728.30 samples/sec	accuracy=0.865000
INFO:root:Epoch[15] Batch [600]	Speed: 5251.31 samples/sec	accuracy=0.871250
INFO:root:Epoch[15] Batch [650]	Speed: 4943.58 samples/sec	accuracy=0.861250
INFO:root:Epoch[15] Batch [700]	Speed: 5304.84 samples/sec	accuracy=0.860625
INFO:root:Epoch[15] Batch [750]	Speed: 4761.88 samples/sec	accuracy=0.873750
INFO:root:Epoch[15] Resetting Data Iterator
INFO:root:Epoch[15] Time cost=10.691
INFO:root:Saved checkpoint to "model/resnet-cifar10-20-0-0016.params"
INFO:root:Epoch[15] Validation-accuracy=0.810311
INFO:root:Epoch[16] Batch [50]	Speed: 4487.54 samples/sec	accuracy=0.861563
INFO:root:Epoch[16] Batch [100]	Speed: 4499.97 samples/sec	accuracy=0.865938
INFO:root:Epoch[16] Batch [150]	Speed: 5277.24 samples/sec	accuracy=0.864375
INFO:root:Epoch[16] Batch [200]	Speed: 4081.85 samples/sec	accuracy=0.858750
INFO:root:Epoch[16] Batch [250]	Speed: 4810.03 samples/sec	accuracy=0.861250
INFO:root:Epoch[16] Batch [300]	Speed: 5060.86 samples/sec	accuracy=0.882500
INFO:root:Epoch[16] Batch [350]	Speed: 5364.39 samples/sec	accuracy=0.866875
INFO:root:Epoch[16] Batch [400]	Speed: 5181.77 samples/sec	accuracy=0.869375
INFO:root:Epoch[16] Batch [450]	Speed: 5009.54 samples/sec	accuracy=0.855000
INFO:root:Epoch[16] Batch [500]	Speed: 3654.16 samples/sec	accuracy=0.863125
INFO:root:Epoch[16] Batch [550]	Speed: 5123.84 samples/sec	accuracy=0.867500
INFO:root:Epoch[16] Batch [600]	Speed: 5084.90 samples/sec	accuracy=0.869062
INFO:root:Epoch[16] Batch [650]	Speed: 5338.59 samples/sec	accuracy=0.864375
INFO:root:Epoch[16] Batch [700]	Speed: 4687.28 samples/sec	accuracy=0.865313
INFO:root:Epoch[16] Batch [750]	Speed: 4290.91 samples/sec	accuracy=0.868750
INFO:root:Epoch[16] Resetting Data Iterator
INFO:root:Epoch[16] Time cost=10.546
INFO:root:Saved checkpoint to "model/resnet-cifar10-20-0-0017.params"
INFO:root:Epoch[16] Validation-accuracy=0.822751
INFO:root:Epoch[17] Batch [50]	Speed: 4652.64 samples/sec	accuracy=0.862812
INFO:root:Epoch[17] Batch [100]	Speed: 4216.78 samples/sec	accuracy=0.878437
INFO:root:Epoch[17] Batch [150]	Speed: 4054.81 samples/sec	accuracy=0.870938
INFO:root:Epoch[17] Batch [200]	Speed: 4816.80 samples/sec	accuracy=0.866875
INFO:root:Epoch[17] Batch [250]	Speed: 4808.59 samples/sec	accuracy=0.873437
INFO:root:Epoch[17] Batch [300]	Speed: 5001.56 samples/sec	accuracy=0.867188
INFO:root:Epoch[17] Batch [350]	Speed: 4582.26 samples/sec	accuracy=0.871563
INFO:root:Epoch[17] Batch [400]	Speed: 4888.88 samples/sec	accuracy=0.865000
INFO:root:Epoch[17] Batch [450]	Speed: 4707.18 samples/sec	accuracy=0.867500
INFO:root:Epoch[17] Batch [500]	Speed: 4971.57 samples/sec	accuracy=0.868750
INFO:root:Epoch[17] Batch [550]	Speed: 3672.22 samples/sec	accuracy=0.872188
INFO:root:Epoch[17] Batch [600]	Speed: 4666.33 samples/sec	accuracy=0.862500
INFO:root:Epoch[17] Batch [650]	Speed: 4704.26 samples/sec	accuracy=0.880625
INFO:root:Epoch[17] Batch [700]	Speed: 5034.89 samples/sec	accuracy=0.865313
INFO:root:Epoch[17] Batch [750]	Speed: 4978.67 samples/sec	accuracy=0.878750
INFO:root:Epoch[17] Resetting Data Iterator
INFO:root:Epoch[17] Time cost=10.808
INFO:root:Saved checkpoint to "model/resnet-cifar10-20-0-0018.params"
INFO:root:Epoch[17] Validation-accuracy=0.817377
INFO:root:Epoch[18] Batch [50]	Speed: 4465.25 samples/sec	accuracy=0.869062
INFO:root:Epoch[18] Batch [100]	Speed: 5168.78 samples/sec	accuracy=0.875000
INFO:root:Epoch[18] Batch [150]	Speed: 5392.56 samples/sec	accuracy=0.880313
INFO:root:Epoch[18] Batch [200]	Speed: 4576.35 samples/sec	accuracy=0.869375
INFO:root:Epoch[18] Batch [250]	Speed: 4567.82 samples/sec	accuracy=0.853437
INFO:root:Epoch[18] Batch [300]	Speed: 4565.36 samples/sec	accuracy=0.877188
INFO:root:Epoch[18] Batch [350]	Speed: 4957.18 samples/sec	accuracy=0.876875
INFO:root:Epoch[18] Batch [400]	Speed: 4650.41 samples/sec	accuracy=0.867812
INFO:root:Epoch[18] Batch [450]	Speed: 4637.83 samples/sec	accuracy=0.867500
INFO:root:Epoch[18] Batch [500]	Speed: 4815.32 samples/sec	accuracy=0.871563
INFO:root:Epoch[18] Batch [550]	Speed: 4680.31 samples/sec	accuracy=0.890625
INFO:root:Epoch[18] Batch [600]	Speed: 3010.19 samples/sec	accuracy=0.868437
INFO:root:Epoch[18] Batch [650]	Speed: 5292.20 samples/sec	accuracy=0.872188
INFO:root:Epoch[18] Batch [700]	Speed: 4588.71 samples/sec	accuracy=0.879375
INFO:root:Epoch[18] Batch [750]	Speed: 5257.53 samples/sec	accuracy=0.870625
INFO:root:Epoch[18] Resetting Data Iterator
INFO:root:Epoch[18] Time cost=10.846
INFO:root:Saved checkpoint to "model/resnet-cifar10-20-0-0019.params"
INFO:root:Epoch[18] Validation-accuracy=0.819168
INFO:root:Epoch[19] Batch [50]	Speed: 4669.10 samples/sec	accuracy=0.867500
INFO:root:Epoch[19] Batch [100]	Speed: 4333.44 samples/sec	accuracy=0.890625
INFO:root:Epoch[19] Batch [150]	Speed: 5017.79 samples/sec	accuracy=0.876250
INFO:root:Epoch[19] Batch [200]	Speed: 5120.85 samples/sec	accuracy=0.873750
INFO:root:Epoch[19] Batch [250]	Speed: 4661.15 samples/sec	accuracy=0.865000
INFO:root:Epoch[19] Batch [300]	Speed: 4820.81 samples/sec	accuracy=0.879062
INFO:root:Epoch[19] Batch [350]	Speed: 4582.54 samples/sec	accuracy=0.870313
INFO:root:Epoch[19] Batch [400]	Speed: 4670.16 samples/sec	accuracy=0.867188
INFO:root:Epoch[19] Batch [450]	Speed: 5224.22 samples/sec	accuracy=0.865625
INFO:root:Epoch[19] Batch [500]	Speed: 4313.59 samples/sec	accuracy=0.871875
INFO:root:Epoch[19] Batch [550]	Speed: 4730.32 samples/sec	accuracy=0.882188
INFO:root:Epoch[19] Batch [600]	Speed: 4176.49 samples/sec	accuracy=0.859688
INFO:root:Epoch[19] Batch [650]	Speed: 4959.69 samples/sec	accuracy=0.880938
INFO:root:Epoch[19] Batch [700]	Speed: 4410.05 samples/sec	accuracy=0.883750
INFO:root:Epoch[19] Batch [750]	Speed: 4640.52 samples/sec	accuracy=0.881875
INFO:root:Epoch[19] Resetting Data Iterator
INFO:root:Epoch[19] Time cost=10.730
INFO:root:Saved checkpoint to "model/resnet-cifar10-20-0-0020.params"
INFO:root:Epoch[19] Validation-accuracy=0.833599
INFO:root:Epoch[20] Batch [50]	Speed: 3763.91 samples/sec	accuracy=0.876875
INFO:root:Epoch[20] Batch [100]	Speed: 4713.58 samples/sec	accuracy=0.891875
INFO:root:Epoch[20] Batch [150]	Speed: 4545.25 samples/sec	accuracy=0.875313
INFO:root:Epoch[20] Batch [200]	Speed: 4851.78 samples/sec	accuracy=0.870938
INFO:root:Epoch[20] Batch [250]	Speed: 4723.73 samples/sec	accuracy=0.877188
INFO:root:Epoch[20] Batch [300]	Speed: 4395.12 samples/sec	accuracy=0.876250
INFO:root:Epoch[20] Batch [350]	Speed: 4855.84 samples/sec	accuracy=0.875313
INFO:root:Epoch[20] Batch [400]	Speed: 4347.43 samples/sec	accuracy=0.866563
INFO:root:Epoch[20] Batch [450]	Speed: 4730.78 samples/sec	accuracy=0.872812
INFO:root:Epoch[20] Batch [500]	Speed: 5238.35 samples/sec	accuracy=0.876563
INFO:root:Epoch[20] Batch [550]	Speed: 3230.89 samples/sec	accuracy=0.878750
INFO:root:Epoch[20] Batch [600]	Speed: 4751.06 samples/sec	accuracy=0.879375
INFO:root:Epoch[20] Batch [650]	Speed: 4906.16 samples/sec	accuracy=0.874062
INFO:root:Epoch[20] Batch [700]	Speed: 5283.92 samples/sec	accuracy=0.877500
INFO:root:Epoch[20] Batch [750]	Speed: 4266.89 samples/sec	accuracy=0.884062
INFO:root:Epoch[20] Resetting Data Iterator
INFO:root:Epoch[20] Time cost=11.110
INFO:root:Saved checkpoint to "model/resnet-cifar10-20-0-0021.params"
INFO:root:Epoch[20] Validation-accuracy=0.828424
INFO:root:Epoch[21] Batch [50]	Speed: 4159.73 samples/sec	accuracy=0.869062
INFO:root:Epoch[21] Batch [100]	Speed: 4712.76 samples/sec	accuracy=0.869375
INFO:root:Epoch[21] Batch [150]	Speed: 5306.67 samples/sec	accuracy=0.884062
INFO:root:Epoch[21] Batch [200]	Speed: 5371.17 samples/sec	accuracy=0.883437
INFO:root:Epoch[21] Batch [250]	Speed: 3719.03 samples/sec	accuracy=0.872188
INFO:root:Epoch[21] Batch [300]	Speed: 4986.59 samples/sec	accuracy=0.875000
INFO:root:Epoch[21] Batch [350]	Speed: 4419.68 samples/sec	accuracy=0.880625
INFO:root:Epoch[21] Batch [400]	Speed: 4526.76 samples/sec	accuracy=0.879375
INFO:root:Epoch[21] Batch [450]	Speed: 4843.03 samples/sec	accuracy=0.872500
INFO:root:Epoch[21] Batch [500]	Speed: 5296.68 samples/sec	accuracy=0.882188
INFO:root:Epoch[21] Batch [550]	Speed: 4766.65 samples/sec	accuracy=0.886250
INFO:root:Epoch[21] Batch [600]	Speed: 4563.65 samples/sec	accuracy=0.871563
INFO:root:Epoch[21] Batch [650]	Speed: 4750.06 samples/sec	accuracy=0.880313
INFO:root:Epoch[21] Batch [700]	Speed: 4474.88 samples/sec	accuracy=0.881250
INFO:root:Epoch[21] Batch [750]	Speed: 5136.57 samples/sec	accuracy=0.895312
INFO:root:Epoch[21] Resetting Data Iterator
INFO:root:Epoch[21] Time cost=10.668
INFO:root:Saved checkpoint to "model/resnet-cifar10-20-0-0022.params"
INFO:root:Epoch[21] Validation-accuracy=0.846039
INFO:root:Epoch[22] Batch [50]	Speed: 3932.74 samples/sec	accuracy=0.868750
INFO:root:Epoch[22] Batch [100]	Speed: 4662.81 samples/sec	accuracy=0.875000
INFO:root:Epoch[22] Batch [150]	Speed: 4685.47 samples/sec	accuracy=0.893437
INFO:root:Epoch[22] Batch [200]	Speed: 4689.21 samples/sec	accuracy=0.874062
INFO:root:Epoch[22] Batch [250]	Speed: 4700.15 samples/sec	accuracy=0.877188
INFO:root:Epoch[22] Batch [300]	Speed: 4552.61 samples/sec	accuracy=0.886875
INFO:root:Epoch[22] Batch [350]	Speed: 5175.76 samples/sec	accuracy=0.885625
INFO:root:Epoch[22] Batch [400]	Speed: 4061.54 samples/sec	accuracy=0.884062
INFO:root:Epoch[22] Batch [450]	Speed: 5140.00 samples/sec	accuracy=0.881250
INFO:root:Epoch[22] Batch [500]	Speed: 4755.93 samples/sec	accuracy=0.869687
INFO:root:Epoch[22] Batch [550]	Speed: 4576.20 samples/sec	accuracy=0.879687
INFO:root:Epoch[22] Batch [600]	Speed: 4580.65 samples/sec	accuracy=0.876563
INFO:root:Epoch[22] Batch [650]	Speed: 4799.41 samples/sec	accuracy=0.877188
INFO:root:Epoch[22] Batch [700]	Speed: 4843.27 samples/sec	accuracy=0.876875
INFO:root:Epoch[22] Batch [750]	Speed: 5057.40 samples/sec	accuracy=0.885625
INFO:root:Epoch[22] Resetting Data Iterator
INFO:root:Epoch[22] Time cost=10.927
INFO:root:Saved checkpoint to "model/resnet-cifar10-20-0-0023.params"
INFO:root:Epoch[22] Validation-accuracy=0.851911
INFO:root:Epoch[23] Batch [50]	Speed: 4636.41 samples/sec	accuracy=0.879375
INFO:root:Epoch[23] Batch [100]	Speed: 4445.90 samples/sec	accuracy=0.887500
INFO:root:Epoch[23] Batch [150]	Speed: 3775.16 samples/sec	accuracy=0.891250
INFO:root:Epoch[23] Batch [200]	Speed: 4523.97 samples/sec	accuracy=0.879375
INFO:root:Epoch[23] Batch [250]	Speed: 4452.10 samples/sec	accuracy=0.890625
INFO:root:Epoch[23] Batch [300]	Speed: 4255.65 samples/sec	accuracy=0.881563
INFO:root:Epoch[23] Batch [350]	Speed: 4467.36 samples/sec	accuracy=0.883750
INFO:root:Epoch[23] Batch [400]	Speed: 5226.35 samples/sec	accuracy=0.885938
INFO:root:Epoch[23] Batch [450]	Speed: 5417.48 samples/sec	accuracy=0.879687
INFO:root:Epoch[23] Batch [500]	Speed: 3095.04 samples/sec	accuracy=0.889687
INFO:root:Epoch[23] Batch [550]	Speed: 4567.18 samples/sec	accuracy=0.881875
INFO:root:Epoch[23] Batch [600]	Speed: 4562.83 samples/sec	accuracy=0.880625
INFO:root:Epoch[23] Batch [650]	Speed: 4283.10 samples/sec	accuracy=0.881250
INFO:root:Epoch[23] Batch [700]	Speed: 4670.22 samples/sec	accuracy=0.888750
INFO:root:Epoch[23] Batch [750]	Speed: 4624.16 samples/sec	accuracy=0.883750
INFO:root:Epoch[23] Resetting Data Iterator
INFO:root:Epoch[23] Time cost=11.316
INFO:root:Saved checkpoint to "model/resnet-cifar10-20-0-0024.params"
INFO:root:Epoch[23] Validation-accuracy=0.830314
INFO:root:Epoch[24] Batch [50]	Speed: 4373.73 samples/sec	accuracy=0.886250
INFO:root:Epoch[24] Batch [100]	Speed: 4716.10 samples/sec	accuracy=0.885312
INFO:root:Epoch[24] Batch [150]	Speed: 4690.71 samples/sec	accuracy=0.885938
INFO:root:Epoch[24] Batch [200]	Speed: 4045.59 samples/sec	accuracy=0.870625
INFO:root:Epoch[24] Batch [250]	Speed: 4999.80 samples/sec	accuracy=0.885625
INFO:root:Epoch[24] Batch [300]	Speed: 5115.53 samples/sec	accuracy=0.885938
INFO:root:Epoch[24] Batch [350]	Speed: 4398.12 samples/sec	accuracy=0.888125
INFO:root:Epoch[24] Batch [400]	Speed: 4808.31 samples/sec	accuracy=0.888437
INFO:root:Epoch[24] Batch [450]	Speed: 5252.14 samples/sec	accuracy=0.883437
INFO:root:Epoch[24] Batch [500]	Speed: 4754.94 samples/sec	accuracy=0.878750
INFO:root:Epoch[24] Batch [550]	Speed: 3979.96 samples/sec	accuracy=0.885938
INFO:root:Epoch[24] Batch [600]	Speed: 4557.36 samples/sec	accuracy=0.877812
INFO:root:Epoch[24] Batch [650]	Speed: 4951.13 samples/sec	accuracy=0.891250
INFO:root:Epoch[24] Batch [700]	Speed: 4878.66 samples/sec	accuracy=0.890625
INFO:root:Epoch[24] Batch [750]	Speed: 4567.07 samples/sec	accuracy=0.894062
INFO:root:Epoch[24] Resetting Data Iterator
INFO:root:Epoch[24] Time cost=10.832
INFO:root:Saved checkpoint to "model/resnet-cifar10-20-0-0025.params"
INFO:root:Epoch[24] Validation-accuracy=0.823049
INFO:root:Epoch[25] Batch [50]	Speed: 4348.95 samples/sec	accuracy=0.879687
INFO:root:Epoch[25] Batch [100]	Speed: 4702.82 samples/sec	accuracy=0.887813
INFO:root:Epoch[25] Batch [150]	Speed: 4423.68 samples/sec	accuracy=0.887188
INFO:root:Epoch[25] Batch [200]	Speed: 4660.48 samples/sec	accuracy=0.885625
INFO:root:Epoch[25] Batch [250]	Speed: 4427.78 samples/sec	accuracy=0.887500
INFO:root:Epoch[25] Batch [300]	Speed: 4665.36 samples/sec	accuracy=0.887188
INFO:root:Epoch[25] Batch [350]	Speed: 4597.51 samples/sec	accuracy=0.896250
INFO:root:Epoch[25] Batch [400]	Speed: 4202.39 samples/sec	accuracy=0.886875
INFO:root:Epoch[25] Batch [450]	Speed: 4626.87 samples/sec	accuracy=0.884062
INFO:root:Epoch[25] Batch [500]	Speed: 4719.79 samples/sec	accuracy=0.877500
INFO:root:Epoch[25] Batch [550]	Speed: 4548.78 samples/sec	accuracy=0.887813
INFO:root:Epoch[25] Batch [600]	Speed: 4546.46 samples/sec	accuracy=0.882812
INFO:root:Epoch[25] Batch [650]	Speed: 4596.24 samples/sec	accuracy=0.885312
INFO:root:Epoch[25] Batch [700]	Speed: 4471.39 samples/sec	accuracy=0.884062
INFO:root:Epoch[25] Batch [750]	Speed: 4302.32 samples/sec	accuracy=0.887188
INFO:root:Epoch[25] Resetting Data Iterator
INFO:root:Epoch[25] Time cost=11.105
INFO:root:Saved checkpoint to "model/resnet-cifar10-20-0-0026.params"
INFO:root:Epoch[25] Validation-accuracy=0.818173
INFO:root:Epoch[26] Batch [50]	Speed: 4527.26 samples/sec	accuracy=0.890938
INFO:root:Epoch[26] Batch [100]	Speed: 4495.00 samples/sec	accuracy=0.888125
INFO:root:Epoch[26] Batch [150]	Speed: 5070.61 samples/sec	accuracy=0.890938
INFO:root:Epoch[26] Batch [200]	Speed: 4660.73 samples/sec	accuracy=0.884375
INFO:root:Epoch[26] Batch [250]	Speed: 4511.22 samples/sec	accuracy=0.876250
INFO:root:Epoch[26] Batch [300]	Speed: 4892.24 samples/sec	accuracy=0.881875
INFO:root:Epoch[26] Batch [350]	Speed: 4628.11 samples/sec	accuracy=0.881250
INFO:root:Epoch[26] Batch [400]	Speed: 4580.45 samples/sec	accuracy=0.878750
INFO:root:Epoch[26] Batch [450]	Speed: 4962.46 samples/sec	accuracy=0.876875
INFO:root:Epoch[26] Batch [500]	Speed: 4572.41 samples/sec	accuracy=0.877500
INFO:root:Epoch[26] Batch [550]	Speed: 4303.52 samples/sec	accuracy=0.892813
INFO:root:Epoch[26] Batch [600]	Speed: 4908.01 samples/sec	accuracy=0.886875
INFO:root:Epoch[26] Batch [650]	Speed: 5254.39 samples/sec	accuracy=0.895625
INFO:root:Epoch[26] Batch [700]	Speed: 4575.18 samples/sec	accuracy=0.892500
INFO:root:Epoch[26] Batch [750]	Speed: 4322.50 samples/sec	accuracy=0.886563
INFO:root:Epoch[26] Resetting Data Iterator
INFO:root:Epoch[26] Time cost=10.748
INFO:root:Saved checkpoint to "model/resnet-cifar10-20-0-0027.params"
INFO:root:Epoch[26] Validation-accuracy=0.843750
INFO:root:Epoch[27] Batch [50]	Speed: 4139.94 samples/sec	accuracy=0.888437
INFO:root:Epoch[27] Batch [100]	Speed: 4162.66 samples/sec	accuracy=0.890312
INFO:root:Epoch[27] Batch [150]	Speed: 4805.90 samples/sec	accuracy=0.894375
INFO:root:Epoch[27] Batch [200]	Speed: 4838.21 samples/sec	accuracy=0.881250
INFO:root:Epoch[27] Batch [250]	Speed: 4674.82 samples/sec	accuracy=0.888750
INFO:root:Epoch[27] Batch [300]	Speed: 4645.33 samples/sec	accuracy=0.887500
INFO:root:Epoch[27] Batch [350]	Speed: 4475.83 samples/sec	accuracy=0.893750
INFO:root:Epoch[27] Batch [400]	Speed: 4641.66 samples/sec	accuracy=0.887813
INFO:root:Epoch[27] Batch [450]	Speed: 4771.80 samples/sec	accuracy=0.889687
INFO:root:Epoch[27] Batch [500]	Speed: 5368.18 samples/sec	accuracy=0.891875
INFO:root:Epoch[27] Batch [550]	Speed: 5300.65 samples/sec	accuracy=0.893437
INFO:root:Epoch[27] Batch [600]	Speed: 4641.62 samples/sec	accuracy=0.886563
INFO:root:Epoch[27] Batch [650]	Speed: 4779.23 samples/sec	accuracy=0.888437
INFO:root:Epoch[27] Batch [700]	Speed: 4475.25 samples/sec	accuracy=0.893125
INFO:root:Epoch[27] Batch [750]	Speed: 5013.47 samples/sec	accuracy=0.889375
INFO:root:Epoch[27] Resetting Data Iterator
INFO:root:Epoch[27] Time cost=10.659
INFO:root:Saved checkpoint to "model/resnet-cifar10-20-0-0028.params"
INFO:root:Epoch[27] Validation-accuracy=0.848328
INFO:root:Epoch[28] Batch [50]	Speed: 4105.71 samples/sec	accuracy=0.883125
INFO:root:Epoch[28] Batch [100]	Speed: 4212.19 samples/sec	accuracy=0.891563
INFO:root:Epoch[28] Batch [150]	Speed: 4673.61 samples/sec	accuracy=0.902813
INFO:root:Epoch[28] Batch [200]	Speed: 3363.63 samples/sec	accuracy=0.884687
INFO:root:Epoch[28] Batch [250]	Speed: 4755.64 samples/sec	accuracy=0.877812
INFO:root:Epoch[28] Batch [300]	Speed: 4679.31 samples/sec	accuracy=0.890625
INFO:root:Epoch[28] Batch [350]	Speed: 5202.92 samples/sec	accuracy=0.880000
INFO:root:Epoch[28] Batch [400]	Speed: 4712.88 samples/sec	accuracy=0.886250
INFO:root:Epoch[28] Batch [450]	Speed: 5050.32 samples/sec	accuracy=0.878125
INFO:root:Epoch[28] Batch [500]	Speed: 5035.20 samples/sec	accuracy=0.895312
INFO:root:Epoch[28] Batch [550]	Speed: 5299.71 samples/sec	accuracy=0.898750
INFO:root:Epoch[28] Batch [600]	Speed: 5040.88 samples/sec	accuracy=0.882188
INFO:root:Epoch[28] Batch [650]	Speed: 4482.57 samples/sec	accuracy=0.888437
INFO:root:Epoch[28] Batch [700]	Speed: 4484.83 samples/sec	accuracy=0.897500
INFO:root:Epoch[28] Batch [750]	Speed: 4523.02 samples/sec	accuracy=0.883125
INFO:root:Epoch[28] Resetting Data Iterator
INFO:root:Epoch[28] Time cost=10.907
INFO:root:Saved checkpoint to "model/resnet-cifar10-20-0-0029.params"
INFO:root:Epoch[28] Validation-accuracy=0.831608
INFO:root:Epoch[29] Batch [50]	Speed: 3762.71 samples/sec	accuracy=0.875625
INFO:root:Epoch[29] Batch [100]	Speed: 4889.37 samples/sec	accuracy=0.891563
INFO:root:Epoch[29] Batch [150]	Speed: 4847.57 samples/sec	accuracy=0.882812
INFO:root:Epoch[29] Batch [200]	Speed: 4945.64 samples/sec	accuracy=0.882812
INFO:root:Epoch[29] Batch [250]	Speed: 5106.84 samples/sec	accuracy=0.882188
INFO:root:Epoch[29] Batch [300]	Speed: 4791.23 samples/sec	accuracy=0.895312
INFO:root:Epoch[29] Batch [350]	Speed: 4274.93 samples/sec	accuracy=0.889062
INFO:root:Epoch[29] Batch [400]	Speed: 4561.09 samples/sec	accuracy=0.871250
INFO:root:Epoch[29] Batch [450]	Speed: 4786.66 samples/sec	accuracy=0.870000
INFO:root:Epoch[29] Batch [500]	Speed: 5216.85 samples/sec	accuracy=0.888125
INFO:root:Epoch[29] Batch [550]	Speed: 4973.18 samples/sec	accuracy=0.887188
INFO:root:Epoch[29] Batch [600]	Speed: 4415.32 samples/sec	accuracy=0.893437
INFO:root:Epoch[29] Batch [650]	Speed: 4662.07 samples/sec	accuracy=0.890000
INFO:root:Epoch[29] Batch [700]	Speed: 4719.23 samples/sec	accuracy=0.897188
INFO:root:Epoch[29] Batch [750]	Speed: 4739.94 samples/sec	accuracy=0.901563
INFO:root:Epoch[29] Resetting Data Iterator
INFO:root:Epoch[29] Time cost=10.819
INFO:root:Saved checkpoint to "model/resnet-cifar10-20-0-0030.params"
INFO:root:Epoch[29] Validation-accuracy=0.827030
INFO:root:Epoch[30] Batch [50]	Speed: 3550.19 samples/sec	accuracy=0.892188
INFO:root:Epoch[30] Batch [100]	Speed: 5067.89 samples/sec	accuracy=0.884375
INFO:root:Epoch[30] Batch [150]	Speed: 5134.32 samples/sec	accuracy=0.896563
INFO:root:Epoch[30] Batch [200]	Speed: 4530.76 samples/sec	accuracy=0.882500
INFO:root:Epoch[30] Batch [250]	Speed: 4621.81 samples/sec	accuracy=0.887500
INFO:root:Epoch[30] Batch [300]	Speed: 5062.98 samples/sec	accuracy=0.885625
INFO:root:Epoch[30] Batch [350]	Speed: 4613.40 samples/sec	accuracy=0.897500
INFO:root:Epoch[30] Batch [400]	Speed: 3764.11 samples/sec	accuracy=0.895312
INFO:root:Epoch[30] Batch [450]	Speed: 4706.14 samples/sec	accuracy=0.885938
INFO:root:Epoch[30] Batch [500]	Speed: 5026.14 samples/sec	accuracy=0.885312
INFO:root:Epoch[30] Batch [550]	Speed: 4441.92 samples/sec	accuracy=0.887500
INFO:root:Epoch[30] Batch [600]	Speed: 4954.47 samples/sec	accuracy=0.895625
INFO:root:Epoch[30] Batch [650]	Speed: 4354.15 samples/sec	accuracy=0.883750
INFO:root:Epoch[30] Batch [700]	Speed: 4544.71 samples/sec	accuracy=0.894687
INFO:root:Epoch[30] Batch [750]	Speed: 4646.78 samples/sec	accuracy=0.899062
INFO:root:Epoch[30] Resetting Data Iterator
INFO:root:Epoch[30] Time cost=11.348
INFO:root:Saved checkpoint to "model/resnet-cifar10-20-0-0031.params"
INFO:root:Epoch[30] Validation-accuracy=0.833400
INFO:root:Epoch[31] Batch [50]	Speed: 3716.90 samples/sec	accuracy=0.882188
INFO:root:Epoch[31] Batch [100]	Speed: 3980.83 samples/sec	accuracy=0.892188
INFO:root:Epoch[31] Batch [150]	Speed: 5162.68 samples/sec	accuracy=0.896875
INFO:root:Epoch[31] Batch [200]	Speed: 4767.21 samples/sec	accuracy=0.897813
INFO:root:Epoch[31] Batch [250]	Speed: 4830.77 samples/sec	accuracy=0.885625
INFO:root:Epoch[31] Batch [300]	Speed: 4302.76 samples/sec	accuracy=0.891563
INFO:root:Epoch[31] Batch [350]	Speed: 4334.57 samples/sec	accuracy=0.883125
INFO:root:Epoch[31] Batch [400]	Speed: 4491.71 samples/sec	accuracy=0.894062
INFO:root:Epoch[31] Batch [450]	Speed: 4201.82 samples/sec	accuracy=0.892188
INFO:root:Epoch[31] Batch [500]	Speed: 5395.06 samples/sec	accuracy=0.900000
INFO:root:Epoch[31] Batch [550]	Speed: 4333.73 samples/sec	accuracy=0.895312
INFO:root:Epoch[31] Batch [600]	Speed: 4936.03 samples/sec	accuracy=0.891563
INFO:root:Epoch[31] Batch [650]	Speed: 4906.67 samples/sec	accuracy=0.888125
INFO:root:Epoch[31] Batch [700]	Speed: 5226.92 samples/sec	accuracy=0.891563
INFO:root:Epoch[31] Batch [750]	Speed: 4769.39 samples/sec	accuracy=0.886875
INFO:root:Epoch[31] Resetting Data Iterator
INFO:root:Epoch[31] Time cost=10.880
INFO:root:Saved checkpoint to "model/resnet-cifar10-20-0-0032.params"
INFO:root:Epoch[31] Validation-accuracy=0.853006
INFO:root:Epoch[32] Batch [50]	Speed: 3901.92 samples/sec	accuracy=0.888437
INFO:root:Epoch[32] Batch [100]	Speed: 3852.58 samples/sec	accuracy=0.900625
INFO:root:Epoch[32] Batch [150]	Speed: 4546.71 samples/sec	accuracy=0.897188
INFO:root:Epoch[32] Batch [200]	Speed: 5550.89 samples/sec	accuracy=0.885000
INFO:root:Epoch[32] Batch [250]	Speed: 4798.13 samples/sec	accuracy=0.889687
INFO:root:Epoch[32] Batch [300]	Speed: 4667.81 samples/sec	accuracy=0.899375
INFO:root:Epoch[32] Batch [350]	Speed: 4218.62 samples/sec	accuracy=0.893750
INFO:root:Epoch[32] Batch [400]	Speed: 5069.52 samples/sec	accuracy=0.887500
INFO:root:Epoch[32] Batch [450]	Speed: 5208.98 samples/sec	accuracy=0.883750
INFO:root:Epoch[32] Batch [500]	Speed: 4891.04 samples/sec	accuracy=0.893125
INFO:root:Epoch[32] Batch [550]	Speed: 4787.52 samples/sec	accuracy=0.902500
INFO:root:Epoch[32] Batch [600]	Speed: 3614.53 samples/sec	accuracy=0.896563
INFO:root:Epoch[32] Batch [650]	Speed: 4905.39 samples/sec	accuracy=0.881563
INFO:root:Epoch[32] Batch [700]	Speed: 5215.83 samples/sec	accuracy=0.888750
INFO:root:Epoch[32] Batch [750]	Speed: 4184.66 samples/sec	accuracy=0.898438
INFO:root:Epoch[32] Resetting Data Iterator
INFO:root:Epoch[32] Time cost=10.976
INFO:root:Saved checkpoint to "model/resnet-cifar10-20-0-0033.params"
INFO:root:Epoch[32] Validation-accuracy=0.835291
INFO:root:Epoch[33] Batch [50]	Speed: 4441.52 samples/sec	accuracy=0.887188
INFO:root:Epoch[33] Batch [100]	Speed: 5051.79 samples/sec	accuracy=0.898438
INFO:root:Epoch[33] Batch [150]	Speed: 5271.99 samples/sec	accuracy=0.892813
INFO:root:Epoch[33] Batch [200]	Speed: 5203.64 samples/sec	accuracy=0.878125
INFO:root:Epoch[33] Batch [250]	Speed: 3965.08 samples/sec	accuracy=0.901563
INFO:root:Epoch[33] Batch [300]	Speed: 4900.48 samples/sec	accuracy=0.901250
INFO:root:Epoch[33] Batch [350]	Speed: 4708.28 samples/sec	accuracy=0.890938
INFO:root:Epoch[33] Batch [400]	Speed: 4424.17 samples/sec	accuracy=0.887500
INFO:root:Epoch[33] Batch [450]	Speed: 5450.48 samples/sec	accuracy=0.895625
INFO:root:Epoch[33] Batch [500]	Speed: 4968.63 samples/sec	accuracy=0.899687
INFO:root:Epoch[33] Batch [550]	Speed: 4855.28 samples/sec	accuracy=0.899062
INFO:root:Epoch[33] Batch [600]	Speed: 5189.67 samples/sec	accuracy=0.896563
INFO:root:Epoch[33] Batch [650]	Speed: 4104.76 samples/sec	accuracy=0.896875
INFO:root:Epoch[33] Batch [700]	Speed: 4845.16 samples/sec	accuracy=0.900937
INFO:root:Epoch[33] Batch [750]	Speed: 4586.65 samples/sec	accuracy=0.889375
INFO:root:Epoch[33] Resetting Data Iterator
INFO:root:Epoch[33] Time cost=10.501
INFO:root:Saved checkpoint to "model/resnet-cifar10-20-0-0034.params"
INFO:root:Epoch[33] Validation-accuracy=0.829518
INFO:root:Epoch[34] Batch [50]	Speed: 3403.17 samples/sec	accuracy=0.892188
INFO:root:Epoch[34] Batch [100]	Speed: 5030.48 samples/sec	accuracy=0.892500
INFO:root:Epoch[34] Batch [150]	Speed: 5159.17 samples/sec	accuracy=0.896563
INFO:root:Epoch[34] Batch [200]	Speed: 5073.08 samples/sec	accuracy=0.892813
INFO:root:Epoch[34] Batch [250]	Speed: 5106.05 samples/sec	accuracy=0.890938
INFO:root:Epoch[34] Batch [300]	Speed: 4406.73 samples/sec	accuracy=0.896563
INFO:root:Epoch[34] Batch [350]	Speed: 4027.89 samples/sec	accuracy=0.888750
INFO:root:Epoch[34] Batch [400]	Speed: 5142.81 samples/sec	accuracy=0.886563
INFO:root:Epoch[34] Batch [450]	Speed: 4407.88 samples/sec	accuracy=0.885938
INFO:root:Epoch[34] Batch [500]	Speed: 4514.49 samples/sec	accuracy=0.888750
INFO:root:Epoch[34] Batch [550]	Speed: 4777.86 samples/sec	accuracy=0.894062
INFO:root:Epoch[34] Batch [600]	Speed: 5028.19 samples/sec	accuracy=0.883125
INFO:root:Epoch[34] Batch [650]	Speed: 4734.46 samples/sec	accuracy=0.900937
INFO:root:Epoch[34] Batch [700]	Speed: 4284.54 samples/sec	accuracy=0.898125
INFO:root:Epoch[34] Batch [750]	Speed: 4831.28 samples/sec	accuracy=0.888125
INFO:root:Epoch[34] Resetting Data Iterator
INFO:root:Epoch[34] Time cost=10.952
INFO:root:Saved checkpoint to "model/resnet-cifar10-20-0-0035.params"
INFO:root:Epoch[34] Validation-accuracy=0.852607
INFO:root:Epoch[35] Batch [50]	Speed: 4393.67 samples/sec	accuracy=0.890938
INFO:root:Epoch[35] Batch [100]	Speed: 5076.53 samples/sec	accuracy=0.905312
INFO:root:Epoch[35] Batch [150]	Speed: 3274.78 samples/sec	accuracy=0.898438
INFO:root:Epoch[35] Batch [200]	Speed: 5057.97 samples/sec	accuracy=0.890938
INFO:root:Epoch[35] Batch [250]	Speed: 4910.12 samples/sec	accuracy=0.903438
INFO:root:Epoch[35] Batch [300]	Speed: 4534.05 samples/sec	accuracy=0.900000
INFO:root:Epoch[35] Batch [350]	Speed: 4388.55 samples/sec	accuracy=0.899062
INFO:root:Epoch[35] Batch [400]	Speed: 4780.59 samples/sec	accuracy=0.887813
INFO:root:Epoch[35] Batch [450]	Speed: 4420.57 samples/sec	accuracy=0.893750
INFO:root:Epoch[35] Batch [500]	Speed: 4750.39 samples/sec	accuracy=0.891250
INFO:root:Epoch[35] Batch [550]	Speed: 4391.67 samples/sec	accuracy=0.896563
INFO:root:Epoch[35] Batch [600]	Speed: 4559.79 samples/sec	accuracy=0.895000
INFO:root:Epoch[35] Batch [650]	Speed: 4188.00 samples/sec	accuracy=0.900937
INFO:root:Epoch[35] Batch [700]	Speed: 4800.58 samples/sec	accuracy=0.893437
INFO:root:Epoch[35] Batch [750]	Speed: 5292.55 samples/sec	accuracy=0.895000
INFO:root:Epoch[35] Resetting Data Iterator
INFO:root:Epoch[35] Time cost=11.027
INFO:root:Saved checkpoint to "model/resnet-cifar10-20-0-0036.params"
INFO:root:Epoch[35] Validation-accuracy=0.843551
INFO:root:Epoch[36] Batch [50]	Speed: 4249.69 samples/sec	accuracy=0.883437
INFO:root:Epoch[36] Batch [100]	Speed: 5094.89 samples/sec	accuracy=0.883437
INFO:root:Epoch[36] Batch [150]	Speed: 4289.54 samples/sec	accuracy=0.898438
INFO:root:Epoch[36] Batch [200]	Speed: 4869.36 samples/sec	accuracy=0.906875
INFO:root:Epoch[36] Batch [250]	Speed: 4503.86 samples/sec	accuracy=0.879687
INFO:root:Epoch[36] Batch [300]	Speed: 4915.98 samples/sec	accuracy=0.886250
INFO:root:Epoch[36] Batch [350]	Speed: 5024.31 samples/sec	accuracy=0.906250
INFO:root:Epoch[36] Batch [400]	Speed: 4949.32 samples/sec	accuracy=0.888437
INFO:root:Epoch[36] Batch [450]	Speed: 4279.85 samples/sec	accuracy=0.888437
INFO:root:Epoch[36] Batch [500]	Speed: 4062.45 samples/sec	accuracy=0.902188
INFO:root:Epoch[36] Batch [550]	Speed: 5344.73 samples/sec	accuracy=0.891563
INFO:root:Epoch[36] Batch [600]	Speed: 5287.81 samples/sec	accuracy=0.898750
INFO:root:Epoch[36] Batch [650]	Speed: 5231.84 samples/sec	accuracy=0.899062
INFO:root:Epoch[36] Batch [700]	Speed: 3953.64 samples/sec	accuracy=0.908125
INFO:root:Epoch[36] Batch [750]	Speed: 5117.25 samples/sec	accuracy=0.898438
INFO:root:Epoch[36] Resetting Data Iterator
INFO:root:Epoch[36] Time cost=10.652
INFO:root:Saved checkpoint to "model/resnet-cifar10-20-0-0037.params"
INFO:root:Epoch[36] Validation-accuracy=0.844049
INFO:root:Epoch[37] Batch [50]	Speed: 4787.22 samples/sec	accuracy=0.893437
INFO:root:Epoch[37] Batch [100]	Speed: 4817.99 samples/sec	accuracy=0.898750
INFO:root:Epoch[37] Batch [150]	Speed: 3558.20 samples/sec	accuracy=0.891875
INFO:root:Epoch[37] Batch [200]	Speed: 5222.66 samples/sec	accuracy=0.889687
INFO:root:Epoch[37] Batch [250]	Speed: 4783.80 samples/sec	accuracy=0.893750
INFO:root:Epoch[37] Batch [300]	Speed: 4888.24 samples/sec	accuracy=0.899375
INFO:root:Epoch[37] Batch [350]	Speed: 5309.56 samples/sec	accuracy=0.895000
INFO:root:Epoch[37] Batch [400]	Speed: 4299.73 samples/sec	accuracy=0.897813
INFO:root:Epoch[37] Batch [450]	Speed: 4822.14 samples/sec	accuracy=0.900625
INFO:root:Epoch[37] Batch [500]	Speed: 5042.99 samples/sec	accuracy=0.894375
INFO:root:Epoch[37] Batch [550]	Speed: 4067.10 samples/sec	accuracy=0.907188
INFO:root:Epoch[37] Batch [600]	Speed: 4639.69 samples/sec	accuracy=0.882812
INFO:root:Epoch[37] Batch [650]	Speed: 4811.21 samples/sec	accuracy=0.899375
INFO:root:Epoch[37] Batch [700]	Speed: 4724.17 samples/sec	accuracy=0.892188
INFO:root:Epoch[37] Batch [750]	Speed: 4608.45 samples/sec	accuracy=0.906563
INFO:root:Epoch[37] Resetting Data Iterator
INFO:root:Epoch[37] Time cost=10.769
INFO:root:Saved checkpoint to "model/resnet-cifar10-20-0-0038.params"
INFO:root:Epoch[37] Validation-accuracy=0.845044
INFO:root:Epoch[38] Batch [50]	Speed: 5079.34 samples/sec	accuracy=0.896875
INFO:root:Epoch[38] Batch [100]	Speed: 5246.16 samples/sec	accuracy=0.894062
INFO:root:Epoch[38] Batch [150]	Speed: 5174.54 samples/sec	accuracy=0.899687
INFO:root:Epoch[38] Batch [200]	Speed: 4855.15 samples/sec	accuracy=0.897500
INFO:root:Epoch[38] Batch [250]	Speed: 4749.74 samples/sec	accuracy=0.895938
INFO:root:Epoch[38] Batch [300]	Speed: 4701.40 samples/sec	accuracy=0.895625
INFO:root:Epoch[38] Batch [350]	Speed: 4331.91 samples/sec	accuracy=0.888750
INFO:root:Epoch[38] Batch [400]	Speed: 4483.08 samples/sec	accuracy=0.899375
INFO:root:Epoch[38] Batch [450]	Speed: 4780.72 samples/sec	accuracy=0.900937
INFO:root:Epoch[38] Batch [500]	Speed: 3910.70 samples/sec	accuracy=0.901875
INFO:root:Epoch[38] Batch [550]	Speed: 4429.77 samples/sec	accuracy=0.892813
INFO:root:Epoch[38] Batch [600]	Speed: 3916.79 samples/sec	accuracy=0.883125
INFO:root:Epoch[38] Batch [650]	Speed: 4842.12 samples/sec	accuracy=0.882500
INFO:root:Epoch[38] Batch [700]	Speed: 4948.36 samples/sec	accuracy=0.898438
INFO:root:Epoch[38] Batch [750]	Speed: 4842.18 samples/sec	accuracy=0.909062
INFO:root:Epoch[38] Resetting Data Iterator
INFO:root:Epoch[38] Time cost=10.990
INFO:root:Saved checkpoint to "model/resnet-cifar10-20-0-0039.params"
INFO:root:Epoch[38] Validation-accuracy=0.839570
INFO:root:Epoch[39] Batch [50]	Speed: 4545.84 samples/sec	accuracy=0.893750
INFO:root:Epoch[39] Batch [100]	Speed: 4850.35 samples/sec	accuracy=0.904062
INFO:root:Epoch[39] Batch [150]	Speed: 4631.63 samples/sec	accuracy=0.897188
INFO:root:Epoch[39] Batch [200]	Speed: 4776.65 samples/sec	accuracy=0.896563
INFO:root:Epoch[39] Batch [250]	Speed: 5338.74 samples/sec	accuracy=0.899062
INFO:root:Epoch[39] Batch [300]	Speed: 5086.06 samples/sec	accuracy=0.910625
INFO:root:Epoch[39] Batch [350]	Speed: 3859.06 samples/sec	accuracy=0.901875
INFO:root:Epoch[39] Batch [400]	Speed: 5127.20 samples/sec	accuracy=0.893437
INFO:root:Epoch[39] Batch [450]	Speed: 4808.01 samples/sec	accuracy=0.898750
INFO:root:Epoch[39] Batch [500]	Speed: 4475.31 samples/sec	accuracy=0.886563
INFO:root:Epoch[39] Batch [550]	Speed: 4692.82 samples/sec	accuracy=0.903750
INFO:root:Epoch[39] Batch [600]	Speed: 4258.23 samples/sec	accuracy=0.888125
INFO:root:Epoch[39] Batch [650]	Speed: 4682.32 samples/sec	accuracy=0.893437
INFO:root:Epoch[39] Batch [700]	Speed: 4425.76 samples/sec	accuracy=0.894687
INFO:root:Epoch[39] Batch [750]	Speed: 4556.35 samples/sec	accuracy=0.896875
INFO:root:Epoch[39] Resetting Data Iterator
INFO:root:Epoch[39] Time cost=10.836
INFO:root:Saved checkpoint to "model/resnet-cifar10-20-0-0040.params"
INFO:root:Epoch[39] Validation-accuracy=0.856986
INFO:root:Epoch[40] Batch [50]	Speed: 4152.85 samples/sec	accuracy=0.890625
INFO:root:Epoch[40] Batch [100]	Speed: 4242.96 samples/sec	accuracy=0.907500
INFO:root:Epoch[40] Batch [150]	Speed: 4994.81 samples/sec	accuracy=0.889062
INFO:root:Epoch[40] Batch [200]	Speed: 4393.93 samples/sec	accuracy=0.904687
INFO:root:Epoch[40] Batch [250]	Speed: 5073.32 samples/sec	accuracy=0.893125
INFO:root:Epoch[40] Batch [300]	Speed: 5146.01 samples/sec	accuracy=0.898750
INFO:root:Epoch[40] Batch [350]	Speed: 4765.96 samples/sec	accuracy=0.879687
INFO:root:Epoch[40] Batch [400]	Speed: 4609.16 samples/sec	accuracy=0.890000
INFO:root:Epoch[40] Batch [450]	Speed: 4096.75 samples/sec	accuracy=0.897813
INFO:root:Epoch[40] Batch [500]	Speed: 4378.36 samples/sec	accuracy=0.901250
INFO:root:Epoch[40] Batch [550]	Speed: 4450.68 samples/sec	accuracy=0.911563
INFO:root:Epoch[40] Batch [600]	Speed: 4648.72 samples/sec	accuracy=0.897500
INFO:root:Epoch[40] Batch [650]	Speed: 5090.79 samples/sec	accuracy=0.902188
INFO:root:Epoch[40] Batch [700]	Speed: 4537.54 samples/sec	accuracy=0.903438
INFO:root:Epoch[40] Batch [750]	Speed: 4143.34 samples/sec	accuracy=0.894062
INFO:root:Epoch[40] Resetting Data Iterator
INFO:root:Epoch[40] Time cost=10.990
INFO:root:Saved checkpoint to "model/resnet-cifar10-20-0-0041.params"
INFO:root:Epoch[40] Validation-accuracy=0.854100
INFO:root:Epoch[41] Batch [50]	Speed: 4172.74 samples/sec	accuracy=0.898125
INFO:root:Epoch[41] Batch [100]	Speed: 4298.88 samples/sec	accuracy=0.900625
INFO:root:Epoch[41] Batch [150]	Speed: 4060.85 samples/sec	accuracy=0.900625
INFO:root:Epoch[41] Batch [200]	Speed: 4952.89 samples/sec	accuracy=0.891563
INFO:root:Epoch[41] Batch [250]	Speed: 5143.22 samples/sec	accuracy=0.897500
INFO:root:Epoch[41] Batch [300]	Speed: 4105.60 samples/sec	accuracy=0.898438
INFO:root:Epoch[41] Batch [350]	Speed: 4317.64 samples/sec	accuracy=0.897500
INFO:root:Epoch[41] Batch [400]	Speed: 4362.95 samples/sec	accuracy=0.902500
INFO:root:Epoch[41] Batch [450]	Speed: 4442.47 samples/sec	accuracy=0.898438
INFO:root:Epoch[41] Batch [500]	Speed: 4345.29 samples/sec	accuracy=0.896250
INFO:root:Epoch[41] Batch [550]	Speed: 4070.43 samples/sec	accuracy=0.898750
INFO:root:Epoch[41] Batch [600]	Speed: 4063.90 samples/sec	accuracy=0.894375
INFO:root:Epoch[41] Batch [650]	Speed: 4950.88 samples/sec	accuracy=0.907188
INFO:root:Epoch[41] Batch [700]	Speed: 4165.39 samples/sec	accuracy=0.899687
INFO:root:Epoch[41] Batch [750]	Speed: 4715.69 samples/sec	accuracy=0.893437
INFO:root:Epoch[41] Resetting Data Iterator
INFO:root:Epoch[41] Time cost=11.452
INFO:root:Saved checkpoint to "model/resnet-cifar10-20-0-0042.params"
INFO:root:Epoch[41] Validation-accuracy=0.853205
INFO:root:Epoch[42] Batch [50]	Speed: 4818.17 samples/sec	accuracy=0.893437
INFO:root:Epoch[42] Batch [100]	Speed: 5108.21 samples/sec	accuracy=0.896875
INFO:root:Epoch[42] Batch [150]	Speed: 4406.82 samples/sec	accuracy=0.891563
INFO:root:Epoch[42] Batch [200]	Speed: 5079.77 samples/sec	accuracy=0.891563
INFO:root:Epoch[42] Batch [250]	Speed: 4150.24 samples/sec	accuracy=0.911563
INFO:root:Epoch[42] Batch [300]	Speed: 4197.95 samples/sec	accuracy=0.900000
INFO:root:Epoch[42] Batch [350]	Speed: 4856.45 samples/sec	accuracy=0.895938
INFO:root:Epoch[42] Batch [400]	Speed: 4582.64 samples/sec	accuracy=0.894062
INFO:root:Epoch[42] Batch [450]	Speed: 4866.76 samples/sec	accuracy=0.886875
INFO:root:Epoch[42] Batch [500]	Speed: 4955.90 samples/sec	accuracy=0.910000
INFO:root:Epoch[42] Batch [550]	Speed: 4540.68 samples/sec	accuracy=0.902188
INFO:root:Epoch[42] Batch [600]	Speed: 4763.02 samples/sec	accuracy=0.904062
INFO:root:Epoch[42] Batch [650]	Speed: 4629.92 samples/sec	accuracy=0.886875
INFO:root:Epoch[42] Batch [700]	Speed: 5088.06 samples/sec	accuracy=0.904062
INFO:root:Epoch[42] Batch [750]	Speed: 4745.68 samples/sec	accuracy=0.904687
INFO:root:Epoch[42] Resetting Data Iterator
INFO:root:Epoch[42] Time cost=10.690
INFO:root:Saved checkpoint to "model/resnet-cifar10-20-0-0043.params"
INFO:root:Epoch[42] Validation-accuracy=0.853006
INFO:root:Epoch[43] Batch [50]	Speed: 4568.77 samples/sec	accuracy=0.896563
INFO:root:Epoch[43] Batch [100]	Speed: 4702.59 samples/sec	accuracy=0.900625
INFO:root:Epoch[43] Batch [150]	Speed: 5248.60 samples/sec	accuracy=0.899687
INFO:root:Epoch[43] Batch [200]	Speed: 5395.00 samples/sec	accuracy=0.905312
INFO:root:Epoch[43] Batch [250]	Speed: 4550.96 samples/sec	accuracy=0.905625
INFO:root:Epoch[43] Batch [300]	Speed: 5301.90 samples/sec	accuracy=0.903125
INFO:root:Epoch[43] Batch [350]	Speed: 4423.00 samples/sec	accuracy=0.895312
INFO:root:Epoch[43] Batch [400]	Speed: 5242.70 samples/sec	accuracy=0.900625
INFO:root:Epoch[43] Batch [450]	Speed: 4966.32 samples/sec	accuracy=0.909062
INFO:root:Epoch[43] Batch [500]	Speed: 4530.96 samples/sec	accuracy=0.904375
INFO:root:Epoch[43] Batch [550]	Speed: 4324.79 samples/sec	accuracy=0.905000
INFO:root:Epoch[43] Batch [600]	Speed: 4360.59 samples/sec	accuracy=0.903438
INFO:root:Epoch[43] Batch [650]	Speed: 4878.74 samples/sec	accuracy=0.895625
INFO:root:Epoch[43] Batch [700]	Speed: 4028.48 samples/sec	accuracy=0.903125
INFO:root:Epoch[43] Batch [750]	Speed: 4663.22 samples/sec	accuracy=0.901250
INFO:root:Epoch[43] Resetting Data Iterator
INFO:root:Epoch[43] Time cost=10.640
INFO:root:Saved checkpoint to "model/resnet-cifar10-20-0-0044.params"
INFO:root:Epoch[43] Validation-accuracy=0.837182
INFO:root:Epoch[44] Batch [50]	Speed: 3973.99 samples/sec	accuracy=0.896250
INFO:root:Epoch[44] Batch [100]	Speed: 4610.19 samples/sec	accuracy=0.904687
INFO:root:Epoch[44] Batch [150]	Speed: 4933.09 samples/sec	accuracy=0.908125
INFO:root:Epoch[44] Batch [200]	Speed: 4546.88 samples/sec	accuracy=0.907813
INFO:root:Epoch[44] Batch [250]	Speed: 4990.60 samples/sec	accuracy=0.898438
INFO:root:Epoch[44] Batch [300]	Speed: 4139.66 samples/sec	accuracy=0.900937
INFO:root:Epoch[44] Batch [350]	Speed: 4600.68 samples/sec	accuracy=0.888750
INFO:root:Epoch[44] Batch [400]	Speed: 4452.47 samples/sec	accuracy=0.888125
INFO:root:Epoch[44] Batch [450]	Speed: 4853.35 samples/sec	accuracy=0.896563
INFO:root:Epoch[44] Batch [500]	Speed: 4622.98 samples/sec	accuracy=0.906250
INFO:root:Epoch[44] Batch [550]	Speed: 4724.78 samples/sec	accuracy=0.904687
INFO:root:Epoch[44] Batch [600]	Speed: 4100.48 samples/sec	accuracy=0.910312
INFO:root:Epoch[44] Batch [650]	Speed: 4336.61 samples/sec	accuracy=0.897188
INFO:root:Epoch[44] Batch [700]	Speed: 5049.42 samples/sec	accuracy=0.899687
INFO:root:Epoch[44] Batch [750]	Speed: 4822.63 samples/sec	accuracy=0.906250
INFO:root:Epoch[44] Resetting Data Iterator
INFO:root:Epoch[44] Time cost=11.017
INFO:root:Saved checkpoint to "model/resnet-cifar10-20-0-0045.params"
INFO:root:Epoch[44] Validation-accuracy=0.836087
INFO:root:Epoch[45] Batch [50]	Speed: 4332.51 samples/sec	accuracy=0.901250
INFO:root:Epoch[45] Batch [100]	Speed: 4778.59 samples/sec	accuracy=0.908125
INFO:root:Epoch[45] Batch [150]	Speed: 4168.20 samples/sec	accuracy=0.905937
INFO:root:Epoch[45] Batch [200]	Speed: 3861.49 samples/sec	accuracy=0.898750
INFO:root:Epoch[45] Batch [250]	Speed: 5170.58 samples/sec	accuracy=0.905937
INFO:root:Epoch[45] Batch [300]	Speed: 3936.15 samples/sec	accuracy=0.904687
INFO:root:Epoch[45] Batch [350]	Speed: 4509.96 samples/sec	accuracy=0.896875
INFO:root:Epoch[45] Batch [400]	Speed: 4667.55 samples/sec	accuracy=0.900000
INFO:root:Epoch[45] Batch [450]	Speed: 4598.82 samples/sec	accuracy=0.899062
INFO:root:Epoch[45] Batch [500]	Speed: 4521.13 samples/sec	accuracy=0.900937
INFO:root:Epoch[45] Batch [550]	Speed: 5091.98 samples/sec	accuracy=0.904062
INFO:root:Epoch[45] Batch [600]	Speed: 5424.50 samples/sec	accuracy=0.910937
INFO:root:Epoch[45] Batch [650]	Speed: 4945.99 samples/sec	accuracy=0.904375
INFO:root:Epoch[45] Batch [700]	Speed: 4307.62 samples/sec	accuracy=0.904375
INFO:root:Epoch[45] Batch [750]	Speed: 4928.93 samples/sec	accuracy=0.905937
INFO:root:Epoch[45] Resetting Data Iterator
INFO:root:Epoch[45] Time cost=10.918
INFO:root:Saved checkpoint to "model/resnet-cifar10-20-0-0046.params"
INFO:root:Epoch[45] Validation-accuracy=0.851015
INFO:root:Epoch[46] Batch [50]	Speed: 4255.05 samples/sec	accuracy=0.888125
INFO:root:Epoch[46] Batch [100]	Speed: 4037.43 samples/sec	accuracy=0.903750
INFO:root:Epoch[46] Batch [150]	Speed: 4463.41 samples/sec	accuracy=0.910000
INFO:root:Epoch[46] Batch [200]	Speed: 4146.74 samples/sec	accuracy=0.902188
INFO:root:Epoch[46] Batch [250]	Speed: 5212.22 samples/sec	accuracy=0.890625
INFO:root:Epoch[46] Batch [300]	Speed: 4945.07 samples/sec	accuracy=0.906563
INFO:root:Epoch[46] Batch [350]	Speed: 3990.47 samples/sec	accuracy=0.895625
INFO:root:Epoch[46] Batch [400]	Speed: 4838.32 samples/sec	accuracy=0.906563
INFO:root:Epoch[46] Batch [450]	Speed: 4997.06 samples/sec	accuracy=0.905312
INFO:root:Epoch[46] Batch [500]	Speed: 4796.47 samples/sec	accuracy=0.900625
INFO:root:Epoch[46] Batch [550]	Speed: 5014.04 samples/sec	accuracy=0.904375
INFO:root:Epoch[46] Batch [600]	Speed: 4614.44 samples/sec	accuracy=0.909062
INFO:root:Epoch[46] Batch [650]	Speed: 4680.67 samples/sec	accuracy=0.889687
INFO:root:Epoch[46] Batch [700]	Speed: 4464.69 samples/sec	accuracy=0.899375
INFO:root:Epoch[46] Batch [750]	Speed: 4653.23 samples/sec	accuracy=0.904375
INFO:root:Epoch[46] Resetting Data Iterator
INFO:root:Epoch[46] Time cost=10.905
INFO:root:Saved checkpoint to "model/resnet-cifar10-20-0-0047.params"
INFO:root:Epoch[46] Validation-accuracy=0.858778
INFO:root:Epoch[47] Batch [50]	Speed: 4609.27 samples/sec	accuracy=0.898750
INFO:root:Epoch[47] Batch [100]	Speed: 4362.86 samples/sec	accuracy=0.896250
INFO:root:Epoch[47] Batch [150]	Speed: 4630.04 samples/sec	accuracy=0.900000
INFO:root:Epoch[47] Batch [200]	Speed: 4089.58 samples/sec	accuracy=0.905625
INFO:root:Epoch[47] Batch [250]	Speed: 5383.81 samples/sec	accuracy=0.899062
INFO:root:Epoch[47] Batch [300]	Speed: 3340.17 samples/sec	accuracy=0.916562
INFO:root:Epoch[47] Batch [350]	Speed: 5419.62 samples/sec	accuracy=0.898125
INFO:root:Epoch[47] Batch [400]	Speed: 5385.89 samples/sec	accuracy=0.892500
INFO:root:Epoch[47] Batch [450]	Speed: 4726.12 samples/sec	accuracy=0.901875
INFO:root:Epoch[47] Batch [500]	Speed: 4754.77 samples/sec	accuracy=0.913125
INFO:root:Epoch[47] Batch [550]	Speed: 4102.55 samples/sec	accuracy=0.897188
INFO:root:Epoch[47] Batch [600]	Speed: 4591.55 samples/sec	accuracy=0.902813
INFO:root:Epoch[47] Batch [650]	Speed: 4599.49 samples/sec	accuracy=0.901875
INFO:root:Epoch[47] Batch [700]	Speed: 4613.47 samples/sec	accuracy=0.897500
INFO:root:Epoch[47] Batch [750]	Speed: 4719.12 samples/sec	accuracy=0.896250
INFO:root:Epoch[47] Resetting Data Iterator
INFO:root:Epoch[47] Time cost=11.012
INFO:root:Saved checkpoint to "model/resnet-cifar10-20-0-0048.params"
INFO:root:Epoch[47] Validation-accuracy=0.847930
INFO:root:Epoch[48] Batch [50]	Speed: 3561.16 samples/sec	accuracy=0.892188
INFO:root:Epoch[48] Batch [100]	Speed: 4625.57 samples/sec	accuracy=0.901563
INFO:root:Epoch[48] Batch [150]	Speed: 4399.45 samples/sec	accuracy=0.908438
INFO:root:Epoch[48] Batch [200]	Speed: 4989.98 samples/sec	accuracy=0.896250
INFO:root:Epoch[48] Batch [250]	Speed: 4737.62 samples/sec	accuracy=0.895625
INFO:root:Epoch[48] Batch [300]	Speed: 5153.94 samples/sec	accuracy=0.913750
INFO:root:Epoch[48] Batch [350]	Speed: 4939.03 samples/sec	accuracy=0.889687
INFO:root:Epoch[48] Batch [400]	Speed: 4587.79 samples/sec	accuracy=0.894062
INFO:root:Epoch[48] Batch [450]	Speed: 4847.50 samples/sec	accuracy=0.891250
INFO:root:Epoch[48] Batch [500]	Speed: 5308.97 samples/sec	accuracy=0.899687
INFO:root:Epoch[48] Batch [550]	Speed: 4380.12 samples/sec	accuracy=0.913125
INFO:root:Epoch[48] Batch [600]	Speed: 4427.40 samples/sec	accuracy=0.905000
INFO:root:Epoch[48] Batch [650]	Speed: 4759.09 samples/sec	accuracy=0.906875
INFO:root:Epoch[48] Batch [700]	Speed: 5254.70 samples/sec	accuracy=0.898125
INFO:root:Epoch[48] Batch [750]	Speed: 4628.43 samples/sec	accuracy=0.896875
INFO:root:Epoch[48] Resetting Data Iterator
INFO:root:Epoch[48] Time cost=11.103
INFO:root:Saved checkpoint to "model/resnet-cifar10-20-0-0049.params"
INFO:root:Epoch[48] Validation-accuracy=0.854598
INFO:root:Epoch[49] Batch [50]	Speed: 4629.33 samples/sec	accuracy=0.903750
INFO:root:Epoch[49] Batch [100]	Speed: 4493.77 samples/sec	accuracy=0.894062
INFO:root:Epoch[49] Batch [150]	Speed: 5261.07 samples/sec	accuracy=0.917500
INFO:root:Epoch[49] Batch [200]	Speed: 5331.53 samples/sec	accuracy=0.891875
INFO:root:Epoch[49] Batch [250]	Speed: 4847.86 samples/sec	accuracy=0.900000
INFO:root:Epoch[49] Batch [300]	Speed: 5082.68 samples/sec	accuracy=0.902188
INFO:root:Epoch[49] Batch [350]	Speed: 5144.00 samples/sec	accuracy=0.894687
INFO:root:Epoch[49] Batch [400]	Speed: 4249.42 samples/sec	accuracy=0.902500
INFO:root:Epoch[49] Batch [450]	Speed: 5066.87 samples/sec	accuracy=0.898125
INFO:root:Epoch[49] Batch [500]	Speed: 4610.93 samples/sec	accuracy=0.899375
INFO:root:Epoch[49] Batch [550]	Speed: 5237.43 samples/sec	accuracy=0.908125
INFO:root:Epoch[49] Batch [600]	Speed: 5111.83 samples/sec	accuracy=0.911250
INFO:root:Epoch[49] Batch [650]	Speed: 4331.25 samples/sec	accuracy=0.904687
INFO:root:Epoch[49] Batch [700]	Speed: 3308.74 samples/sec	accuracy=0.907500
INFO:root:Epoch[49] Batch [750]	Speed: 4937.46 samples/sec	accuracy=0.910625
INFO:root:Epoch[49] Resetting Data Iterator
INFO:root:Epoch[49] Time cost=10.626
INFO:root:Saved checkpoint to "model/resnet-cifar10-20-0-0050.params"
INFO:root:Epoch[49] Validation-accuracy=0.824144

