INFO:root:Namespace(aug_level=2, batch_size=64, bn_mom=0.9, data_dir='data/cifar10', data_type='cifar10', depth=20, frequent=50, global_bn=True, gpus='0', kv_store='local', list_dir='./', lr=0.1, memonger=False, model_load_epoch=0, mom=0.9, num_classes=1000, num_examples=50000, num_gpus='1', retrain=False, wd=0.0001, workspace=512)
[14:23:24] src/io/iter_image_recordio_2.cc:170: ImageRecordIOParser2: data/cifar10/train.rec, use 4 threads for decoding..
[14:23:27] src/io/iter_image_recordio_2.cc:170: ImageRecordIOParser2: data/cifar10/val.rec, use 4 threads for decoding..
train_resnet.py:124: DeprecationWarning: [91mmxnet.model.FeedForward has been deprecated. Please use mxnet.mod.Module instead.[0m
  multi_factor_scheduler(begin_epoch, epoch_size, step=[30, 60, 90], factor=0.1),
/home/tusimple/Hongbin/incubator-mxnet/python/mxnet/model.py:577: DeprecationWarning: [91mCalling initializer with init(str, NDArray) has been deprecated.please use init(mx.init.InitDesc(...), NDArray) instead.[0m
  self.initializer(k, v)
/home/tusimple/Hongbin/incubator-mxnet/python/mxnet/model.py:583: DeprecationWarning: [91mCalling initializer with init(str, NDArray) has been deprecated.please use init(mx.init.InitDesc(...), NDArray) instead.[0m
  self.initializer(k, v)
INFO:root:Start training with [gpu(0)]
[14:23:31] src/operator/nn/./cudnn/./cudnn_algoreg-inl.h:107: Running performance tests to find the best convolution algorithm, this can take a while... (setting env variable MXNET_CUDNN_AUTOTUNE_DEFAULT to 0 to disable)
INFO:root:Epoch[0] Batch [50]	Speed: 1103.22 samples/sec	accuracy=0.216562
INFO:root:Epoch[0] Batch [100]	Speed: 2472.14 samples/sec	accuracy=0.304688
INFO:root:Epoch[0] Batch [150]	Speed: 2542.72 samples/sec	accuracy=0.374375
INFO:root:Epoch[0] Batch [200]	Speed: 2443.20 samples/sec	accuracy=0.430312
INFO:root:Epoch[0] Batch [250]	Speed: 2581.23 samples/sec	accuracy=0.451875
INFO:root:Epoch[0] Batch [300]	Speed: 2561.87 samples/sec	accuracy=0.491250
INFO:root:Epoch[0] Batch [350]	Speed: 2596.83 samples/sec	accuracy=0.495000
INFO:root:Epoch[0] Batch [400]	Speed: 2546.96 samples/sec	accuracy=0.516875
INFO:root:Epoch[0] Batch [450]	Speed: 2576.29 samples/sec	accuracy=0.546875
INFO:root:Epoch[0] Batch [500]	Speed: 2565.98 samples/sec	accuracy=0.571875
INFO:root:Epoch[0] Batch [550]	Speed: 2616.82 samples/sec	accuracy=0.581562
INFO:root:Epoch[0] Batch [600]	Speed: 2643.30 samples/sec	accuracy=0.572812
INFO:root:Epoch[0] Batch [650]	Speed: 2636.31 samples/sec	accuracy=0.606250
INFO:root:Epoch[0] Batch [700]	Speed: 2654.32 samples/sec	accuracy=0.621250
INFO:root:Epoch[0] Batch [750]	Speed: 2650.34 samples/sec	accuracy=0.617500
INFO:root:Epoch[0] Resetting Data Iterator
INFO:root:Epoch[0] Time cost=23.506
INFO:root:Saved checkpoint to "model/resnet-cifar10-20-0-0001.params"
INFO:root:Epoch[0] Validation-accuracy=0.578424
INFO:root:Epoch[1] Batch [50]	Speed: 2710.08 samples/sec	accuracy=0.635312
INFO:root:Epoch[1] Batch [100]	Speed: 2453.19 samples/sec	accuracy=0.638437
INFO:root:Epoch[1] Batch [150]	Speed: 2555.06 samples/sec	accuracy=0.654375
INFO:root:Epoch[1] Batch [200]	Speed: 2579.42 samples/sec	accuracy=0.654062
INFO:root:Epoch[1] Batch [250]	Speed: 2634.23 samples/sec	accuracy=0.671875
INFO:root:Epoch[1] Batch [300]	Speed: 2669.00 samples/sec	accuracy=0.668438
INFO:root:Epoch[1] Batch [350]	Speed: 2765.69 samples/sec	accuracy=0.669063
INFO:root:Epoch[1] Batch [400]	Speed: 2491.99 samples/sec	accuracy=0.677500
INFO:root:Epoch[1] Batch [450]	Speed: 2611.53 samples/sec	accuracy=0.680000
INFO:root:Epoch[1] Batch [500]	Speed: 2760.16 samples/sec	accuracy=0.702187
INFO:root:Epoch[1] Batch [550]	Speed: 2799.17 samples/sec	accuracy=0.700313
INFO:root:Epoch[1] Batch [600]	Speed: 2741.37 samples/sec	accuracy=0.695937
INFO:root:Epoch[1] Batch [650]	Speed: 2727.69 samples/sec	accuracy=0.707812
INFO:root:Epoch[1] Batch [700]	Speed: 2471.44 samples/sec	accuracy=0.710313
INFO:root:Epoch[1] Batch [750]	Speed: 2737.61 samples/sec	accuracy=0.704375
INFO:root:Epoch[1] Resetting Data Iterator
INFO:root:Epoch[1] Time cost=18.905
INFO:root:Saved checkpoint to "model/resnet-cifar10-20-0-0002.params"
INFO:root:Epoch[1] Validation-accuracy=0.682524
INFO:root:Epoch[2] Batch [50]	Speed: 2684.08 samples/sec	accuracy=0.712187
INFO:root:Epoch[2] Batch [100]	Speed: 2737.27 samples/sec	accuracy=0.740000
INFO:root:Epoch[2] Batch [150]	Speed: 2602.40 samples/sec	accuracy=0.721562
INFO:root:Epoch[2] Batch [200]	Speed: 2613.98 samples/sec	accuracy=0.723750
INFO:root:Epoch[2] Batch [250]	Speed: 2648.91 samples/sec	accuracy=0.743750
INFO:root:Epoch[2] Batch [300]	Speed: 2670.84 samples/sec	accuracy=0.746875
INFO:root:Epoch[2] Batch [350]	Speed: 2658.07 samples/sec	accuracy=0.750625
INFO:root:Epoch[2] Batch [400]	Speed: 2478.45 samples/sec	accuracy=0.750625
INFO:root:Epoch[2] Batch [450]	Speed: 2524.73 samples/sec	accuracy=0.752812
INFO:root:Epoch[2] Batch [500]	Speed: 2578.96 samples/sec	accuracy=0.759687
INFO:root:Epoch[2] Batch [550]	Speed: 2657.81 samples/sec	accuracy=0.747812
INFO:root:Epoch[2] Batch [600]	Speed: 2672.40 samples/sec	accuracy=0.751250
INFO:root:Epoch[2] Batch [650]	Speed: 2564.06 samples/sec	accuracy=0.748750
INFO:root:Epoch[2] Batch [700]	Speed: 2490.40 samples/sec	accuracy=0.754687
INFO:root:Epoch[2] Batch [750]	Speed: 2587.23 samples/sec	accuracy=0.774062
INFO:root:Epoch[2] Resetting Data Iterator
INFO:root:Epoch[2] Time cost=19.177
INFO:root:Saved checkpoint to "model/resnet-cifar10-20-0-0003.params"
INFO:root:Epoch[2] Validation-accuracy=0.749701
INFO:root:Epoch[3] Batch [50]	Speed: 2708.30 samples/sec	accuracy=0.759375
INFO:root:Epoch[3] Batch [100]	Speed: 2747.83 samples/sec	accuracy=0.767500
INFO:root:Epoch[3] Batch [150]	Speed: 2683.83 samples/sec	accuracy=0.770938
INFO:root:Epoch[3] Batch [200]	Speed: 2674.87 samples/sec	accuracy=0.776250
INFO:root:Epoch[3] Batch [250]	Speed: 2765.14 samples/sec	accuracy=0.766563
INFO:root:Epoch[3] Batch [300]	Speed: 2668.62 samples/sec	accuracy=0.788438
INFO:root:Epoch[3] Batch [350]	Speed: 2608.15 samples/sec	accuracy=0.785625
INFO:root:Epoch[3] Batch [400]	Speed: 2647.38 samples/sec	accuracy=0.775937
INFO:root:Epoch[3] Batch [450]	Speed: 2694.86 samples/sec	accuracy=0.783438
INFO:root:Epoch[3] Batch [500]	Speed: 2816.36 samples/sec	accuracy=0.783438
INFO:root:Epoch[3] Batch [550]	Speed: 2811.70 samples/sec	accuracy=0.778750
INFO:root:Epoch[3] Batch [600]	Speed: 2799.70 samples/sec	accuracy=0.776875
INFO:root:Epoch[3] Batch [650]	Speed: 2797.12 samples/sec	accuracy=0.795312
INFO:root:Epoch[3] Batch [700]	Speed: 2729.32 samples/sec	accuracy=0.788438
INFO:root:Epoch[3] Batch [750]	Speed: 2566.65 samples/sec	accuracy=0.793438
INFO:root:Epoch[3] Resetting Data Iterator
INFO:root:Epoch[3] Time cost=18.448
INFO:root:Saved checkpoint to "model/resnet-cifar10-20-0-0004.params"
INFO:root:Epoch[3] Validation-accuracy=0.763933
INFO:root:Epoch[4] Batch [50]	Speed: 2703.51 samples/sec	accuracy=0.791875
INFO:root:Epoch[4] Batch [100]	Speed: 2612.09 samples/sec	accuracy=0.795000
INFO:root:Epoch[4] Batch [150]	Speed: 2634.95 samples/sec	accuracy=0.803750
INFO:root:Epoch[4] Batch [200]	Speed: 2648.56 samples/sec	accuracy=0.783750
INFO:root:Epoch[4] Batch [250]	Speed: 2784.76 samples/sec	accuracy=0.791250
INFO:root:Epoch[4] Batch [300]	Speed: 2788.64 samples/sec	accuracy=0.815000
INFO:root:Epoch[4] Batch [350]	Speed: 2784.75 samples/sec	accuracy=0.795312
INFO:root:Epoch[4] Batch [400]	Speed: 2800.31 samples/sec	accuracy=0.805000
INFO:root:Epoch[4] Batch [450]	Speed: 2806.53 samples/sec	accuracy=0.798438
INFO:root:Epoch[4] Batch [500]	Speed: 2815.40 samples/sec	accuracy=0.811250
INFO:root:Epoch[4] Batch [550]	Speed: 2802.16 samples/sec	accuracy=0.805937
INFO:root:Epoch[4] Batch [600]	Speed: 2711.62 samples/sec	accuracy=0.797188
INFO:root:Epoch[4] Batch [650]	Speed: 2777.53 samples/sec	accuracy=0.801875
INFO:root:Epoch[4] Batch [700]	Speed: 2802.89 samples/sec	accuracy=0.814375
INFO:root:Epoch[4] Batch [750]	Speed: 2702.76 samples/sec	accuracy=0.802813
INFO:root:Epoch[4] Resetting Data Iterator
INFO:root:Epoch[4] Time cost=18.262
INFO:root:Saved checkpoint to "model/resnet-cifar10-20-0-0005.params"
INFO:root:Epoch[4] Validation-accuracy=0.782146
INFO:root:Epoch[5] Batch [50]	Speed: 2708.21 samples/sec	accuracy=0.810000
INFO:root:Epoch[5] Batch [100]	Speed: 2655.61 samples/sec	accuracy=0.813125
INFO:root:Epoch[5] Batch [150]	Speed: 2796.99 samples/sec	accuracy=0.803750
INFO:root:Epoch[5] Batch [200]	Speed: 2813.84 samples/sec	accuracy=0.811875
INFO:root:Epoch[5] Batch [250]	Speed: 2578.43 samples/sec	accuracy=0.819375
INFO:root:Epoch[5] Batch [300]	Speed: 2578.33 samples/sec	accuracy=0.825937
INFO:root:Epoch[5] Batch [350]	Speed: 2783.37 samples/sec	accuracy=0.818438
INFO:root:Epoch[5] Batch [400]	Speed: 2780.18 samples/sec	accuracy=0.823438
INFO:root:Epoch[5] Batch [450]	Speed: 2652.57 samples/sec	accuracy=0.808750
INFO:root:Epoch[5] Batch [500]	Speed: 2665.16 samples/sec	accuracy=0.827812
INFO:root:Epoch[5] Batch [550]	Speed: 2700.42 samples/sec	accuracy=0.812187
INFO:root:Epoch[5] Batch [600]	Speed: 2799.10 samples/sec	accuracy=0.830000
INFO:root:Epoch[5] Batch [650]	Speed: 2790.16 samples/sec	accuracy=0.822187
INFO:root:Epoch[5] Batch [700]	Speed: 2789.97 samples/sec	accuracy=0.837500
INFO:root:Epoch[5] Batch [750]	Speed: 2790.70 samples/sec	accuracy=0.826875
INFO:root:Epoch[5] Resetting Data Iterator
INFO:root:Epoch[5] Time cost=18.405
INFO:root:Saved checkpoint to "model/resnet-cifar10-20-0-0006.params"
INFO:root:Epoch[5] Validation-accuracy=0.798865
INFO:root:Epoch[6] Batch [50]	Speed: 2688.41 samples/sec	accuracy=0.815312
INFO:root:Epoch[6] Batch [100]	Speed: 2665.10 samples/sec	accuracy=0.823125
INFO:root:Epoch[6] Batch [150]	Speed: 2690.61 samples/sec	accuracy=0.823438
INFO:root:Epoch[6] Batch [200]	Speed: 2699.31 samples/sec	accuracy=0.818438
INFO:root:Epoch[6] Batch [250]	Speed: 2775.82 samples/sec	accuracy=0.832187
INFO:root:Epoch[6] Batch [300]	Speed: 2800.99 samples/sec	accuracy=0.836250
INFO:root:Epoch[6] Batch [350]	Speed: 2789.09 samples/sec	accuracy=0.835625
INFO:root:Epoch[6] Batch [400]	Speed: 2803.37 samples/sec	accuracy=0.833750
INFO:root:Epoch[6] Batch [450]	Speed: 2815.34 samples/sec	accuracy=0.825625
INFO:root:Epoch[6] Batch [500]	Speed: 2808.72 samples/sec	accuracy=0.839063
INFO:root:Epoch[6] Batch [550]	Speed: 2695.42 samples/sec	accuracy=0.829063
INFO:root:Epoch[6] Batch [600]	Speed: 2741.57 samples/sec	accuracy=0.824375
INFO:root:Epoch[6] Batch [650]	Speed: 2746.46 samples/sec	accuracy=0.846875
INFO:root:Epoch[6] Batch [700]	Speed: 2695.58 samples/sec	accuracy=0.837812
INFO:root:Epoch[6] Batch [750]	Speed: 2578.79 samples/sec	accuracy=0.838750
INFO:root:Epoch[6] Resetting Data Iterator
INFO:root:Epoch[6] Time cost=18.374
INFO:root:Saved checkpoint to "model/resnet-cifar10-20-0-0007.params"
INFO:root:Epoch[6] Validation-accuracy=0.814092
INFO:root:Epoch[7] Batch [50]	Speed: 2750.10 samples/sec	accuracy=0.815625
INFO:root:Epoch[7] Batch [100]	Speed: 2774.97 samples/sec	accuracy=0.844063
INFO:root:Epoch[7] Batch [150]	Speed: 2805.97 samples/sec	accuracy=0.820937
INFO:root:Epoch[7] Batch [200]	Speed: 2793.81 samples/sec	accuracy=0.840000
INFO:root:Epoch[7] Batch [250]	Speed: 2778.81 samples/sec	accuracy=0.841875
INFO:root:Epoch[7] Batch [300]	Speed: 2724.55 samples/sec	accuracy=0.843125
INFO:root:Epoch[7] Batch [350]	Speed: 2602.37 samples/sec	accuracy=0.835000
INFO:root:Epoch[7] Batch [400]	Speed: 2621.91 samples/sec	accuracy=0.849375
INFO:root:Epoch[7] Batch [450]	Speed: 2786.63 samples/sec	accuracy=0.838437
INFO:root:Epoch[7] Batch [500]	Speed: 2801.80 samples/sec	accuracy=0.838125
INFO:root:Epoch[7] Batch [550]	Speed: 2795.88 samples/sec	accuracy=0.841562
INFO:root:Epoch[7] Batch [600]	Speed: 2786.33 samples/sec	accuracy=0.844688
INFO:root:Epoch[7] Batch [650]	Speed: 2795.77 samples/sec	accuracy=0.837500
INFO:root:Epoch[7] Batch [700]	Speed: 2795.17 samples/sec	accuracy=0.835938
INFO:root:Epoch[7] Batch [750]	Speed: 2802.79 samples/sec	accuracy=0.847812
INFO:root:Epoch[7] Resetting Data Iterator
INFO:root:Epoch[7] Time cost=18.117
INFO:root:Saved checkpoint to "model/resnet-cifar10-20-0-0008.params"
INFO:root:Epoch[7] Validation-accuracy=0.827030
INFO:root:Epoch[8] Batch [50]	Speed: 2609.45 samples/sec	accuracy=0.842812
INFO:root:Epoch[8] Batch [100]	Speed: 2590.03 samples/sec	accuracy=0.840000
INFO:root:Epoch[8] Batch [150]	Speed: 2587.62 samples/sec	accuracy=0.847500
INFO:root:Epoch[8] Batch [200]	Speed: 2638.55 samples/sec	accuracy=0.849063
INFO:root:Epoch[8] Batch [250]	Speed: 2756.40 samples/sec	accuracy=0.849063
INFO:root:Epoch[8] Batch [300]	Speed: 2663.75 samples/sec	accuracy=0.853125
INFO:root:Epoch[8] Batch [350]	Speed: 2771.94 samples/sec	accuracy=0.847500
INFO:root:Epoch[8] Batch [400]	Speed: 2794.95 samples/sec	accuracy=0.854375
INFO:root:Epoch[8] Batch [450]	Speed: 2720.72 samples/sec	accuracy=0.846250
INFO:root:Epoch[8] Batch [500]	Speed: 2647.92 samples/sec	accuracy=0.840625
INFO:root:Epoch[8] Batch [550]	Speed: 2715.11 samples/sec	accuracy=0.853750
INFO:root:Epoch[8] Batch [600]	Speed: 2780.48 samples/sec	accuracy=0.842812
INFO:root:Epoch[8] Batch [650]	Speed: 2718.43 samples/sec	accuracy=0.854062
INFO:root:Epoch[8] Batch [700]	Speed: 2608.54 samples/sec	accuracy=0.848750
INFO:root:Epoch[8] Batch [750]	Speed: 2587.86 samples/sec	accuracy=0.844063
INFO:root:Epoch[8] Resetting Data Iterator
INFO:root:Epoch[8] Time cost=18.732
INFO:root:Saved checkpoint to "model/resnet-cifar10-20-0-0009.params"
INFO:root:Epoch[8] Validation-accuracy=0.783937
INFO:root:Epoch[9] Batch [50]	Speed: 2642.55 samples/sec	accuracy=0.828750
INFO:root:Epoch[9] Batch [100]	Speed: 2639.81 samples/sec	accuracy=0.862812
INFO:root:Epoch[9] Batch [150]	Speed: 2592.54 samples/sec	accuracy=0.851562
INFO:root:Epoch[9] Batch [200]	Speed: 2570.61 samples/sec	accuracy=0.853437
INFO:root:Epoch[9] Batch [250]	Speed: 2649.77 samples/sec	accuracy=0.848750
INFO:root:Epoch[9] Batch [300]	Speed: 2629.04 samples/sec	accuracy=0.867812
INFO:root:Epoch[9] Batch [350]	Speed: 2683.28 samples/sec	accuracy=0.849688
INFO:root:Epoch[9] Batch [400]	Speed: 2649.73 samples/sec	accuracy=0.872500
INFO:root:Epoch[9] Batch [450]	Speed: 2629.02 samples/sec	accuracy=0.841875
INFO:root:Epoch[9] Batch [500]	Speed: 2633.08 samples/sec	accuracy=0.859375
INFO:root:Epoch[9] Batch [550]	Speed: 2646.98 samples/sec	accuracy=0.850000
INFO:root:Epoch[9] Batch [600]	Speed: 2572.08 samples/sec	accuracy=0.849375
INFO:root:Epoch[9] Batch [650]	Speed: 2746.85 samples/sec	accuracy=0.848750
INFO:root:Epoch[9] Batch [700]	Speed: 2782.07 samples/sec	accuracy=0.860938
INFO:root:Epoch[9] Batch [750]	Speed: 2786.36 samples/sec	accuracy=0.861563
INFO:root:Epoch[9] Resetting Data Iterator
INFO:root:Epoch[9] Time cost=18.803
INFO:root:Saved checkpoint to "model/resnet-cifar10-20-0-0010.params"
INFO:root:Epoch[9] Validation-accuracy=0.780454
INFO:root:Epoch[10] Batch [50]	Speed: 2643.57 samples/sec	accuracy=0.848125
INFO:root:Epoch[10] Batch [100]	Speed: 2730.23 samples/sec	accuracy=0.870000
INFO:root:Epoch[10] Batch [150]	Speed: 2781.85 samples/sec	accuracy=0.854375
INFO:root:Epoch[10] Batch [200]	Speed: 2785.90 samples/sec	accuracy=0.862812
INFO:root:Epoch[10] Batch [250]	Speed: 2788.99 samples/sec	accuracy=0.867812
INFO:root:Epoch[10] Batch [300]	Speed: 2708.36 samples/sec	accuracy=0.860625
INFO:root:Epoch[10] Batch [350]	Speed: 2613.92 samples/sec	accuracy=0.858750
INFO:root:Epoch[10] Batch [400]	Speed: 2641.32 samples/sec	accuracy=0.862187
INFO:root:Epoch[10] Batch [450]	Speed: 2613.01 samples/sec	accuracy=0.859688
INFO:root:Epoch[10] Batch [500]	Speed: 2662.13 samples/sec	accuracy=0.861563
INFO:root:Epoch[10] Batch [550]	Speed: 2601.13 samples/sec	accuracy=0.860313
INFO:root:Epoch[10] Batch [600]	Speed: 2616.08 samples/sec	accuracy=0.873437
INFO:root:Epoch[10] Batch [650]	Speed: 2746.93 samples/sec	accuracy=0.839375
INFO:root:Epoch[10] Batch [700]	Speed: 2777.72 samples/sec	accuracy=0.858437
INFO:root:Epoch[10] Batch [750]	Speed: 2772.04 samples/sec	accuracy=0.870000
INFO:root:Epoch[10] Resetting Data Iterator
INFO:root:Epoch[10] Time cost=18.529
INFO:root:Saved checkpoint to "model/resnet-cifar10-20-0-0011.params"
INFO:root:Epoch[10] Validation-accuracy=0.815983
INFO:root:Epoch[11] Batch [50]	Speed: 2587.23 samples/sec	accuracy=0.855625
INFO:root:Epoch[11] Batch [100]	Speed: 2613.32 samples/sec	accuracy=0.865938
INFO:root:Epoch[11] Batch [150]	Speed: 2638.01 samples/sec	accuracy=0.864688
INFO:root:Epoch[11] Batch [200]	Speed: 2668.91 samples/sec	accuracy=0.856875
INFO:root:Epoch[11] Batch [250]	Speed: 2672.72 samples/sec	accuracy=0.865000
INFO:root:Epoch[11] Batch [300]	Speed: 2654.26 samples/sec	accuracy=0.873750
INFO:root:Epoch[11] Batch [350]	Speed: 2724.82 samples/sec	accuracy=0.855938
INFO:root:Epoch[11] Batch [400]	Speed: 2785.48 samples/sec	accuracy=0.864062
INFO:root:Epoch[11] Batch [450]	Speed: 2784.52 samples/sec	accuracy=0.866875
INFO:root:Epoch[11] Batch [500]	Speed: 2774.16 samples/sec	accuracy=0.873125
INFO:root:Epoch[11] Batch [550]	Speed: 2769.37 samples/sec	accuracy=0.856563
INFO:root:Epoch[11] Batch [600]	Speed: 2780.97 samples/sec	accuracy=0.864688
INFO:root:Epoch[11] Batch [650]	Speed: 2697.15 samples/sec	accuracy=0.850625
INFO:root:Epoch[11] Batch [700]	Speed: 2656.67 samples/sec	accuracy=0.865313
INFO:root:Epoch[11] Batch [750]	Speed: 2659.42 samples/sec	accuracy=0.867188
INFO:root:Epoch[11] Resetting Data Iterator
INFO:root:Epoch[11] Time cost=18.534
INFO:root:Saved checkpoint to "model/resnet-cifar10-20-0-0012.params"
INFO:root:Epoch[11] Validation-accuracy=0.805932
INFO:root:Epoch[12] Batch [50]	Speed: 2619.72 samples/sec	accuracy=0.858437
INFO:root:Epoch[12] Batch [100]	Speed: 2585.80 samples/sec	accuracy=0.883437
INFO:root:Epoch[12] Batch [150]	Speed: 2730.21 samples/sec	accuracy=0.862187
INFO:root:Epoch[12] Batch [200]	Speed: 2801.73 samples/sec	accuracy=0.880000
INFO:root:Epoch[12] Batch [250]	Speed: 2631.47 samples/sec	accuracy=0.870625
INFO:root:Epoch[12] Batch [300]	Speed: 2653.69 samples/sec	accuracy=0.872188
INFO:root:Epoch[12] Batch [350]	Speed: 2592.02 samples/sec	accuracy=0.867500
INFO:root:Epoch[12] Batch [400]	Speed: 2603.10 samples/sec	accuracy=0.876563
INFO:root:Epoch[12] Batch [450]	Speed: 2613.43 samples/sec	accuracy=0.861875
INFO:root:Epoch[12] Batch [500]	Speed: 2645.47 samples/sec	accuracy=0.865625
INFO:root:Epoch[12] Batch [550]	Speed: 2621.30 samples/sec	accuracy=0.862187
INFO:root:Epoch[12] Batch [600]	Speed: 2726.02 samples/sec	accuracy=0.868125
INFO:root:Epoch[12] Batch [650]	Speed: 2724.59 samples/sec	accuracy=0.869062
INFO:root:Epoch[12] Batch [700]	Speed: 2653.30 samples/sec	accuracy=0.871250
INFO:root:Epoch[12] Batch [750]	Speed: 2631.94 samples/sec	accuracy=0.879687
INFO:root:Epoch[12] Resetting Data Iterator
INFO:root:Epoch[12] Time cost=18.861
INFO:root:Saved checkpoint to "model/resnet-cifar10-20-0-0013.params"
INFO:root:Epoch[12] Validation-accuracy=0.824144
INFO:root:Epoch[13] Batch [50]	Speed: 2702.80 samples/sec	accuracy=0.861250
INFO:root:Epoch[13] Batch [100]	Speed: 2584.93 samples/sec	accuracy=0.866563
INFO:root:Epoch[13] Batch [150]	Speed: 2639.77 samples/sec	accuracy=0.869687
INFO:root:Epoch[13] Batch [200]	Speed: 2637.98 samples/sec	accuracy=0.868437
INFO:root:Epoch[13] Batch [250]	Speed: 2647.44 samples/sec	accuracy=0.877500
INFO:root:Epoch[13] Batch [300]	Speed: 2770.45 samples/sec	accuracy=0.878750
INFO:root:Epoch[13] Batch [350]	Speed: 2785.77 samples/sec	accuracy=0.877812
INFO:root:Epoch[13] Batch [400]	Speed: 2771.21 samples/sec	accuracy=0.869062
INFO:root:Epoch[13] Batch [450]	Speed: 2781.60 samples/sec	accuracy=0.874687
INFO:root:Epoch[13] Batch [500]	Speed: 2766.65 samples/sec	accuracy=0.875625
INFO:root:Epoch[13] Batch [550]	Speed: 2777.72 samples/sec	accuracy=0.870000
INFO:root:Epoch[13] Batch [600]	Speed: 2777.52 samples/sec	accuracy=0.868437
INFO:root:Epoch[13] Batch [650]	Speed: 2772.44 samples/sec	accuracy=0.874687
INFO:root:Epoch[13] Batch [700]	Speed: 2680.85 samples/sec	accuracy=0.877812
INFO:root:Epoch[13] Batch [750]	Speed: 2668.59 samples/sec	accuracy=0.879375
INFO:root:Epoch[13] Resetting Data Iterator
INFO:root:Epoch[13] Time cost=18.422
INFO:root:Saved checkpoint to "model/resnet-cifar10-20-0-0014.params"
INFO:root:Epoch[13] Validation-accuracy=0.839769
INFO:root:Epoch[14] Batch [50]	Speed: 2666.30 samples/sec	accuracy=0.867500
INFO:root:Epoch[14] Batch [100]	Speed: 2710.57 samples/sec	accuracy=0.878437
INFO:root:Epoch[14] Batch [150]	Speed: 2790.74 samples/sec	accuracy=0.878750
INFO:root:Epoch[14] Batch [200]	Speed: 2772.31 samples/sec	accuracy=0.871250
INFO:root:Epoch[14] Batch [250]	Speed: 2793.07 samples/sec	accuracy=0.884062
INFO:root:Epoch[14] Batch [300]	Speed: 2783.09 samples/sec	accuracy=0.879375
INFO:root:Epoch[14] Batch [350]	Speed: 2794.29 samples/sec	accuracy=0.864062
INFO:root:Epoch[14] Batch [400]	Speed: 2651.17 samples/sec	accuracy=0.878750
INFO:root:Epoch[14] Batch [450]	Speed: 2564.25 samples/sec	accuracy=0.874375
INFO:root:Epoch[14] Batch [500]	Speed: 2574.86 samples/sec	accuracy=0.873750
INFO:root:Epoch[14] Batch [550]	Speed: 2639.80 samples/sec	accuracy=0.870938
INFO:root:Epoch[14] Batch [600]	Speed: 2620.06 samples/sec	accuracy=0.881563
INFO:root:Epoch[14] Batch [650]	Speed: 2590.93 samples/sec	accuracy=0.868125
INFO:root:Epoch[14] Batch [700]	Speed: 2595.33 samples/sec	accuracy=0.883437
INFO:root:Epoch[14] Batch [750]	Speed: 2530.47 samples/sec	accuracy=0.874375
INFO:root:Epoch[14] Resetting Data Iterator
INFO:root:Epoch[14] Time cost=18.749
INFO:root:Saved checkpoint to "model/resnet-cifar10-20-0-0015.params"
INFO:root:Epoch[14] Validation-accuracy=0.831409
INFO:root:Epoch[15] Batch [50]	Speed: 2590.30 samples/sec	accuracy=0.875938
INFO:root:Epoch[15] Batch [100]	Speed: 2584.68 samples/sec	accuracy=0.884375
INFO:root:Epoch[15] Batch [150]	Speed: 2654.49 samples/sec	accuracy=0.886250
INFO:root:Epoch[15] Batch [200]	Speed: 2534.53 samples/sec	accuracy=0.876563
INFO:root:Epoch[15] Batch [250]	Speed: 2670.21 samples/sec	accuracy=0.880938
INFO:root:Epoch[15] Batch [300]	Speed: 2756.80 samples/sec	accuracy=0.884062
INFO:root:Epoch[15] Batch [350]	Speed: 2744.61 samples/sec	accuracy=0.875938
INFO:root:Epoch[15] Batch [400]	Speed: 2626.27 samples/sec	accuracy=0.877812
INFO:root:Epoch[15] Batch [450]	Speed: 2743.75 samples/sec	accuracy=0.887188
INFO:root:Epoch[15] Batch [500]	Speed: 2801.19 samples/sec	accuracy=0.883437
INFO:root:Epoch[15] Batch [550]	Speed: 2772.83 samples/sec	accuracy=0.876875
INFO:root:Epoch[15] Batch [600]	Speed: 2792.66 samples/sec	accuracy=0.885312
INFO:root:Epoch[15] Batch [650]	Speed: 2781.83 samples/sec	accuracy=0.867500
INFO:root:Epoch[15] Batch [700]	Speed: 2675.13 samples/sec	accuracy=0.887813
INFO:root:Epoch[15] Batch [750]	Speed: 2776.71 samples/sec	accuracy=0.885000
INFO:root:Epoch[15] Resetting Data Iterator
INFO:root:Epoch[15] Time cost=18.519
INFO:root:Saved checkpoint to "model/resnet-cifar10-20-0-0016.params"
INFO:root:Epoch[15] Validation-accuracy=0.820860
INFO:root:Epoch[16] Batch [50]	Speed: 2666.71 samples/sec	accuracy=0.866250
INFO:root:Epoch[16] Batch [100]	Speed: 2646.38 samples/sec	accuracy=0.881563
INFO:root:Epoch[16] Batch [150]	Speed: 2656.64 samples/sec	accuracy=0.883125
INFO:root:Epoch[16] Batch [200]	Speed: 2603.22 samples/sec	accuracy=0.874375
INFO:root:Epoch[16] Batch [250]	Speed: 2633.58 samples/sec	accuracy=0.880625
INFO:root:Epoch[16] Batch [300]	Speed: 2627.64 samples/sec	accuracy=0.895938
INFO:root:Epoch[16] Batch [350]	Speed: 2565.11 samples/sec	accuracy=0.877188
INFO:root:Epoch[16] Batch [400]	Speed: 2652.55 samples/sec	accuracy=0.878437
INFO:root:Epoch[16] Batch [450]	Speed: 2687.82 samples/sec	accuracy=0.884375
INFO:root:Epoch[16] Batch [500]	Speed: 2721.30 samples/sec	accuracy=0.878750
INFO:root:Epoch[16] Batch [550]	Speed: 2657.74 samples/sec	accuracy=0.885938
INFO:root:Epoch[16] Batch [600]	Speed: 2773.43 samples/sec	accuracy=0.885000
INFO:root:Epoch[16] Batch [650]	Speed: 2630.56 samples/sec	accuracy=0.885312
INFO:root:Epoch[16] Batch [700]	Speed: 2649.04 samples/sec	accuracy=0.888750
INFO:root:Epoch[16] Batch [750]	Speed: 2645.70 samples/sec	accuracy=0.885625
INFO:root:Epoch[16] Resetting Data Iterator
INFO:root:Epoch[16] Time cost=18.847
INFO:root:Saved checkpoint to "model/resnet-cifar10-20-0-0017.params"
INFO:root:Epoch[16] Validation-accuracy=0.811903
INFO:root:Epoch[17] Batch [50]	Speed: 2620.19 samples/sec	accuracy=0.872812
INFO:root:Epoch[17] Batch [100]	Speed: 2683.29 samples/sec	accuracy=0.883437
INFO:root:Epoch[17] Batch [150]	Speed: 2784.79 samples/sec	accuracy=0.882812
INFO:root:Epoch[17] Batch [200]	Speed: 2786.10 samples/sec	accuracy=0.890625
INFO:root:Epoch[17] Batch [250]	Speed: 2726.61 samples/sec	accuracy=0.896563
INFO:root:Epoch[17] Batch [300]	Speed: 2658.96 samples/sec	accuracy=0.893125
INFO:root:Epoch[17] Batch [350]	Speed: 2602.59 samples/sec	accuracy=0.885938
INFO:root:Epoch[17] Batch [400]	Speed: 2635.14 samples/sec	accuracy=0.877500
INFO:root:Epoch[17] Batch [450]	Speed: 2616.25 samples/sec	accuracy=0.885312
INFO:root:Epoch[17] Batch [500]	Speed: 2572.42 samples/sec	accuracy=0.883125
INFO:root:Epoch[17] Batch [550]	Speed: 2580.20 samples/sec	accuracy=0.890000
INFO:root:Epoch[17] Batch [600]	Speed: 2650.53 samples/sec	accuracy=0.882188
INFO:root:Epoch[17] Batch [650]	Speed: 2765.14 samples/sec	accuracy=0.876875
INFO:root:Epoch[17] Batch [700]	Speed: 2662.35 samples/sec	accuracy=0.886563
INFO:root:Epoch[17] Batch [750]	Speed: 2618.68 samples/sec	accuracy=0.887188
INFO:root:Epoch[17] Resetting Data Iterator
INFO:root:Epoch[17] Time cost=18.787
INFO:root:Saved checkpoint to "model/resnet-cifar10-20-0-0018.params"
INFO:root:Epoch[17] Validation-accuracy=0.830812
INFO:root:Epoch[18] Batch [50]	Speed: 2635.65 samples/sec	accuracy=0.882812
INFO:root:Epoch[18] Batch [100]	Speed: 2585.01 samples/sec	accuracy=0.876875
INFO:root:Epoch[18] Batch [150]	Speed: 2652.26 samples/sec	accuracy=0.893750
INFO:root:Epoch[18] Batch [200]	Speed: 2656.25 samples/sec	accuracy=0.890312
INFO:root:Epoch[18] Batch [250]	Speed: 2673.80 samples/sec	accuracy=0.883125
INFO:root:Epoch[18] Batch [300]	Speed: 2614.57 samples/sec	accuracy=0.893125
INFO:root:Epoch[18] Batch [350]	Speed: 2582.70 samples/sec	accuracy=0.881875
INFO:root:Epoch[18] Batch [400]	Speed: 2669.14 samples/sec	accuracy=0.882500
INFO:root:Epoch[18] Batch [450]	Speed: 2644.08 samples/sec	accuracy=0.883437
INFO:root:Epoch[18] Batch [500]	Speed: 2660.52 samples/sec	accuracy=0.883750
INFO:root:Epoch[18] Batch [550]	Speed: 2537.37 samples/sec	accuracy=0.887813
INFO:root:Epoch[18] Batch [600]	Speed: 2621.14 samples/sec	accuracy=0.890000
INFO:root:Epoch[18] Batch [650]	Speed: 2634.60 samples/sec	accuracy=0.883750
INFO:root:Epoch[18] Batch [700]	Speed: 2633.11 samples/sec	accuracy=0.894062
INFO:root:Epoch[18] Batch [750]	Speed: 2609.97 samples/sec	accuracy=0.886250
INFO:root:Epoch[18] Resetting Data Iterator
INFO:root:Epoch[18] Time cost=19.034
INFO:root:Saved checkpoint to "model/resnet-cifar10-20-0-0019.params"
INFO:root:Epoch[18] Validation-accuracy=0.840167
INFO:root:Epoch[19] Batch [50]	Speed: 2667.82 samples/sec	accuracy=0.888750
INFO:root:Epoch[19] Batch [100]	Speed: 2574.95 samples/sec	accuracy=0.897813
INFO:root:Epoch[19] Batch [150]	Speed: 2610.50 samples/sec	accuracy=0.877188
INFO:root:Epoch[19] Batch [200]	Speed: 2773.89 samples/sec	accuracy=0.888125
INFO:root:Epoch[19] Batch [250]	Speed: 2611.67 samples/sec	accuracy=0.885625
INFO:root:Epoch[19] Batch [300]	Speed: 2630.27 samples/sec	accuracy=0.893750
INFO:root:Epoch[19] Batch [350]	Speed: 2600.47 samples/sec	accuracy=0.893437
INFO:root:Epoch[19] Batch [400]	Speed: 2649.26 samples/sec	accuracy=0.890312
INFO:root:Epoch[19] Batch [450]	Speed: 2770.73 samples/sec	accuracy=0.884062
INFO:root:Epoch[19] Batch [500]	Speed: 2619.15 samples/sec	accuracy=0.870625
INFO:root:Epoch[19] Batch [550]	Speed: 2560.68 samples/sec	accuracy=0.903125
INFO:root:Epoch[19] Batch [600]	Speed: 2604.58 samples/sec	accuracy=0.881875
INFO:root:Epoch[19] Batch [650]	Speed: 2766.31 samples/sec	accuracy=0.893125
INFO:root:Epoch[19] Batch [700]	Speed: 2672.55 samples/sec	accuracy=0.896250
INFO:root:Epoch[19] Batch [750]	Speed: 2595.88 samples/sec	accuracy=0.894062
INFO:root:Epoch[19] Resetting Data Iterator
INFO:root:Epoch[19] Time cost=18.910
INFO:root:Saved checkpoint to "model/resnet-cifar10-20-0-0020.params"
INFO:root:Epoch[19] Validation-accuracy=0.847333
INFO:root:Epoch[20] Batch [50]	Speed: 2690.87 samples/sec	accuracy=0.883750
INFO:root:Epoch[20] Batch [100]	Speed: 2753.76 samples/sec	accuracy=0.900000
INFO:root:Epoch[20] Batch [150]	Speed: 2773.50 samples/sec	accuracy=0.902813
INFO:root:Epoch[20] Batch [200]	Speed: 2777.46 samples/sec	accuracy=0.896250
INFO:root:Epoch[20] Batch [250]	Speed: 2750.53 samples/sec	accuracy=0.895938
INFO:root:Epoch[20] Batch [300]	Speed: 2765.72 samples/sec	accuracy=0.891250
INFO:root:Epoch[20] Batch [350]	Speed: 2778.68 samples/sec	accuracy=0.885000
INFO:root:Epoch[20] Batch [400]	Speed: 2773.97 samples/sec	accuracy=0.881563
INFO:root:Epoch[20] Batch [450]	Speed: 2750.79 samples/sec	accuracy=0.891250
INFO:root:Epoch[20] Batch [500]	Speed: 2781.01 samples/sec	accuracy=0.895000
INFO:root:Epoch[20] Batch [550]	Speed: 2609.55 samples/sec	accuracy=0.882500
INFO:root:Epoch[20] Batch [600]	Speed: 2594.66 samples/sec	accuracy=0.897813
INFO:root:Epoch[20] Batch [650]	Speed: 2611.84 samples/sec	accuracy=0.882812
INFO:root:Epoch[20] Batch [700]	Speed: 2562.27 samples/sec	accuracy=0.895312
INFO:root:Epoch[20] Batch [750]	Speed: 2664.03 samples/sec	accuracy=0.899375
INFO:root:Epoch[20] Resetting Data Iterator
INFO:root:Epoch[20] Time cost=18.518
INFO:root:Saved checkpoint to "model/resnet-cifar10-20-0-0021.params"
INFO:root:Epoch[20] Validation-accuracy=0.843352
INFO:root:Epoch[21] Batch [50]	Speed: 2663.82 samples/sec	accuracy=0.890312
INFO:root:Epoch[21] Batch [100]	Speed: 2597.43 samples/sec	accuracy=0.898125
INFO:root:Epoch[21] Batch [150]	Speed: 2603.67 samples/sec	accuracy=0.888750
INFO:root:Epoch[21] Batch [200]	Speed: 2612.73 samples/sec	accuracy=0.887500
INFO:root:Epoch[21] Batch [250]	Speed: 2679.18 samples/sec	accuracy=0.889687
INFO:root:Epoch[21] Batch [300]	Speed: 2607.85 samples/sec	accuracy=0.904062
INFO:root:Epoch[21] Batch [350]	Speed: 2674.85 samples/sec	accuracy=0.883125
INFO:root:Epoch[21] Batch [400]	Speed: 2790.07 samples/sec	accuracy=0.892188
INFO:root:Epoch[21] Batch [450]	Speed: 2693.90 samples/sec	accuracy=0.892500
INFO:root:Epoch[21] Batch [500]	Speed: 2562.23 samples/sec	accuracy=0.888125
INFO:root:Epoch[21] Batch [550]	Speed: 2593.57 samples/sec	accuracy=0.898750
INFO:root:Epoch[21] Batch [600]	Speed: 2625.88 samples/sec	accuracy=0.882812
INFO:root:Epoch[21] Batch [650]	Speed: 2669.76 samples/sec	accuracy=0.892500
INFO:root:Epoch[21] Batch [700]	Speed: 2614.78 samples/sec	accuracy=0.898750
INFO:root:Epoch[21] Batch [750]	Speed: 2741.22 samples/sec	accuracy=0.885938
INFO:root:Epoch[21] Resetting Data Iterator
INFO:root:Epoch[21] Time cost=18.858
INFO:root:Saved checkpoint to "model/resnet-cifar10-20-0-0022.params"
INFO:root:Epoch[21] Validation-accuracy=0.842357
INFO:root:Epoch[22] Batch [50]	Speed: 2726.18 samples/sec	accuracy=0.892188
INFO:root:Epoch[22] Batch [100]	Speed: 2767.18 samples/sec	accuracy=0.900625
INFO:root:Epoch[22] Batch [150]	Speed: 2684.33 samples/sec	accuracy=0.890312
INFO:root:Epoch[22] Batch [200]	Speed: 2781.76 samples/sec	accuracy=0.891250
INFO:root:Epoch[22] Batch [250]	Speed: 2779.65 samples/sec	accuracy=0.898125
INFO:root:Epoch[22] Batch [300]	Speed: 2791.34 samples/sec	accuracy=0.892500
INFO:root:Epoch[22] Batch [350]	Speed: 2772.76 samples/sec	accuracy=0.905625
INFO:root:Epoch[22] Batch [400]	Speed: 2756.80 samples/sec	accuracy=0.890625
INFO:root:Epoch[22] Batch [450]	Speed: 2794.97 samples/sec	accuracy=0.891563
INFO:root:Epoch[22] Batch [500]	Speed: 2796.69 samples/sec	accuracy=0.893750
INFO:root:Epoch[22] Batch [550]	Speed: 2789.67 samples/sec	accuracy=0.893750
INFO:root:Epoch[22] Batch [600]	Speed: 2793.23 samples/sec	accuracy=0.904687
INFO:root:Epoch[22] Batch [650]	Speed: 2801.74 samples/sec	accuracy=0.886250
INFO:root:Epoch[22] Batch [700]	Speed: 2802.78 samples/sec	accuracy=0.897813
INFO:root:Epoch[22] Batch [750]	Speed: 2643.41 samples/sec	accuracy=0.904687
INFO:root:Epoch[22] Resetting Data Iterator
INFO:root:Epoch[22] Time cost=18.111
INFO:root:Saved checkpoint to "model/resnet-cifar10-20-0-0023.params"
INFO:root:Epoch[22] Validation-accuracy=0.847532
INFO:root:Epoch[23] Batch [50]	Speed: 2662.29 samples/sec	accuracy=0.896563
INFO:root:Epoch[23] Batch [100]	Speed: 2611.31 samples/sec	accuracy=0.890000
INFO:root:Epoch[23] Batch [150]	Speed: 2522.57 samples/sec	accuracy=0.903125
INFO:root:Epoch[23] Batch [200]	Speed: 2673.87 samples/sec	accuracy=0.882500
INFO:root:Epoch[23] Batch [250]	Speed: 2612.97 samples/sec	accuracy=0.898438
INFO:root:Epoch[23] Batch [300]	Speed: 2686.28 samples/sec	accuracy=0.893750
INFO:root:Epoch[23] Batch [350]	Speed: 2794.79 samples/sec	accuracy=0.892188
INFO:root:Epoch[23] Batch [400]	Speed: 2780.60 samples/sec	accuracy=0.902500
INFO:root:Epoch[23] Batch [450]	Speed: 2756.29 samples/sec	accuracy=0.907813
INFO:root:Epoch[23] Batch [500]	Speed: 2565.34 samples/sec	accuracy=0.906563
INFO:root:Epoch[23] Batch [550]	Speed: 2574.76 samples/sec	accuracy=0.893437
INFO:root:Epoch[23] Batch [600]	Speed: 2735.42 samples/sec	accuracy=0.887500
INFO:root:Epoch[23] Batch [650]	Speed: 2779.87 samples/sec	accuracy=0.895625
INFO:root:Epoch[23] Batch [700]	Speed: 2775.59 samples/sec	accuracy=0.899062
INFO:root:Epoch[23] Batch [750]	Speed: 2676.81 samples/sec	accuracy=0.889687
INFO:root:Epoch[23] Resetting Data Iterator
INFO:root:Epoch[23] Time cost=18.683
INFO:root:Saved checkpoint to "model/resnet-cifar10-20-0-0024.params"
INFO:root:Epoch[23] Validation-accuracy=0.816182
INFO:root:Epoch[24] Batch [50]	Speed: 2681.07 samples/sec	accuracy=0.883750
INFO:root:Epoch[24] Batch [100]	Speed: 2719.86 samples/sec	accuracy=0.901563
INFO:root:Epoch[24] Batch [150]	Speed: 2661.55 samples/sec	accuracy=0.909375
INFO:root:Epoch[24] Batch [200]	Speed: 2775.03 samples/sec	accuracy=0.900937
INFO:root:Epoch[24] Batch [250]	Speed: 2789.54 samples/sec	accuracy=0.891875
INFO:root:Epoch[24] Batch [300]	Speed: 2762.77 samples/sec	accuracy=0.899687
INFO:root:Epoch[24] Batch [350]	Speed: 2777.09 samples/sec	accuracy=0.897188
INFO:root:Epoch[24] Batch [400]	Speed: 2789.25 samples/sec	accuracy=0.904375
INFO:root:Epoch[24] Batch [450]	Speed: 2649.74 samples/sec	accuracy=0.891250
INFO:root:Epoch[24] Batch [500]	Speed: 2646.73 samples/sec	accuracy=0.891875
INFO:root:Epoch[24] Batch [550]	Speed: 2809.25 samples/sec	accuracy=0.913750
INFO:root:Epoch[24] Batch [600]	Speed: 2790.67 samples/sec	accuracy=0.894687
INFO:root:Epoch[24] Batch [650]	Speed: 2796.14 samples/sec	accuracy=0.899687
INFO:root:Epoch[24] Batch [700]	Speed: 2792.26 samples/sec	accuracy=0.913125
INFO:root:Epoch[24] Batch [750]	Speed: 2578.60 samples/sec	accuracy=0.905937
INFO:root:Epoch[24] Resetting Data Iterator
INFO:root:Epoch[24] Time cost=18.368
INFO:root:Saved checkpoint to "model/resnet-cifar10-20-0-0025.params"
INFO:root:Epoch[24] Validation-accuracy=0.839271
INFO:root:Epoch[25] Batch [50]	Speed: 2756.34 samples/sec	accuracy=0.883125
INFO:root:Epoch[25] Batch [100]	Speed: 2782.29 samples/sec	accuracy=0.904062
INFO:root:Epoch[25] Batch [150]	Speed: 2785.50 samples/sec	accuracy=0.899687
INFO:root:Epoch[25] Batch [200]	Speed: 2807.73 samples/sec	accuracy=0.895938
INFO:root:Epoch[25] Batch [250]	Speed: 2772.78 samples/sec	accuracy=0.902500
INFO:root:Epoch[25] Batch [300]	Speed: 2782.11 samples/sec	accuracy=0.893750
INFO:root:Epoch[25] Batch [350]	Speed: 2785.64 samples/sec	accuracy=0.900625
INFO:root:Epoch[25] Batch [400]	Speed: 2702.90 samples/sec	accuracy=0.904062
INFO:root:Epoch[25] Batch [450]	Speed: 2623.25 samples/sec	accuracy=0.899687
INFO:root:Epoch[25] Batch [500]	Speed: 2630.09 samples/sec	accuracy=0.896563
INFO:root:Epoch[25] Batch [550]	Speed: 2786.43 samples/sec	accuracy=0.896875
INFO:root:Epoch[25] Batch [600]	Speed: 2790.24 samples/sec	accuracy=0.901250
INFO:root:Epoch[25] Batch [650]	Speed: 2753.65 samples/sec	accuracy=0.896563
INFO:root:Epoch[25] Batch [700]	Speed: 2791.90 samples/sec	accuracy=0.893750
INFO:root:Epoch[25] Batch [750]	Speed: 2704.12 samples/sec	accuracy=0.908125
INFO:root:Epoch[25] Resetting Data Iterator
INFO:root:Epoch[25] Time cost=18.236
INFO:root:Saved checkpoint to "model/resnet-cifar10-20-0-0026.params"
INFO:root:Epoch[25] Validation-accuracy=0.840665
INFO:root:Epoch[26] Batch [50]	Speed: 2724.60 samples/sec	accuracy=0.899375
INFO:root:Epoch[26] Batch [100]	Speed: 2774.21 samples/sec	accuracy=0.895312
INFO:root:Epoch[26] Batch [150]	Speed: 2686.37 samples/sec	accuracy=0.913750
INFO:root:Epoch[26] Batch [200]	Speed: 2676.62 samples/sec	accuracy=0.903438
INFO:root:Epoch[26] Batch [250]	Speed: 2740.61 samples/sec	accuracy=0.892500
INFO:root:Epoch[26] Batch [300]	Speed: 2743.31 samples/sec	accuracy=0.894687
INFO:root:Epoch[26] Batch [350]	Speed: 2708.00 samples/sec	accuracy=0.889375
INFO:root:Epoch[26] Batch [400]	Speed: 2756.45 samples/sec	accuracy=0.897813
INFO:root:Epoch[26] Batch [450]	Speed: 2750.83 samples/sec	accuracy=0.902188
INFO:root:Epoch[26] Batch [500]	Speed: 2742.51 samples/sec	accuracy=0.891250
INFO:root:Epoch[26] Batch [550]	Speed: 2728.52 samples/sec	accuracy=0.899375
INFO:root:Epoch[26] Batch [600]	Speed: 2744.01 samples/sec	accuracy=0.910000
INFO:root:Epoch[26] Batch [650]	Speed: 2747.41 samples/sec	accuracy=0.905625
INFO:root:Epoch[26] Batch [700]	Speed: 2760.09 samples/sec	accuracy=0.903750
INFO:root:Epoch[26] Batch [750]	Speed: 2744.33 samples/sec	accuracy=0.894062
INFO:root:Epoch[26] Resetting Data Iterator
INFO:root:Epoch[26] Time cost=18.287
INFO:root:Saved checkpoint to "model/resnet-cifar10-20-0-0027.params"
INFO:root:Epoch[26] Validation-accuracy=0.846338
INFO:root:Epoch[27] Batch [50]	Speed: 2714.04 samples/sec	accuracy=0.885938
INFO:root:Epoch[27] Batch [100]	Speed: 2728.73 samples/sec	accuracy=0.903750
INFO:root:Epoch[27] Batch [150]	Speed: 2790.42 samples/sec	accuracy=0.909687
INFO:root:Epoch[27] Batch [200]	Speed: 2566.55 samples/sec	accuracy=0.893437
INFO:root:Epoch[27] Batch [250]	Speed: 2563.41 samples/sec	accuracy=0.898125
INFO:root:Epoch[27] Batch [300]	Speed: 2689.64 samples/sec	accuracy=0.902188
INFO:root:Epoch[27] Batch [350]	Speed: 2698.93 samples/sec	accuracy=0.907188
INFO:root:Epoch[27] Batch [400]	Speed: 2685.33 samples/sec	accuracy=0.906250
INFO:root:Epoch[27] Batch [450]	Speed: 2773.87 samples/sec	accuracy=0.895625
INFO:root:Epoch[27] Batch [500]	Speed: 2759.83 samples/sec	accuracy=0.908125
INFO:root:Epoch[27] Batch [550]	Speed: 2664.17 samples/sec	accuracy=0.900625
INFO:root:Epoch[27] Batch [600]	Speed: 2785.89 samples/sec	accuracy=0.907188
INFO:root:Epoch[27] Batch [650]	Speed: 2789.25 samples/sec	accuracy=0.906875
INFO:root:Epoch[27] Batch [700]	Speed: 2783.40 samples/sec	accuracy=0.897813
INFO:root:Epoch[27] Batch [750]	Speed: 2807.36 samples/sec	accuracy=0.900312
INFO:root:Epoch[27] Resetting Data Iterator
INFO:root:Epoch[27] Time cost=18.387
INFO:root:Saved checkpoint to "model/resnet-cifar10-20-0-0028.params"
INFO:root:Epoch[27] Validation-accuracy=0.838674
INFO:root:Epoch[28] Batch [50]	Speed: 2714.03 samples/sec	accuracy=0.898750
INFO:root:Epoch[28] Batch [100]	Speed: 2595.79 samples/sec	accuracy=0.910625
INFO:root:Epoch[28] Batch [150]	Speed: 2692.74 samples/sec	accuracy=0.905625
INFO:root:Epoch[28] Batch [200]	Speed: 2592.27 samples/sec	accuracy=0.897188
INFO:root:Epoch[28] Batch [250]	Speed: 2619.53 samples/sec	accuracy=0.898750
INFO:root:Epoch[28] Batch [300]	Speed: 2643.85 samples/sec	accuracy=0.905000
INFO:root:Epoch[28] Batch [350]	Speed: 2541.07 samples/sec	accuracy=0.904687
INFO:root:Epoch[28] Batch [400]	Speed: 2661.72 samples/sec	accuracy=0.905000
INFO:root:Epoch[28] Batch [450]	Speed: 2793.64 samples/sec	accuracy=0.916875
INFO:root:Epoch[28] Batch [500]	Speed: 2795.19 samples/sec	accuracy=0.914375
INFO:root:Epoch[28] Batch [550]	Speed: 2753.78 samples/sec	accuracy=0.904062
INFO:root:Epoch[28] Batch [600]	Speed: 2744.72 samples/sec	accuracy=0.894375
INFO:root:Epoch[28] Batch [650]	Speed: 2667.83 samples/sec	accuracy=0.896250
INFO:root:Epoch[28] Batch [700]	Speed: 2758.10 samples/sec	accuracy=0.910000
INFO:root:Epoch[28] Batch [750]	Speed: 2630.49 samples/sec	accuracy=0.899687
INFO:root:Epoch[28] Resetting Data Iterator
INFO:root:Epoch[28] Time cost=18.717
INFO:root:Saved checkpoint to "model/resnet-cifar10-20-0-0029.params"
INFO:root:Epoch[28] Validation-accuracy=0.837580
INFO:root:Epoch[29] Batch [50]	Speed: 2635.26 samples/sec	accuracy=0.900312
INFO:root:Epoch[29] Batch [100]	Speed: 2516.31 samples/sec	accuracy=0.915312
INFO:root:Epoch[29] Batch [150]	Speed: 2628.31 samples/sec	accuracy=0.901563
INFO:root:Epoch[29] Batch [200]	Speed: 2568.41 samples/sec	accuracy=0.907500
INFO:root:Epoch[29] Batch [250]	Speed: 2651.76 samples/sec	accuracy=0.895625
INFO:root:Epoch[29] Batch [300]	Speed: 2754.74 samples/sec	accuracy=0.913750
INFO:root:Epoch[29] Batch [350]	Speed: 2658.22 samples/sec	accuracy=0.909687
INFO:root:Epoch[29] Batch [400]	Speed: 2622.34 samples/sec	accuracy=0.897188
INFO:root:Epoch[29] Batch [450]	Speed: 2577.24 samples/sec	accuracy=0.895000
INFO:root:Epoch[29] Batch [500]	Speed: 2589.39 samples/sec	accuracy=0.906250
INFO:root:Epoch[29] Batch [550]	Speed: 2622.85 samples/sec	accuracy=0.902500
INFO:root:Epoch[29] Batch [600]	Speed: 2669.63 samples/sec	accuracy=0.914375
INFO:root:Epoch[29] Batch [650]	Speed: 2781.56 samples/sec	accuracy=0.905000
INFO:root:Epoch[29] Batch [700]	Speed: 2793.35 samples/sec	accuracy=0.909375
INFO:root:Epoch[29] Batch [750]	Speed: 2652.19 samples/sec	accuracy=0.907500
INFO:root:Epoch[29] Resetting Data Iterator
INFO:root:Epoch[29] Time cost=18.906
INFO:root:Saved checkpoint to "model/resnet-cifar10-20-0-0030.params"
INFO:root:Epoch[29] Validation-accuracy=0.849721
INFO:root:Epoch[30] Batch [50]	Speed: 2672.70 samples/sec	accuracy=0.904687
INFO:root:Epoch[30] Batch [100]	Speed: 2665.33 samples/sec	accuracy=0.911250
INFO:root:Epoch[30] Batch [150]	Speed: 2732.74 samples/sec	accuracy=0.902188
INFO:root:Epoch[30] Batch [200]	Speed: 2782.20 samples/sec	accuracy=0.890625
INFO:root:Epoch[30] Batch [250]	Speed: 2780.31 samples/sec	accuracy=0.902813
INFO:root:Epoch[30] Batch [300]	Speed: 2778.52 samples/sec	accuracy=0.898750
INFO:root:Epoch[30] Batch [350]	Speed: 2736.35 samples/sec	accuracy=0.907813
INFO:root:Epoch[30] Batch [400]	Speed: 2763.12 samples/sec	accuracy=0.898438
INFO:root:Epoch[30] Batch [450]	Speed: 2644.66 samples/sec	accuracy=0.902188
INFO:root:Epoch[30] Batch [500]	Speed: 2747.19 samples/sec	accuracy=0.912813
INFO:root:Epoch[30] Batch [550]	Speed: 2777.85 samples/sec	accuracy=0.898750
INFO:root:Epoch[30] Batch [600]	Speed: 2603.01 samples/sec	accuracy=0.899687
INFO:root:Epoch[30] Batch [650]	Speed: 2764.23 samples/sec	accuracy=0.903438
INFO:root:Epoch[30] Batch [700]	Speed: 2776.91 samples/sec	accuracy=0.907813
INFO:root:Epoch[30] Batch [750]	Speed: 2736.42 samples/sec	accuracy=0.918125
INFO:root:Epoch[30] Resetting Data Iterator
INFO:root:Epoch[30] Time cost=18.326
INFO:root:Saved checkpoint to "model/resnet-cifar10-20-0-0031.params"
INFO:root:Epoch[30] Validation-accuracy=0.837580
INFO:root:Epoch[31] Batch [50]	Speed: 2660.77 samples/sec	accuracy=0.898750
INFO:root:Epoch[31] Batch [100]	Speed: 2607.07 samples/sec	accuracy=0.916875
INFO:root:Epoch[31] Batch [150]	Speed: 2737.43 samples/sec	accuracy=0.909062
INFO:root:Epoch[31] Batch [200]	Speed: 2759.29 samples/sec	accuracy=0.903125
INFO:root:Epoch[31] Batch [250]	Speed: 2778.50 samples/sec	accuracy=0.902813
INFO:root:Epoch[31] Batch [300]	Speed: 2670.26 samples/sec	accuracy=0.907500
INFO:root:Epoch[31] Batch [350]	Speed: 2765.22 samples/sec	accuracy=0.897813
INFO:root:Epoch[31] Batch [400]	Speed: 2796.13 samples/sec	accuracy=0.909687
INFO:root:Epoch[31] Batch [450]	Speed: 2786.55 samples/sec	accuracy=0.905937
INFO:root:Epoch[31] Batch [500]	Speed: 2803.27 samples/sec	accuracy=0.905000
INFO:root:Epoch[31] Batch [550]	Speed: 2797.00 samples/sec	accuracy=0.897188
INFO:root:Epoch[31] Batch [600]	Speed: 2779.20 samples/sec	accuracy=0.909375
INFO:root:Epoch[31] Batch [650]	Speed: 2699.86 samples/sec	accuracy=0.909375
INFO:root:Epoch[31] Batch [700]	Speed: 2649.25 samples/sec	accuracy=0.913438
INFO:root:Epoch[31] Batch [750]	Speed: 2614.89 samples/sec	accuracy=0.897813
INFO:root:Epoch[31] Resetting Data Iterator
INFO:root:Epoch[31] Time cost=18.393
INFO:root:Saved checkpoint to "model/resnet-cifar10-20-0-0032.params"
INFO:root:Epoch[31] Validation-accuracy=0.829319
INFO:root:Epoch[32] Batch [50]	Speed: 2641.76 samples/sec	accuracy=0.905937
INFO:root:Epoch[32] Batch [100]	Speed: 2671.62 samples/sec	accuracy=0.912813
INFO:root:Epoch[32] Batch [150]	Speed: 2772.53 samples/sec	accuracy=0.905312
INFO:root:Epoch[32] Batch [200]	Speed: 2790.26 samples/sec	accuracy=0.895000
INFO:root:Epoch[32] Batch [250]	Speed: 2783.77 samples/sec	accuracy=0.906875
INFO:root:Epoch[32] Batch [300]	Speed: 2783.43 samples/sec	accuracy=0.914375
INFO:root:Epoch[32] Batch [350]	Speed: 2791.70 samples/sec	accuracy=0.908438
INFO:root:Epoch[32] Batch [400]	Speed: 2765.95 samples/sec	accuracy=0.905937
INFO:root:Epoch[32] Batch [450]	Speed: 2779.00 samples/sec	accuracy=0.896875
INFO:root:Epoch[32] Batch [500]	Speed: 2778.81 samples/sec	accuracy=0.906563
INFO:root:Epoch[32] Batch [550]	Speed: 2786.42 samples/sec	accuracy=0.905625
INFO:root:Epoch[32] Batch [600]	Speed: 2785.31 samples/sec	accuracy=0.905312
INFO:root:Epoch[32] Batch [650]	Speed: 2772.71 samples/sec	accuracy=0.898750
INFO:root:Epoch[32] Batch [700]	Speed: 2701.79 samples/sec	accuracy=0.910625
INFO:root:Epoch[32] Batch [750]	Speed: 2678.88 samples/sec	accuracy=0.913125
INFO:root:Epoch[32] Resetting Data Iterator
INFO:root:Epoch[32] Time cost=18.217
INFO:root:Saved checkpoint to "model/resnet-cifar10-20-0-0033.params"
INFO:root:Epoch[32] Validation-accuracy=0.825637
INFO:root:Epoch[33] Batch [50]	Speed: 2624.03 samples/sec	accuracy=0.894687
INFO:root:Epoch[33] Batch [100]	Speed: 2642.28 samples/sec	accuracy=0.912188
INFO:root:Epoch[33] Batch [150]	Speed: 2589.74 samples/sec	accuracy=0.906250
INFO:root:Epoch[33] Batch [200]	Speed: 2645.49 samples/sec	accuracy=0.900000
INFO:root:Epoch[33] Batch [250]	Speed: 2758.34 samples/sec	accuracy=0.898125
INFO:root:Epoch[33] Batch [300]	Speed: 2593.70 samples/sec	accuracy=0.913438
INFO:root:Epoch[33] Batch [350]	Speed: 2547.14 samples/sec	accuracy=0.910000
INFO:root:Epoch[33] Batch [400]	Speed: 2634.22 samples/sec	accuracy=0.915625
INFO:root:Epoch[33] Batch [450]	Speed: 2659.80 samples/sec	accuracy=0.896250
INFO:root:Epoch[33] Batch [500]	Speed: 2611.70 samples/sec	accuracy=0.908125
INFO:root:Epoch[33] Batch [550]	Speed: 2720.24 samples/sec	accuracy=0.906563
INFO:root:Epoch[33] Batch [600]	Speed: 2614.05 samples/sec	accuracy=0.904687
INFO:root:Epoch[33] Batch [650]	Speed: 2624.15 samples/sec	accuracy=0.906563
INFO:root:Epoch[33] Batch [700]	Speed: 2656.44 samples/sec	accuracy=0.911875
INFO:root:Epoch[33] Batch [750]	Speed: 2756.24 samples/sec	accuracy=0.911250
INFO:root:Epoch[33] Resetting Data Iterator
INFO:root:Epoch[33] Time cost=18.907
INFO:root:Saved checkpoint to "model/resnet-cifar10-20-0-0034.params"
INFO:root:Epoch[33] Validation-accuracy=0.843850
INFO:root:Epoch[34] Batch [50]	Speed: 2762.59 samples/sec	accuracy=0.901250
INFO:root:Epoch[34] Batch [100]	Speed: 2716.85 samples/sec	accuracy=0.900312
INFO:root:Epoch[34] Batch [150]	Speed: 2705.13 samples/sec	accuracy=0.908750
INFO:root:Epoch[34] Batch [200]	Speed: 2643.25 samples/sec	accuracy=0.895625
INFO:root:Epoch[34] Batch [250]	Speed: 2704.06 samples/sec	accuracy=0.905625
INFO:root:Epoch[34] Batch [300]	Speed: 2645.52 samples/sec	accuracy=0.912813
INFO:root:Epoch[34] Batch [350]	Speed: 2639.90 samples/sec	accuracy=0.901563
INFO:root:Epoch[34] Batch [400]	Speed: 2594.15 samples/sec	accuracy=0.910000
INFO:root:Epoch[34] Batch [450]	Speed: 2734.50 samples/sec	accuracy=0.905312
INFO:root:Epoch[34] Batch [500]	Speed: 2702.06 samples/sec	accuracy=0.907500
INFO:root:Epoch[34] Batch [550]	Speed: 2584.22 samples/sec	accuracy=0.903750
INFO:root:Epoch[34] Batch [600]	Speed: 2516.69 samples/sec	accuracy=0.905312
INFO:root:Epoch[34] Batch [650]	Speed: 2567.37 samples/sec	accuracy=0.909687
INFO:root:Epoch[34] Batch [700]	Speed: 2582.28 samples/sec	accuracy=0.907813
INFO:root:Epoch[34] Batch [750]	Speed: 2667.31 samples/sec	accuracy=0.909687
INFO:root:Epoch[34] Resetting Data Iterator
INFO:root:Epoch[34] Time cost=18.884
INFO:root:Saved checkpoint to "model/resnet-cifar10-20-0-0035.params"
INFO:root:Epoch[34] Validation-accuracy=0.839670
INFO:root:Epoch[35] Batch [50]	Speed: 2698.51 samples/sec	accuracy=0.908125
INFO:root:Epoch[35] Batch [100]	Speed: 2662.20 samples/sec	accuracy=0.915625
INFO:root:Epoch[35] Batch [150]	Speed: 2600.06 samples/sec	accuracy=0.902188
INFO:root:Epoch[35] Batch [200]	Speed: 2616.42 samples/sec	accuracy=0.899062
INFO:root:Epoch[35] Batch [250]	Speed: 2722.25 samples/sec	accuracy=0.917188
INFO:root:Epoch[35] Batch [300]	Speed: 2541.04 samples/sec	accuracy=0.906563
INFO:root:Epoch[35] Batch [350]	Speed: 2651.40 samples/sec	accuracy=0.919687
INFO:root:Epoch[35] Batch [400]	Speed: 2658.50 samples/sec	accuracy=0.910312
INFO:root:Epoch[35] Batch [450]	Speed: 2709.51 samples/sec	accuracy=0.913438
INFO:root:Epoch[35] Batch [500]	Speed: 2636.62 samples/sec	accuracy=0.902500
INFO:root:Epoch[35] Batch [550]	Speed: 2629.16 samples/sec	accuracy=0.915312
INFO:root:Epoch[35] Batch [600]	Speed: 2600.72 samples/sec	accuracy=0.903125
INFO:root:Epoch[35] Batch [650]	Speed: 2645.81 samples/sec	accuracy=0.903438
INFO:root:Epoch[35] Batch [700]	Speed: 2601.34 samples/sec	accuracy=0.906563
INFO:root:Epoch[35] Batch [750]	Speed: 2728.73 samples/sec	accuracy=0.907188
INFO:root:Epoch[35] Resetting Data Iterator
INFO:root:Epoch[35] Time cost=18.873
INFO:root:Saved checkpoint to "model/resnet-cifar10-20-0-0036.params"
INFO:root:Epoch[35] Validation-accuracy=0.845939
INFO:root:Epoch[36] Batch [50]	Speed: 2860.65 samples/sec	accuracy=0.902500
INFO:root:Epoch[36] Batch [100]	Speed: 2771.24 samples/sec	accuracy=0.905312
INFO:root:Epoch[36] Batch [150]	Speed: 2698.87 samples/sec	accuracy=0.912500
INFO:root:Epoch[36] Batch [200]	Speed: 2683.53 samples/sec	accuracy=0.915312
INFO:root:Epoch[36] Batch [250]	Speed: 2769.21 samples/sec	accuracy=0.907813
INFO:root:Epoch[36] Batch [300]	Speed: 2700.67 samples/sec	accuracy=0.910625
INFO:root:Epoch[36] Batch [350]	Speed: 2607.05 samples/sec	accuracy=0.901875
INFO:root:Epoch[36] Batch [400]	Speed: 2616.95 samples/sec	accuracy=0.913438
INFO:root:Epoch[36] Batch [450]	Speed: 2616.46 samples/sec	accuracy=0.911563
INFO:root:Epoch[36] Batch [500]	Speed: 2709.64 samples/sec	accuracy=0.904375
INFO:root:Epoch[36] Batch [550]	Speed: 2582.52 samples/sec	accuracy=0.910000
INFO:root:Epoch[36] Batch [600]	Speed: 2551.63 samples/sec	accuracy=0.905625
INFO:root:Epoch[36] Batch [650]	Speed: 2630.35 samples/sec	accuracy=0.910312
INFO:root:Epoch[36] Batch [700]	Speed: 2776.02 samples/sec	accuracy=0.924375
INFO:root:Epoch[36] Batch [750]	Speed: 2579.65 samples/sec	accuracy=0.922500
INFO:root:Epoch[36] Resetting Data Iterator
INFO:root:Epoch[36] Time cost=18.764
INFO:root:Saved checkpoint to "model/resnet-cifar10-20-0-0037.params"
INFO:root:Epoch[36] Validation-accuracy=0.855892
INFO:root:Epoch[37] Batch [50]	Speed: 2652.29 samples/sec	accuracy=0.900000
INFO:root:Epoch[37] Batch [100]	Speed: 2641.41 samples/sec	accuracy=0.899375
INFO:root:Epoch[37] Batch [150]	Speed: 2652.34 samples/sec	accuracy=0.895000
INFO:root:Epoch[37] Batch [200]	Speed: 2582.19 samples/sec	accuracy=0.904687
INFO:root:Epoch[37] Batch [250]	Speed: 2719.25 samples/sec	accuracy=0.911250
INFO:root:Epoch[37] Batch [300]	Speed: 2601.59 samples/sec	accuracy=0.920625
INFO:root:Epoch[37] Batch [350]	Speed: 2641.23 samples/sec	accuracy=0.908438
INFO:root:Epoch[37] Batch [400]	Speed: 2747.64 samples/sec	accuracy=0.910000
INFO:root:Epoch[37] Batch [450]	Speed: 2599.86 samples/sec	accuracy=0.909687
INFO:root:Epoch[37] Batch [500]	Speed: 2661.22 samples/sec	accuracy=0.906250
INFO:root:Epoch[37] Batch [550]	Speed: 2597.84 samples/sec	accuracy=0.913438
INFO:root:Epoch[37] Batch [600]	Speed: 2781.23 samples/sec	accuracy=0.909062
INFO:root:Epoch[37] Batch [650]	Speed: 2790.36 samples/sec	accuracy=0.902188
INFO:root:Epoch[37] Batch [700]	Speed: 2785.81 samples/sec	accuracy=0.913125
INFO:root:Epoch[37] Batch [750]	Speed: 2783.09 samples/sec	accuracy=0.915625
INFO:root:Epoch[37] Resetting Data Iterator
INFO:root:Epoch[37] Time cost=18.637
INFO:root:Saved checkpoint to "model/resnet-cifar10-20-0-0038.params"
INFO:root:Epoch[37] Validation-accuracy=0.855593
INFO:root:Epoch[38] Batch [50]	Speed: 2881.15 samples/sec	accuracy=0.912188
INFO:root:Epoch[38] Batch [100]	Speed: 2789.92 samples/sec	accuracy=0.907188
INFO:root:Epoch[38] Batch [150]	Speed: 2795.63 samples/sec	accuracy=0.915000
INFO:root:Epoch[38] Batch [200]	Speed: 2738.91 samples/sec	accuracy=0.903750
INFO:root:Epoch[38] Batch [250]	Speed: 2609.70 samples/sec	accuracy=0.903125
INFO:root:Epoch[38] Batch [300]	Speed: 2634.10 samples/sec	accuracy=0.909687
INFO:root:Epoch[38] Batch [350]	Speed: 2761.56 samples/sec	accuracy=0.910312
INFO:root:Epoch[38] Batch [400]	Speed: 2570.99 samples/sec	accuracy=0.909687
INFO:root:Epoch[38] Batch [450]	Speed: 2584.54 samples/sec	accuracy=0.902500
INFO:root:Epoch[38] Batch [500]	Speed: 2603.53 samples/sec	accuracy=0.909375
INFO:root:Epoch[38] Batch [550]	Speed: 2555.07 samples/sec	accuracy=0.908125
INFO:root:Epoch[38] Batch [600]	Speed: 2604.85 samples/sec	accuracy=0.916875
INFO:root:Epoch[38] Batch [650]	Speed: 2652.96 samples/sec	accuracy=0.914687
INFO:root:Epoch[38] Batch [700]	Speed: 2640.20 samples/sec	accuracy=0.905000
INFO:root:Epoch[38] Batch [750]	Speed: 2733.81 samples/sec	accuracy=0.921250
INFO:root:Epoch[38] Resetting Data Iterator
INFO:root:Epoch[38] Time cost=18.677
INFO:root:Saved checkpoint to "model/resnet-cifar10-20-0-0039.params"
INFO:root:Epoch[38] Validation-accuracy=0.840864
INFO:root:Epoch[39] Batch [50]	Speed: 2697.61 samples/sec	accuracy=0.911250
INFO:root:Epoch[39] Batch [100]	Speed: 2606.52 samples/sec	accuracy=0.917813
INFO:root:Epoch[39] Batch [150]	Speed: 2638.05 samples/sec	accuracy=0.910000
INFO:root:Epoch[39] Batch [200]	Speed: 2701.36 samples/sec	accuracy=0.908125
INFO:root:Epoch[39] Batch [250]	Speed: 2664.12 samples/sec	accuracy=0.910937
INFO:root:Epoch[39] Batch [300]	Speed: 2638.18 samples/sec	accuracy=0.917500
INFO:root:Epoch[39] Batch [350]	Speed: 2616.59 samples/sec	accuracy=0.910937
INFO:root:Epoch[39] Batch [400]	Speed: 2659.65 samples/sec	accuracy=0.910000
INFO:root:Epoch[39] Batch [450]	Speed: 2585.94 samples/sec	accuracy=0.913125
INFO:root:Epoch[39] Batch [500]	Speed: 2552.04 samples/sec	accuracy=0.911563
INFO:root:Epoch[39] Batch [550]	Speed: 2614.30 samples/sec	accuracy=0.908438
INFO:root:Epoch[39] Batch [600]	Speed: 2582.78 samples/sec	accuracy=0.906250
INFO:root:Epoch[39] Batch [650]	Speed: 2563.33 samples/sec	accuracy=0.917500
INFO:root:Epoch[39] Batch [700]	Speed: 2633.31 samples/sec	accuracy=0.920000
INFO:root:Epoch[39] Batch [750]	Speed: 2557.03 samples/sec	accuracy=0.910625
INFO:root:Epoch[39] Resetting Data Iterator
INFO:root:Epoch[39] Time cost=19.094
INFO:root:Saved checkpoint to "model/resnet-cifar10-20-0-0040.params"
INFO:root:Epoch[39] Validation-accuracy=0.823746
INFO:root:Epoch[40] Batch [50]	Speed: 2657.52 samples/sec	accuracy=0.916250
INFO:root:Epoch[40] Batch [100]	Speed: 2619.59 samples/sec	accuracy=0.912813
INFO:root:Epoch[40] Batch [150]	Speed: 2592.42 samples/sec	accuracy=0.908438
INFO:root:Epoch[40] Batch [200]	Speed: 2636.01 samples/sec	accuracy=0.908125
INFO:root:Epoch[40] Batch [250]	Speed: 2531.75 samples/sec	accuracy=0.915000
INFO:root:Epoch[40] Batch [300]	Speed: 2613.08 samples/sec	accuracy=0.914687
INFO:root:Epoch[40] Batch [350]	Speed: 2621.97 samples/sec	accuracy=0.908438
INFO:root:Epoch[40] Batch [400]	Speed: 2684.03 samples/sec	accuracy=0.915312
INFO:root:Epoch[40] Batch [450]	Speed: 2622.96 samples/sec	accuracy=0.902813
INFO:root:Epoch[40] Batch [500]	Speed: 2643.30 samples/sec	accuracy=0.912813
INFO:root:Epoch[40] Batch [550]	Speed: 2711.12 samples/sec	accuracy=0.918125
INFO:root:Epoch[40] Batch [600]	Speed: 2794.73 samples/sec	accuracy=0.903125
INFO:root:Epoch[40] Batch [650]	Speed: 2773.13 samples/sec	accuracy=0.904687
INFO:root:Epoch[40] Batch [700]	Speed: 2777.55 samples/sec	accuracy=0.904687
INFO:root:Epoch[40] Batch [750]	Speed: 2652.34 samples/sec	accuracy=0.919063
INFO:root:Epoch[40] Resetting Data Iterator
INFO:root:Epoch[40] Time cost=18.830
INFO:root:Saved checkpoint to "model/resnet-cifar10-20-0-0041.params"
INFO:root:Epoch[40] Validation-accuracy=0.808021
INFO:root:Epoch[41] Batch [50]	Speed: 2609.56 samples/sec	accuracy=0.909687
INFO:root:Epoch[41] Batch [100]	Speed: 2555.54 samples/sec	accuracy=0.920625
INFO:root:Epoch[41] Batch [150]	Speed: 2650.49 samples/sec	accuracy=0.907500
INFO:root:Epoch[41] Batch [200]	Speed: 2793.55 samples/sec	accuracy=0.918438
INFO:root:Epoch[41] Batch [250]	Speed: 2736.71 samples/sec	accuracy=0.918438
INFO:root:Epoch[41] Batch [300]	Speed: 2626.35 samples/sec	accuracy=0.923750
INFO:root:Epoch[41] Batch [350]	Speed: 2635.14 samples/sec	accuracy=0.902500
INFO:root:Epoch[41] Batch [400]	Speed: 2711.96 samples/sec	accuracy=0.914375
INFO:root:Epoch[41] Batch [450]	Speed: 2771.06 samples/sec	accuracy=0.903750
INFO:root:Epoch[41] Batch [500]	Speed: 2621.90 samples/sec	accuracy=0.902500
INFO:root:Epoch[41] Batch [550]	Speed: 2568.55 samples/sec	accuracy=0.916875
INFO:root:Epoch[41] Batch [600]	Speed: 2598.37 samples/sec	accuracy=0.909687
INFO:root:Epoch[41] Batch [650]	Speed: 2632.69 samples/sec	accuracy=0.911563
INFO:root:Epoch[41] Batch [700]	Speed: 2671.58 samples/sec	accuracy=0.919375
INFO:root:Epoch[41] Batch [750]	Speed: 2753.86 samples/sec	accuracy=0.904687
INFO:root:Epoch[41] Resetting Data Iterator
INFO:root:Epoch[41] Time cost=18.821
INFO:root:Saved checkpoint to "model/resnet-cifar10-20-0-0042.params"
INFO:root:Epoch[41] Validation-accuracy=0.839471
INFO:root:Epoch[42] Batch [50]	Speed: 2705.01 samples/sec	accuracy=0.917500
INFO:root:Epoch[42] Batch [100]	Speed: 2750.62 samples/sec	accuracy=0.917188
INFO:root:Epoch[42] Batch [150]	Speed: 2773.81 samples/sec	accuracy=0.905625
INFO:root:Epoch[42] Batch [200]	Speed: 2749.21 samples/sec	accuracy=0.908125
INFO:root:Epoch[42] Batch [250]	Speed: 2780.99 samples/sec	accuracy=0.915000
INFO:root:Epoch[42] Batch [300]	Speed: 2772.62 samples/sec	accuracy=0.917188
INFO:root:Epoch[42] Batch [350]	Speed: 2799.53 samples/sec	accuracy=0.911875
INFO:root:Epoch[42] Batch [400]	Speed: 2703.75 samples/sec	accuracy=0.911563
INFO:root:Epoch[42] Batch [450]	Speed: 2667.84 samples/sec	accuracy=0.910937
INFO:root:Epoch[42] Batch [500]	Speed: 2779.79 samples/sec	accuracy=0.914062
INFO:root:Epoch[42] Batch [550]	Speed: 2786.06 samples/sec	accuracy=0.908750
INFO:root:Epoch[42] Batch [600]	Speed: 2729.33 samples/sec	accuracy=0.911250
INFO:root:Epoch[42] Batch [650]	Speed: 2712.78 samples/sec	accuracy=0.922500
INFO:root:Epoch[42] Batch [700]	Speed: 2690.63 samples/sec	accuracy=0.916875
INFO:root:Epoch[42] Batch [750]	Speed: 2649.85 samples/sec	accuracy=0.917813
INFO:root:Epoch[42] Resetting Data Iterator
INFO:root:Epoch[42] Time cost=18.326
INFO:root:Saved checkpoint to "model/resnet-cifar10-20-0-0043.params"
INFO:root:Epoch[42] Validation-accuracy=0.845840
INFO:root:Epoch[43] Batch [50]	Speed: 2689.28 samples/sec	accuracy=0.909687
INFO:root:Epoch[43] Batch [100]	Speed: 2646.90 samples/sec	accuracy=0.915937
INFO:root:Epoch[43] Batch [150]	Speed: 2676.10 samples/sec	accuracy=0.915312
INFO:root:Epoch[43] Batch [200]	Speed: 2775.35 samples/sec	accuracy=0.920625
INFO:root:Epoch[43] Batch [250]	Speed: 2696.53 samples/sec	accuracy=0.917813
INFO:root:Epoch[43] Batch [300]	Speed: 2579.26 samples/sec	accuracy=0.917500
INFO:root:Epoch[43] Batch [350]	Speed: 2717.60 samples/sec	accuracy=0.912188
INFO:root:Epoch[43] Batch [400]	Speed: 2730.32 samples/sec	accuracy=0.918125
INFO:root:Epoch[43] Batch [450]	Speed: 2690.06 samples/sec	accuracy=0.905937
INFO:root:Epoch[43] Batch [500]	Speed: 2795.01 samples/sec	accuracy=0.915312
INFO:root:Epoch[43] Batch [550]	Speed: 2793.73 samples/sec	accuracy=0.918125
INFO:root:Epoch[43] Batch [600]	Speed: 2715.11 samples/sec	accuracy=0.918750
INFO:root:Epoch[43] Batch [650]	Speed: 2587.93 samples/sec	accuracy=0.915000
INFO:root:Epoch[43] Batch [700]	Speed: 2612.85 samples/sec	accuracy=0.918438
INFO:root:Epoch[43] Batch [750]	Speed: 2596.42 samples/sec	accuracy=0.916250
INFO:root:Epoch[43] Resetting Data Iterator
INFO:root:Epoch[43] Time cost=18.646
INFO:root:Saved checkpoint to "model/resnet-cifar10-20-0-0044.params"
INFO:root:Epoch[43] Validation-accuracy=0.838077
INFO:root:Epoch[44] Batch [50]	Speed: 2676.63 samples/sec	accuracy=0.902188
INFO:root:Epoch[44] Batch [100]	Speed: 2682.91 samples/sec	accuracy=0.913125
INFO:root:Epoch[44] Batch [150]	Speed: 2801.03 samples/sec	accuracy=0.916250
INFO:root:Epoch[44] Batch [200]	Speed: 2782.05 samples/sec	accuracy=0.925312
INFO:root:Epoch[44] Batch [250]	Speed: 2785.02 samples/sec	accuracy=0.903125
INFO:root:Epoch[44] Batch [300]	Speed: 2707.36 samples/sec	accuracy=0.905625
INFO:root:Epoch[44] Batch [350]	Speed: 2743.37 samples/sec	accuracy=0.908438
INFO:root:Epoch[44] Batch [400]	Speed: 2718.14 samples/sec	accuracy=0.909687
INFO:root:Epoch[44] Batch [450]	Speed: 2578.02 samples/sec	accuracy=0.918438
INFO:root:Epoch[44] Batch [500]	Speed: 2594.43 samples/sec	accuracy=0.916562
INFO:root:Epoch[44] Batch [550]	Speed: 2663.56 samples/sec	accuracy=0.908750
INFO:root:Epoch[44] Batch [600]	Speed: 2773.02 samples/sec	accuracy=0.918125
INFO:root:Epoch[44] Batch [650]	Speed: 2785.62 samples/sec	accuracy=0.909375
INFO:root:Epoch[44] Batch [700]	Speed: 2707.93 samples/sec	accuracy=0.920937
INFO:root:Epoch[44] Batch [750]	Speed: 2508.79 samples/sec	accuracy=0.916250
INFO:root:Epoch[44] Resetting Data Iterator
INFO:root:Epoch[44] Time cost=18.604
INFO:root:Saved checkpoint to "model/resnet-cifar10-20-0-0045.params"
INFO:root:Epoch[44] Validation-accuracy=0.802747
INFO:root:Epoch[45] Batch [50]	Speed: 2610.10 samples/sec	accuracy=0.900000
INFO:root:Epoch[45] Batch [100]	Speed: 2596.05 samples/sec	accuracy=0.913750
INFO:root:Epoch[45] Batch [150]	Speed: 2629.41 samples/sec	accuracy=0.919375
INFO:root:Epoch[45] Batch [200]	Speed: 2649.58 samples/sec	accuracy=0.920937
INFO:root:Epoch[45] Batch [250]	Speed: 2568.19 samples/sec	accuracy=0.908125
INFO:root:Epoch[45] Batch [300]	Speed: 2636.13 samples/sec	accuracy=0.921250
INFO:root:Epoch[45] Batch [350]	Speed: 2571.62 samples/sec	accuracy=0.901250
INFO:root:Epoch[45] Batch [400]	Speed: 2708.10 samples/sec	accuracy=0.911250
INFO:root:Epoch[45] Batch [450]	Speed: 2793.11 samples/sec	accuracy=0.904687
INFO:root:Epoch[45] Batch [500]	Speed: 2781.91 samples/sec	accuracy=0.921250
INFO:root:Epoch[45] Batch [550]	Speed: 2613.20 samples/sec	accuracy=0.909687
INFO:root:Epoch[45] Batch [600]	Speed: 2516.12 samples/sec	accuracy=0.919063
INFO:root:Epoch[45] Batch [650]	Speed: 2647.53 samples/sec	accuracy=0.906563
INFO:root:Epoch[45] Batch [700]	Speed: 2721.32 samples/sec	accuracy=0.907188
INFO:root:Epoch[45] Batch [750]	Speed: 2698.17 samples/sec	accuracy=0.917188
INFO:root:Epoch[45] Resetting Data Iterator
INFO:root:Epoch[45] Time cost=18.860
INFO:root:Saved checkpoint to "model/resnet-cifar10-20-0-0046.params"
INFO:root:Epoch[45] Validation-accuracy=0.852508
INFO:root:Epoch[46] Batch [50]	Speed: 2661.36 samples/sec	accuracy=0.913750
INFO:root:Epoch[46] Batch [100]	Speed: 2675.05 samples/sec	accuracy=0.927813
INFO:root:Epoch[46] Batch [150]	Speed: 2794.56 samples/sec	accuracy=0.922813
INFO:root:Epoch[46] Batch [200]	Speed: 2607.64 samples/sec	accuracy=0.920937
INFO:root:Epoch[46] Batch [250]	Speed: 2612.47 samples/sec	accuracy=0.909375
INFO:root:Epoch[46] Batch [300]	Speed: 2624.96 samples/sec	accuracy=0.924687
INFO:root:Epoch[46] Batch [350]	Speed: 2601.69 samples/sec	accuracy=0.895000
INFO:root:Epoch[46] Batch [400]	Speed: 2606.87 samples/sec	accuracy=0.905625
INFO:root:Epoch[46] Batch [450]	Speed: 2547.23 samples/sec	accuracy=0.910937
INFO:root:Epoch[46] Batch [500]	Speed: 2584.57 samples/sec	accuracy=0.915625
INFO:root:Epoch[46] Batch [550]	Speed: 2721.44 samples/sec	accuracy=0.918125
INFO:root:Epoch[46] Batch [600]	Speed: 2678.81 samples/sec	accuracy=0.922500
INFO:root:Epoch[46] Batch [650]	Speed: 2722.03 samples/sec	accuracy=0.916562
INFO:root:Epoch[46] Batch [700]	Speed: 2749.59 samples/sec	accuracy=0.911875
INFO:root:Epoch[46] Batch [750]	Speed: 2702.42 samples/sec	accuracy=0.917500
INFO:root:Epoch[46] Resetting Data Iterator
INFO:root:Epoch[46] Time cost=18.828
INFO:root:Saved checkpoint to "model/resnet-cifar10-20-0-0047.params"
INFO:root:Epoch[46] Validation-accuracy=0.853404
INFO:root:Epoch[47] Batch [50]	Speed: 2669.77 samples/sec	accuracy=0.905625
INFO:root:Epoch[47] Batch [100]	Speed: 2647.63 samples/sec	accuracy=0.912188
INFO:root:Epoch[47] Batch [150]	Speed: 2638.85 samples/sec	accuracy=0.920000
INFO:root:Epoch[47] Batch [200]	Speed: 2708.13 samples/sec	accuracy=0.915312
INFO:root:Epoch[47] Batch [250]	Speed: 2668.75 samples/sec	accuracy=0.910312
INFO:root:Epoch[47] Batch [300]	Speed: 2655.95 samples/sec	accuracy=0.925625
INFO:root:Epoch[47] Batch [350]	Speed: 2731.20 samples/sec	accuracy=0.915937
INFO:root:Epoch[47] Batch [400]	Speed: 2704.87 samples/sec	accuracy=0.910625
INFO:root:Epoch[47] Batch [450]	Speed: 2600.40 samples/sec	accuracy=0.918438
INFO:root:Epoch[47] Batch [500]	Speed: 2657.98 samples/sec	accuracy=0.918438
INFO:root:Epoch[47] Batch [550]	Speed: 2775.77 samples/sec	accuracy=0.911563
INFO:root:Epoch[47] Batch [600]	Speed: 2637.91 samples/sec	accuracy=0.905000
INFO:root:Epoch[47] Batch [650]	Speed: 2738.95 samples/sec	accuracy=0.903125
INFO:root:Epoch[47] Batch [700]	Speed: 2789.84 samples/sec	accuracy=0.916562
INFO:root:Epoch[47] Batch [750]	Speed: 2787.88 samples/sec	accuracy=0.922500
INFO:root:Epoch[47] Resetting Data Iterator
INFO:root:Epoch[47] Time cost=18.548
INFO:root:Saved checkpoint to "model/resnet-cifar10-20-0-0048.params"
INFO:root:Epoch[47] Validation-accuracy=0.860569
INFO:root:Epoch[48] Batch [50]	Speed: 2677.50 samples/sec	accuracy=0.910000
INFO:root:Epoch[48] Batch [100]	Speed: 2600.18 samples/sec	accuracy=0.910625
INFO:root:Epoch[48] Batch [150]	Speed: 2685.33 samples/sec	accuracy=0.915625
INFO:root:Epoch[48] Batch [200]	Speed: 2781.46 samples/sec	accuracy=0.905937
INFO:root:Epoch[48] Batch [250]	Speed: 2728.95 samples/sec	accuracy=0.927813
INFO:root:Epoch[48] Batch [300]	Speed: 2639.18 samples/sec	accuracy=0.926875
INFO:root:Epoch[48] Batch [350]	Speed: 2700.09 samples/sec	accuracy=0.901563
INFO:root:Epoch[48] Batch [400]	Speed: 2781.79 samples/sec	accuracy=0.916875
INFO:root:Epoch[48] Batch [450]	Speed: 2646.90 samples/sec	accuracy=0.906875
INFO:root:Epoch[48] Batch [500]	Speed: 2605.54 samples/sec	accuracy=0.918125
INFO:root:Epoch[48] Batch [550]	Speed: 2638.57 samples/sec	accuracy=0.922188
INFO:root:Epoch[48] Batch [600]	Speed: 2645.02 samples/sec	accuracy=0.907813
INFO:root:Epoch[48] Batch [650]	Speed: 2649.97 samples/sec	accuracy=0.914062
INFO:root:Epoch[48] Batch [700]	Speed: 2632.99 samples/sec	accuracy=0.915625
INFO:root:Epoch[48] Batch [750]	Speed: 2733.15 samples/sec	accuracy=0.920937
INFO:root:Epoch[48] Resetting Data Iterator
INFO:root:Epoch[48] Time cost=18.720
INFO:root:Saved checkpoint to "model/resnet-cifar10-20-0-0049.params"
INFO:root:Epoch[48] Validation-accuracy=0.851712
INFO:root:Epoch[49] Batch [50]	Speed: 2745.47 samples/sec	accuracy=0.911875
INFO:root:Epoch[49] Batch [100]	Speed: 2773.30 samples/sec	accuracy=0.915312
INFO:root:Epoch[49] Batch [150]	Speed: 2771.99 samples/sec	accuracy=0.927813
INFO:root:Epoch[49] Batch [200]	Speed: 2662.22 samples/sec	accuracy=0.914375
INFO:root:Epoch[49] Batch [250]	Speed: 2672.63 samples/sec	accuracy=0.911250
INFO:root:Epoch[49] Batch [300]	Speed: 2670.87 samples/sec	accuracy=0.924375
INFO:root:Epoch[49] Batch [350]	Speed: 2552.88 samples/sec	accuracy=0.910937
INFO:root:Epoch[49] Batch [400]	Speed: 2602.85 samples/sec	accuracy=0.909062
INFO:root:Epoch[49] Batch [450]	Speed: 2522.07 samples/sec	accuracy=0.913750
INFO:root:Epoch[49] Batch [500]	Speed: 2632.27 samples/sec	accuracy=0.920000
INFO:root:Epoch[49] Batch [550]	Speed: 2598.29 samples/sec	accuracy=0.918438
INFO:root:Epoch[49] Batch [600]	Speed: 2662.67 samples/sec	accuracy=0.917500
INFO:root:Epoch[49] Batch [650]	Speed: 2700.09 samples/sec	accuracy=0.913750
INFO:root:Epoch[49] Batch [700]	Speed: 2751.67 samples/sec	accuracy=0.910625
INFO:root:Epoch[49] Batch [750]	Speed: 2708.98 samples/sec	accuracy=0.917813
INFO:root:Epoch[49] Resetting Data Iterator
INFO:root:Epoch[49] Time cost=18.794
INFO:root:Saved checkpoint to "model/resnet-cifar10-20-0-0050.params"
INFO:root:Epoch[49] Validation-accuracy=0.827030
