INFO:root:Namespace(aug_level=2, batch_size=64, bn_mom=0.9, data_dir='data/cifar10', data_type='cifar10', depth=20, frequent=50, global_bn=False, gpus='0,1,2,3,4,5,6,7', kv_store='local', list_dir='./', lr=0.1, memonger=False, model_load_epoch=0, mom=0.9, num_classes=1000, num_examples=50000, num_gpus='1', retrain=False, wd=0.0001, workspace=512)
[15:00:04] src/io/iter_image_recordio_2.cc:170: ImageRecordIOParser2: data/cifar10/train.rec, use 4 threads for decoding..
[15:00:05] src/io/iter_image_recordio_2.cc:170: ImageRecordIOParser2: data/cifar10/val.rec, use 4 threads for decoding..
train_resnet.py:124: DeprecationWarning: [91mmxnet.model.FeedForward has been deprecated. Please use mxnet.mod.Module instead.[0m
  multi_factor_scheduler(begin_epoch, epoch_size, step=[30, 60, 90], factor=0.1),
/home/tusimple/Hongbin/incubator-mxnet/python/mxnet/model.py:577: DeprecationWarning: [91mCalling initializer with init(str, NDArray) has been deprecated.please use init(mx.init.InitDesc(...), NDArray) instead.[0m
  self.initializer(k, v)
/home/tusimple/Hongbin/incubator-mxnet/python/mxnet/model.py:583: DeprecationWarning: [91mCalling initializer with init(str, NDArray) has been deprecated.please use init(mx.init.InitDesc(...), NDArray) instead.[0m
  self.initializer(k, v)
INFO:root:Start training with [gpu(0), gpu(1), gpu(2), gpu(3), gpu(4), gpu(5), gpu(6), gpu(7)]
[15:00:07] src/operator/nn/./cudnn/./cudnn_algoreg-inl.h:107: Running performance tests to find the best convolution algorithm, this can take a while... (setting env variable MXNET_CUDNN_AUTOTUNE_DEFAULT to 0 to disable)
INFO:root:Epoch[0] Batch [50]	Speed: 2832.88 samples/sec	accuracy=0.195000
INFO:root:Epoch[0] Batch [100]	Speed: 3026.67 samples/sec	accuracy=0.270937
INFO:root:Epoch[0] Batch [150]	Speed: 3044.19 samples/sec	accuracy=0.353750
INFO:root:Epoch[0] Batch [200]	Speed: 3263.56 samples/sec	accuracy=0.380625
INFO:root:Epoch[0] Batch [250]	Speed: 3159.46 samples/sec	accuracy=0.396250
INFO:root:Epoch[0] Batch [300]	Speed: 2818.16 samples/sec	accuracy=0.420000
INFO:root:Epoch[0] Batch [350]	Speed: 3534.35 samples/sec	accuracy=0.431250
INFO:root:Epoch[0] Batch [400]	Speed: 3196.24 samples/sec	accuracy=0.466875
INFO:root:Epoch[0] Batch [450]	Speed: 3002.21 samples/sec	accuracy=0.492188
INFO:root:Epoch[0] Batch [500]	Speed: 3225.24 samples/sec	accuracy=0.534375
INFO:root:Epoch[0] Batch [550]	Speed: 3119.70 samples/sec	accuracy=0.527188
INFO:root:Epoch[0] Batch [600]	Speed: 3335.93 samples/sec	accuracy=0.540312
INFO:root:Epoch[0] Batch [650]	Speed: 3388.19 samples/sec	accuracy=0.570625
INFO:root:Epoch[0] Batch [700]	Speed: 2832.04 samples/sec	accuracy=0.574063
INFO:root:Epoch[0] Batch [750]	Speed: 3426.59 samples/sec	accuracy=0.576875
INFO:root:Epoch[0] Resetting Data Iterator
INFO:root:Epoch[0] Time cost=16.829
INFO:root:Saved checkpoint to "model/resnet-cifar10-20-0-0001.params"
INFO:root:Epoch[0] Validation-accuracy=0.564092
INFO:root:Epoch[1] Batch [50]	Speed: 2595.02 samples/sec	accuracy=0.587500
INFO:root:Epoch[1] Batch [100]	Speed: 3101.63 samples/sec	accuracy=0.590000
INFO:root:Epoch[1] Batch [150]	Speed: 3607.42 samples/sec	accuracy=0.603750
INFO:root:Epoch[1] Batch [200]	Speed: 2896.65 samples/sec	accuracy=0.605313
INFO:root:Epoch[1] Batch [250]	Speed: 3108.21 samples/sec	accuracy=0.630000
INFO:root:Epoch[1] Batch [300]	Speed: 2906.45 samples/sec	accuracy=0.628437
INFO:root:Epoch[1] Batch [350]	Speed: 3125.55 samples/sec	accuracy=0.626563
INFO:root:Epoch[1] Batch [400]	Speed: 3705.40 samples/sec	accuracy=0.619375
INFO:root:Epoch[1] Batch [450]	Speed: 3364.61 samples/sec	accuracy=0.635000
INFO:root:Epoch[1] Batch [500]	Speed: 3260.02 samples/sec	accuracy=0.663750
INFO:root:Epoch[1] Batch [550]	Speed: 3643.65 samples/sec	accuracy=0.659687
INFO:root:Epoch[1] Batch [600]	Speed: 3561.42 samples/sec	accuracy=0.660312
INFO:root:Epoch[1] Batch [650]	Speed: 3504.23 samples/sec	accuracy=0.663438
INFO:root:Epoch[1] Batch [700]	Speed: 3411.50 samples/sec	accuracy=0.668125
INFO:root:Epoch[1] Batch [750]	Speed: 3253.76 samples/sec	accuracy=0.676875
INFO:root:Epoch[1] Resetting Data Iterator
INFO:root:Epoch[1] Time cost=15.625
INFO:root:Saved checkpoint to "model/resnet-cifar10-20-0-0002.params"
INFO:root:Epoch[1] Validation-accuracy=0.670780
INFO:root:Epoch[2] Batch [50]	Speed: 2845.68 samples/sec	accuracy=0.680312
INFO:root:Epoch[2] Batch [100]	Speed: 3273.46 samples/sec	accuracy=0.690312
INFO:root:Epoch[2] Batch [150]	Speed: 3556.83 samples/sec	accuracy=0.678750
INFO:root:Epoch[2] Batch [200]	Speed: 3524.12 samples/sec	accuracy=0.688125
INFO:root:Epoch[2] Batch [250]	Speed: 3286.85 samples/sec	accuracy=0.704688
INFO:root:Epoch[2] Batch [300]	Speed: 3563.95 samples/sec	accuracy=0.700000
INFO:root:Epoch[2] Batch [350]	Speed: 3713.08 samples/sec	accuracy=0.716562
INFO:root:Epoch[2] Batch [400]	Speed: 3714.95 samples/sec	accuracy=0.702187
INFO:root:Epoch[2] Batch [450]	Speed: 3255.51 samples/sec	accuracy=0.702500
INFO:root:Epoch[2] Batch [500]	Speed: 3663.40 samples/sec	accuracy=0.707187
INFO:root:Epoch[2] Batch [550]	Speed: 3660.12 samples/sec	accuracy=0.719688
INFO:root:Epoch[2] Batch [600]	Speed: 3394.60 samples/sec	accuracy=0.688125
INFO:root:Epoch[2] Batch [650]	Speed: 3029.08 samples/sec	accuracy=0.725000
INFO:root:Epoch[2] Batch [700]	Speed: 3638.61 samples/sec	accuracy=0.714688
INFO:root:Epoch[2] Batch [750]	Speed: 3689.48 samples/sec	accuracy=0.725313
INFO:root:Epoch[2] Resetting Data Iterator
INFO:root:Epoch[2] Time cost=14.569
INFO:root:Saved checkpoint to "model/resnet-cifar10-20-0-0003.params"
INFO:root:Epoch[2] Validation-accuracy=0.739451
INFO:root:Epoch[3] Batch [50]	Speed: 3548.86 samples/sec	accuracy=0.724063
INFO:root:Epoch[3] Batch [100]	Speed: 3713.13 samples/sec	accuracy=0.730938
INFO:root:Epoch[3] Batch [150]	Speed: 3501.84 samples/sec	accuracy=0.735625
INFO:root:Epoch[3] Batch [200]	Speed: 3489.25 samples/sec	accuracy=0.724688
INFO:root:Epoch[3] Batch [250]	Speed: 3380.63 samples/sec	accuracy=0.726562
INFO:root:Epoch[3] Batch [300]	Speed: 3657.48 samples/sec	accuracy=0.745938
INFO:root:Epoch[3] Batch [350]	Speed: 3725.90 samples/sec	accuracy=0.743437
INFO:root:Epoch[3] Batch [400]	Speed: 3182.26 samples/sec	accuracy=0.742188
INFO:root:Epoch[3] Batch [450]	Speed: 3163.54 samples/sec	accuracy=0.755938
INFO:root:Epoch[3] Batch [500]	Speed: 3554.31 samples/sec	accuracy=0.743125
INFO:root:Epoch[3] Batch [550]	Speed: 3476.15 samples/sec	accuracy=0.747188
INFO:root:Epoch[3] Batch [600]	Speed: 3069.32 samples/sec	accuracy=0.739375
INFO:root:Epoch[3] Batch [650]	Speed: 3613.66 samples/sec	accuracy=0.754375
INFO:root:Epoch[3] Batch [700]	Speed: 3703.00 samples/sec	accuracy=0.752500
INFO:root:Epoch[3] Batch [750]	Speed: 2785.01 samples/sec	accuracy=0.754375
INFO:root:Epoch[3] Resetting Data Iterator
INFO:root:Epoch[3] Time cost=14.644
INFO:root:Saved checkpoint to "model/resnet-cifar10-20-0-0004.params"
INFO:root:Epoch[3] Validation-accuracy=0.750995
INFO:root:Epoch[4] Batch [50]	Speed: 3491.74 samples/sec	accuracy=0.746250
INFO:root:Epoch[4] Batch [100]	Speed: 3787.49 samples/sec	accuracy=0.768750
INFO:root:Epoch[4] Batch [150]	Speed: 3781.08 samples/sec	accuracy=0.765312
INFO:root:Epoch[4] Batch [200]	Speed: 3052.72 samples/sec	accuracy=0.742188
INFO:root:Epoch[4] Batch [250]	Speed: 3795.92 samples/sec	accuracy=0.758125
INFO:root:Epoch[4] Batch [300]	Speed: 3807.43 samples/sec	accuracy=0.779062
INFO:root:Epoch[4] Batch [350]	Speed: 3696.50 samples/sec	accuracy=0.763437
INFO:root:Epoch[4] Batch [400]	Speed: 3712.84 samples/sec	accuracy=0.767813
INFO:root:Epoch[4] Batch [450]	Speed: 3468.20 samples/sec	accuracy=0.764687
INFO:root:Epoch[4] Batch [500]	Speed: 3828.81 samples/sec	accuracy=0.787813
INFO:root:Epoch[4] Batch [550]	Speed: 3490.18 samples/sec	accuracy=0.769062
INFO:root:Epoch[4] Batch [600]	Speed: 3707.74 samples/sec	accuracy=0.767188
INFO:root:Epoch[4] Batch [650]	Speed: 3640.96 samples/sec	accuracy=0.770000
INFO:root:Epoch[4] Batch [700]	Speed: 3445.98 samples/sec	accuracy=0.781563
INFO:root:Epoch[4] Batch [750]	Speed: 3323.84 samples/sec	accuracy=0.766250
INFO:root:Epoch[4] Resetting Data Iterator
INFO:root:Epoch[4] Time cost=14.086
INFO:root:Saved checkpoint to "model/resnet-cifar10-20-0-0005.params"
INFO:root:Epoch[4] Validation-accuracy=0.784236
INFO:root:Epoch[5] Batch [50]	Speed: 3598.49 samples/sec	accuracy=0.779062
INFO:root:Epoch[5] Batch [100]	Speed: 3771.59 samples/sec	accuracy=0.784375
INFO:root:Epoch[5] Batch [150]	Speed: 3693.86 samples/sec	accuracy=0.792813
INFO:root:Epoch[5] Batch [200]	Speed: 2969.23 samples/sec	accuracy=0.777500
INFO:root:Epoch[5] Batch [250]	Speed: 3431.71 samples/sec	accuracy=0.783438
INFO:root:Epoch[5] Batch [300]	Speed: 3313.58 samples/sec	accuracy=0.790625
INFO:root:Epoch[5] Batch [350]	Speed: 2688.64 samples/sec	accuracy=0.777813
INFO:root:Epoch[5] Batch [400]	Speed: 3419.94 samples/sec	accuracy=0.789687
INFO:root:Epoch[5] Batch [450]	Speed: 3103.05 samples/sec	accuracy=0.770625
INFO:root:Epoch[5] Batch [500]	Speed: 3056.57 samples/sec	accuracy=0.794063
INFO:root:Epoch[5] Batch [550]	Speed: 3292.99 samples/sec	accuracy=0.785625
INFO:root:Epoch[5] Batch [600]	Speed: 3196.62 samples/sec	accuracy=0.790625
INFO:root:Epoch[5] Batch [650]	Speed: 3105.61 samples/sec	accuracy=0.786875
INFO:root:Epoch[5] Batch [700]	Speed: 3187.15 samples/sec	accuracy=0.808125
INFO:root:Epoch[5] Batch [750]	Speed: 3415.27 samples/sec	accuracy=0.791875
INFO:root:Epoch[5] Resetting Data Iterator
INFO:root:Epoch[5] Time cost=15.301
INFO:root:Saved checkpoint to "model/resnet-cifar10-20-0-0006.params"
INFO:root:Epoch[5] Validation-accuracy=0.728105
INFO:root:Epoch[6] Batch [50]	Speed: 3224.03 samples/sec	accuracy=0.782188
INFO:root:Epoch[6] Batch [100]	Speed: 3415.58 samples/sec	accuracy=0.800000
INFO:root:Epoch[6] Batch [150]	Speed: 3616.77 samples/sec	accuracy=0.791562
INFO:root:Epoch[6] Batch [200]	Speed: 3393.72 samples/sec	accuracy=0.791875
INFO:root:Epoch[6] Batch [250]	Speed: 3409.94 samples/sec	accuracy=0.801250
INFO:root:Epoch[6] Batch [300]	Speed: 3546.08 samples/sec	accuracy=0.809375
INFO:root:Epoch[6] Batch [350]	Speed: 3518.78 samples/sec	accuracy=0.799687
INFO:root:Epoch[6] Batch [400]	Speed: 3370.78 samples/sec	accuracy=0.798125
INFO:root:Epoch[6] Batch [450]	Speed: 3140.72 samples/sec	accuracy=0.800000
INFO:root:Epoch[6] Batch [500]	Speed: 3748.93 samples/sec	accuracy=0.808438
INFO:root:Epoch[6] Batch [550]	Speed: 3728.63 samples/sec	accuracy=0.806875
INFO:root:Epoch[6] Batch [600]	Speed: 3717.58 samples/sec	accuracy=0.796250
INFO:root:Epoch[6] Batch [650]	Speed: 3512.75 samples/sec	accuracy=0.806875
INFO:root:Epoch[6] Batch [700]	Speed: 3700.38 samples/sec	accuracy=0.803125
INFO:root:Epoch[6] Batch [750]	Speed: 3569.07 samples/sec	accuracy=0.811875
INFO:root:Epoch[6] Resetting Data Iterator
INFO:root:Epoch[6] Time cost=14.274
INFO:root:Saved checkpoint to "model/resnet-cifar10-20-0-0007.params"
INFO:root:Epoch[6] Validation-accuracy=0.774881
INFO:root:Epoch[7] Batch [50]	Speed: 2992.68 samples/sec	accuracy=0.796562
INFO:root:Epoch[7] Batch [100]	Speed: 3448.25 samples/sec	accuracy=0.805937
INFO:root:Epoch[7] Batch [150]	Speed: 3621.24 samples/sec	accuracy=0.808125
INFO:root:Epoch[7] Batch [200]	Speed: 3691.85 samples/sec	accuracy=0.810312
INFO:root:Epoch[7] Batch [250]	Speed: 3744.80 samples/sec	accuracy=0.807500
INFO:root:Epoch[7] Batch [300]	Speed: 3486.63 samples/sec	accuracy=0.816875
INFO:root:Epoch[7] Batch [350]	Speed: 3318.10 samples/sec	accuracy=0.804063
INFO:root:Epoch[7] Batch [400]	Speed: 3318.00 samples/sec	accuracy=0.810937
INFO:root:Epoch[7] Batch [450]	Speed: 3351.13 samples/sec	accuracy=0.808125
INFO:root:Epoch[7] Batch [500]	Speed: 3348.26 samples/sec	accuracy=0.815625
INFO:root:Epoch[7] Batch [550]	Speed: 3672.62 samples/sec	accuracy=0.818438
INFO:root:Epoch[7] Batch [600]	Speed: 3301.72 samples/sec	accuracy=0.810937
INFO:root:Epoch[7] Batch [650]	Speed: 3124.53 samples/sec	accuracy=0.819688
INFO:root:Epoch[7] Batch [700]	Speed: 3711.92 samples/sec	accuracy=0.813750
INFO:root:Epoch[7] Batch [750]	Speed: 3691.69 samples/sec	accuracy=0.807813
INFO:root:Epoch[7] Resetting Data Iterator
INFO:root:Epoch[7] Time cost=14.517
INFO:root:Saved checkpoint to "model/resnet-cifar10-20-0-0008.params"
INFO:root:Epoch[7] Validation-accuracy=0.807126
INFO:root:Epoch[8] Batch [50]	Speed: 3541.75 samples/sec	accuracy=0.809063
INFO:root:Epoch[8] Batch [100]	Speed: 3755.80 samples/sec	accuracy=0.819375
INFO:root:Epoch[8] Batch [150]	Speed: 3157.58 samples/sec	accuracy=0.826562
INFO:root:Epoch[8] Batch [200]	Speed: 3715.73 samples/sec	accuracy=0.808438
INFO:root:Epoch[8] Batch [250]	Speed: 3578.98 samples/sec	accuracy=0.811250
INFO:root:Epoch[8] Batch [300]	Speed: 3621.43 samples/sec	accuracy=0.826250
INFO:root:Epoch[8] Batch [350]	Speed: 3171.19 samples/sec	accuracy=0.822187
INFO:root:Epoch[8] Batch [400]	Speed: 3254.95 samples/sec	accuracy=0.830000
INFO:root:Epoch[8] Batch [450]	Speed: 2683.88 samples/sec	accuracy=0.815937
INFO:root:Epoch[8] Batch [500]	Speed: 3827.21 samples/sec	accuracy=0.825000
INFO:root:Epoch[8] Batch [550]	Speed: 3574.05 samples/sec	accuracy=0.820000
INFO:root:Epoch[8] Batch [600]	Speed: 3343.40 samples/sec	accuracy=0.814063
INFO:root:Epoch[8] Batch [650]	Speed: 3843.96 samples/sec	accuracy=0.817187
INFO:root:Epoch[8] Batch [700]	Speed: 3187.50 samples/sec	accuracy=0.824063
INFO:root:Epoch[8] Batch [750]	Speed: 3348.00 samples/sec	accuracy=0.813125
INFO:root:Epoch[8] Resetting Data Iterator
INFO:root:Epoch[8] Time cost=14.734
INFO:root:Saved checkpoint to "model/resnet-cifar10-20-0-0009.params"
INFO:root:Epoch[8] Validation-accuracy=0.787321
INFO:root:Epoch[9] Batch [50]	Speed: 3000.30 samples/sec	accuracy=0.809688
INFO:root:Epoch[9] Batch [100]	Speed: 3192.89 samples/sec	accuracy=0.837187
INFO:root:Epoch[9] Batch [150]	Speed: 3562.58 samples/sec	accuracy=0.817500
INFO:root:Epoch[9] Batch [200]	Speed: 3547.37 samples/sec	accuracy=0.842187
INFO:root:Epoch[9] Batch [250]	Speed: 3053.54 samples/sec	accuracy=0.815625
INFO:root:Epoch[9] Batch [300]	Speed: 3353.32 samples/sec	accuracy=0.830937
INFO:root:Epoch[9] Batch [350]	Speed: 3160.30 samples/sec	accuracy=0.817500
INFO:root:Epoch[9] Batch [400]	Speed: 3127.70 samples/sec	accuracy=0.821875
INFO:root:Epoch[9] Batch [450]	Speed: 3183.67 samples/sec	accuracy=0.824063
INFO:root:Epoch[9] Batch [500]	Speed: 3309.07 samples/sec	accuracy=0.826562
INFO:root:Epoch[9] Batch [550]	Speed: 3825.38 samples/sec	accuracy=0.841562
INFO:root:Epoch[9] Batch [600]	Speed: 3386.97 samples/sec	accuracy=0.823438
INFO:root:Epoch[9] Batch [650]	Speed: 3508.16 samples/sec	accuracy=0.836562
INFO:root:Epoch[9] Batch [700]	Speed: 3577.89 samples/sec	accuracy=0.828438
INFO:root:Epoch[9] Batch [750]	Speed: 3196.63 samples/sec	accuracy=0.827812
INFO:root:Epoch[9] Resetting Data Iterator
INFO:root:Epoch[9] Time cost=15.122
INFO:root:Saved checkpoint to "model/resnet-cifar10-20-0-0010.params"
INFO:root:Epoch[9] Validation-accuracy=0.803443
INFO:root:Epoch[10] Batch [50]	Speed: 2704.65 samples/sec	accuracy=0.829688
INFO:root:Epoch[10] Batch [100]	Speed: 3075.83 samples/sec	accuracy=0.836250
INFO:root:Epoch[10] Batch [150]	Speed: 3184.87 samples/sec	accuracy=0.825937
INFO:root:Epoch[10] Batch [200]	Speed: 3133.47 samples/sec	accuracy=0.832500
INFO:root:Epoch[10] Batch [250]	Speed: 3451.93 samples/sec	accuracy=0.835000
INFO:root:Epoch[10] Batch [300]	Speed: 3703.54 samples/sec	accuracy=0.827187
INFO:root:Epoch[10] Batch [350]	Speed: 3371.81 samples/sec	accuracy=0.823438
INFO:root:Epoch[10] Batch [400]	Speed: 2999.95 samples/sec	accuracy=0.838437
INFO:root:Epoch[10] Batch [450]	Speed: 3832.97 samples/sec	accuracy=0.831562
INFO:root:Epoch[10] Batch [500]	Speed: 3412.37 samples/sec	accuracy=0.839063
INFO:root:Epoch[10] Batch [550]	Speed: 3534.44 samples/sec	accuracy=0.831875
INFO:root:Epoch[10] Batch [600]	Speed: 3758.71 samples/sec	accuracy=0.839063
INFO:root:Epoch[10] Batch [650]	Speed: 3112.70 samples/sec	accuracy=0.819688
INFO:root:Epoch[10] Batch [700]	Speed: 3239.42 samples/sec	accuracy=0.829688
INFO:root:Epoch[10] Batch [750]	Speed: 3632.96 samples/sec	accuracy=0.835938
INFO:root:Epoch[10] Resetting Data Iterator
INFO:root:Epoch[10] Time cost=15.076
INFO:root:Saved checkpoint to "model/resnet-cifar10-20-0-0011.params"
INFO:root:Epoch[10] Validation-accuracy=0.826533
INFO:root:Epoch[11] Batch [50]	Speed: 3150.67 samples/sec	accuracy=0.832812
INFO:root:Epoch[11] Batch [100]	Speed: 3311.19 samples/sec	accuracy=0.830625
INFO:root:Epoch[11] Batch [150]	Speed: 3035.06 samples/sec	accuracy=0.835938
INFO:root:Epoch[11] Batch [200]	Speed: 3271.83 samples/sec	accuracy=0.845313
INFO:root:Epoch[11] Batch [250]	Speed: 2934.44 samples/sec	accuracy=0.839063
INFO:root:Epoch[11] Batch [300]	Speed: 3806.37 samples/sec	accuracy=0.848437
INFO:root:Epoch[11] Batch [350]	Speed: 3781.57 samples/sec	accuracy=0.835313
INFO:root:Epoch[11] Batch [400]	Speed: 3724.93 samples/sec	accuracy=0.838437
INFO:root:Epoch[11] Batch [450]	Speed: 3518.80 samples/sec	accuracy=0.821250
INFO:root:Epoch[11] Batch [500]	Speed: 2920.21 samples/sec	accuracy=0.840938
INFO:root:Epoch[11] Batch [550]	Speed: 3346.03 samples/sec	accuracy=0.842500
INFO:root:Epoch[11] Batch [600]	Speed: 3006.55 samples/sec	accuracy=0.832812
INFO:root:Epoch[11] Batch [650]	Speed: 3029.50 samples/sec	accuracy=0.840000
INFO:root:Epoch[11] Batch [700]	Speed: 3437.58 samples/sec	accuracy=0.848125
INFO:root:Epoch[11] Batch [750]	Speed: 3228.05 samples/sec	accuracy=0.834375
INFO:root:Epoch[11] Resetting Data Iterator
INFO:root:Epoch[11] Time cost=15.227
INFO:root:Saved checkpoint to "model/resnet-cifar10-20-0-0012.params"
INFO:root:Epoch[11] Validation-accuracy=0.820561
INFO:root:Epoch[12] Batch [50]	Speed: 3571.16 samples/sec	accuracy=0.826250
INFO:root:Epoch[12] Batch [100]	Speed: 3692.38 samples/sec	accuracy=0.853437
INFO:root:Epoch[12] Batch [150]	Speed: 3716.97 samples/sec	accuracy=0.829688
INFO:root:Epoch[12] Batch [200]	Speed: 3227.54 samples/sec	accuracy=0.843437
INFO:root:Epoch[12] Batch [250]	Speed: 3151.09 samples/sec	accuracy=0.845313
INFO:root:Epoch[12] Batch [300]	Speed: 3212.82 samples/sec	accuracy=0.844063
INFO:root:Epoch[12] Batch [350]	Speed: 3024.84 samples/sec	accuracy=0.845625
INFO:root:Epoch[12] Batch [400]	Speed: 3493.00 samples/sec	accuracy=0.842812
INFO:root:Epoch[12] Batch [450]	Speed: 3678.87 samples/sec	accuracy=0.843750
INFO:root:Epoch[12] Batch [500]	Speed: 3455.90 samples/sec	accuracy=0.841562
INFO:root:Epoch[12] Batch [550]	Speed: 3675.43 samples/sec	accuracy=0.855625
INFO:root:Epoch[12] Batch [600]	Speed: 3420.07 samples/sec	accuracy=0.845313
INFO:root:Epoch[12] Batch [650]	Speed: 3592.82 samples/sec	accuracy=0.843437
INFO:root:Epoch[12] Batch [700]	Speed: 3618.53 samples/sec	accuracy=0.845938
INFO:root:Epoch[12] Batch [750]	Speed: 3698.43 samples/sec	accuracy=0.851562
INFO:root:Epoch[12] Resetting Data Iterator
INFO:root:Epoch[12] Time cost=14.511
INFO:root:Saved checkpoint to "model/resnet-cifar10-20-0-0013.params"
INFO:root:Epoch[12] Validation-accuracy=0.805633
INFO:root:Epoch[13] Batch [50]	Speed: 3077.65 samples/sec	accuracy=0.845938
INFO:root:Epoch[13] Batch [100]	Speed: 3473.13 samples/sec	accuracy=0.846875
INFO:root:Epoch[13] Batch [150]	Speed: 3726.11 samples/sec	accuracy=0.844063
INFO:root:Epoch[13] Batch [200]	Speed: 3800.04 samples/sec	accuracy=0.839688
INFO:root:Epoch[13] Batch [250]	Speed: 3576.65 samples/sec	accuracy=0.856563
INFO:root:Epoch[13] Batch [300]	Speed: 3772.72 samples/sec	accuracy=0.850625
INFO:root:Epoch[13] Batch [350]	Speed: 3052.59 samples/sec	accuracy=0.846875
INFO:root:Epoch[13] Batch [400]	Speed: 3194.41 samples/sec	accuracy=0.842500
INFO:root:Epoch[13] Batch [450]	Speed: 3146.22 samples/sec	accuracy=0.843437
INFO:root:Epoch[13] Batch [500]	Speed: 3312.24 samples/sec	accuracy=0.844375
INFO:root:Epoch[13] Batch [550]	Speed: 3326.80 samples/sec	accuracy=0.848750
INFO:root:Epoch[13] Batch [600]	Speed: 2534.43 samples/sec	accuracy=0.843750
INFO:root:Epoch[13] Batch [650]	Speed: 3471.96 samples/sec	accuracy=0.853437
INFO:root:Epoch[13] Batch [700]	Speed: 3348.67 samples/sec	accuracy=0.861875
INFO:root:Epoch[13] Batch [750]	Speed: 3238.89 samples/sec	accuracy=0.854688
INFO:root:Epoch[13] Resetting Data Iterator
INFO:root:Epoch[13] Time cost=15.216
INFO:root:Saved checkpoint to "model/resnet-cifar10-20-0-0014.params"
INFO:root:Epoch[13] Validation-accuracy=0.830215
INFO:root:Epoch[14] Batch [50]	Speed: 3120.26 samples/sec	accuracy=0.841250
INFO:root:Epoch[14] Batch [100]	Speed: 2536.32 samples/sec	accuracy=0.845000
INFO:root:Epoch[14] Batch [150]	Speed: 3682.48 samples/sec	accuracy=0.852187
INFO:root:Epoch[14] Batch [200]	Speed: 3715.40 samples/sec	accuracy=0.846562
INFO:root:Epoch[14] Batch [250]	Speed: 3514.42 samples/sec	accuracy=0.840313
INFO:root:Epoch[14] Batch [300]	Speed: 3777.42 samples/sec	accuracy=0.845938
INFO:root:Epoch[14] Batch [350]	Speed: 3122.69 samples/sec	accuracy=0.857187
INFO:root:Epoch[14] Batch [400]	Speed: 3806.60 samples/sec	accuracy=0.864375
INFO:root:Epoch[14] Batch [450]	Speed: 3527.46 samples/sec	accuracy=0.857500
INFO:root:Epoch[14] Batch [500]	Speed: 3519.34 samples/sec	accuracy=0.864062
INFO:root:Epoch[14] Batch [550]	Speed: 3737.04 samples/sec	accuracy=0.846250
INFO:root:Epoch[14] Batch [600]	Speed: 3701.03 samples/sec	accuracy=0.858125
INFO:root:Epoch[14] Batch [650]	Speed: 3536.07 samples/sec	accuracy=0.850625
INFO:root:Epoch[14] Batch [700]	Speed: 3643.79 samples/sec	accuracy=0.867500
INFO:root:Epoch[14] Batch [750]	Speed: 3326.67 samples/sec	accuracy=0.853125
INFO:root:Epoch[14] Resetting Data Iterator
INFO:root:Epoch[14] Time cost=14.537
INFO:root:Saved checkpoint to "model/resnet-cifar10-20-0-0015.params"
INFO:root:Epoch[14] Validation-accuracy=0.823149
INFO:root:Epoch[15] Batch [50]	Speed: 2687.30 samples/sec	accuracy=0.848750
INFO:root:Epoch[15] Batch [100]	Speed: 3632.47 samples/sec	accuracy=0.850625
INFO:root:Epoch[15] Batch [150]	Speed: 3282.14 samples/sec	accuracy=0.855313
INFO:root:Epoch[15] Batch [200]	Speed: 2886.91 samples/sec	accuracy=0.863125
INFO:root:Epoch[15] Batch [250]	Speed: 3040.31 samples/sec	accuracy=0.851562
INFO:root:Epoch[15] Batch [300]	Speed: 3200.51 samples/sec	accuracy=0.857812
INFO:root:Epoch[15] Batch [350]	Speed: 2958.32 samples/sec	accuracy=0.845313
INFO:root:Epoch[15] Batch [400]	Speed: 3441.55 samples/sec	accuracy=0.846250
INFO:root:Epoch[15] Batch [450]	Speed: 3208.78 samples/sec	accuracy=0.850938
INFO:root:Epoch[15] Batch [500]	Speed: 3547.30 samples/sec	accuracy=0.862500
INFO:root:Epoch[15] Batch [550]	Speed: 3366.10 samples/sec	accuracy=0.858750
INFO:root:Epoch[15] Batch [600]	Speed: 3421.39 samples/sec	accuracy=0.861563
INFO:root:Epoch[15] Batch [650]	Speed: 3816.49 samples/sec	accuracy=0.839688
INFO:root:Epoch[15] Batch [700]	Speed: 3614.41 samples/sec	accuracy=0.861875
INFO:root:Epoch[15] Batch [750]	Speed: 3582.77 samples/sec	accuracy=0.857187
INFO:root:Epoch[15] Resetting Data Iterator
INFO:root:Epoch[15] Time cost=15.611
INFO:root:Saved checkpoint to "model/resnet-cifar10-20-0-0016.params"
INFO:root:Epoch[15] Validation-accuracy=0.797970
INFO:root:Epoch[16] Batch [50]	Speed: 3287.94 samples/sec	accuracy=0.850625
INFO:root:Epoch[16] Batch [100]	Speed: 3620.81 samples/sec	accuracy=0.856875
INFO:root:Epoch[16] Batch [150]	Speed: 3135.58 samples/sec	accuracy=0.851562
INFO:root:Epoch[16] Batch [200]	Speed: 3217.50 samples/sec	accuracy=0.852812
INFO:root:Epoch[16] Batch [250]	Speed: 2949.37 samples/sec	accuracy=0.867500
INFO:root:Epoch[16] Batch [300]	Speed: 3371.18 samples/sec	accuracy=0.863437
INFO:root:Epoch[16] Batch [350]	Speed: 2904.58 samples/sec	accuracy=0.849688
INFO:root:Epoch[16] Batch [400]	Speed: 2944.85 samples/sec	accuracy=0.855938
INFO:root:Epoch[16] Batch [450]	Speed: 2486.01 samples/sec	accuracy=0.847500
INFO:root:Epoch[16] Batch [500]	Speed: 2890.77 samples/sec	accuracy=0.850313
INFO:root:Epoch[16] Batch [550]	Speed: 3157.09 samples/sec	accuracy=0.867500
INFO:root:Epoch[16] Batch [600]	Speed: 3236.74 samples/sec	accuracy=0.862812
INFO:root:Epoch[16] Batch [650]	Speed: 3186.74 samples/sec	accuracy=0.856563
INFO:root:Epoch[16] Batch [700]	Speed: 3058.20 samples/sec	accuracy=0.861563
INFO:root:Epoch[16] Batch [750]	Speed: 3712.48 samples/sec	accuracy=0.859062
INFO:root:Epoch[16] Resetting Data Iterator
INFO:root:Epoch[16] Time cost=16.036
INFO:root:Saved checkpoint to "model/resnet-cifar10-20-0-0017.params"
INFO:root:Epoch[16] Validation-accuracy=0.837878
INFO:root:Epoch[17] Batch [50]	Speed: 2928.00 samples/sec	accuracy=0.844375
INFO:root:Epoch[17] Batch [100]	Speed: 3499.74 samples/sec	accuracy=0.868125
INFO:root:Epoch[17] Batch [150]	Speed: 3652.67 samples/sec	accuracy=0.868125
INFO:root:Epoch[17] Batch [200]	Speed: 3105.40 samples/sec	accuracy=0.855938
INFO:root:Epoch[17] Batch [250]	Speed: 3690.19 samples/sec	accuracy=0.857500
INFO:root:Epoch[17] Batch [300]	Speed: 3813.24 samples/sec	accuracy=0.857812
INFO:root:Epoch[17] Batch [350]	Speed: 3013.23 samples/sec	accuracy=0.865000
INFO:root:Epoch[17] Batch [400]	Speed: 3622.93 samples/sec	accuracy=0.859062
INFO:root:Epoch[17] Batch [450]	Speed: 3734.54 samples/sec	accuracy=0.860625
INFO:root:Epoch[17] Batch [500]	Speed: 3545.09 samples/sec	accuracy=0.864375
INFO:root:Epoch[17] Batch [550]	Speed: 3404.14 samples/sec	accuracy=0.866875
INFO:root:Epoch[17] Batch [600]	Speed: 3671.22 samples/sec	accuracy=0.856875
INFO:root:Epoch[17] Batch [650]	Speed: 3451.84 samples/sec	accuracy=0.863750
INFO:root:Epoch[17] Batch [700]	Speed: 3120.32 samples/sec	accuracy=0.862500
INFO:root:Epoch[17] Batch [750]	Speed: 3192.45 samples/sec	accuracy=0.865938
INFO:root:Epoch[17] Resetting Data Iterator
INFO:root:Epoch[17] Time cost=14.660
INFO:root:Saved checkpoint to "model/resnet-cifar10-20-0-0018.params"
INFO:root:Epoch[17] Validation-accuracy=0.824144
INFO:root:Epoch[18] Batch [50]	Speed: 3527.42 samples/sec	accuracy=0.862812
INFO:root:Epoch[18] Batch [100]	Speed: 3592.70 samples/sec	accuracy=0.857500
INFO:root:Epoch[18] Batch [150]	Speed: 3364.82 samples/sec	accuracy=0.871563
INFO:root:Epoch[18] Batch [200]	Speed: 3445.73 samples/sec	accuracy=0.857812
INFO:root:Epoch[18] Batch [250]	Speed: 2970.94 samples/sec	accuracy=0.855000
INFO:root:Epoch[18] Batch [300]	Speed: 3330.10 samples/sec	accuracy=0.868750
INFO:root:Epoch[18] Batch [350]	Speed: 3413.98 samples/sec	accuracy=0.864062
INFO:root:Epoch[18] Batch [400]	Speed: 3234.85 samples/sec	accuracy=0.861875
INFO:root:Epoch[18] Batch [450]	Speed: 3125.83 samples/sec	accuracy=0.856563
INFO:root:Epoch[18] Batch [500]	Speed: 3758.26 samples/sec	accuracy=0.858437
INFO:root:Epoch[18] Batch [550]	Speed: 3343.98 samples/sec	accuracy=0.872188
INFO:root:Epoch[18] Batch [600]	Speed: 3405.67 samples/sec	accuracy=0.865625
INFO:root:Epoch[18] Batch [650]	Speed: 3770.96 samples/sec	accuracy=0.860938
INFO:root:Epoch[18] Batch [700]	Speed: 3557.30 samples/sec	accuracy=0.866563
INFO:root:Epoch[18] Batch [750]	Speed: 3523.02 samples/sec	accuracy=0.860625
INFO:root:Epoch[18] Resetting Data Iterator
INFO:root:Epoch[18] Time cost=14.721
INFO:root:Saved checkpoint to "model/resnet-cifar10-20-0-0019.params"
INFO:root:Epoch[18] Validation-accuracy=0.800955
INFO:root:Epoch[19] Batch [50]	Speed: 3247.19 samples/sec	accuracy=0.863125
INFO:root:Epoch[19] Batch [100]	Speed: 3381.09 samples/sec	accuracy=0.871875
INFO:root:Epoch[19] Batch [150]	Speed: 3790.89 samples/sec	accuracy=0.868125
INFO:root:Epoch[19] Batch [200]	Speed: 3532.68 samples/sec	accuracy=0.872500
INFO:root:Epoch[19] Batch [250]	Speed: 2564.54 samples/sec	accuracy=0.862812
INFO:root:Epoch[19] Batch [300]	Speed: 3074.38 samples/sec	accuracy=0.863750
INFO:root:Epoch[19] Batch [350]	Speed: 3181.68 samples/sec	accuracy=0.865313
INFO:root:Epoch[19] Batch [400]	Speed: 3785.45 samples/sec	accuracy=0.855000
INFO:root:Epoch[19] Batch [450]	Speed: 3264.74 samples/sec	accuracy=0.867812
INFO:root:Epoch[19] Batch [500]	Speed: 3764.38 samples/sec	accuracy=0.871250
INFO:root:Epoch[19] Batch [550]	Speed: 3812.65 samples/sec	accuracy=0.872500
INFO:root:Epoch[19] Batch [600]	Speed: 3137.66 samples/sec	accuracy=0.850625
INFO:root:Epoch[19] Batch [650]	Speed: 3467.21 samples/sec	accuracy=0.870313
INFO:root:Epoch[19] Batch [700]	Speed: 3606.78 samples/sec	accuracy=0.872500
INFO:root:Epoch[19] Batch [750]	Speed: 3178.33 samples/sec	accuracy=0.870625
INFO:root:Epoch[19] Resetting Data Iterator
INFO:root:Epoch[19] Time cost=14.961
INFO:root:Saved checkpoint to "model/resnet-cifar10-20-0-0020.params"
INFO:root:Epoch[19] Validation-accuracy=0.827627
INFO:root:Epoch[20] Batch [50]	Speed: 3155.47 samples/sec	accuracy=0.861250
INFO:root:Epoch[20] Batch [100]	Speed: 3246.00 samples/sec	accuracy=0.879062
INFO:root:Epoch[20] Batch [150]	Speed: 3317.87 samples/sec	accuracy=0.860938
INFO:root:Epoch[20] Batch [200]	Speed: 3631.84 samples/sec	accuracy=0.865313
INFO:root:Epoch[20] Batch [250]	Speed: 2949.13 samples/sec	accuracy=0.874687
INFO:root:Epoch[20] Batch [300]	Speed: 2951.54 samples/sec	accuracy=0.862500
INFO:root:Epoch[20] Batch [350]	Speed: 3062.07 samples/sec	accuracy=0.866563
INFO:root:Epoch[20] Batch [400]	Speed: 3093.81 samples/sec	accuracy=0.857812
INFO:root:Epoch[20] Batch [450]	Speed: 3762.03 samples/sec	accuracy=0.866250
INFO:root:Epoch[20] Batch [500]	Speed: 3486.21 samples/sec	accuracy=0.871250
INFO:root:Epoch[20] Batch [550]	Speed: 3199.19 samples/sec	accuracy=0.870313
INFO:root:Epoch[20] Batch [600]	Speed: 3302.46 samples/sec	accuracy=0.874687
INFO:root:Epoch[20] Batch [650]	Speed: 3174.05 samples/sec	accuracy=0.859062
INFO:root:Epoch[20] Batch [700]	Speed: 3681.96 samples/sec	accuracy=0.874375
INFO:root:Epoch[20] Batch [750]	Speed: 3039.07 samples/sec	accuracy=0.863437
INFO:root:Epoch[20] Resetting Data Iterator
INFO:root:Epoch[20] Time cost=15.394
INFO:root:Saved checkpoint to "model/resnet-cifar10-20-0-0021.params"
INFO:root:Epoch[20] Validation-accuracy=0.843451
INFO:root:Epoch[21] Batch [50]	Speed: 3812.60 samples/sec	accuracy=0.858750
INFO:root:Epoch[21] Batch [100]	Speed: 3173.72 samples/sec	accuracy=0.865625
INFO:root:Epoch[21] Batch [150]	Speed: 2818.74 samples/sec	accuracy=0.866250
INFO:root:Epoch[21] Batch [200]	Speed: 3419.26 samples/sec	accuracy=0.864062
INFO:root:Epoch[21] Batch [250]	Speed: 3781.29 samples/sec	accuracy=0.865313
INFO:root:Epoch[21] Batch [300]	Speed: 3730.43 samples/sec	accuracy=0.877188
INFO:root:Epoch[21] Batch [350]	Speed: 3349.27 samples/sec	accuracy=0.871250
INFO:root:Epoch[21] Batch [400]	Speed: 3479.34 samples/sec	accuracy=0.866563
INFO:root:Epoch[21] Batch [450]	Speed: 3123.52 samples/sec	accuracy=0.878437
INFO:root:Epoch[21] Batch [500]	Speed: 3621.68 samples/sec	accuracy=0.875938
INFO:root:Epoch[21] Batch [550]	Speed: 3331.90 samples/sec	accuracy=0.875938
INFO:root:Epoch[21] Batch [600]	Speed: 3103.54 samples/sec	accuracy=0.864688
INFO:root:Epoch[21] Batch [650]	Speed: 3305.81 samples/sec	accuracy=0.868437
INFO:root:Epoch[21] Batch [700]	Speed: 3137.10 samples/sec	accuracy=0.873437
INFO:root:Epoch[21] Batch [750]	Speed: 2472.52 samples/sec	accuracy=0.881875
INFO:root:Epoch[21] Resetting Data Iterator
INFO:root:Epoch[21] Time cost=15.355
INFO:root:Saved checkpoint to "model/resnet-cifar10-20-0-0022.params"
INFO:root:Epoch[21] Validation-accuracy=0.830613
INFO:root:Epoch[22] Batch [50]	Speed: 3048.25 samples/sec	accuracy=0.870938
INFO:root:Epoch[22] Batch [100]	Speed: 3751.00 samples/sec	accuracy=0.864062
INFO:root:Epoch[22] Batch [150]	Speed: 3547.09 samples/sec	accuracy=0.867500
INFO:root:Epoch[22] Batch [200]	Speed: 3322.41 samples/sec	accuracy=0.870938
INFO:root:Epoch[22] Batch [250]	Speed: 3185.99 samples/sec	accuracy=0.872500
INFO:root:Epoch[22] Batch [300]	Speed: 3560.54 samples/sec	accuracy=0.863437
INFO:root:Epoch[22] Batch [350]	Speed: 3212.33 samples/sec	accuracy=0.872500
INFO:root:Epoch[22] Batch [400]	Speed: 2793.95 samples/sec	accuracy=0.868125
INFO:root:Epoch[22] Batch [450]	Speed: 3483.99 samples/sec	accuracy=0.871563
INFO:root:Epoch[22] Batch [500]	Speed: 3299.47 samples/sec	accuracy=0.880313
INFO:root:Epoch[22] Batch [550]	Speed: 3033.68 samples/sec	accuracy=0.878125
INFO:root:Epoch[22] Batch [600]	Speed: 3280.30 samples/sec	accuracy=0.882500
INFO:root:Epoch[22] Batch [650]	Speed: 3498.15 samples/sec	accuracy=0.866250
INFO:root:Epoch[22] Batch [700]	Speed: 3338.95 samples/sec	accuracy=0.874375
INFO:root:Epoch[22] Batch [750]	Speed: 3253.33 samples/sec	accuracy=0.870313
INFO:root:Epoch[22] Resetting Data Iterator
INFO:root:Epoch[22] Time cost=15.189
INFO:root:Saved checkpoint to "model/resnet-cifar10-20-0-0023.params"
INFO:root:Epoch[22] Validation-accuracy=0.844944
INFO:root:Epoch[23] Batch [50]	Speed: 3521.77 samples/sec	accuracy=0.864062
INFO:root:Epoch[23] Batch [100]	Speed: 3273.64 samples/sec	accuracy=0.880313
INFO:root:Epoch[23] Batch [150]	Speed: 2692.83 samples/sec	accuracy=0.880938
INFO:root:Epoch[23] Batch [200]	Speed: 3396.36 samples/sec	accuracy=0.863750
INFO:root:Epoch[23] Batch [250]	Speed: 3226.37 samples/sec	accuracy=0.890312
INFO:root:Epoch[23] Batch [300]	Speed: 3206.74 samples/sec	accuracy=0.874062
INFO:root:Epoch[23] Batch [350]	Speed: 3371.09 samples/sec	accuracy=0.870000
INFO:root:Epoch[23] Batch [400]	Speed: 3394.53 samples/sec	accuracy=0.877500
INFO:root:Epoch[23] Batch [450]	Speed: 3069.00 samples/sec	accuracy=0.870000
INFO:root:Epoch[23] Batch [500]	Speed: 3463.71 samples/sec	accuracy=0.871875
INFO:root:Epoch[23] Batch [550]	Speed: 3562.27 samples/sec	accuracy=0.873750
INFO:root:Epoch[23] Batch [600]	Speed: 2857.44 samples/sec	accuracy=0.862500
INFO:root:Epoch[23] Batch [650]	Speed: 3804.46 samples/sec	accuracy=0.872188
INFO:root:Epoch[23] Batch [700]	Speed: 3044.13 samples/sec	accuracy=0.872500
INFO:root:Epoch[23] Batch [750]	Speed: 3809.70 samples/sec	accuracy=0.880625
INFO:root:Epoch[23] Resetting Data Iterator
INFO:root:Epoch[23] Time cost=15.202
INFO:root:Saved checkpoint to "model/resnet-cifar10-20-0-0024.params"
INFO:root:Epoch[23] Validation-accuracy=0.833101
INFO:root:Epoch[24] Batch [50]	Speed: 3243.31 samples/sec	accuracy=0.860938
INFO:root:Epoch[24] Batch [100]	Speed: 3071.89 samples/sec	accuracy=0.883125
INFO:root:Epoch[24] Batch [150]	Speed: 3227.93 samples/sec	accuracy=0.881563
INFO:root:Epoch[24] Batch [200]	Speed: 3154.08 samples/sec	accuracy=0.871875
INFO:root:Epoch[24] Batch [250]	Speed: 3353.55 samples/sec	accuracy=0.878750
INFO:root:Epoch[24] Batch [300]	Speed: 2634.90 samples/sec	accuracy=0.880000
INFO:root:Epoch[24] Batch [350]	Speed: 3156.47 samples/sec	accuracy=0.869375
INFO:root:Epoch[24] Batch [400]	Speed: 3370.75 samples/sec	accuracy=0.870000
INFO:root:Epoch[24] Batch [450]	Speed: 3684.14 samples/sec	accuracy=0.876563
INFO:root:Epoch[24] Batch [500]	Speed: 3547.23 samples/sec	accuracy=0.876563
INFO:root:Epoch[24] Batch [550]	Speed: 3474.20 samples/sec	accuracy=0.876250
INFO:root:Epoch[24] Batch [600]	Speed: 3372.15 samples/sec	accuracy=0.861250
INFO:root:Epoch[24] Batch [650]	Speed: 3057.85 samples/sec	accuracy=0.880938
INFO:root:Epoch[24] Batch [700]	Speed: 3185.77 samples/sec	accuracy=0.881875
INFO:root:Epoch[24] Batch [750]	Speed: 3221.33 samples/sec	accuracy=0.877812
INFO:root:Epoch[24] Resetting Data Iterator
INFO:root:Epoch[24] Time cost=15.527
INFO:root:Saved checkpoint to "model/resnet-cifar10-20-0-0025.params"
INFO:root:Epoch[24] Validation-accuracy=0.835589
INFO:root:Epoch[25] Batch [50]	Speed: 3449.53 samples/sec	accuracy=0.864062
INFO:root:Epoch[25] Batch [100]	Speed: 3592.01 samples/sec	accuracy=0.880000
INFO:root:Epoch[25] Batch [150]	Speed: 3785.91 samples/sec	accuracy=0.873750
INFO:root:Epoch[25] Batch [200]	Speed: 3148.59 samples/sec	accuracy=0.868437
INFO:root:Epoch[25] Batch [250]	Speed: 3515.76 samples/sec	accuracy=0.874687
INFO:root:Epoch[25] Batch [300]	Speed: 3236.22 samples/sec	accuracy=0.886250
INFO:root:Epoch[25] Batch [350]	Speed: 3246.42 samples/sec	accuracy=0.878437
INFO:root:Epoch[25] Batch [400]	Speed: 3087.80 samples/sec	accuracy=0.872188
INFO:root:Epoch[25] Batch [450]	Speed: 3329.89 samples/sec	accuracy=0.863750
INFO:root:Epoch[25] Batch [500]	Speed: 3592.39 samples/sec	accuracy=0.875625
INFO:root:Epoch[25] Batch [550]	Speed: 3842.21 samples/sec	accuracy=0.885000
INFO:root:Epoch[25] Batch [600]	Speed: 3090.44 samples/sec	accuracy=0.875938
INFO:root:Epoch[25] Batch [650]	Speed: 2953.59 samples/sec	accuracy=0.873750
INFO:root:Epoch[25] Batch [700]	Speed: 3224.12 samples/sec	accuracy=0.871875
INFO:root:Epoch[25] Batch [750]	Speed: 3098.71 samples/sec	accuracy=0.885625
INFO:root:Epoch[25] Resetting Data Iterator
INFO:root:Epoch[25] Time cost=15.108
INFO:root:Saved checkpoint to "model/resnet-cifar10-20-0-0026.params"
INFO:root:Epoch[25] Validation-accuracy=0.848627
INFO:root:Epoch[26] Batch [50]	Speed: 2950.94 samples/sec	accuracy=0.875625
INFO:root:Epoch[26] Batch [100]	Speed: 3269.51 samples/sec	accuracy=0.870000
INFO:root:Epoch[26] Batch [150]	Speed: 3173.17 samples/sec	accuracy=0.873437
INFO:root:Epoch[26] Batch [200]	Speed: 2850.22 samples/sec	accuracy=0.872812
INFO:root:Epoch[26] Batch [250]	Speed: 2882.09 samples/sec	accuracy=0.878125
INFO:root:Epoch[26] Batch [300]	Speed: 3193.57 samples/sec	accuracy=0.885938
INFO:root:Epoch[26] Batch [350]	Speed: 3351.42 samples/sec	accuracy=0.867500
INFO:root:Epoch[26] Batch [400]	Speed: 3394.85 samples/sec	accuracy=0.880313
INFO:root:Epoch[26] Batch [450]	Speed: 3020.20 samples/sec	accuracy=0.883125
INFO:root:Epoch[26] Batch [500]	Speed: 3381.51 samples/sec	accuracy=0.873125
INFO:root:Epoch[26] Batch [550]	Speed: 3230.05 samples/sec	accuracy=0.876875
INFO:root:Epoch[26] Batch [600]	Speed: 3317.74 samples/sec	accuracy=0.885938
INFO:root:Epoch[26] Batch [650]	Speed: 2645.08 samples/sec	accuracy=0.875000
INFO:root:Epoch[26] Batch [700]	Speed: 3188.22 samples/sec	accuracy=0.883750
INFO:root:Epoch[26] Batch [750]	Speed: 3067.17 samples/sec	accuracy=0.871563
INFO:root:Epoch[26] Resetting Data Iterator
INFO:root:Epoch[26] Time cost=16.070
INFO:root:Saved checkpoint to "model/resnet-cifar10-20-0-0027.params"
INFO:root:Epoch[26] Validation-accuracy=0.842954
INFO:root:Epoch[27] Batch [50]	Speed: 2702.35 samples/sec	accuracy=0.883437
INFO:root:Epoch[27] Batch [100]	Speed: 3005.98 samples/sec	accuracy=0.888750
INFO:root:Epoch[27] Batch [150]	Speed: 2996.65 samples/sec	accuracy=0.880313
INFO:root:Epoch[27] Batch [200]	Speed: 3613.79 samples/sec	accuracy=0.871250
INFO:root:Epoch[27] Batch [250]	Speed: 3615.47 samples/sec	accuracy=0.878750
INFO:root:Epoch[27] Batch [300]	Speed: 2648.41 samples/sec	accuracy=0.882500
INFO:root:Epoch[27] Batch [350]	Speed: 3333.30 samples/sec	accuracy=0.884687
INFO:root:Epoch[27] Batch [400]	Speed: 3227.63 samples/sec	accuracy=0.872812
INFO:root:Epoch[27] Batch [450]	Speed: 3226.33 samples/sec	accuracy=0.875625
INFO:root:Epoch[27] Batch [500]	Speed: 2829.05 samples/sec	accuracy=0.877500
INFO:root:Epoch[27] Batch [550]	Speed: 3253.87 samples/sec	accuracy=0.882188
INFO:root:Epoch[27] Batch [600]	Speed: 3177.96 samples/sec	accuracy=0.870938
INFO:root:Epoch[27] Batch [650]	Speed: 3381.22 samples/sec	accuracy=0.879687
INFO:root:Epoch[27] Batch [700]	Speed: 3488.60 samples/sec	accuracy=0.885000
INFO:root:Epoch[27] Batch [750]	Speed: 3648.15 samples/sec	accuracy=0.883125
INFO:root:Epoch[27] Resetting Data Iterator
INFO:root:Epoch[27] Time cost=15.660
INFO:root:Saved checkpoint to "model/resnet-cifar10-20-0-0028.params"
INFO:root:Epoch[27] Validation-accuracy=0.845939
INFO:root:Epoch[28] Batch [50]	Speed: 2759.82 samples/sec	accuracy=0.883125
INFO:root:Epoch[28] Batch [100]	Speed: 3165.70 samples/sec	accuracy=0.875313
INFO:root:Epoch[28] Batch [150]	Speed: 2719.66 samples/sec	accuracy=0.881563
INFO:root:Epoch[28] Batch [200]	Speed: 3103.04 samples/sec	accuracy=0.877500
INFO:root:Epoch[28] Batch [250]	Speed: 3370.67 samples/sec	accuracy=0.879062
INFO:root:Epoch[28] Batch [300]	Speed: 3624.53 samples/sec	accuracy=0.882500
INFO:root:Epoch[28] Batch [350]	Speed: 3310.09 samples/sec	accuracy=0.875938
INFO:root:Epoch[28] Batch [400]	Speed: 3501.07 samples/sec	accuracy=0.881563
INFO:root:Epoch[28] Batch [450]	Speed: 3152.64 samples/sec	accuracy=0.891563
INFO:root:Epoch[28] Batch [500]	Speed: 3495.74 samples/sec	accuracy=0.871250
INFO:root:Epoch[28] Batch [550]	Speed: 3638.61 samples/sec	accuracy=0.887813
INFO:root:Epoch[28] Batch [600]	Speed: 3732.87 samples/sec	accuracy=0.876563
INFO:root:Epoch[28] Batch [650]	Speed: 3432.84 samples/sec	accuracy=0.880313
INFO:root:Epoch[28] Batch [700]	Speed: 3747.86 samples/sec	accuracy=0.883437
INFO:root:Epoch[28] Batch [750]	Speed: 3181.84 samples/sec	accuracy=0.870625
INFO:root:Epoch[28] Resetting Data Iterator
INFO:root:Epoch[28] Time cost=15.144
INFO:root:Saved checkpoint to "model/resnet-cifar10-20-0-0029.params"
INFO:root:Epoch[28] Validation-accuracy=0.825537
INFO:root:Epoch[29] Batch [50]	Speed: 3413.74 samples/sec	accuracy=0.870313
INFO:root:Epoch[29] Batch [100]	Speed: 3770.46 samples/sec	accuracy=0.889375
INFO:root:Epoch[29] Batch [150]	Speed: 3407.32 samples/sec	accuracy=0.875313
INFO:root:Epoch[29] Batch [200]	Speed: 3201.02 samples/sec	accuracy=0.883125
INFO:root:Epoch[29] Batch [250]	Speed: 2957.58 samples/sec	accuracy=0.878125
INFO:root:Epoch[29] Batch [300]	Speed: 3432.92 samples/sec	accuracy=0.884687
INFO:root:Epoch[29] Batch [350]	Speed: 3277.69 samples/sec	accuracy=0.881875
INFO:root:Epoch[29] Batch [400]	Speed: 3411.41 samples/sec	accuracy=0.873437
INFO:root:Epoch[29] Batch [450]	Speed: 3677.14 samples/sec	accuracy=0.879375
INFO:root:Epoch[29] Batch [500]	Speed: 2713.13 samples/sec	accuracy=0.887500
INFO:root:Epoch[29] Batch [550]	Speed: 2953.10 samples/sec	accuracy=0.885312
INFO:root:Epoch[29] Batch [600]	Speed: 3351.73 samples/sec	accuracy=0.875313
INFO:root:Epoch[29] Batch [650]	Speed: 3152.74 samples/sec	accuracy=0.878437
INFO:root:Epoch[29] Batch [700]	Speed: 3504.64 samples/sec	accuracy=0.886875
INFO:root:Epoch[29] Batch [750]	Speed: 3442.96 samples/sec	accuracy=0.884687
INFO:root:Epoch[29] Resetting Data Iterator
INFO:root:Epoch[29] Time cost=15.312
INFO:root:Saved checkpoint to "model/resnet-cifar10-20-0-0030.params"
INFO:root:Epoch[29] Validation-accuracy=0.828225
INFO:root:Epoch[30] Batch [50]	Speed: 2945.27 samples/sec	accuracy=0.880000
INFO:root:Epoch[30] Batch [100]	Speed: 3575.57 samples/sec	accuracy=0.877500
INFO:root:Epoch[30] Batch [150]	Speed: 3248.64 samples/sec	accuracy=0.880313
INFO:root:Epoch[30] Batch [200]	Speed: 3106.19 samples/sec	accuracy=0.880313
INFO:root:Epoch[30] Batch [250]	Speed: 3117.02 samples/sec	accuracy=0.893437
INFO:root:Epoch[30] Batch [300]	Speed: 3102.36 samples/sec	accuracy=0.881563
INFO:root:Epoch[30] Batch [350]	Speed: 3714.55 samples/sec	accuracy=0.885625
INFO:root:Epoch[30] Batch [400]	Speed: 3615.66 samples/sec	accuracy=0.879062
INFO:root:Epoch[30] Batch [450]	Speed: 3058.30 samples/sec	accuracy=0.876250
INFO:root:Epoch[30] Batch [500]	Speed: 3068.10 samples/sec	accuracy=0.886563
INFO:root:Epoch[30] Batch [550]	Speed: 3038.48 samples/sec	accuracy=0.886563
INFO:root:Epoch[30] Batch [600]	Speed: 3211.36 samples/sec	accuracy=0.881563
INFO:root:Epoch[30] Batch [650]	Speed: 3664.70 samples/sec	accuracy=0.877188
INFO:root:Epoch[30] Batch [700]	Speed: 3797.16 samples/sec	accuracy=0.887813
INFO:root:Epoch[30] Batch [750]	Speed: 3628.55 samples/sec	accuracy=0.890625
INFO:root:Epoch[30] Resetting Data Iterator
INFO:root:Epoch[30] Time cost=15.223
INFO:root:Saved checkpoint to "model/resnet-cifar10-20-0-0031.params"
INFO:root:Epoch[30] Validation-accuracy=0.834693
INFO:root:Epoch[31] Batch [50]	Speed: 3161.40 samples/sec	accuracy=0.868750
INFO:root:Epoch[31] Batch [100]	Speed: 3483.56 samples/sec	accuracy=0.889687
INFO:root:Epoch[31] Batch [150]	Speed: 3275.42 samples/sec	accuracy=0.888437
INFO:root:Epoch[31] Batch [200]	Speed: 3469.40 samples/sec	accuracy=0.884062
INFO:root:Epoch[31] Batch [250]	Speed: 3462.46 samples/sec	accuracy=0.877812
INFO:root:Epoch[31] Batch [300]	Speed: 3410.10 samples/sec	accuracy=0.892813
INFO:root:Epoch[31] Batch [350]	Speed: 3503.16 samples/sec	accuracy=0.877812
INFO:root:Epoch[31] Batch [400]	Speed: 3143.47 samples/sec	accuracy=0.884062
INFO:root:Epoch[31] Batch [450]	Speed: 3235.49 samples/sec	accuracy=0.888125
INFO:root:Epoch[31] Batch [500]	Speed: 3022.90 samples/sec	accuracy=0.890625
INFO:root:Epoch[31] Batch [550]	Speed: 3174.80 samples/sec	accuracy=0.884687
INFO:root:Epoch[31] Batch [600]	Speed: 3323.80 samples/sec	accuracy=0.885312
INFO:root:Epoch[31] Batch [650]	Speed: 3027.85 samples/sec	accuracy=0.880625
INFO:root:Epoch[31] Batch [700]	Speed: 3086.59 samples/sec	accuracy=0.882812
INFO:root:Epoch[31] Batch [750]	Speed: 3160.52 samples/sec	accuracy=0.876875
INFO:root:Epoch[31] Resetting Data Iterator
INFO:root:Epoch[31] Time cost=15.398
INFO:root:Saved checkpoint to "model/resnet-cifar10-20-0-0032.params"
INFO:root:Epoch[31] Validation-accuracy=0.838376
INFO:root:Epoch[32] Batch [50]	Speed: 2612.38 samples/sec	accuracy=0.884687
INFO:root:Epoch[32] Batch [100]	Speed: 2890.07 samples/sec	accuracy=0.879375
INFO:root:Epoch[32] Batch [150]	Speed: 3124.51 samples/sec	accuracy=0.888437
INFO:root:Epoch[32] Batch [200]	Speed: 3137.47 samples/sec	accuracy=0.875625
INFO:root:Epoch[32] Batch [250]	Speed: 3196.07 samples/sec	accuracy=0.879687
INFO:root:Epoch[32] Batch [300]	Speed: 2927.97 samples/sec	accuracy=0.889687
INFO:root:Epoch[32] Batch [350]	Speed: 3291.80 samples/sec	accuracy=0.885938
INFO:root:Epoch[32] Batch [400]	Speed: 3098.94 samples/sec	accuracy=0.885000
INFO:root:Epoch[32] Batch [450]	Speed: 3354.20 samples/sec	accuracy=0.880625
INFO:root:Epoch[32] Batch [500]	Speed: 3382.11 samples/sec	accuracy=0.876250
INFO:root:Epoch[32] Batch [550]	Speed: 3489.73 samples/sec	accuracy=0.886875
INFO:root:Epoch[32] Batch [600]	Speed: 3289.12 samples/sec	accuracy=0.885312
INFO:root:Epoch[32] Batch [650]	Speed: 3156.93 samples/sec	accuracy=0.872812
INFO:root:Epoch[32] Batch [700]	Speed: 3224.00 samples/sec	accuracy=0.886250
INFO:root:Epoch[32] Batch [750]	Speed: 3423.38 samples/sec	accuracy=0.886250
INFO:root:Epoch[32] Resetting Data Iterator
INFO:root:Epoch[32] Time cost=15.895
INFO:root:Saved checkpoint to "model/resnet-cifar10-20-0-0033.params"
INFO:root:Epoch[32] Validation-accuracy=0.836485
INFO:root:Epoch[33] Batch [50]	Speed: 2403.98 samples/sec	accuracy=0.878125
INFO:root:Epoch[33] Batch [100]	Speed: 3484.92 samples/sec	accuracy=0.888437
INFO:root:Epoch[33] Batch [150]	Speed: 3637.22 samples/sec	accuracy=0.886563
INFO:root:Epoch[33] Batch [200]	Speed: 3735.53 samples/sec	accuracy=0.879062
INFO:root:Epoch[33] Batch [250]	Speed: 3181.76 samples/sec	accuracy=0.889375
INFO:root:Epoch[33] Batch [300]	Speed: 2862.38 samples/sec	accuracy=0.883437
INFO:root:Epoch[33] Batch [350]	Speed: 3230.68 samples/sec	accuracy=0.882188
INFO:root:Epoch[33] Batch [400]	Speed: 3236.89 samples/sec	accuracy=0.885625
INFO:root:Epoch[33] Batch [450]	Speed: 3507.17 samples/sec	accuracy=0.875000
INFO:root:Epoch[33] Batch [500]	Speed: 3580.73 samples/sec	accuracy=0.889687
INFO:root:Epoch[33] Batch [550]	Speed: 3501.80 samples/sec	accuracy=0.884375
INFO:root:Epoch[33] Batch [600]	Speed: 3292.33 samples/sec	accuracy=0.883750
INFO:root:Epoch[33] Batch [650]	Speed: 3190.59 samples/sec	accuracy=0.880625
INFO:root:Epoch[33] Batch [700]	Speed: 3265.62 samples/sec	accuracy=0.889687
INFO:root:Epoch[33] Batch [750]	Speed: 3446.20 samples/sec	accuracy=0.875625
INFO:root:Epoch[33] Resetting Data Iterator
INFO:root:Epoch[33] Time cost=15.372
INFO:root:Saved checkpoint to "model/resnet-cifar10-20-0-0034.params"
INFO:root:Epoch[33] Validation-accuracy=0.838973
INFO:root:Epoch[34] Batch [50]	Speed: 2925.99 samples/sec	accuracy=0.877188
INFO:root:Epoch[34] Batch [100]	Speed: 2161.75 samples/sec	accuracy=0.880000
INFO:root:Epoch[34] Batch [150]	Speed: 2964.77 samples/sec	accuracy=0.884375
INFO:root:Epoch[34] Batch [200]	Speed: 3002.39 samples/sec	accuracy=0.877188
INFO:root:Epoch[34] Batch [250]	Speed: 3073.27 samples/sec	accuracy=0.884687
INFO:root:Epoch[34] Batch [300]	Speed: 3005.52 samples/sec	accuracy=0.893750
INFO:root:Epoch[34] Batch [350]	Speed: 3086.92 samples/sec	accuracy=0.888750
INFO:root:Epoch[34] Batch [400]	Speed: 3029.64 samples/sec	accuracy=0.882812
INFO:root:Epoch[34] Batch [450]	Speed: 3285.53 samples/sec	accuracy=0.890938
INFO:root:Epoch[34] Batch [500]	Speed: 3004.89 samples/sec	accuracy=0.886250
INFO:root:Epoch[34] Batch [550]	Speed: 3522.19 samples/sec	accuracy=0.892188
INFO:root:Epoch[34] Batch [600]	Speed: 3696.11 samples/sec	accuracy=0.877500
INFO:root:Epoch[34] Batch [650]	Speed: 2958.78 samples/sec	accuracy=0.892500
INFO:root:Epoch[34] Batch [700]	Speed: 3262.20 samples/sec	accuracy=0.895000
INFO:root:Epoch[34] Batch [750]	Speed: 3595.72 samples/sec	accuracy=0.896250
INFO:root:Epoch[34] Resetting Data Iterator
INFO:root:Epoch[34] Time cost=16.295
INFO:root:Saved checkpoint to "model/resnet-cifar10-20-0-0035.params"
INFO:root:Epoch[34] Validation-accuracy=0.851015
INFO:root:Epoch[35] Batch [50]	Speed: 3530.59 samples/sec	accuracy=0.866250
INFO:root:Epoch[35] Batch [100]	Speed: 3853.46 samples/sec	accuracy=0.907188
INFO:root:Epoch[35] Batch [150]	Speed: 3335.13 samples/sec	accuracy=0.884062
INFO:root:Epoch[35] Batch [200]	Speed: 3516.39 samples/sec	accuracy=0.890000
INFO:root:Epoch[35] Batch [250]	Speed: 3049.77 samples/sec	accuracy=0.888750
INFO:root:Epoch[35] Batch [300]	Speed: 3175.43 samples/sec	accuracy=0.890625
INFO:root:Epoch[35] Batch [350]	Speed: 3470.02 samples/sec	accuracy=0.884062
INFO:root:Epoch[35] Batch [400]	Speed: 3685.50 samples/sec	accuracy=0.888750
INFO:root:Epoch[35] Batch [450]	Speed: 3487.68 samples/sec	accuracy=0.893437
INFO:root:Epoch[35] Batch [500]	Speed: 2952.42 samples/sec	accuracy=0.896250
INFO:root:Epoch[35] Batch [550]	Speed: 3676.23 samples/sec	accuracy=0.893125
INFO:root:Epoch[35] Batch [600]	Speed: 3269.41 samples/sec	accuracy=0.891563
INFO:root:Epoch[35] Batch [650]	Speed: 3494.19 samples/sec	accuracy=0.886250
INFO:root:Epoch[35] Batch [700]	Speed: 3014.10 samples/sec	accuracy=0.893125
INFO:root:Epoch[35] Batch [750]	Speed: 3737.39 samples/sec	accuracy=0.897188
INFO:root:Epoch[35] Resetting Data Iterator
INFO:root:Epoch[35] Time cost=14.735
INFO:root:Saved checkpoint to "model/resnet-cifar10-20-0-0036.params"
INFO:root:Epoch[35] Validation-accuracy=0.841162
INFO:root:Epoch[36] Batch [50]	Speed: 3277.38 samples/sec	accuracy=0.880000
INFO:root:Epoch[36] Batch [100]	Speed: 2731.92 samples/sec	accuracy=0.882500
INFO:root:Epoch[36] Batch [150]	Speed: 3802.10 samples/sec	accuracy=0.882812
INFO:root:Epoch[36] Batch [200]	Speed: 3732.63 samples/sec	accuracy=0.886875
INFO:root:Epoch[36] Batch [250]	Speed: 3818.15 samples/sec	accuracy=0.891250
INFO:root:Epoch[36] Batch [300]	Speed: 3219.21 samples/sec	accuracy=0.895625
INFO:root:Epoch[36] Batch [350]	Speed: 3102.03 samples/sec	accuracy=0.880313
INFO:root:Epoch[36] Batch [400]	Speed: 2626.76 samples/sec	accuracy=0.885000
INFO:root:Epoch[36] Batch [450]	Speed: 3061.82 samples/sec	accuracy=0.890938
INFO:root:Epoch[36] Batch [500]	Speed: 3599.67 samples/sec	accuracy=0.890312
INFO:root:Epoch[36] Batch [550]	Speed: 3183.94 samples/sec	accuracy=0.892813
INFO:root:Epoch[36] Batch [600]	Speed: 3107.12 samples/sec	accuracy=0.884062
INFO:root:Epoch[36] Batch [650]	Speed: 3107.98 samples/sec	accuracy=0.887188
INFO:root:Epoch[36] Batch [700]	Speed: 3021.54 samples/sec	accuracy=0.895625
INFO:root:Epoch[36] Batch [750]	Speed: 3156.47 samples/sec	accuracy=0.883750
INFO:root:Epoch[36] Resetting Data Iterator
INFO:root:Epoch[36] Time cost=15.687
INFO:root:Saved checkpoint to "model/resnet-cifar10-20-0-0037.params"
INFO:root:Epoch[36] Validation-accuracy=0.826831
INFO:root:Epoch[37] Batch [50]	Speed: 3301.61 samples/sec	accuracy=0.882188
INFO:root:Epoch[37] Batch [100]	Speed: 2858.45 samples/sec	accuracy=0.890625
INFO:root:Epoch[37] Batch [150]	Speed: 3110.43 samples/sec	accuracy=0.884062
INFO:root:Epoch[37] Batch [200]	Speed: 3401.69 samples/sec	accuracy=0.892813
INFO:root:Epoch[37] Batch [250]	Speed: 3139.32 samples/sec	accuracy=0.891875
INFO:root:Epoch[37] Batch [300]	Speed: 3047.41 samples/sec	accuracy=0.890000
INFO:root:Epoch[37] Batch [350]	Speed: 3299.16 samples/sec	accuracy=0.888125
INFO:root:Epoch[37] Batch [400]	Speed: 3006.53 samples/sec	accuracy=0.887500
INFO:root:Epoch[37] Batch [450]	Speed: 3279.00 samples/sec	accuracy=0.887188
INFO:root:Epoch[37] Batch [500]	Speed: 2501.16 samples/sec	accuracy=0.881250
INFO:root:Epoch[37] Batch [550]	Speed: 3810.09 samples/sec	accuracy=0.889062
INFO:root:Epoch[37] Batch [600]	Speed: 3864.19 samples/sec	accuracy=0.888437
INFO:root:Epoch[37] Batch [650]	Speed: 3720.66 samples/sec	accuracy=0.885625
INFO:root:Epoch[37] Batch [700]	Speed: 3171.94 samples/sec	accuracy=0.892188
INFO:root:Epoch[37] Batch [750]	Speed: 3567.90 samples/sec	accuracy=0.903125
INFO:root:Epoch[37] Resetting Data Iterator
INFO:root:Epoch[37] Time cost=15.600
INFO:root:Saved checkpoint to "model/resnet-cifar10-20-0-0038.params"
INFO:root:Epoch[37] Validation-accuracy=0.836684
INFO:root:Epoch[38] Batch [50]	Speed: 3229.77 samples/sec	accuracy=0.888750
INFO:root:Epoch[38] Batch [100]	Speed: 3140.87 samples/sec	accuracy=0.885000
INFO:root:Epoch[38] Batch [150]	Speed: 2623.42 samples/sec	accuracy=0.893750
INFO:root:Epoch[38] Batch [200]	Speed: 3085.22 samples/sec	accuracy=0.879062
INFO:root:Epoch[38] Batch [250]	Speed: 3306.48 samples/sec	accuracy=0.883437
INFO:root:Epoch[38] Batch [300]	Speed: 2590.08 samples/sec	accuracy=0.891250
INFO:root:Epoch[38] Batch [350]	Speed: 3704.24 samples/sec	accuracy=0.887813
INFO:root:Epoch[38] Batch [400]	Speed: 3207.92 samples/sec	accuracy=0.891250
INFO:root:Epoch[38] Batch [450]	Speed: 3456.42 samples/sec	accuracy=0.888125
INFO:root:Epoch[38] Batch [500]	Speed: 3817.91 samples/sec	accuracy=0.895000
INFO:root:Epoch[38] Batch [550]	Speed: 3738.65 samples/sec	accuracy=0.880313
INFO:root:Epoch[38] Batch [600]	Speed: 3121.31 samples/sec	accuracy=0.890000
INFO:root:Epoch[38] Batch [650]	Speed: 3427.29 samples/sec	accuracy=0.882812
INFO:root:Epoch[38] Batch [700]	Speed: 3428.39 samples/sec	accuracy=0.895312
INFO:root:Epoch[38] Batch [750]	Speed: 2952.66 samples/sec	accuracy=0.902500
INFO:root:Epoch[38] Resetting Data Iterator
INFO:root:Epoch[38] Time cost=15.631
INFO:root:Saved checkpoint to "model/resnet-cifar10-20-0-0039.params"
INFO:root:Epoch[38] Validation-accuracy=0.845840
INFO:root:Epoch[39] Batch [50]	Speed: 3339.02 samples/sec	accuracy=0.887500
INFO:root:Epoch[39] Batch [100]	Speed: 3210.71 samples/sec	accuracy=0.899375
INFO:root:Epoch[39] Batch [150]	Speed: 3086.63 samples/sec	accuracy=0.886250
INFO:root:Epoch[39] Batch [200]	Speed: 3044.59 samples/sec	accuracy=0.890625
INFO:root:Epoch[39] Batch [250]	Speed: 3265.00 samples/sec	accuracy=0.897188
INFO:root:Epoch[39] Batch [300]	Speed: 3170.21 samples/sec	accuracy=0.896250
INFO:root:Epoch[39] Batch [350]	Speed: 3258.32 samples/sec	accuracy=0.890938
INFO:root:Epoch[39] Batch [400]	Speed: 3003.44 samples/sec	accuracy=0.887188
INFO:root:Epoch[39] Batch [450]	Speed: 3110.42 samples/sec	accuracy=0.892188
INFO:root:Epoch[39] Batch [500]	Speed: 3290.76 samples/sec	accuracy=0.887813
INFO:root:Epoch[39] Batch [550]	Speed: 3523.78 samples/sec	accuracy=0.892813
INFO:root:Epoch[39] Batch [600]	Speed: 3728.48 samples/sec	accuracy=0.894375
INFO:root:Epoch[39] Batch [650]	Speed: 3762.42 samples/sec	accuracy=0.882188
INFO:root:Epoch[39] Batch [700]	Speed: 3073.44 samples/sec	accuracy=0.895625
INFO:root:Epoch[39] Batch [750]	Speed: 3249.02 samples/sec	accuracy=0.882188
INFO:root:Epoch[39] Resetting Data Iterator
INFO:root:Epoch[39] Time cost=15.423
INFO:root:Saved checkpoint to "model/resnet-cifar10-20-0-0040.params"
INFO:root:Epoch[39] Validation-accuracy=0.849323
INFO:root:Epoch[40] Batch [50]	Speed: 3220.56 samples/sec	accuracy=0.882500
INFO:root:Epoch[40] Batch [100]	Speed: 3139.94 samples/sec	accuracy=0.901563
INFO:root:Epoch[40] Batch [150]	Speed: 2942.64 samples/sec	accuracy=0.888125
INFO:root:Epoch[40] Batch [200]	Speed: 3306.98 samples/sec	accuracy=0.891250
INFO:root:Epoch[40] Batch [250]	Speed: 3557.56 samples/sec	accuracy=0.890000
INFO:root:Epoch[40] Batch [300]	Speed: 3678.22 samples/sec	accuracy=0.892500
INFO:root:Epoch[40] Batch [350]	Speed: 3557.90 samples/sec	accuracy=0.878125
INFO:root:Epoch[40] Batch [400]	Speed: 3110.76 samples/sec	accuracy=0.887813
INFO:root:Epoch[40] Batch [450]	Speed: 3676.31 samples/sec	accuracy=0.890312
INFO:root:Epoch[40] Batch [500]	Speed: 2619.40 samples/sec	accuracy=0.895938
INFO:root:Epoch[40] Batch [550]	Speed: 3697.14 samples/sec	accuracy=0.892500
INFO:root:Epoch[40] Batch [600]	Speed: 3752.06 samples/sec	accuracy=0.895000
INFO:root:Epoch[40] Batch [650]	Speed: 3548.90 samples/sec	accuracy=0.880313
INFO:root:Epoch[40] Batch [700]	Speed: 3005.59 samples/sec	accuracy=0.900000
INFO:root:Epoch[40] Batch [750]	Speed: 3810.30 samples/sec	accuracy=0.894062
INFO:root:Epoch[40] Resetting Data Iterator
INFO:root:Epoch[40] Time cost=14.947
INFO:root:Saved checkpoint to "model/resnet-cifar10-20-0-0041.params"
INFO:root:Epoch[40] Validation-accuracy=0.840565
INFO:root:Epoch[41] Batch [50]	Speed: 2973.10 samples/sec	accuracy=0.889375
INFO:root:Epoch[41] Batch [100]	Speed: 3193.78 samples/sec	accuracy=0.895000
INFO:root:Epoch[41] Batch [150]	Speed: 3734.13 samples/sec	accuracy=0.888437
INFO:root:Epoch[41] Batch [200]	Speed: 3542.04 samples/sec	accuracy=0.890312
INFO:root:Epoch[41] Batch [250]	Speed: 3204.19 samples/sec	accuracy=0.895000
INFO:root:Epoch[41] Batch [300]	Speed: 3724.06 samples/sec	accuracy=0.889375
INFO:root:Epoch[41] Batch [350]	Speed: 3453.64 samples/sec	accuracy=0.885625
INFO:root:Epoch[41] Batch [400]	Speed: 3160.90 samples/sec	accuracy=0.889687
INFO:root:Epoch[41] Batch [450]	Speed: 3415.78 samples/sec	accuracy=0.886563
INFO:root:Epoch[41] Batch [500]	Speed: 3242.59 samples/sec	accuracy=0.893437
INFO:root:Epoch[41] Batch [550]	Speed: 3019.73 samples/sec	accuracy=0.893437
INFO:root:Epoch[41] Batch [600]	Speed: 3177.22 samples/sec	accuracy=0.886875
INFO:root:Epoch[41] Batch [650]	Speed: 3191.81 samples/sec	accuracy=0.893437
INFO:root:Epoch[41] Batch [700]	Speed: 2762.68 samples/sec	accuracy=0.905312
INFO:root:Epoch[41] Batch [750]	Speed: 2754.41 samples/sec	accuracy=0.890938
INFO:root:Epoch[41] Resetting Data Iterator
INFO:root:Epoch[41] Time cost=15.657
INFO:root:Saved checkpoint to "model/resnet-cifar10-20-0-0042.params"
INFO:root:Epoch[41] Validation-accuracy=0.853702
INFO:root:Epoch[42] Batch [50]	Speed: 2704.54 samples/sec	accuracy=0.882500
INFO:root:Epoch[42] Batch [100]	Speed: 2775.52 samples/sec	accuracy=0.891250
INFO:root:Epoch[42] Batch [150]	Speed: 3051.75 samples/sec	accuracy=0.887500
INFO:root:Epoch[42] Batch [200]	Speed: 2911.01 samples/sec	accuracy=0.895938
INFO:root:Epoch[42] Batch [250]	Speed: 3084.57 samples/sec	accuracy=0.901875
INFO:root:Epoch[42] Batch [300]	Speed: 2634.90 samples/sec	accuracy=0.887813
INFO:root:Epoch[42] Batch [350]	Speed: 2891.91 samples/sec	accuracy=0.892188
INFO:root:Epoch[42] Batch [400]	Speed: 2793.08 samples/sec	accuracy=0.884062
INFO:root:Epoch[42] Batch [450]	Speed: 3096.44 samples/sec	accuracy=0.883750
INFO:root:Epoch[42] Batch [500]	Speed: 3196.46 samples/sec	accuracy=0.893437
INFO:root:Epoch[42] Batch [550]	Speed: 3035.91 samples/sec	accuracy=0.886875
INFO:root:Epoch[42] Batch [600]	Speed: 3546.81 samples/sec	accuracy=0.894375
INFO:root:Epoch[42] Batch [650]	Speed: 3393.23 samples/sec	accuracy=0.886250
INFO:root:Epoch[42] Batch [700]	Speed: 3253.35 samples/sec	accuracy=0.902500
INFO:root:Epoch[42] Batch [750]	Speed: 3229.30 samples/sec	accuracy=0.891563
INFO:root:Epoch[42] Resetting Data Iterator
INFO:root:Epoch[42] Time cost=16.530
INFO:root:Saved checkpoint to "model/resnet-cifar10-20-0-0043.params"
INFO:root:Epoch[42] Validation-accuracy=0.853503
INFO:root:Epoch[43] Batch [50]	Speed: 3030.04 samples/sec	accuracy=0.889062
INFO:root:Epoch[43] Batch [100]	Speed: 3278.03 samples/sec	accuracy=0.901250
INFO:root:Epoch[43] Batch [150]	Speed: 3237.27 samples/sec	accuracy=0.903750
INFO:root:Epoch[43] Batch [200]	Speed: 3023.38 samples/sec	accuracy=0.881250
INFO:root:Epoch[43] Batch [250]	Speed: 3106.71 samples/sec	accuracy=0.890938
INFO:root:Epoch[43] Batch [300]	Speed: 3089.15 samples/sec	accuracy=0.893125
INFO:root:Epoch[43] Batch [350]	Speed: 2924.58 samples/sec	accuracy=0.889062
INFO:root:Epoch[43] Batch [400]	Speed: 3109.54 samples/sec	accuracy=0.883750
INFO:root:Epoch[43] Batch [450]	Speed: 3367.14 samples/sec	accuracy=0.898438
INFO:root:Epoch[43] Batch [500]	Speed: 3841.49 samples/sec	accuracy=0.894062
INFO:root:Epoch[43] Batch [550]	Speed: 3733.66 samples/sec	accuracy=0.903438
INFO:root:Epoch[43] Batch [600]	Speed: 3179.30 samples/sec	accuracy=0.905625
INFO:root:Epoch[43] Batch [650]	Speed: 2825.58 samples/sec	accuracy=0.888125
INFO:root:Epoch[43] Batch [700]	Speed: 3000.11 samples/sec	accuracy=0.905625
INFO:root:Epoch[43] Batch [750]	Speed: 3214.84 samples/sec	accuracy=0.890625
INFO:root:Epoch[43] Resetting Data Iterator
INFO:root:Epoch[43] Time cost=15.756
INFO:root:Saved checkpoint to "model/resnet-cifar10-20-0-0044.params"
INFO:root:Epoch[43] Validation-accuracy=0.828025
INFO:root:Epoch[44] Batch [50]	Speed: 3096.88 samples/sec	accuracy=0.884062
INFO:root:Epoch[44] Batch [100]	Speed: 2625.88 samples/sec	accuracy=0.892813
INFO:root:Epoch[44] Batch [150]	Speed: 3163.85 samples/sec	accuracy=0.892188
INFO:root:Epoch[44] Batch [200]	Speed: 2812.88 samples/sec	accuracy=0.898438
INFO:root:Epoch[44] Batch [250]	Speed: 3148.22 samples/sec	accuracy=0.894375
INFO:root:Epoch[44] Batch [300]	Speed: 3098.45 samples/sec	accuracy=0.900000
INFO:root:Epoch[44] Batch [350]	Speed: 3137.48 samples/sec	accuracy=0.894375
INFO:root:Epoch[44] Batch [400]	Speed: 2942.09 samples/sec	accuracy=0.890000
INFO:root:Epoch[44] Batch [450]	Speed: 3172.30 samples/sec	accuracy=0.892500
INFO:root:Epoch[44] Batch [500]	Speed: 2601.80 samples/sec	accuracy=0.898125
INFO:root:Epoch[44] Batch [550]	Speed: 3247.31 samples/sec	accuracy=0.886875
INFO:root:Epoch[44] Batch [600]	Speed: 3216.18 samples/sec	accuracy=0.893125
INFO:root:Epoch[44] Batch [650]	Speed: 3063.00 samples/sec	accuracy=0.897813
INFO:root:Epoch[44] Batch [700]	Speed: 3068.81 samples/sec	accuracy=0.902500
INFO:root:Epoch[44] Batch [750]	Speed: 3133.07 samples/sec	accuracy=0.890312
INFO:root:Epoch[44] Resetting Data Iterator
INFO:root:Epoch[44] Time cost=16.673
INFO:root:Saved checkpoint to "model/resnet-cifar10-20-0-0045.params"
INFO:root:Epoch[44] Validation-accuracy=0.850219
INFO:root:Epoch[45] Batch [50]	Speed: 2692.31 samples/sec	accuracy=0.893125
INFO:root:Epoch[45] Batch [100]	Speed: 3431.99 samples/sec	accuracy=0.901250
INFO:root:Epoch[45] Batch [150]	Speed: 3268.53 samples/sec	accuracy=0.890625
INFO:root:Epoch[45] Batch [200]	Speed: 3240.14 samples/sec	accuracy=0.892813
INFO:root:Epoch[45] Batch [250]	Speed: 2877.44 samples/sec	accuracy=0.895625
INFO:root:Epoch[45] Batch [300]	Speed: 3261.32 samples/sec	accuracy=0.898750
INFO:root:Epoch[45] Batch [350]	Speed: 3046.35 samples/sec	accuracy=0.899375
INFO:root:Epoch[45] Batch [400]	Speed: 3551.03 samples/sec	accuracy=0.887188
INFO:root:Epoch[45] Batch [450]	Speed: 3830.13 samples/sec	accuracy=0.891250
INFO:root:Epoch[45] Batch [500]	Speed: 3337.14 samples/sec	accuracy=0.896875
INFO:root:Epoch[45] Batch [550]	Speed: 3243.78 samples/sec	accuracy=0.901563
INFO:root:Epoch[45] Batch [600]	Speed: 3483.97 samples/sec	accuracy=0.891875
INFO:root:Epoch[45] Batch [650]	Speed: 3136.51 samples/sec	accuracy=0.889687
INFO:root:Epoch[45] Batch [700]	Speed: 3592.53 samples/sec	accuracy=0.904062
INFO:root:Epoch[45] Batch [750]	Speed: 2865.86 samples/sec	accuracy=0.893125
INFO:root:Epoch[45] Resetting Data Iterator
INFO:root:Epoch[45] Time cost=15.523
INFO:root:Saved checkpoint to "model/resnet-cifar10-20-0-0046.params"
INFO:root:Epoch[45] Validation-accuracy=0.851314
INFO:root:Epoch[46] Batch [50]	Speed: 2914.55 samples/sec	accuracy=0.892500
INFO:root:Epoch[46] Batch [100]	Speed: 2952.76 samples/sec	accuracy=0.897500
INFO:root:Epoch[46] Batch [150]	Speed: 3104.13 samples/sec	accuracy=0.903438
INFO:root:Epoch[46] Batch [200]	Speed: 3129.92 samples/sec	accuracy=0.891563
INFO:root:Epoch[46] Batch [250]	Speed: 3693.33 samples/sec	accuracy=0.890312
INFO:root:Epoch[46] Batch [300]	Speed: 3355.60 samples/sec	accuracy=0.906563
INFO:root:Epoch[46] Batch [350]	Speed: 3039.92 samples/sec	accuracy=0.895625
INFO:root:Epoch[46] Batch [400]	Speed: 3436.64 samples/sec	accuracy=0.898438
INFO:root:Epoch[46] Batch [450]	Speed: 3614.42 samples/sec	accuracy=0.890625
INFO:root:Epoch[46] Batch [500]	Speed: 2849.98 samples/sec	accuracy=0.893750
INFO:root:Epoch[46] Batch [550]	Speed: 3318.72 samples/sec	accuracy=0.898750
INFO:root:Epoch[46] Batch [600]	Speed: 3237.24 samples/sec	accuracy=0.893125
INFO:root:Epoch[46] Batch [650]	Speed: 3500.53 samples/sec	accuracy=0.891563
INFO:root:Epoch[46] Batch [700]	Speed: 3533.48 samples/sec	accuracy=0.893750
INFO:root:Epoch[46] Batch [750]	Speed: 3177.83 samples/sec	accuracy=0.902813
INFO:root:Epoch[46] Resetting Data Iterator
INFO:root:Epoch[46] Time cost=15.505
INFO:root:Saved checkpoint to "model/resnet-cifar10-20-0-0047.params"
INFO:root:Epoch[46] Validation-accuracy=0.851712
INFO:root:Epoch[47] Batch [50]	Speed: 2768.34 samples/sec	accuracy=0.894375
INFO:root:Epoch[47] Batch [100]	Speed: 2930.77 samples/sec	accuracy=0.890938
INFO:root:Epoch[47] Batch [150]	Speed: 3320.82 samples/sec	accuracy=0.892813
INFO:root:Epoch[47] Batch [200]	Speed: 3355.66 samples/sec	accuracy=0.896250
INFO:root:Epoch[47] Batch [250]	Speed: 2876.23 samples/sec	accuracy=0.888750
INFO:root:Epoch[47] Batch [300]	Speed: 3560.40 samples/sec	accuracy=0.901250
INFO:root:Epoch[47] Batch [350]	Speed: 3482.51 samples/sec	accuracy=0.893125
INFO:root:Epoch[47] Batch [400]	Speed: 2873.92 samples/sec	accuracy=0.890938
INFO:root:Epoch[47] Batch [450]	Speed: 3502.20 samples/sec	accuracy=0.895000
INFO:root:Epoch[47] Batch [500]	Speed: 2822.13 samples/sec	accuracy=0.892188
INFO:root:Epoch[47] Batch [550]	Speed: 3192.98 samples/sec	accuracy=0.897813
INFO:root:Epoch[47] Batch [600]	Speed: 3367.20 samples/sec	accuracy=0.893437
INFO:root:Epoch[47] Batch [650]	Speed: 3139.22 samples/sec	accuracy=0.895625
INFO:root:Epoch[47] Batch [700]	Speed: 3332.66 samples/sec	accuracy=0.885938
INFO:root:Epoch[47] Batch [750]	Speed: 3836.80 samples/sec	accuracy=0.889375
INFO:root:Epoch[47] Resetting Data Iterator
INFO:root:Epoch[47] Time cost=15.571
INFO:root:Saved checkpoint to "model/resnet-cifar10-20-0-0048.params"
INFO:root:Epoch[47] Validation-accuracy=0.845143
INFO:root:Epoch[48] Batch [50]	Speed: 3866.94 samples/sec	accuracy=0.888750
INFO:root:Epoch[48] Batch [100]	Speed: 3458.51 samples/sec	accuracy=0.904062
INFO:root:Epoch[48] Batch [150]	Speed: 3381.82 samples/sec	accuracy=0.895312
INFO:root:Epoch[48] Batch [200]	Speed: 3308.79 samples/sec	accuracy=0.889375
INFO:root:Epoch[48] Batch [250]	Speed: 3641.05 samples/sec	accuracy=0.889687
INFO:root:Epoch[48] Batch [300]	Speed: 3057.84 samples/sec	accuracy=0.897813
INFO:root:Epoch[48] Batch [350]	Speed: 3402.42 samples/sec	accuracy=0.882500
INFO:root:Epoch[48] Batch [400]	Speed: 3590.55 samples/sec	accuracy=0.895000
INFO:root:Epoch[48] Batch [450]	Speed: 3363.56 samples/sec	accuracy=0.892188
INFO:root:Epoch[48] Batch [500]	Speed: 3840.46 samples/sec	accuracy=0.882188
INFO:root:Epoch[48] Batch [550]	Speed: 3190.09 samples/sec	accuracy=0.903125
INFO:root:Epoch[48] Batch [600]	Speed: 2835.41 samples/sec	accuracy=0.886875
INFO:root:Epoch[48] Batch [650]	Speed: 3256.26 samples/sec	accuracy=0.900000
INFO:root:Epoch[48] Batch [700]	Speed: 3440.69 samples/sec	accuracy=0.894687
INFO:root:Epoch[48] Batch [750]	Speed: 3455.96 samples/sec	accuracy=0.897188
INFO:root:Epoch[48] Resetting Data Iterator
INFO:root:Epoch[48] Time cost=14.769
INFO:root:Saved checkpoint to "model/resnet-cifar10-20-0-0049.params"
INFO:root:Epoch[48] Validation-accuracy=0.849821
INFO:root:Epoch[49] Batch [50]	Speed: 3274.58 samples/sec	accuracy=0.889687
INFO:root:Epoch[49] Batch [100]	Speed: 3304.65 samples/sec	accuracy=0.902813
INFO:root:Epoch[49] Batch [150]	Speed: 3704.55 samples/sec	accuracy=0.899687
INFO:root:Epoch[49] Batch [200]	Speed: 3014.87 samples/sec	accuracy=0.885625
INFO:root:Epoch[49] Batch [250]	Speed: 3082.62 samples/sec	accuracy=0.902813
INFO:root:Epoch[49] Batch [300]	Speed: 3052.44 samples/sec	accuracy=0.900625
INFO:root:Epoch[49] Batch [350]	Speed: 3213.73 samples/sec	accuracy=0.891250
INFO:root:Epoch[49] Batch [400]	Speed: 3031.13 samples/sec	accuracy=0.892813
INFO:root:Epoch[49] Batch [450]	Speed: 2810.83 samples/sec	accuracy=0.899375
INFO:root:Epoch[49] Batch [500]	Speed: 3281.53 samples/sec	accuracy=0.898438
INFO:root:Epoch[49] Batch [550]	Speed: 2624.47 samples/sec	accuracy=0.897813
INFO:root:Epoch[49] Batch [600]	Speed: 3186.26 samples/sec	accuracy=0.889687
INFO:root:Epoch[49] Batch [650]	Speed: 3241.62 samples/sec	accuracy=0.890312
INFO:root:Epoch[49] Batch [700]	Speed: 3278.10 samples/sec	accuracy=0.893125
INFO:root:Epoch[49] Batch [750]	Speed: 3150.24 samples/sec	accuracy=0.894062
INFO:root:Epoch[49] Resetting Data Iterator
INFO:root:Epoch[49] Time cost=15.997
INFO:root:Saved checkpoint to "model/resnet-cifar10-20-0-0050.params"
INFO:root:Epoch[49] Validation-accuracy=0.842556
