INFO:root:Namespace(aug_level=2, batch_size=256, bn_mom=0.9, data_dir='data/cifar10', data_type='cifar10', depth=20, frequent=50, global_bn=False, gpus='0,1,2,3,4,5,6,7', kv_store='local', list_dir='./', lr=0.1, memonger=False, model_load_epoch=0, mom=0.9, num_classes=1000, num_examples=50000, num_gpus='1', retrain=False, wd=0.0001, workspace=512)
[17:46:32] src/io/iter_image_recordio_2.cc:170: ImageRecordIOParser2: data/cifar10/train.rec, use 4 threads for decoding..
[17:46:33] src/io/iter_image_recordio_2.cc:170: ImageRecordIOParser2: data/cifar10/val.rec, use 4 threads for decoding..
train_resnet.py:124: DeprecationWarning: [91mmxnet.model.FeedForward has been deprecated. Please use mxnet.mod.Module instead.[0m
  multi_factor_scheduler(begin_epoch, epoch_size, step=[30, 60, 90], factor=0.1),
/home/tusimple/Hongbin/incubator-mxnet/python/mxnet/model.py:577: DeprecationWarning: [91mCalling initializer with init(str, NDArray) has been deprecated.please use init(mx.init.InitDesc(...), NDArray) instead.[0m
  self.initializer(k, v)
/home/tusimple/Hongbin/incubator-mxnet/python/mxnet/model.py:583: DeprecationWarning: [91mCalling initializer with init(str, NDArray) has been deprecated.please use init(mx.init.InitDesc(...), NDArray) instead.[0m
  self.initializer(k, v)
INFO:root:Start training with [gpu(0), gpu(1), gpu(2), gpu(3), gpu(4), gpu(5), gpu(6), gpu(7)]
[17:46:35] src/operator/nn/./cudnn/./cudnn_algoreg-inl.h:107: Running performance tests to find the best convolution algorithm, this can take a while... (setting env variable MXNET_CUDNN_AUTOTUNE_DEFAULT to 0 to disable)
INFO:root:Epoch[0] Batch [50]	Speed: 10134.57 samples/sec	accuracy=0.275469
INFO:root:Epoch[0] Batch [100]	Speed: 10389.12 samples/sec	accuracy=0.411797
INFO:root:Epoch[0] Batch [150]	Speed: 10984.90 samples/sec	accuracy=0.493437
INFO:root:Epoch[0] Resetting Data Iterator
INFO:root:Epoch[0] Time cost=5.681
INFO:root:Saved checkpoint to "model/resnet-cifar10-20-0-0001.params"
INFO:root:Epoch[0] Validation-accuracy=0.557520
INFO:root:Epoch[1] Batch [50]	Speed: 10707.09 samples/sec	accuracy=0.582187
INFO:root:Epoch[1] Batch [100]	Speed: 11547.79 samples/sec	accuracy=0.612422
INFO:root:Epoch[1] Batch [150]	Speed: 11108.04 samples/sec	accuracy=0.639375
INFO:root:Epoch[1] Resetting Data Iterator
INFO:root:Epoch[1] Time cost=4.470
INFO:root:Saved checkpoint to "model/resnet-cifar10-20-0-0002.params"
INFO:root:Epoch[1] Validation-accuracy=0.646582
INFO:root:Epoch[2] Batch [50]	Speed: 13106.09 samples/sec	accuracy=0.664062
INFO:root:Epoch[2] Batch [100]	Speed: 11193.94 samples/sec	accuracy=0.684375
INFO:root:Epoch[2] Batch [150]	Speed: 13757.01 samples/sec	accuracy=0.699688
INFO:root:Epoch[2] Resetting Data Iterator
INFO:root:Epoch[2] Time cost=3.909
INFO:root:Saved checkpoint to "model/resnet-cifar10-20-0-0003.params"
INFO:root:Epoch[2] Validation-accuracy=0.698242
INFO:root:Epoch[3] Batch [50]	Speed: 12488.78 samples/sec	accuracy=0.719141
INFO:root:Epoch[3] Batch [100]	Speed: 12579.87 samples/sec	accuracy=0.737422
INFO:root:Epoch[3] Batch [150]	Speed: 11504.73 samples/sec	accuracy=0.740156
INFO:root:Epoch[3] Resetting Data Iterator
INFO:root:Epoch[3] Time cost=4.147
INFO:root:Saved checkpoint to "model/resnet-cifar10-20-0-0004.params"
INFO:root:Epoch[3] Validation-accuracy=0.684277
INFO:root:Epoch[4] Batch [50]	Speed: 10921.85 samples/sec	accuracy=0.748203
INFO:root:Epoch[4] Batch [100]	Speed: 11524.44 samples/sec	accuracy=0.770156
INFO:root:Epoch[4] Batch [150]	Speed: 13968.95 samples/sec	accuracy=0.757500
INFO:root:Epoch[4] Resetting Data Iterator
INFO:root:Epoch[4] Time cost=4.233
INFO:root:Saved checkpoint to "model/resnet-cifar10-20-0-0005.params"
INFO:root:Epoch[4] Validation-accuracy=0.753906
INFO:root:Epoch[5] Batch [50]	Speed: 11034.23 samples/sec	accuracy=0.790391
INFO:root:Epoch[5] Batch [100]	Speed: 12761.17 samples/sec	accuracy=0.791250
INFO:root:Epoch[5] Batch [150]	Speed: 9874.96 samples/sec	accuracy=0.794297
INFO:root:Epoch[5] Resetting Data Iterator
INFO:root:Epoch[5] Time cost=4.278
INFO:root:Saved checkpoint to "model/resnet-cifar10-20-0-0006.params"
INFO:root:Epoch[5] Validation-accuracy=0.760156
INFO:root:Epoch[6] Batch [50]	Speed: 8406.24 samples/sec	accuracy=0.799531
INFO:root:Epoch[6] Batch [100]	Speed: 12593.08 samples/sec	accuracy=0.809375
INFO:root:Epoch[6] Batch [150]	Speed: 11459.61 samples/sec	accuracy=0.803984
INFO:root:Epoch[6] Resetting Data Iterator
INFO:root:Epoch[6] Time cost=4.680
INFO:root:Saved checkpoint to "model/resnet-cifar10-20-0-0007.params"
INFO:root:Epoch[6] Validation-accuracy=0.773730
INFO:root:Epoch[7] Batch [50]	Speed: 11627.20 samples/sec	accuracy=0.814063
INFO:root:Epoch[7] Batch [100]	Speed: 10374.42 samples/sec	accuracy=0.821328
INFO:root:Epoch[7] Batch [150]	Speed: 12250.64 samples/sec	accuracy=0.819766
INFO:root:Epoch[7] Resetting Data Iterator
INFO:root:Epoch[7] Time cost=4.249
INFO:root:Saved checkpoint to "model/resnet-cifar10-20-0-0008.params"
INFO:root:Epoch[7] Validation-accuracy=0.785156
INFO:root:Epoch[8] Batch [50]	Speed: 13464.56 samples/sec	accuracy=0.821484
INFO:root:Epoch[8] Batch [100]	Speed: 13513.13 samples/sec	accuracy=0.833516
INFO:root:Epoch[8] Batch [150]	Speed: 13071.69 samples/sec	accuracy=0.833438
INFO:root:Epoch[8] Resetting Data Iterator
INFO:root:Epoch[8] Time cost=3.852
INFO:root:Saved checkpoint to "model/resnet-cifar10-20-0-0009.params"
INFO:root:Epoch[8] Validation-accuracy=0.775977
INFO:root:Epoch[9] Batch [50]	Speed: 11302.56 samples/sec	accuracy=0.837969
INFO:root:Epoch[9] Batch [100]	Speed: 10590.85 samples/sec	accuracy=0.845547
INFO:root:Epoch[9] Batch [150]	Speed: 13754.08 samples/sec	accuracy=0.843984
INFO:root:Epoch[9] Resetting Data Iterator
INFO:root:Epoch[9] Time cost=4.336
INFO:root:Saved checkpoint to "model/resnet-cifar10-20-0-0010.params"
INFO:root:Epoch[9] Validation-accuracy=0.790332
INFO:root:Epoch[10] Batch [50]	Speed: 11461.94 samples/sec	accuracy=0.848047
INFO:root:Epoch[10] Batch [100]	Speed: 13432.31 samples/sec	accuracy=0.853516
INFO:root:Epoch[10] Batch [150]	Speed: 13949.25 samples/sec	accuracy=0.855938
INFO:root:Epoch[10] Resetting Data Iterator
INFO:root:Epoch[10] Time cost=3.870
INFO:root:Saved checkpoint to "model/resnet-cifar10-20-0-0011.params"
INFO:root:Epoch[10] Validation-accuracy=0.794141
INFO:root:Epoch[11] Batch [50]	Speed: 13473.23 samples/sec	accuracy=0.856875
INFO:root:Epoch[11] Batch [100]	Speed: 14741.36 samples/sec	accuracy=0.855078
INFO:root:Epoch[11] Batch [150]	Speed: 12135.50 samples/sec	accuracy=0.852969
INFO:root:Epoch[11] Resetting Data Iterator
INFO:root:Epoch[11] Time cost=3.826
INFO:root:Saved checkpoint to "model/resnet-cifar10-20-0-0012.params"
INFO:root:Epoch[11] Validation-accuracy=0.809766
INFO:root:Epoch[12] Batch [50]	Speed: 11778.11 samples/sec	accuracy=0.867031
INFO:root:Epoch[12] Batch [100]	Speed: 12941.91 samples/sec	accuracy=0.864297
INFO:root:Epoch[12] Batch [150]	Speed: 11210.32 samples/sec	accuracy=0.865391
INFO:root:Epoch[12] Resetting Data Iterator
INFO:root:Epoch[12] Time cost=4.198
INFO:root:Saved checkpoint to "model/resnet-cifar10-20-0-0013.params"
INFO:root:Epoch[12] Validation-accuracy=0.753027
INFO:root:Epoch[13] Batch [50]	Speed: 11947.59 samples/sec	accuracy=0.862656
INFO:root:Epoch[13] Batch [100]	Speed: 13886.09 samples/sec	accuracy=0.871016
INFO:root:Epoch[13] Batch [150]	Speed: 14090.28 samples/sec	accuracy=0.875313
INFO:root:Epoch[13] Resetting Data Iterator
INFO:root:Epoch[13] Time cost=3.953
INFO:root:Saved checkpoint to "model/resnet-cifar10-20-0-0014.params"
INFO:root:Epoch[13] Validation-accuracy=0.799707
INFO:root:Epoch[14] Batch [50]	Speed: 11500.78 samples/sec	accuracy=0.873984
INFO:root:Epoch[14] Batch [100]	Speed: 14721.25 samples/sec	accuracy=0.875781
INFO:root:Epoch[14] Batch [150]	Speed: 13762.22 samples/sec	accuracy=0.871406
INFO:root:Epoch[14] Resetting Data Iterator
INFO:root:Epoch[14] Time cost=3.762
INFO:root:Saved checkpoint to "model/resnet-cifar10-20-0-0015.params"
INFO:root:Epoch[14] Validation-accuracy=0.794727
INFO:root:Epoch[15] Batch [50]	Speed: 13171.31 samples/sec	accuracy=0.874375
INFO:root:Epoch[15] Batch [100]	Speed: 12092.64 samples/sec	accuracy=0.881328
INFO:root:Epoch[15] Batch [150]	Speed: 14250.10 samples/sec	accuracy=0.882031
INFO:root:Epoch[15] Resetting Data Iterator
INFO:root:Epoch[15] Time cost=3.723
INFO:root:Saved checkpoint to "model/resnet-cifar10-20-0-0016.params"
INFO:root:Epoch[15] Validation-accuracy=0.800391
INFO:root:Epoch[16] Batch [50]	Speed: 13975.87 samples/sec	accuracy=0.878906
INFO:root:Epoch[16] Batch [100]	Speed: 11469.86 samples/sec	accuracy=0.884375
INFO:root:Epoch[16] Batch [150]	Speed: 14145.55 samples/sec	accuracy=0.888672
INFO:root:Epoch[16] Resetting Data Iterator
INFO:root:Epoch[16] Time cost=3.862
INFO:root:Saved checkpoint to "model/resnet-cifar10-20-0-0017.params"
INFO:root:Epoch[16] Validation-accuracy=0.803711
INFO:root:Epoch[17] Batch [50]	Speed: 13974.67 samples/sec	accuracy=0.889844
INFO:root:Epoch[17] Batch [100]	Speed: 11359.01 samples/sec	accuracy=0.893359
INFO:root:Epoch[17] Batch [150]	Speed: 14588.89 samples/sec	accuracy=0.892734
INFO:root:Epoch[17] Resetting Data Iterator
INFO:root:Epoch[17] Time cost=3.837
INFO:root:Saved checkpoint to "model/resnet-cifar10-20-0-0018.params"
INFO:root:Epoch[17] Validation-accuracy=0.807422
INFO:root:Epoch[18] Batch [50]	Speed: 13231.38 samples/sec	accuracy=0.891875
INFO:root:Epoch[18] Batch [100]	Speed: 13695.05 samples/sec	accuracy=0.893203
INFO:root:Epoch[18] Batch [150]	Speed: 13971.01 samples/sec	accuracy=0.894687
INFO:root:Epoch[18] Resetting Data Iterator
INFO:root:Epoch[18] Time cost=3.676
INFO:root:Saved checkpoint to "model/resnet-cifar10-20-0-0019.params"
INFO:root:Epoch[18] Validation-accuracy=0.815723
INFO:root:Epoch[19] Batch [50]	Speed: 11469.62 samples/sec	accuracy=0.891953
INFO:root:Epoch[19] Batch [100]	Speed: 12692.22 samples/sec	accuracy=0.897500
INFO:root:Epoch[19] Batch [150]	Speed: 13898.39 samples/sec	accuracy=0.897656
INFO:root:Epoch[19] Resetting Data Iterator
INFO:root:Epoch[19] Time cost=3.958
INFO:root:Saved checkpoint to "model/resnet-cifar10-20-0-0020.params"
INFO:root:Epoch[19] Validation-accuracy=0.771680
INFO:root:Epoch[20] Batch [50]	Speed: 11142.06 samples/sec	accuracy=0.898594
INFO:root:Epoch[20] Batch [100]	Speed: 14191.51 samples/sec	accuracy=0.902109
INFO:root:Epoch[20] Batch [150]	Speed: 14553.51 samples/sec	accuracy=0.899766
INFO:root:Epoch[20] Resetting Data Iterator
INFO:root:Epoch[20] Time cost=3.833
INFO:root:Saved checkpoint to "model/resnet-cifar10-20-0-0021.params"
INFO:root:Epoch[20] Validation-accuracy=0.817871
INFO:root:Epoch[21] Batch [50]	Speed: 10273.52 samples/sec	accuracy=0.902344
INFO:root:Epoch[21] Batch [100]	Speed: 12987.86 samples/sec	accuracy=0.899375
INFO:root:Epoch[21] Batch [150]	Speed: 13662.37 samples/sec	accuracy=0.903984
INFO:root:Epoch[21] Resetting Data Iterator
INFO:root:Epoch[21] Time cost=3.985
INFO:root:Saved checkpoint to "model/resnet-cifar10-20-0-0022.params"
INFO:root:Epoch[21] Validation-accuracy=0.814844
INFO:root:Epoch[22] Batch [50]	Speed: 13242.63 samples/sec	accuracy=0.908047
INFO:root:Epoch[22] Batch [100]	Speed: 13347.57 samples/sec	accuracy=0.906406
INFO:root:Epoch[22] Batch [150]	Speed: 14349.81 samples/sec	accuracy=0.907188
INFO:root:Epoch[22] Resetting Data Iterator
INFO:root:Epoch[22] Time cost=3.905
INFO:root:Saved checkpoint to "model/resnet-cifar10-20-0-0023.params"
INFO:root:Epoch[22] Validation-accuracy=0.819043
INFO:root:Epoch[23] Batch [50]	Speed: 13043.69 samples/sec	accuracy=0.907109
INFO:root:Epoch[23] Batch [100]	Speed: 13928.61 samples/sec	accuracy=0.912031
INFO:root:Epoch[23] Batch [150]	Speed: 13237.47 samples/sec	accuracy=0.910234
INFO:root:Epoch[23] Resetting Data Iterator
INFO:root:Epoch[23] Time cost=3.885
INFO:root:Saved checkpoint to "model/resnet-cifar10-20-0-0024.params"
INFO:root:Epoch[23] Validation-accuracy=0.836328
INFO:root:Epoch[24] Batch [50]	Speed: 11986.19 samples/sec	accuracy=0.909844
INFO:root:Epoch[24] Batch [100]	Speed: 11304.94 samples/sec	accuracy=0.913281
INFO:root:Epoch[24] Batch [150]	Speed: 12667.12 samples/sec	accuracy=0.908828
INFO:root:Epoch[24] Resetting Data Iterator
INFO:root:Epoch[24] Time cost=4.139
INFO:root:Saved checkpoint to "model/resnet-cifar10-20-0-0025.params"
INFO:root:Epoch[24] Validation-accuracy=0.821387
INFO:root:Epoch[25] Batch [50]	Speed: 12783.46 samples/sec	accuracy=0.914766
INFO:root:Epoch[25] Batch [100]	Speed: 12153.90 samples/sec	accuracy=0.915469
INFO:root:Epoch[25] Batch [150]	Speed: 11616.65 samples/sec	accuracy=0.911875
INFO:root:Epoch[25] Resetting Data Iterator
INFO:root:Epoch[25] Time cost=4.045
INFO:root:Saved checkpoint to "model/resnet-cifar10-20-0-0026.params"
INFO:root:Epoch[25] Validation-accuracy=0.831348
INFO:root:Epoch[26] Batch [50]	Speed: 11880.43 samples/sec	accuracy=0.918984
INFO:root:Epoch[26] Batch [100]	Speed: 11954.66 samples/sec	accuracy=0.914141
INFO:root:Epoch[26] Batch [150]	Speed: 12411.21 samples/sec	accuracy=0.921484
INFO:root:Epoch[26] Resetting Data Iterator
INFO:root:Epoch[26] Time cost=4.182
INFO:root:Saved checkpoint to "model/resnet-cifar10-20-0-0027.params"
INFO:root:Epoch[26] Validation-accuracy=0.829688
INFO:root:Epoch[27] Batch [50]	Speed: 9912.26 samples/sec	accuracy=0.921172
INFO:root:Epoch[27] Batch [100]	Speed: 11390.80 samples/sec	accuracy=0.915312
INFO:root:Epoch[27] Batch [150]	Speed: 11972.88 samples/sec	accuracy=0.912578
INFO:root:Epoch[27] Resetting Data Iterator
INFO:root:Epoch[27] Time cost=4.567
INFO:root:Saved checkpoint to "model/resnet-cifar10-20-0-0028.params"
INFO:root:Epoch[27] Validation-accuracy=0.822363
INFO:root:Epoch[28] Batch [50]	Speed: 12295.44 samples/sec	accuracy=0.921328
INFO:root:Epoch[28] Batch [100]	Speed: 11231.95 samples/sec	accuracy=0.920625
INFO:root:Epoch[28] Batch [150]	Speed: 12571.17 samples/sec	accuracy=0.915234
INFO:root:Epoch[28] Resetting Data Iterator
INFO:root:Epoch[28] Time cost=4.201
INFO:root:Saved checkpoint to "model/resnet-cifar10-20-0-0029.params"
INFO:root:Epoch[28] Validation-accuracy=0.809668
INFO:root:Epoch[29] Batch [50]	Speed: 11807.59 samples/sec	accuracy=0.921562
INFO:root:Epoch[29] Batch [100]	Speed: 12212.20 samples/sec	accuracy=0.921641
INFO:root:Epoch[29] Batch [150]	Speed: 10991.49 samples/sec	accuracy=0.927578
INFO:root:Epoch[29] Resetting Data Iterator
INFO:root:Epoch[29] Time cost=4.226
INFO:root:Saved checkpoint to "model/resnet-cifar10-20-0-0030.params"
INFO:root:Epoch[29] Validation-accuracy=0.831152
INFO:root:Epoch[30] Batch [50]	Speed: 12038.36 samples/sec	accuracy=0.924766
INFO:root:Epoch[30] Batch [100]	Speed: 12155.35 samples/sec	accuracy=0.925781
INFO:root:Epoch[30] Batch [150]	Speed: 13363.47 samples/sec	accuracy=0.928359
INFO:root:Epoch[30] Resetting Data Iterator
INFO:root:Epoch[30] Time cost=4.071
INFO:root:Saved checkpoint to "model/resnet-cifar10-20-0-0031.params"
INFO:root:Epoch[30] Validation-accuracy=0.826172
INFO:root:Epoch[31] Batch [50]	Speed: 12108.04 samples/sec	accuracy=0.925547
INFO:root:Epoch[31] Batch [100]	Speed: 13019.04 samples/sec	accuracy=0.925625
INFO:root:Epoch[31] Batch [150]	Speed: 12516.77 samples/sec	accuracy=0.926562
INFO:root:Epoch[31] Resetting Data Iterator
INFO:root:Epoch[31] Time cost=4.013
INFO:root:Saved checkpoint to "model/resnet-cifar10-20-0-0032.params"
INFO:root:Epoch[31] Validation-accuracy=0.833691
INFO:root:Epoch[32] Batch [50]	Speed: 12061.15 samples/sec	accuracy=0.927109
INFO:root:Epoch[32] Batch [100]	Speed: 12792.89 samples/sec	accuracy=0.925625
INFO:root:Epoch[32] Batch [150]	Speed: 11626.72 samples/sec	accuracy=0.928672
INFO:root:Epoch[32] Resetting Data Iterator
INFO:root:Epoch[32] Time cost=4.141
INFO:root:Saved checkpoint to "model/resnet-cifar10-20-0-0033.params"
INFO:root:Epoch[32] Validation-accuracy=0.823633
INFO:root:Epoch[33] Batch [50]	Speed: 11624.76 samples/sec	accuracy=0.932891
INFO:root:Epoch[33] Batch [100]	Speed: 10989.02 samples/sec	accuracy=0.932578
INFO:root:Epoch[33] Batch [150]	Speed: 12411.40 samples/sec	accuracy=0.928438
INFO:root:Epoch[33] Resetting Data Iterator
INFO:root:Epoch[33] Time cost=4.264
INFO:root:Saved checkpoint to "model/resnet-cifar10-20-0-0034.params"
INFO:root:Epoch[33] Validation-accuracy=0.832422
INFO:root:Epoch[34] Batch [50]	Speed: 12427.94 samples/sec	accuracy=0.931719
INFO:root:Epoch[34] Batch [100]	Speed: 11709.03 samples/sec	accuracy=0.927266
INFO:root:Epoch[34] Batch [150]	Speed: 13010.85 samples/sec	accuracy=0.928594
INFO:root:Epoch[34] Resetting Data Iterator
INFO:root:Epoch[34] Time cost=3.920
INFO:root:Saved checkpoint to "model/resnet-cifar10-20-0-0035.params"
INFO:root:Epoch[34] Validation-accuracy=0.834570
INFO:root:Epoch[35] Batch [50]	Speed: 12065.09 samples/sec	accuracy=0.930625
INFO:root:Epoch[35] Batch [100]	Speed: 12797.35 samples/sec	accuracy=0.929688
INFO:root:Epoch[35] Batch [150]	Speed: 12608.83 samples/sec	accuracy=0.928125
INFO:root:Epoch[35] Resetting Data Iterator
INFO:root:Epoch[35] Time cost=3.958
INFO:root:Saved checkpoint to "model/resnet-cifar10-20-0-0036.params"
INFO:root:Epoch[35] Validation-accuracy=0.825586
INFO:root:Epoch[36] Batch [50]	Speed: 12948.53 samples/sec	accuracy=0.932813
INFO:root:Epoch[36] Batch [100]	Speed: 12790.15 samples/sec	accuracy=0.934531
INFO:root:Epoch[36] Batch [150]	Speed: 12601.18 samples/sec	accuracy=0.932734
INFO:root:Epoch[36] Resetting Data Iterator
INFO:root:Epoch[36] Time cost=3.813
INFO:root:Saved checkpoint to "model/resnet-cifar10-20-0-0037.params"
INFO:root:Epoch[36] Validation-accuracy=0.811133
INFO:root:Epoch[37] Batch [50]	Speed: 12167.81 samples/sec	accuracy=0.935781
INFO:root:Epoch[37] Batch [100]	Speed: 10369.38 samples/sec	accuracy=0.936406
INFO:root:Epoch[37] Batch [150]	Speed: 12449.48 samples/sec	accuracy=0.930312
INFO:root:Epoch[37] Resetting Data Iterator
INFO:root:Epoch[37] Time cost=4.163
INFO:root:Saved checkpoint to "model/resnet-cifar10-20-0-0038.params"
INFO:root:Epoch[37] Validation-accuracy=0.821680
INFO:root:Epoch[38] Batch [50]	Speed: 11938.05 samples/sec	accuracy=0.932187
INFO:root:Epoch[38] Batch [100]	Speed: 14737.44 samples/sec	accuracy=0.938125
INFO:root:Epoch[38] Batch [150]	Speed: 12294.98 samples/sec	accuracy=0.933984
INFO:root:Epoch[38] Resetting Data Iterator
INFO:root:Epoch[38] Time cost=3.834
INFO:root:Saved checkpoint to "model/resnet-cifar10-20-0-0039.params"
INFO:root:Epoch[38] Validation-accuracy=0.822754
INFO:root:Epoch[39] Batch [50]	Speed: 11050.94 samples/sec	accuracy=0.935781
INFO:root:Epoch[39] Batch [100]	Speed: 13409.11 samples/sec	accuracy=0.933594
INFO:root:Epoch[39] Batch [150]	Speed: 14349.52 samples/sec	accuracy=0.939063
INFO:root:Epoch[39] Resetting Data Iterator
INFO:root:Epoch[39] Time cost=3.993
INFO:root:Saved checkpoint to "model/resnet-cifar10-20-0-0040.params"
INFO:root:Epoch[39] Validation-accuracy=0.826953
INFO:root:Epoch[40] Batch [50]	Speed: 13872.33 samples/sec	accuracy=0.936328
INFO:root:Epoch[40] Batch [100]	Speed: 13031.14 samples/sec	accuracy=0.937266
INFO:root:Epoch[40] Batch [150]	Speed: 11960.69 samples/sec	accuracy=0.938594
INFO:root:Epoch[40] Resetting Data Iterator
INFO:root:Epoch[40] Time cost=3.779
INFO:root:Saved checkpoint to "model/resnet-cifar10-20-0-0041.params"
INFO:root:Epoch[40] Validation-accuracy=0.833984
INFO:root:Epoch[41] Batch [50]	Speed: 12748.36 samples/sec	accuracy=0.936641
INFO:root:Epoch[41] Batch [100]	Speed: 14055.71 samples/sec	accuracy=0.937031
INFO:root:Epoch[41] Batch [150]	Speed: 12161.99 samples/sec	accuracy=0.939375
INFO:root:Epoch[41] Resetting Data Iterator
INFO:root:Epoch[41] Time cost=3.852
INFO:root:Saved checkpoint to "model/resnet-cifar10-20-0-0042.params"
INFO:root:Epoch[41] Validation-accuracy=0.825293
INFO:root:Epoch[42] Batch [50]	Speed: 12094.05 samples/sec	accuracy=0.939609
INFO:root:Epoch[42] Batch [100]	Speed: 12438.70 samples/sec	accuracy=0.939609
INFO:root:Epoch[42] Batch [150]	Speed: 13846.71 samples/sec	accuracy=0.944219
INFO:root:Epoch[42] Resetting Data Iterator
INFO:root:Epoch[42] Time cost=3.822
INFO:root:Saved checkpoint to "model/resnet-cifar10-20-0-0043.params"
INFO:root:Epoch[42] Validation-accuracy=0.807324
INFO:root:Epoch[43] Batch [50]	Speed: 12103.76 samples/sec	accuracy=0.942266
INFO:root:Epoch[43] Batch [100]	Speed: 13044.74 samples/sec	accuracy=0.944609
INFO:root:Epoch[43] Batch [150]	Speed: 11143.20 samples/sec	accuracy=0.939141
INFO:root:Epoch[43] Resetting Data Iterator
INFO:root:Epoch[43] Time cost=4.236
INFO:root:Saved checkpoint to "model/resnet-cifar10-20-0-0044.params"
INFO:root:Epoch[43] Validation-accuracy=0.799707
INFO:root:Epoch[44] Batch [50]	Speed: 12119.62 samples/sec	accuracy=0.940000
INFO:root:Epoch[44] Batch [100]	Speed: 12731.11 samples/sec	accuracy=0.942422
INFO:root:Epoch[44] Batch [150]	Speed: 11729.59 samples/sec	accuracy=0.941719
INFO:root:Epoch[44] Resetting Data Iterator
INFO:root:Epoch[44] Time cost=4.206
INFO:root:Saved checkpoint to "model/resnet-cifar10-20-0-0045.params"
INFO:root:Epoch[44] Validation-accuracy=0.822168
INFO:root:Epoch[45] Batch [50]	Speed: 11474.98 samples/sec	accuracy=0.941484
INFO:root:Epoch[45] Batch [100]	Speed: 11643.12 samples/sec	accuracy=0.941719
INFO:root:Epoch[45] Batch [150]	Speed: 12590.42 samples/sec	accuracy=0.941406
INFO:root:Epoch[45] Resetting Data Iterator
INFO:root:Epoch[45] Time cost=4.185
INFO:root:Saved checkpoint to "model/resnet-cifar10-20-0-0046.params"
INFO:root:Epoch[45] Validation-accuracy=0.817480
INFO:root:Epoch[46] Batch [50]	Speed: 13189.21 samples/sec	accuracy=0.939922
INFO:root:Epoch[46] Batch [100]	Speed: 12422.28 samples/sec	accuracy=0.946641
INFO:root:Epoch[46] Batch [150]	Speed: 11906.12 samples/sec	accuracy=0.943828
INFO:root:Epoch[46] Resetting Data Iterator
INFO:root:Epoch[46] Time cost=4.027
INFO:root:Saved checkpoint to "model/resnet-cifar10-20-0-0047.params"
INFO:root:Epoch[46] Validation-accuracy=0.825195
INFO:root:Epoch[47] Batch [50]	Speed: 11686.98 samples/sec	accuracy=0.936719
INFO:root:Epoch[47] Batch [100]	Speed: 11522.81 samples/sec	accuracy=0.942344
INFO:root:Epoch[47] Batch [150]	Speed: 12697.76 samples/sec	accuracy=0.946250
INFO:root:Epoch[47] Resetting Data Iterator
INFO:root:Epoch[47] Time cost=4.134
INFO:root:Saved checkpoint to "model/resnet-cifar10-20-0-0048.params"
INFO:root:Epoch[47] Validation-accuracy=0.804980
INFO:root:Epoch[48] Batch [50]	Speed: 12040.36 samples/sec	accuracy=0.948281
INFO:root:Epoch[48] Batch [100]	Speed: 11435.14 samples/sec	accuracy=0.945469
INFO:root:Epoch[48] Batch [150]	Speed: 12282.08 samples/sec	accuracy=0.944297
INFO:root:Epoch[48] Resetting Data Iterator
INFO:root:Epoch[48] Time cost=4.247
INFO:root:Saved checkpoint to "model/resnet-cifar10-20-0-0049.params"
INFO:root:Epoch[48] Validation-accuracy=0.838574
INFO:root:Epoch[49] Batch [50]	Speed: 11102.22 samples/sec	accuracy=0.946016
INFO:root:Epoch[49] Batch [100]	Speed: 11701.89 samples/sec	accuracy=0.944375
INFO:root:Epoch[49] Batch [150]	Speed: 12548.66 samples/sec	accuracy=0.946406
INFO:root:Epoch[49] Resetting Data Iterator
INFO:root:Epoch[49] Time cost=4.307
INFO:root:Saved checkpoint to "model/resnet-cifar10-20-0-0050.params"
INFO:root:Epoch[49] Validation-accuracy=0.830078
